[0.038s] Invoking command in '/ROEG/roeg_ws/build/raptor_dbw_joystick': CMAKE_PREFIX_PATH=/ROEG/roeg_ws/install/raptor_dbw_msgs:/ROEG/roeg_ws/install/raptor_dbw_can:/ROEG/roeg_ws/install/raptor_pdu:/ROEG/roeg_ws/install/raptor_pdu_msgs:/ROEG/roeg_ws/install/raptor_dbw_joystick:/ROEG/roeg_ws/install/deep_orange_msgs:/ROEG/roeg_ws/install/can_dbc_parser:/ROEG/roeg_ws/install/roeg:/opt/ros/galactic LD_LIBRARY_PATH=/ROEG/roeg_ws/install/raptor_dbw_msgs/lib:/ROEG/roeg_ws/install/raptor_pdu_msgs/lib:/ROEG/roeg_ws/install/deep_orange_msgs/lib:/ROEG/roeg_ws/install/can_dbc_parser/lib:/opt/ros/galactic/opt/yaml_cpp_vendor/lib:/opt/ros/galactic/opt/rviz_ogre_vendor/lib:/opt/ros/galactic/lib/x86_64-linux-gnu:/opt/ros/galactic/lib PYTHONPATH=/ROEG/roeg_ws/install/raptor_dbw_msgs/lib/python3.8/site-packages:/ROEG/roeg_ws/install/roeg/lib/python3.8/site-packages:/ROEG/roeg_ws/install/raptor_pdu_msgs/lib/python3.8/site-packages:/ROEG/roeg_ws/install/deep_orange_msgs/lib/python3.8/site-packages:/opt/ros/galactic/lib/python3.8/site-packages /usr/bin/cmake /ROEG/roeg_ws/src/raptor-dbw-ros2/raptor_dbw_joystick -DCMAKE_INSTALL_PREFIX=/ROEG/roeg_ws/install/raptor_dbw_joystick
[0.268s] -- The C compiler identification is GNU 9.4.0
[0.270s] -- The CXX compiler identification is GNU 9.4.0
[0.270s] -- Check for working C compiler: /usr/bin/cc
[0.282s] -- Check for working C compiler: /usr/bin/cc -- works
[0.282s] -- Detecting C compiler ABI info
[0.370s] -- Detecting C compiler ABI info - done
[0.378s] -- Detecting C compile features
[0.379s] -- Detecting C compile features - done
[0.381s] -- Check for working CXX compiler: /usr/bin/c++
[0.474s] -- Check for working CXX compiler: /usr/bin/c++ -- works
[0.475s] -- Detecting CXX compiler ABI info
[0.576s] -- Detecting CXX compiler ABI info - done
[0.587s] -- Detecting CXX compile features
[0.587s] -- Detecting CXX compile features - done
[0.590s] -- Found ament_cmake_auto: 1.1.6 (/opt/ros/galactic/share/ament_cmake_auto/cmake)
[0.629s] -- Found PythonInterp: /usr/bin/python3 (found suitable version "3.8.10", minimum required is "3") 
[0.629s] -- Using PYTHON_EXECUTABLE: /usr/bin/python3
[0.869s] -- Using all available rosidl_typesupport_c: rosidl_typesupport_fastrtps_c;rosidl_typesupport_introspection_c
[0.878s] -- Found rosidl_adapter: 2.2.3 (/opt/ros/galactic/share/rosidl_adapter/cmake)
[1.042s] -- Found OpenSSL: /usr/lib/x86_64-linux-gnu/libcrypto.so (found version "1.1.1f")  
[1.095s] -- Found FastRTPS: /opt/ros/galactic/include  
[1.196s] -- Using all available rosidl_typesupport_cpp: rosidl_typesupport_fastrtps_cpp;rosidl_typesupport_introspection_cpp
[1.258s] -- Found rmw_implementation_cmake: 3.3.1 (/opt/ros/galactic/share/rmw_implementation_cmake/cmake)
[1.261s] -- Found rmw_cyclonedds_cpp: 0.22.6 (/opt/ros/galactic/share/rmw_cyclonedds_cpp/cmake)
[1.278s] -- Using RMW implementation 'rmw_cyclonedds_cpp' as default
[1.279s] -- Looking for pthread.h
[1.368s] -- Looking for pthread.h - found
[1.368s] -- Performing Test CMAKE_HAVE_LIBC_PTHREAD
[1.460s] -- Performing Test CMAKE_HAVE_LIBC_PTHREAD - Failed
[1.460s] -- Looking for pthread_create in pthreads
[1.534s] -- Looking for pthread_create in pthreads - not found
[1.534s] -- Looking for pthread_create in pthread
[1.628s] -- Looking for pthread_create in pthread - found
[1.629s] -- Found Threads: TRUE  
[1.913s] -- Found ament_lint_auto: 0.10.7 (/opt/ros/galactic/share/ament_lint_auto/cmake)
[1.942s] -- Added test 'copyright' to check source files copyright and LICENSE
[1.944s] -- Added test 'cppcheck' to perform static code analysis on C / C++ code
[1.944s] -- Configured cppcheck include dirs: /ROEG/roeg_ws/src/raptor-dbw-ros2/raptor_dbw_joystick/include
[1.944s] -- Configured cppcheck exclude dirs and/or files: 
[1.945s] -- Added test 'cpplint' to check C / C++ code against the Google style
[1.945s] -- Configured cpplint exclude dirs and/or files: 
[1.946s] -- Added test 'flake8' to check Python code syntax and style conventions
[1.946s] -- Added test 'lint_cmake' to check CMake code style
[1.947s] -- Added test 'pep257' to check Python code against some of the style conventions in PEP 257
[1.948s] -- Added test 'uncrustify' to check C / C++ code style
[1.948s] -- Configured uncrustify additional arguments: 
[1.949s] -- Added test 'xmllint' to check XML markup files
[1.955s] -- Configuring done
[1.967s] -- Generating done
[1.968s] -- Build files have been written to: /ROEG/roeg_ws/build/raptor_dbw_joystick
[1.984s] Invoked command in '/ROEG/roeg_ws/build/raptor_dbw_joystick' returned '0': CMAKE_PREFIX_PATH=/ROEG/roeg_ws/install/raptor_dbw_msgs:/ROEG/roeg_ws/install/raptor_dbw_can:/ROEG/roeg_ws/install/raptor_pdu:/ROEG/roeg_ws/install/raptor_pdu_msgs:/ROEG/roeg_ws/install/raptor_dbw_joystick:/ROEG/roeg_ws/install/deep_orange_msgs:/ROEG/roeg_ws/install/can_dbc_parser:/ROEG/roeg_ws/install/roeg:/opt/ros/galactic LD_LIBRARY_PATH=/ROEG/roeg_ws/install/raptor_dbw_msgs/lib:/ROEG/roeg_ws/install/raptor_pdu_msgs/lib:/ROEG/roeg_ws/install/deep_orange_msgs/lib:/ROEG/roeg_ws/install/can_dbc_parser/lib:/opt/ros/galactic/opt/yaml_cpp_vendor/lib:/opt/ros/galactic/opt/rviz_ogre_vendor/lib:/opt/ros/galactic/lib/x86_64-linux-gnu:/opt/ros/galactic/lib PYTHONPATH=/ROEG/roeg_ws/install/raptor_dbw_msgs/lib/python3.8/site-packages:/ROEG/roeg_ws/install/roeg/lib/python3.8/site-packages:/ROEG/roeg_ws/install/raptor_pdu_msgs/lib/python3.8/site-packages:/ROEG/roeg_ws/install/deep_orange_msgs/lib/python3.8/site-packages:/opt/ros/galactic/lib/python3.8/site-packages /usr/bin/cmake /ROEG/roeg_ws/src/raptor-dbw-ros2/raptor_dbw_joystick -DCMAKE_INSTALL_PREFIX=/ROEG/roeg_ws/install/raptor_dbw_joystick
[1.989s] Invoking command in '/ROEG/roeg_ws/build/raptor_dbw_joystick': CMAKE_PREFIX_PATH=/ROEG/roeg_ws/install/raptor_dbw_msgs:/ROEG/roeg_ws/install/raptor_dbw_can:/ROEG/roeg_ws/install/raptor_pdu:/ROEG/roeg_ws/install/raptor_pdu_msgs:/ROEG/roeg_ws/install/raptor_dbw_joystick:/ROEG/roeg_ws/install/deep_orange_msgs:/ROEG/roeg_ws/install/can_dbc_parser:/ROEG/roeg_ws/install/roeg:/opt/ros/galactic LD_LIBRARY_PATH=/ROEG/roeg_ws/install/raptor_dbw_msgs/lib:/ROEG/roeg_ws/install/raptor_pdu_msgs/lib:/ROEG/roeg_ws/install/deep_orange_msgs/lib:/ROEG/roeg_ws/install/can_dbc_parser/lib:/opt/ros/galactic/opt/yaml_cpp_vendor/lib:/opt/ros/galactic/opt/rviz_ogre_vendor/lib:/opt/ros/galactic/lib/x86_64-linux-gnu:/opt/ros/galactic/lib PYTHONPATH=/ROEG/roeg_ws/install/raptor_dbw_msgs/lib/python3.8/site-packages:/ROEG/roeg_ws/install/roeg/lib/python3.8/site-packages:/ROEG/roeg_ws/install/raptor_pdu_msgs/lib/python3.8/site-packages:/ROEG/roeg_ws/install/deep_orange_msgs/lib/python3.8/site-packages:/opt/ros/galactic/lib/python3.8/site-packages /usr/bin/cmake --build /ROEG/roeg_ws/build/raptor_dbw_joystick -- -j16 -l16
[2.059s] [35m[1mScanning dependencies of target raptor_dbw_joystick_node[0m
[2.132s] [ 66%] [32mBuilding CXX object CMakeFiles/raptor_dbw_joystick_node.dir/src/raptor_dbw_joystick_node.cpp.o[0m
[2.132s] [ 66%] [32mBuilding CXX object CMakeFiles/raptor_dbw_joystick_node.dir/src/raptor_dbw_joystick.cpp.o[0m
[11.619s] [100%] [32m[1mLinking CXX executable raptor_dbw_joystick_node[0m
[12.076s] [100%] Built target raptor_dbw_joystick_node
[12.093s] Invoked command in '/ROEG/roeg_ws/build/raptor_dbw_joystick' returned '0': CMAKE_PREFIX_PATH=/ROEG/roeg_ws/install/raptor_dbw_msgs:/ROEG/roeg_ws/install/raptor_dbw_can:/ROEG/roeg_ws/install/raptor_pdu:/ROEG/roeg_ws/install/raptor_pdu_msgs:/ROEG/roeg_ws/install/raptor_dbw_joystick:/ROEG/roeg_ws/install/deep_orange_msgs:/ROEG/roeg_ws/install/can_dbc_parser:/ROEG/roeg_ws/install/roeg:/opt/ros/galactic LD_LIBRARY_PATH=/ROEG/roeg_ws/install/raptor_dbw_msgs/lib:/ROEG/roeg_ws/install/raptor_pdu_msgs/lib:/ROEG/roeg_ws/install/deep_orange_msgs/lib:/ROEG/roeg_ws/install/can_dbc_parser/lib:/opt/ros/galactic/opt/yaml_cpp_vendor/lib:/opt/ros/galactic/opt/rviz_ogre_vendor/lib:/opt/ros/galactic/lib/x86_64-linux-gnu:/opt/ros/galactic/lib PYTHONPATH=/ROEG/roeg_ws/install/raptor_dbw_msgs/lib/python3.8/site-packages:/ROEG/roeg_ws/install/roeg/lib/python3.8/site-packages:/ROEG/roeg_ws/install/raptor_pdu_msgs/lib/python3.8/site-packages:/ROEG/roeg_ws/install/deep_orange_msgs/lib/python3.8/site-packages:/opt/ros/galactic/lib/python3.8/site-packages /usr/bin/cmake --build /ROEG/roeg_ws/build/raptor_dbw_joystick -- -j16 -l16
[12.126s] Invoking command in '/ROEG/roeg_ws/build/raptor_dbw_joystick': CMAKE_PREFIX_PATH=/ROEG/roeg_ws/install/raptor_dbw_msgs:/ROEG/roeg_ws/install/raptor_dbw_can:/ROEG/roeg_ws/install/raptor_pdu:/ROEG/roeg_ws/install/raptor_pdu_msgs:/ROEG/roeg_ws/install/raptor_dbw_joystick:/ROEG/roeg_ws/install/deep_orange_msgs:/ROEG/roeg_ws/install/can_dbc_parser:/ROEG/roeg_ws/install/roeg:/opt/ros/galactic LD_LIBRARY_PATH=/ROEG/roeg_ws/install/raptor_dbw_msgs/lib:/ROEG/roeg_ws/install/raptor_pdu_msgs/lib:/ROEG/roeg_ws/install/deep_orange_msgs/lib:/ROEG/roeg_ws/install/can_dbc_parser/lib:/opt/ros/galactic/opt/yaml_cpp_vendor/lib:/opt/ros/galactic/opt/rviz_ogre_vendor/lib:/opt/ros/galactic/lib/x86_64-linux-gnu:/opt/ros/galactic/lib PYTHONPATH=/ROEG/roeg_ws/install/raptor_dbw_msgs/lib/python3.8/site-packages:/ROEG/roeg_ws/install/roeg/lib/python3.8/site-packages:/ROEG/roeg_ws/install/raptor_pdu_msgs/lib/python3.8/site-packages:/ROEG/roeg_ws/install/deep_orange_msgs/lib/python3.8/site-packages:/opt/ros/galactic/lib/python3.8/site-packages /usr/bin/cmake --install /ROEG/roeg_ws/build/raptor_dbw_joystick
[12.135s] -- Install configuration: ""
[12.135s] -- Installing: /ROEG/roeg_ws/install/raptor_dbw_joystick/include
[12.136s] -- Installing: /ROEG/roeg_ws/install/raptor_dbw_joystick/include/raptor_dbw_joystick
[12.136s] -- Installing: /ROEG/roeg_ws/install/raptor_dbw_joystick/include/raptor_dbw_joystick/raptor_dbw_joystick.hpp
[12.136s] -- Installing: /ROEG/roeg_ws/install/raptor_dbw_joystick/lib/raptor_dbw_joystick/raptor_dbw_joystick_node
[12.142s] -- Set runtime path of "/ROEG/roeg_ws/install/raptor_dbw_joystick/lib/raptor_dbw_joystick/raptor_dbw_joystick_node" to ""
[12.142s] -- Installing: /ROEG/roeg_ws/install/raptor_dbw_joystick/share/raptor_dbw_joystick/launch
[12.142s] -- Installing: /ROEG/roeg_ws/install/raptor_dbw_joystick/share/raptor_dbw_joystick/launch/launch_params.yaml
[12.142s] -- Installing: /ROEG/roeg_ws/install/raptor_dbw_joystick/share/raptor_dbw_joystick/launch/raptor_dbw_joystick_launch.py
[12.142s] -- Installing: /ROEG/roeg_ws/install/raptor_dbw_joystick/share/ament_index/resource_index/package_run_dependencies/raptor_dbw_joystick
[12.142s] -- Installing: /ROEG/roeg_ws/install/raptor_dbw_joystick/share/ament_index/resource_index/parent_prefix_path/raptor_dbw_joystick
[12.143s] -- Installing: /ROEG/roeg_ws/install/raptor_dbw_joystick/share/raptor_dbw_joystick/environment/ament_prefix_path.sh
[12.143s] -- Installing: /ROEG/roeg_ws/install/raptor_dbw_joystick/share/raptor_dbw_joystick/environment/ament_prefix_path.dsv
[12.143s] -- Installing: /ROEG/roeg_ws/install/raptor_dbw_joystick/share/raptor_dbw_joystick/environment/path.sh
[12.143s] -- Installing: /ROEG/roeg_ws/install/raptor_dbw_joystick/share/raptor_dbw_joystick/environment/path.dsv
[12.143s] -- Installing: /ROEG/roeg_ws/install/raptor_dbw_joystick/share/raptor_dbw_joystick/local_setup.bash
[12.144s] -- Installing: /ROEG/roeg_ws/install/raptor_dbw_joystick/share/raptor_dbw_joystick/local_setup.sh
[12.144s] -- Installing: /ROEG/roeg_ws/install/raptor_dbw_joystick/share/raptor_dbw_joystick/local_setup.zsh
[12.144s] -- Installing: /ROEG/roeg_ws/install/raptor_dbw_joystick/share/raptor_dbw_joystick/local_setup.dsv
[12.144s] -- Installing: /ROEG/roeg_ws/install/raptor_dbw_joystick/share/raptor_dbw_joystick/package.dsv
[12.144s] -- Installing: /ROEG/roeg_ws/install/raptor_dbw_joystick/share/ament_index/resource_index/packages/raptor_dbw_joystick
[12.144s] -- Installing: /ROEG/roeg_ws/install/raptor_dbw_joystick/share/raptor_dbw_joystick/cmake/ament_cmake_export_dependencies-extras.cmake
[12.145s] -- Installing: /ROEG/roeg_ws/install/raptor_dbw_joystick/share/raptor_dbw_joystick/cmake/ament_cmake_export_include_directories-extras.cmake
[12.145s] -- Installing: /ROEG/roeg_ws/install/raptor_dbw_joystick/share/raptor_dbw_joystick/cmake/raptor_dbw_joystickConfig.cmake
[12.145s] -- Installing: /ROEG/roeg_ws/install/raptor_dbw_joystick/share/raptor_dbw_joystick/cmake/raptor_dbw_joystickConfig-version.cmake
[12.145s] -- Installing: /ROEG/roeg_ws/install/raptor_dbw_joystick/share/raptor_dbw_joystick/package.xml
[12.149s] Invoked command in '/ROEG/roeg_ws/build/raptor_dbw_joystick' returned '0': CMAKE_PREFIX_PATH=/ROEG/roeg_ws/install/raptor_dbw_msgs:/ROEG/roeg_ws/install/raptor_dbw_can:/ROEG/roeg_ws/install/raptor_pdu:/ROEG/roeg_ws/install/raptor_pdu_msgs:/ROEG/roeg_ws/install/raptor_dbw_joystick:/ROEG/roeg_ws/install/deep_orange_msgs:/ROEG/roeg_ws/install/can_dbc_parser:/ROEG/roeg_ws/install/roeg:/opt/ros/galactic LD_LIBRARY_PATH=/ROEG/roeg_ws/install/raptor_dbw_msgs/lib:/ROEG/roeg_ws/install/raptor_pdu_msgs/lib:/ROEG/roeg_ws/install/deep_orange_msgs/lib:/ROEG/roeg_ws/install/can_dbc_parser/lib:/opt/ros/galactic/opt/yaml_cpp_vendor/lib:/opt/ros/galactic/opt/rviz_ogre_vendor/lib:/opt/ros/galactic/lib/x86_64-linux-gnu:/opt/ros/galactic/lib PYTHONPATH=/ROEG/roeg_ws/install/raptor_dbw_msgs/lib/python3.8/site-packages:/ROEG/roeg_ws/install/roeg/lib/python3.8/site-packages:/ROEG/roeg_ws/install/raptor_pdu_msgs/lib/python3.8/site-packages:/ROEG/roeg_ws/install/deep_orange_msgs/lib/python3.8/site-packages:/opt/ros/galactic/lib/python3.8/site-packages /usr/bin/cmake --install /ROEG/roeg_ws/build/raptor_dbw_joystick
