-- The C compiler identification is GNU 9.4.0
-- The CXX compiler identification is GNU 9.4.0
-- Check for working C compiler: /usr/bin/cc
-- Check for working C compiler: /usr/bin/cc -- works
-- Detecting C compiler ABI info
-- Detecting C compiler ABI info - done
-- Detecting C compile features
-- Detecting C compile features - done
-- Check for working CXX compiler: /usr/bin/c++
-- Check for working CXX compiler: /usr/bin/c++ -- works
-- Detecting CXX compiler ABI info
-- Detecting CXX compiler ABI info - done
-- Detecting CXX compile features
-- Detecting CXX compile features - done
-- Found ament_cmake_auto: 1.1.6 (/opt/ros/galactic/share/ament_cmake_auto/cmake)
-- Found PythonInterp: /usr/bin/python3 (found suitable version "3.8.10", minimum required is "3") 
-- Using PYTHON_EXECUTABLE: /usr/bin/python3
-- Using all available rosidl_typesupport_c: rosidl_typesupport_fastrtps_c;rosidl_typesupport_introspection_c
-- Found rosidl_adapter: 2.2.3 (/opt/ros/galactic/share/rosidl_adapter/cmake)
-- Found OpenSSL: /usr/lib/x86_64-linux-gnu/libcrypto.so (found version "1.1.1f")  
-- Found FastRTPS: /opt/ros/galactic/include  
-- Using all available rosidl_typesupport_cpp: rosidl_typesupport_fastrtps_cpp;rosidl_typesupport_introspection_cpp
-- Found ament_lint_auto: 0.10.7 (/opt/ros/galactic/share/ament_lint_auto/cmake)
-- Added test 'copyright' to check source files copyright and LICENSE
-- Added test 'cppcheck' to perform static code analysis on C / C++ code
-- Configured cppcheck include dirs: /ROEG/roeg_ws/src/raptor-dbw-ros2/can_dbc_parser/include
-- Configured cppcheck exclude dirs and/or files: 
-- Added test 'cpplint' to check C / C++ code against the Google style
-- Configured cpplint exclude dirs and/or files: 
-- Added test 'lint_cmake' to check CMake code style
-- Added test 'uncrustify' to check C / C++ code style
-- Configured uncrustify additional arguments: 
-- Added test 'xmllint' to check XML markup files
-- Configuring done
-- Generating done
-- Build files have been written to: /ROEG/roeg_ws/build/can_dbc_parser
[35m[1mScanning dependencies of target can_dbc_parser[0m
[ 50%] [32mBuilding CXX object CMakeFiles/can_dbc_parser.dir/src/DbcSignal.cpp.o[0m
[ 50%] [32mBuilding CXX object CMakeFiles/can_dbc_parser.dir/src/LineParser.cpp.o[0m
[ 50%] [32mBuilding CXX object CMakeFiles/can_dbc_parser.dir/src/DbcMessage.cpp.o[0m
[ 66%] [32mBuilding CXX object CMakeFiles/can_dbc_parser.dir/src/Dbc.cpp.o[0m
[ 83%] [32mBuilding CXX object CMakeFiles/can_dbc_parser.dir/src/DbcBuilder.cpp.o[0m
[100%] [32m[1mLinking CXX shared library libcan_dbc_parser.so[0m
[100%] Built target can_dbc_parser
-- Install configuration: ""
-- Installing: /ROEG/roeg_ws/install/can_dbc_parser/include
-- Installing: /ROEG/roeg_ws/install/can_dbc_parser/include/can_dbc_parser
-- Installing: /ROEG/roeg_ws/install/can_dbc_parser/include/can_dbc_parser/DbcMessage.hpp
-- Installing: /ROEG/roeg_ws/install/can_dbc_parser/include/can_dbc_parser/Dbc.hpp
-- Installing: /ROEG/roeg_ws/install/can_dbc_parser/include/can_dbc_parser/LineParser.hpp
-- Installing: /ROEG/roeg_ws/install/can_dbc_parser/include/can_dbc_parser/DbcUtilities.hpp
-- Installing: /ROEG/roeg_ws/install/can_dbc_parser/include/can_dbc_parser/DbcBuilder.hpp
-- Installing: /ROEG/roeg_ws/install/can_dbc_parser/include/can_dbc_parser/DbcSignal.hpp
-- Installing: /ROEG/roeg_ws/install/can_dbc_parser/share/can_dbc_parser/environment/library_path.sh
-- Installing: /ROEG/roeg_ws/install/can_dbc_parser/share/can_dbc_parser/environment/library_path.dsv
-- Installing: /ROEG/roeg_ws/install/can_dbc_parser/lib/libcan_dbc_parser.so
-- Set runtime path of "/ROEG/roeg_ws/install/can_dbc_parser/lib/libcan_dbc_parser.so" to ""
-- Installing: /ROEG/roeg_ws/install/can_dbc_parser/share/ament_index/resource_index/package_run_dependencies/can_dbc_parser
-- Installing: /ROEG/roeg_ws/install/can_dbc_parser/share/ament_index/resource_index/parent_prefix_path/can_dbc_parser
-- Installing: /ROEG/roeg_ws/install/can_dbc_parser/share/can_dbc_parser/environment/ament_prefix_path.sh
-- Installing: /ROEG/roeg_ws/install/can_dbc_parser/share/can_dbc_parser/environment/ament_prefix_path.dsv
-- Installing: /ROEG/roeg_ws/install/can_dbc_parser/share/can_dbc_parser/environment/path.sh
-- Installing: /ROEG/roeg_ws/install/can_dbc_parser/share/can_dbc_parser/environment/path.dsv
-- Installing: /ROEG/roeg_ws/install/can_dbc_parser/share/can_dbc_parser/local_setup.bash
-- Installing: /ROEG/roeg_ws/install/can_dbc_parser/share/can_dbc_parser/local_setup.sh
-- Installing: /ROEG/roeg_ws/install/can_dbc_parser/share/can_dbc_parser/local_setup.zsh
-- Installing: /ROEG/roeg_ws/install/can_dbc_parser/share/can_dbc_parser/local_setup.dsv
-- Installing: /ROEG/roeg_ws/install/can_dbc_parser/share/can_dbc_parser/package.dsv
-- Installing: /ROEG/roeg_ws/install/can_dbc_parser/share/ament_index/resource_index/packages/can_dbc_parser
-- Installing: /ROEG/roeg_ws/install/can_dbc_parser/share/can_dbc_parser/cmake/ament_cmake_export_dependencies-extras.cmake
-- Installing: /ROEG/roeg_ws/install/can_dbc_parser/share/can_dbc_parser/cmake/ament_cmake_export_include_directories-extras.cmake
-- Installing: /ROEG/roeg_ws/install/can_dbc_parser/share/can_dbc_parser/cmake/ament_cmake_export_libraries-extras.cmake
-- Installing: /ROEG/roeg_ws/install/can_dbc_parser/share/can_dbc_parser/cmake/can_dbc_parserConfig.cmake
-- Installing: /ROEG/roeg_ws/install/can_dbc_parser/share/can_dbc_parser/cmake/can_dbc_parserConfig-version.cmake
-- Installing: /ROEG/roeg_ws/install/can_dbc_parser/share/can_dbc_parser/package.xml
