[0.053s] Invoking command in '/ROEG/roeg_ws/build/can_dbc_parser': CMAKE_PREFIX_PATH=${CMAKE_PREFIX_PATH}:/ROEG/roeg_ws/install/roeg:/opt/ros/galactic /usr/bin/cmake /ROEG/roeg_ws/src/raptor-dbw-ros2/can_dbc_parser -DCMAKE_INSTALL_PREFIX=/ROEG/roeg_ws/install/can_dbc_parser
[0.154s] -- The C compiler identification is GNU 9.4.0
[0.259s] -- The CXX compiler identification is GNU 9.4.0
[0.266s] -- Check for working C compiler: /usr/bin/cc
[0.394s] -- Check for working C compiler: /usr/bin/cc -- works
[0.395s] -- Detecting C compiler ABI info
[0.516s] -- Detecting C compiler ABI info - done
[0.526s] -- Detecting C compile features
[0.526s] -- Detecting C compile features - done
[0.529s] -- Check for working CXX compiler: /usr/bin/c++
[0.667s] -- Check for working CXX compiler: /usr/bin/c++ -- works
[0.669s] -- Detecting CXX compiler ABI info
[0.809s] -- Detecting CXX compiler ABI info - done
[0.820s] -- Detecting CXX compile features
[0.820s] -- Detecting CXX compile features - done
[0.824s] -- Found ament_cmake_auto: 1.1.6 (/opt/ros/galactic/share/ament_cmake_auto/cmake)
[0.859s] -- Found PythonInterp: /usr/bin/python3 (found suitable version "3.8.10", minimum required is "3") 
[0.859s] -- Using PYTHON_EXECUTABLE: /usr/bin/python3
[1.110s] -- Using all available rosidl_typesupport_c: rosidl_typesupport_fastrtps_c;rosidl_typesupport_introspection_c
[1.121s] -- Found rosidl_adapter: 2.2.3 (/opt/ros/galactic/share/rosidl_adapter/cmake)
[1.284s] -- Found OpenSSL: /usr/lib/x86_64-linux-gnu/libcrypto.so (found version "1.1.1f")  
[1.326s] -- Found FastRTPS: /opt/ros/galactic/include  
[1.433s] -- Using all available rosidl_typesupport_cpp: rosidl_typesupport_fastrtps_cpp;rosidl_typesupport_introspection_cpp
[1.525s] -- Found ament_lint_auto: 0.10.7 (/opt/ros/galactic/share/ament_lint_auto/cmake)
[1.549s] -- Added test 'copyright' to check source files copyright and LICENSE
[1.551s] -- Added test 'cppcheck' to perform static code analysis on C / C++ code
[1.551s] -- Configured cppcheck include dirs: /ROEG/roeg_ws/src/raptor-dbw-ros2/can_dbc_parser/include
[1.551s] -- Configured cppcheck exclude dirs and/or files: 
[1.553s] -- Added test 'cpplint' to check C / C++ code against the Google style
[1.553s] -- Configured cpplint exclude dirs and/or files: 
[1.554s] -- Added test 'lint_cmake' to check CMake code style
[1.556s] -- Added test 'uncrustify' to check C / C++ code style
[1.556s] -- Configured uncrustify additional arguments: 
[1.556s] -- Added test 'xmllint' to check XML markup files
[1.563s] -- Configuring done
[1.569s] -- Generating done
[1.571s] -- Build files have been written to: /ROEG/roeg_ws/build/can_dbc_parser
[1.577s] Invoked command in '/ROEG/roeg_ws/build/can_dbc_parser' returned '0': CMAKE_PREFIX_PATH=${CMAKE_PREFIX_PATH}:/ROEG/roeg_ws/install/roeg:/opt/ros/galactic /usr/bin/cmake /ROEG/roeg_ws/src/raptor-dbw-ros2/can_dbc_parser -DCMAKE_INSTALL_PREFIX=/ROEG/roeg_ws/install/can_dbc_parser
[1.581s] Invoking command in '/ROEG/roeg_ws/build/can_dbc_parser': CMAKE_PREFIX_PATH=${CMAKE_PREFIX_PATH}:/ROEG/roeg_ws/install/roeg:/opt/ros/galactic /usr/bin/cmake --build /ROEG/roeg_ws/build/can_dbc_parser -- -j16 -l16
[1.630s] [35m[1mScanning dependencies of target can_dbc_parser[0m
[1.646s] [ 16%] [32mBuilding CXX object CMakeFiles/can_dbc_parser.dir/src/DbcMessage.cpp.o[0m
[1.646s] [ 50%] [32mBuilding CXX object CMakeFiles/can_dbc_parser.dir/src/DbcSignal.cpp.o[0m
[1.646s] [ 50%] [32mBuilding CXX object CMakeFiles/can_dbc_parser.dir/src/Dbc.cpp.o[0m
[1.646s] [ 66%] [32mBuilding CXX object CMakeFiles/can_dbc_parser.dir/src/DbcBuilder.cpp.o[0m
[1.648s] [ 83%] [32mBuilding CXX object CMakeFiles/can_dbc_parser.dir/src/LineParser.cpp.o[0m
[2.348s] [100%] [32m[1mLinking CXX shared library libcan_dbc_parser.so[0m
[2.456s] [100%] Built target can_dbc_parser
[2.470s] Invoked command in '/ROEG/roeg_ws/build/can_dbc_parser' returned '0': CMAKE_PREFIX_PATH=${CMAKE_PREFIX_PATH}:/ROEG/roeg_ws/install/roeg:/opt/ros/galactic /usr/bin/cmake --build /ROEG/roeg_ws/build/can_dbc_parser -- -j16 -l16
[2.588s] Invoking command in '/ROEG/roeg_ws/build/can_dbc_parser': CMAKE_PREFIX_PATH=${CMAKE_PREFIX_PATH}:/ROEG/roeg_ws/install/roeg:/opt/ros/galactic /usr/bin/cmake --install /ROEG/roeg_ws/build/can_dbc_parser
[2.600s] -- Install configuration: ""
[2.600s] -- Installing: /ROEG/roeg_ws/install/can_dbc_parser/include
[2.600s] -- Installing: /ROEG/roeg_ws/install/can_dbc_parser/include/can_dbc_parser
[2.601s] -- Installing: /ROEG/roeg_ws/install/can_dbc_parser/include/can_dbc_parser/DbcMessage.hpp
[2.601s] -- Installing: /ROEG/roeg_ws/install/can_dbc_parser/include/can_dbc_parser/Dbc.hpp
[2.601s] -- Installing: /ROEG/roeg_ws/install/can_dbc_parser/include/can_dbc_parser/LineParser.hpp
[2.601s] -- Installing: /ROEG/roeg_ws/install/can_dbc_parser/include/can_dbc_parser/DbcUtilities.hpp
[2.601s] -- Installing: /ROEG/roeg_ws/install/can_dbc_parser/include/can_dbc_parser/DbcBuilder.hpp
[2.601s] -- Installing: /ROEG/roeg_ws/install/can_dbc_parser/include/can_dbc_parser/DbcSignal.hpp
[2.602s] -- Installing: /ROEG/roeg_ws/install/can_dbc_parser/share/can_dbc_parser/environment/library_path.sh
[2.602s] -- Installing: /ROEG/roeg_ws/install/can_dbc_parser/share/can_dbc_parser/environment/library_path.dsv
[2.602s] -- Installing: /ROEG/roeg_ws/install/can_dbc_parser/lib/libcan_dbc_parser.so
[2.603s] -- Set runtime path of "/ROEG/roeg_ws/install/can_dbc_parser/lib/libcan_dbc_parser.so" to ""
[2.603s] -- Installing: /ROEG/roeg_ws/install/can_dbc_parser/share/ament_index/resource_index/package_run_dependencies/can_dbc_parser
[2.603s] -- Installing: /ROEG/roeg_ws/install/can_dbc_parser/share/ament_index/resource_index/parent_prefix_path/can_dbc_parser
[2.604s] -- Installing: /ROEG/roeg_ws/install/can_dbc_parser/share/can_dbc_parser/environment/ament_prefix_path.sh
[2.604s] -- Installing: /ROEG/roeg_ws/install/can_dbc_parser/share/can_dbc_parser/environment/ament_prefix_path.dsv
[2.604s] -- Installing: /ROEG/roeg_ws/install/can_dbc_parser/share/can_dbc_parser/environment/path.sh
[2.604s] -- Installing: /ROEG/roeg_ws/install/can_dbc_parser/share/can_dbc_parser/environment/path.dsv
[2.605s] -- Installing: /ROEG/roeg_ws/install/can_dbc_parser/share/can_dbc_parser/local_setup.bash
[2.605s] -- Installing: /ROEG/roeg_ws/install/can_dbc_parser/share/can_dbc_parser/local_setup.sh
[2.605s] -- Installing: /ROEG/roeg_ws/install/can_dbc_parser/share/can_dbc_parser/local_setup.zsh
[2.605s] -- Installing: /ROEG/roeg_ws/install/can_dbc_parser/share/can_dbc_parser/local_setup.dsv
[2.605s] -- Installing: /ROEG/roeg_ws/install/can_dbc_parser/share/can_dbc_parser/package.dsv
[2.606s] -- Installing: /ROEG/roeg_ws/install/can_dbc_parser/share/ament_index/resource_index/packages/can_dbc_parser
[2.606s] -- Installing: /ROEG/roeg_ws/install/can_dbc_parser/share/can_dbc_parser/cmake/ament_cmake_export_dependencies-extras.cmake
[2.606s] -- Installing: /ROEG/roeg_ws/install/can_dbc_parser/share/can_dbc_parser/cmake/ament_cmake_export_include_directories-extras.cmake
[2.606s] -- Installing: /ROEG/roeg_ws/install/can_dbc_parser/share/can_dbc_parser/cmake/ament_cmake_export_libraries-extras.cmake
[2.606s] -- Installing: /ROEG/roeg_ws/install/can_dbc_parser/share/can_dbc_parser/cmake/can_dbc_parserConfig.cmake
[2.606s] -- Installing: /ROEG/roeg_ws/install/can_dbc_parser/share/can_dbc_parser/cmake/can_dbc_parserConfig-version.cmake
[2.607s] -- Installing: /ROEG/roeg_ws/install/can_dbc_parser/share/can_dbc_parser/package.xml
[2.611s] Invoked command in '/ROEG/roeg_ws/build/can_dbc_parser' returned '0': CMAKE_PREFIX_PATH=${CMAKE_PREFIX_PATH}:/ROEG/roeg_ws/install/roeg:/opt/ros/galactic /usr/bin/cmake --install /ROEG/roeg_ws/build/can_dbc_parser
