[0.058s] Invoking command in '/ROEG/roeg_ws/build/raptor_pdu_msgs': CMAKE_PREFIX_PATH=${CMAKE_PREFIX_PATH}:/ROEG/roeg_ws/install/roeg:/opt/ros/galactic /usr/bin/cmake /ROEG/roeg_ws/src/raptor-dbw-ros2/raptor_pdu_msgs -DCMAKE_INSTALL_PREFIX=/ROEG/roeg_ws/install/raptor_pdu_msgs
[0.223s] -- The C compiler identification is GNU 9.4.0
[0.332s] -- The CXX compiler identification is GNU 9.4.0
[0.339s] -- Check for working C compiler: /usr/bin/cc
[0.413s] -- Check for working C compiler: /usr/bin/cc -- works
[0.414s] -- Detecting C compiler ABI info
[0.484s] -- Detecting C compiler ABI info - done
[0.492s] -- Detecting C compile features
[0.492s] -- Detecting C compile features - done
[0.494s] -- Check for working CXX compiler: /usr/bin/c++
[0.569s] -- Check for working CXX compiler: /usr/bin/c++ -- works
[0.570s] -- Detecting CXX compiler ABI info
[0.647s] -- Detecting CXX compiler ABI info - done
[0.659s] -- Detecting CXX compile features
[0.659s] -- Detecting CXX compile features - done
[0.665s] -- Found ament_cmake: 1.1.6 (/opt/ros/galactic/share/ament_cmake/cmake)
[0.692s] -- Found PythonInterp: /usr/bin/python3 (found suitable version "3.8.10", minimum required is "3") 
[0.693s] -- Using PYTHON_EXECUTABLE: /usr/bin/python3
[0.781s] -- Found std_msgs: 2.2.4 (/opt/ros/galactic/share/std_msgs/cmake)
[0.812s] -- Using all available rosidl_typesupport_c: rosidl_typesupport_fastrtps_c;rosidl_typesupport_introspection_c
[0.821s] -- Found rosidl_adapter: 2.2.3 (/opt/ros/galactic/share/rosidl_adapter/cmake)
[0.937s] -- Found OpenSSL: /usr/lib/x86_64-linux-gnu/libcrypto.so (found version "1.1.1f")  
[0.971s] -- Found FastRTPS: /opt/ros/galactic/include  
[1.053s] -- Using all available rosidl_typesupport_cpp: rosidl_typesupport_fastrtps_cpp;rosidl_typesupport_introspection_cpp
[1.096s] -- Found rosidl_default_generators: 1.1.1 (/opt/ros/galactic/share/rosidl_default_generators/cmake)
[1.125s] -- Found PythonInterp: /usr/bin/python3 (found version "3.8.10") 
[1.278s] -- Found ament_cmake_ros: 0.9.2 (/opt/ros/galactic/share/ament_cmake_ros/cmake)
[1.555s] -- Using all available rosidl_typesupport_c: rosidl_typesupport_fastrtps_c;rosidl_typesupport_introspection_c
[1.651s] -- Using all available rosidl_typesupport_cpp: rosidl_typesupport_fastrtps_cpp;rosidl_typesupport_introspection_cpp
[1.680s] -- Found PythonInterp: /usr/bin/python3 (found suitable version "3.8.10", minimum required is "3.5") 
[1.683s] -- Found python_cmake_module: 0.8.1 (/opt/ros/galactic/share/python_cmake_module/cmake)
[1.709s] -- Found PythonLibs: /usr/lib/x86_64-linux-gnu/libpython3.8.so (found suitable version "3.8.10", minimum required is "3.5") 
[1.709s] -- Using PYTHON_EXECUTABLE: /usr/bin/python3
[1.710s] -- Using PYTHON_INCLUDE_DIRS: /usr/include/python3.8
[1.710s] -- Using PYTHON_LIBRARIES: /usr/lib/x86_64-linux-gnu/libpython3.8.so
[1.730s] -- Found PythonExtra: .so  
[1.900s] -- Using numpy include directory: /usr/local/lib/python3.8/dist-packages/numpy/core/include
[1.927s] -- Configuring done
[2.002s] -- Generating done
[2.005s] -- Build files have been written to: /ROEG/roeg_ws/build/raptor_pdu_msgs
[2.014s] Invoked command in '/ROEG/roeg_ws/build/raptor_pdu_msgs' returned '0': CMAKE_PREFIX_PATH=${CMAKE_PREFIX_PATH}:/ROEG/roeg_ws/install/roeg:/opt/ros/galactic /usr/bin/cmake /ROEG/roeg_ws/src/raptor-dbw-ros2/raptor_pdu_msgs -DCMAKE_INSTALL_PREFIX=/ROEG/roeg_ws/install/raptor_pdu_msgs
[2.017s] Invoking command in '/ROEG/roeg_ws/build/raptor_pdu_msgs': CMAKE_PREFIX_PATH=${CMAKE_PREFIX_PATH}:/ROEG/roeg_ws/install/roeg:/opt/ros/galactic /usr/bin/cmake --build /ROEG/roeg_ws/build/raptor_pdu_msgs -- -j16 -l16
[2.057s] [  1%] [34m[1mGenerating C code for ROS interfaces[0m
[2.057s] [35m[1mScanning dependencies of target raptor_pdu_msgs__cpp[0m
[2.070s] [  2%] [34m[1mGenerating C++ code for ROS interfaces[0m
[2.601s] [  2%] Built target raptor_pdu_msgs__cpp
[2.615s] [  4%] [34m[1mGenerating C++ type support dispatch for ROS interfaces[0m
[2.616s] [  5%] [34m[1mGenerating C++ introspection for ROS interfaces[0m
[2.620s] [  7%] [34m[1mGenerating C++ type support for eProsima Fast-RTPS[0m
[2.660s] [35m[1mScanning dependencies of target raptor_pdu_msgs__rosidl_generator_c[0m
[2.682s] [ 12%] [32mBuilding C object CMakeFiles/raptor_pdu_msgs__rosidl_generator_c.dir/rosidl_generator_c/raptor_pdu_msgs/msg/detail/fuse_status__functions.c.o[0m
[2.682s] [ 12%] [32mBuilding C object CMakeFiles/raptor_pdu_msgs__rosidl_generator_c.dir/rosidl_generator_c/raptor_pdu_msgs/msg/detail/fuse_report__functions.c.o[0m
[2.682s] [ 12%] [32mBuilding C object CMakeFiles/raptor_pdu_msgs__rosidl_generator_c.dir/rosidl_generator_c/raptor_pdu_msgs/msg/detail/relay_command__functions.c.o[0m
[2.683s] [ 12%] [32mBuilding C object CMakeFiles/raptor_pdu_msgs__rosidl_generator_c.dir/rosidl_generator_c/raptor_pdu_msgs/msg/detail/relay_report__functions.c.o[0m
[2.683s] [ 14%] [32mBuilding C object CMakeFiles/raptor_pdu_msgs__rosidl_generator_c.dir/rosidl_generator_c/raptor_pdu_msgs/msg/detail/relay_state__functions.c.o[0m
[2.683s] [ 15%] [32mBuilding C object CMakeFiles/raptor_pdu_msgs__rosidl_generator_c.dir/rosidl_generator_c/raptor_pdu_msgs/msg/detail/relay_status__functions.c.o[0m
[2.752s] [ 16%] [32m[1mLinking C shared library libraptor_pdu_msgs__rosidl_generator_c.so[0m
[2.797s] [ 16%] Built target raptor_pdu_msgs__rosidl_generator_c
[2.810s] [ 18%] [34m[1mGenerating C type support dispatch for ROS interfaces[0m
[2.813s] [ 19%] [34m[1mGenerating C introspection for ROS interfaces[0m
[3.023s] [35m[1mScanning dependencies of target raptor_pdu_msgs__rosidl_typesupport_cpp[0m
[3.043s] [ 21%] [32mBuilding CXX object CMakeFiles/raptor_pdu_msgs__rosidl_typesupport_cpp.dir/rosidl_typesupport_cpp/raptor_pdu_msgs/msg/fuse_report__type_support.cpp.o[0m
[3.044s] [ 23%] [32mBuilding CXX object CMakeFiles/raptor_pdu_msgs__rosidl_typesupport_cpp.dir/rosidl_typesupport_cpp/raptor_pdu_msgs/msg/relay_status__type_support.cpp.o[0m
[3.044s] [ 23%] [32mBuilding CXX object CMakeFiles/raptor_pdu_msgs__rosidl_typesupport_cpp.dir/rosidl_typesupport_cpp/raptor_pdu_msgs/msg/fuse_status__type_support.cpp.o[0m
[3.045s] [ 25%] [32mBuilding CXX object CMakeFiles/raptor_pdu_msgs__rosidl_typesupport_cpp.dir/rosidl_typesupport_cpp/raptor_pdu_msgs/msg/relay_state__type_support.cpp.o[0m
[3.045s] [ 26%] [32mBuilding CXX object CMakeFiles/raptor_pdu_msgs__rosidl_typesupport_cpp.dir/rosidl_typesupport_cpp/raptor_pdu_msgs/msg/relay_report__type_support.cpp.o[0m
[3.045s] [ 28%] [32mBuilding CXX object CMakeFiles/raptor_pdu_msgs__rosidl_typesupport_cpp.dir/rosidl_typesupport_cpp/raptor_pdu_msgs/msg/relay_command__type_support.cpp.o[0m
[3.113s] [35m[1mScanning dependencies of target raptor_pdu_msgs__rosidl_typesupport_introspection_cpp[0m
[3.150s] [ 29%] [32mBuilding CXX object CMakeFiles/raptor_pdu_msgs__rosidl_typesupport_introspection_cpp.dir/rosidl_typesupport_introspection_cpp/raptor_pdu_msgs/msg/detail/fuse_report__type_support.cpp.o[0m
[3.165s] [ 30%] [32mBuilding CXX object CMakeFiles/raptor_pdu_msgs__rosidl_typesupport_introspection_cpp.dir/rosidl_typesupport_introspection_cpp/raptor_pdu_msgs/msg/detail/relay_command__type_support.cpp.o[0m
[3.169s] [ 32%] [32mBuilding CXX object CMakeFiles/raptor_pdu_msgs__rosidl_typesupport_introspection_cpp.dir/rosidl_typesupport_introspection_cpp/raptor_pdu_msgs/msg/detail/fuse_status__type_support.cpp.o[0m
[3.188s] [ 33%] [32mBuilding CXX object CMakeFiles/raptor_pdu_msgs__rosidl_typesupport_introspection_cpp.dir/rosidl_typesupport_introspection_cpp/raptor_pdu_msgs/msg/detail/relay_state__type_support.cpp.o[0m
[3.189s] [ 35%] [32mBuilding CXX object CMakeFiles/raptor_pdu_msgs__rosidl_typesupport_introspection_cpp.dir/rosidl_typesupport_introspection_cpp/raptor_pdu_msgs/msg/detail/relay_report__type_support.cpp.o[0m
[3.199s] [35m[1mScanning dependencies of target raptor_pdu_msgs__rosidl_typesupport_fastrtps_cpp[0m
[3.247s] [ 36%] [32mBuilding CXX object CMakeFiles/raptor_pdu_msgs__rosidl_typesupport_fastrtps_cpp.dir/rosidl_typesupport_fastrtps_cpp/raptor_pdu_msgs/msg/detail/dds_fastrtps/fuse_report__type_support.cpp.o[0m
[3.256s] [ 38%] [32mBuilding CXX object CMakeFiles/raptor_pdu_msgs__rosidl_typesupport_introspection_cpp.dir/rosidl_typesupport_introspection_cpp/raptor_pdu_msgs/msg/detail/relay_status__type_support.cpp.o[0m
[3.261s] [ 39%] [32mBuilding CXX object CMakeFiles/raptor_pdu_msgs__rosidl_typesupport_fastrtps_cpp.dir/rosidl_typesupport_fastrtps_cpp/raptor_pdu_msgs/msg/detail/dds_fastrtps/fuse_status__type_support.cpp.o[0m
[3.518s] [ 40%] [32mBuilding CXX object CMakeFiles/raptor_pdu_msgs__rosidl_typesupport_fastrtps_cpp.dir/rosidl_typesupport_fastrtps_cpp/raptor_pdu_msgs/msg/detail/dds_fastrtps/relay_command__type_support.cpp.o[0m
[3.521s] [ 42%] [32mBuilding CXX object CMakeFiles/raptor_pdu_msgs__rosidl_typesupport_fastrtps_cpp.dir/rosidl_typesupport_fastrtps_cpp/raptor_pdu_msgs/msg/detail/dds_fastrtps/relay_status__type_support.cpp.o[0m
[3.524s] [ 43%] [32mBuilding CXX object CMakeFiles/raptor_pdu_msgs__rosidl_typesupport_fastrtps_cpp.dir/rosidl_typesupport_fastrtps_cpp/raptor_pdu_msgs/msg/detail/dds_fastrtps/relay_state__type_support.cpp.o[0m
[3.528s] [ 45%] [32mBuilding CXX object CMakeFiles/raptor_pdu_msgs__rosidl_typesupport_fastrtps_cpp.dir/rosidl_typesupport_fastrtps_cpp/raptor_pdu_msgs/msg/detail/dds_fastrtps/relay_report__type_support.cpp.o[0m
[3.553s] [ 46%] [32m[1mLinking CXX shared library libraptor_pdu_msgs__rosidl_typesupport_cpp.so[0m
[3.581s] [35m[1mScanning dependencies of target raptor_pdu_msgs__rosidl_typesupport_c[0m
[3.644s] [ 47%] [32mBuilding CXX object CMakeFiles/raptor_pdu_msgs__rosidl_typesupport_c.dir/rosidl_typesupport_c/raptor_pdu_msgs/msg/fuse_report__type_support.cpp.o[0m
[3.683s] [ 49%] [32mBuilding CXX object CMakeFiles/raptor_pdu_msgs__rosidl_typesupport_c.dir/rosidl_typesupport_c/raptor_pdu_msgs/msg/fuse_status__type_support.cpp.o[0m
[3.688s] [ 50%] [32mBuilding CXX object CMakeFiles/raptor_pdu_msgs__rosidl_typesupport_c.dir/rosidl_typesupport_c/raptor_pdu_msgs/msg/relay_command__type_support.cpp.o[0m
[3.699s] [ 50%] Built target raptor_pdu_msgs__rosidl_typesupport_cpp
[3.733s] [ 52%] [32mBuilding CXX object CMakeFiles/raptor_pdu_msgs__rosidl_typesupport_c.dir/rosidl_typesupport_c/raptor_pdu_msgs/msg/relay_state__type_support.cpp.o[0m
[3.756s] [ 53%] [32mBuilding CXX object CMakeFiles/raptor_pdu_msgs__rosidl_typesupport_c.dir/rosidl_typesupport_c/raptor_pdu_msgs/msg/relay_report__type_support.cpp.o[0m
[3.768s] [ 54%] [32mBuilding CXX object CMakeFiles/raptor_pdu_msgs__rosidl_typesupport_c.dir/rosidl_typesupport_c/raptor_pdu_msgs/msg/relay_status__type_support.cpp.o[0m
[3.817s] [35m[1mScanning dependencies of target raptor_pdu_msgs__rosidl_typesupport_introspection_c[0m
[3.830s] [ 56%] [32m[1mLinking CXX shared library libraptor_pdu_msgs__rosidl_typesupport_c.so[0m
[3.850s] [ 57%] [32mBuilding C object CMakeFiles/raptor_pdu_msgs__rosidl_typesupport_introspection_c.dir/rosidl_typesupport_introspection_c/raptor_pdu_msgs/msg/detail/fuse_report__type_support.c.o[0m
[3.850s] [ 59%] [32mBuilding C object CMakeFiles/raptor_pdu_msgs__rosidl_typesupport_introspection_c.dir/rosidl_typesupport_introspection_c/raptor_pdu_msgs/msg/detail/fuse_status__type_support.c.o[0m
[3.861s] [ 60%] [32mBuilding C object CMakeFiles/raptor_pdu_msgs__rosidl_typesupport_introspection_c.dir/rosidl_typesupport_introspection_c/raptor_pdu_msgs/msg/detail/relay_report__type_support.c.o[0m
[3.864s] [ 61%] [32mBuilding C object CMakeFiles/raptor_pdu_msgs__rosidl_typesupport_introspection_c.dir/rosidl_typesupport_introspection_c/raptor_pdu_msgs/msg/detail/relay_state__type_support.c.o[0m
[3.875s] [ 63%] [32m[1mLinking CXX shared library libraptor_pdu_msgs__rosidl_typesupport_introspection_cpp.so[0m
[3.885s] [ 64%] [32mBuilding C object CMakeFiles/raptor_pdu_msgs__rosidl_typesupport_introspection_c.dir/rosidl_typesupport_introspection_c/raptor_pdu_msgs/msg/detail/relay_command__type_support.c.o[0m
[3.885s] [ 66%] [32mBuilding C object CMakeFiles/raptor_pdu_msgs__rosidl_typesupport_introspection_c.dir/rosidl_typesupport_introspection_c/raptor_pdu_msgs/msg/detail/relay_status__type_support.c.o[0m
[3.943s] [ 66%] Built target raptor_pdu_msgs__rosidl_typesupport_c
[3.978s] [ 67%] [32m[1mLinking C shared library libraptor_pdu_msgs__rosidl_typesupport_introspection_c.so[0m
[4.031s] [ 67%] Built target raptor_pdu_msgs__rosidl_typesupport_introspection_c
[4.054s] [ 67%] Built target raptor_pdu_msgs__rosidl_typesupport_introspection_cpp
[4.233s] [ 69%] [32m[1mLinking CXX shared library libraptor_pdu_msgs__rosidl_typesupport_fastrtps_cpp.so[0m
[4.345s] [ 69%] Built target raptor_pdu_msgs__rosidl_typesupport_fastrtps_cpp
[4.357s] [ 70%] [34m[1mGenerating C type support for eProsima Fast-RTPS[0m
[5.079s] [35m[1mScanning dependencies of target raptor_pdu_msgs__rosidl_typesupport_fastrtps_c[0m
[5.178s] [ 71%] [32mBuilding CXX object CMakeFiles/raptor_pdu_msgs__rosidl_typesupport_fastrtps_c.dir/rosidl_typesupport_fastrtps_c/raptor_pdu_msgs/msg/detail/fuse_report__type_support_c.cpp.o[0m
[5.186s] [ 73%] [32mBuilding CXX object CMakeFiles/raptor_pdu_msgs__rosidl_typesupport_fastrtps_c.dir/rosidl_typesupport_fastrtps_c/raptor_pdu_msgs/msg/detail/fuse_status__type_support_c.cpp.o[0m
[5.191s] [ 74%] [32mBuilding CXX object CMakeFiles/raptor_pdu_msgs__rosidl_typesupport_fastrtps_c.dir/rosidl_typesupport_fastrtps_c/raptor_pdu_msgs/msg/detail/relay_command__type_support_c.cpp.o[0m
[5.213s] [ 76%] [32mBuilding CXX object CMakeFiles/raptor_pdu_msgs__rosidl_typesupport_fastrtps_c.dir/rosidl_typesupport_fastrtps_c/raptor_pdu_msgs/msg/detail/relay_state__type_support_c.cpp.o[0m
[5.236s] [ 77%] [32mBuilding CXX object CMakeFiles/raptor_pdu_msgs__rosidl_typesupport_fastrtps_c.dir/rosidl_typesupport_fastrtps_c/raptor_pdu_msgs/msg/detail/relay_report__type_support_c.cpp.o[0m
[5.246s] [ 78%] [32mBuilding CXX object CMakeFiles/raptor_pdu_msgs__rosidl_typesupport_fastrtps_c.dir/rosidl_typesupport_fastrtps_c/raptor_pdu_msgs/msg/detail/relay_status__type_support_c.cpp.o[0m
[5.925s] [ 80%] [32m[1mLinking CXX shared library libraptor_pdu_msgs__rosidl_typesupport_fastrtps_c.so[0m
[6.338s] [ 80%] Built target raptor_pdu_msgs__rosidl_typesupport_fastrtps_c
[6.397s] [35m[1mScanning dependencies of target raptor_pdu_msgs[0m
[6.458s] [ 80%] Built target raptor_pdu_msgs
[6.496s] [35m[1mScanning dependencies of target raptor_pdu_msgs__py[0m
[6.547s] [ 81%] [34m[1mGenerating Python code for ROS interfaces[0m
[8.156s] [ 81%] Built target raptor_pdu_msgs__py
[8.168s] [35m[1mScanning dependencies of target raptor_pdu_msgs__python[0m
[8.235s] [ 84%] [32mBuilding C object CMakeFiles/raptor_pdu_msgs__python.dir/rosidl_generator_py/raptor_pdu_msgs/msg/_relay_status_s.c.o[0m
[8.235s] [ 87%] [32mBuilding C object CMakeFiles/raptor_pdu_msgs__python.dir/rosidl_generator_py/raptor_pdu_msgs/msg/_relay_state_s.c.o[0m
[8.235s] [ 88%] [32mBuilding C object CMakeFiles/raptor_pdu_msgs__python.dir/rosidl_generator_py/raptor_pdu_msgs/msg/_fuse_status_s.c.o[0m
[8.235s] [ 88%] [32mBuilding C object CMakeFiles/raptor_pdu_msgs__python.dir/rosidl_generator_py/raptor_pdu_msgs/msg/_relay_command_s.c.o[0m
[8.235s] [ 88%] [32mBuilding C object CMakeFiles/raptor_pdu_msgs__python.dir/rosidl_generator_py/raptor_pdu_msgs/msg/_fuse_report_s.c.o[0m
[8.235s] [ 90%] [32mBuilding C object CMakeFiles/raptor_pdu_msgs__python.dir/rosidl_generator_py/raptor_pdu_msgs/msg/_relay_report_s.c.o[0m
[8.378s] [ 91%] [32m[1mLinking C shared library rosidl_generator_py/raptor_pdu_msgs/libraptor_pdu_msgs__python.so[0m
[8.431s] [ 91%] Built target raptor_pdu_msgs__python
[8.444s] [35m[1mScanning dependencies of target raptor_pdu_msgs__rosidl_typesupport_c__pyext[0m
[8.445s] [35m[1mScanning dependencies of target raptor_pdu_msgs__rosidl_typesupport_introspection_c__pyext[0m
[8.445s] [35m[1mScanning dependencies of target raptor_pdu_msgs__rosidl_typesupport_fastrtps_c__pyext[0m
[8.468s] [ 92%] [32mBuilding C object CMakeFiles/raptor_pdu_msgs__rosidl_typesupport_c__pyext.dir/rosidl_generator_py/raptor_pdu_msgs/_raptor_pdu_msgs_s.ep.rosidl_typesupport_c.c.o[0m
[8.476s] [ 94%] [32mBuilding C object CMakeFiles/raptor_pdu_msgs__rosidl_typesupport_introspection_c__pyext.dir/rosidl_generator_py/raptor_pdu_msgs/_raptor_pdu_msgs_s.ep.rosidl_typesupport_introspection_c.c.o[0m
[8.477s] [ 95%] [32mBuilding C object CMakeFiles/raptor_pdu_msgs__rosidl_typesupport_fastrtps_c__pyext.dir/rosidl_generator_py/raptor_pdu_msgs/_raptor_pdu_msgs_s.ep.rosidl_typesupport_fastrtps_c.c.o[0m
[8.567s] [ 97%] [32m[1mLinking C shared library rosidl_generator_py/raptor_pdu_msgs/raptor_pdu_msgs_s__rosidl_typesupport_c.cpython-38-x86_64-linux-gnu.so[0m
[8.620s] [ 97%] Built target raptor_pdu_msgs__rosidl_typesupport_c__pyext
[8.621s] [ 98%] [32m[1mLinking C shared library rosidl_generator_py/raptor_pdu_msgs/raptor_pdu_msgs_s__rosidl_typesupport_introspection_c.cpython-38-x86_64-linux-gnu.so[0m
[8.626s] [100%] [32m[1mLinking CXX shared library rosidl_generator_py/raptor_pdu_msgs/raptor_pdu_msgs_s__rosidl_typesupport_fastrtps_c.cpython-38-x86_64-linux-gnu.so[0m
[8.662s] [100%] Built target raptor_pdu_msgs__rosidl_typesupport_introspection_c__pyext
[8.698s] [100%] Built target raptor_pdu_msgs__rosidl_typesupport_fastrtps_c__pyext
[8.714s] Invoked command in '/ROEG/roeg_ws/build/raptor_pdu_msgs' returned '0': CMAKE_PREFIX_PATH=${CMAKE_PREFIX_PATH}:/ROEG/roeg_ws/install/roeg:/opt/ros/galactic /usr/bin/cmake --build /ROEG/roeg_ws/build/raptor_pdu_msgs -- -j16 -l16
[8.879s] Invoking command in '/ROEG/roeg_ws/build/raptor_pdu_msgs': CMAKE_PREFIX_PATH=${CMAKE_PREFIX_PATH}:/ROEG/roeg_ws/install/roeg:/opt/ros/galactic /usr/bin/cmake --install /ROEG/roeg_ws/build/raptor_pdu_msgs
[8.893s] -- Install configuration: ""
[8.893s] -- Installing: /ROEG/roeg_ws/install/raptor_pdu_msgs/share/ament_index/resource_index/rosidl_interfaces/raptor_pdu_msgs
[8.893s] -- Installing: /ROEG/roeg_ws/install/raptor_pdu_msgs/include/raptor_pdu_msgs
[8.893s] -- Installing: /ROEG/roeg_ws/install/raptor_pdu_msgs/include/raptor_pdu_msgs/msg
[8.893s] -- Installing: /ROEG/roeg_ws/install/raptor_pdu_msgs/include/raptor_pdu_msgs/msg/relay_state.h
[8.893s] -- Installing: /ROEG/roeg_ws/install/raptor_pdu_msgs/include/raptor_pdu_msgs/msg/relay_status.h
[8.894s] -- Installing: /ROEG/roeg_ws/install/raptor_pdu_msgs/include/raptor_pdu_msgs/msg/fuse_status.h
[8.894s] -- Installing: /ROEG/roeg_ws/install/raptor_pdu_msgs/include/raptor_pdu_msgs/msg/rosidl_generator_c__visibility_control.h
[8.894s] -- Installing: /ROEG/roeg_ws/install/raptor_pdu_msgs/include/raptor_pdu_msgs/msg/relay_command.h
[8.894s] -- Installing: /ROEG/roeg_ws/install/raptor_pdu_msgs/include/raptor_pdu_msgs/msg/relay_report.h
[8.894s] -- Installing: /ROEG/roeg_ws/install/raptor_pdu_msgs/include/raptor_pdu_msgs/msg/detail
[8.894s] -- Installing: /ROEG/roeg_ws/install/raptor_pdu_msgs/include/raptor_pdu_msgs/msg/detail/relay_command__functions.c
[8.894s] -- Installing: /ROEG/roeg_ws/install/raptor_pdu_msgs/include/raptor_pdu_msgs/msg/detail/relay_command__struct.h
[8.894s] -- Installing: /ROEG/roeg_ws/install/raptor_pdu_msgs/include/raptor_pdu_msgs/msg/detail/fuse_status__struct.h
[8.895s] -- Installing: /ROEG/roeg_ws/install/raptor_pdu_msgs/include/raptor_pdu_msgs/msg/detail/relay_status__functions.c
[8.895s] -- Installing: /ROEG/roeg_ws/install/raptor_pdu_msgs/include/raptor_pdu_msgs/msg/detail/fuse_status__type_support.h
[8.895s] -- Installing: /ROEG/roeg_ws/install/raptor_pdu_msgs/include/raptor_pdu_msgs/msg/detail/relay_report__functions.c
[8.895s] -- Installing: /ROEG/roeg_ws/install/raptor_pdu_msgs/include/raptor_pdu_msgs/msg/detail/fuse_report__functions.c
[8.895s] -- Installing: /ROEG/roeg_ws/install/raptor_pdu_msgs/include/raptor_pdu_msgs/msg/detail/relay_status__type_support.h
[8.896s] -- Installing: /ROEG/roeg_ws/install/raptor_pdu_msgs/include/raptor_pdu_msgs/msg/detail/relay_command__functions.h
[8.896s] -- Installing: /ROEG/roeg_ws/install/raptor_pdu_msgs/include/raptor_pdu_msgs/msg/detail/fuse_report__type_support.h
[8.896s] -- Installing: /ROEG/roeg_ws/install/raptor_pdu_msgs/include/raptor_pdu_msgs/msg/detail/relay_status__functions.h
[8.896s] -- Installing: /ROEG/roeg_ws/install/raptor_pdu_msgs/include/raptor_pdu_msgs/msg/detail/fuse_report__functions.h
[8.896s] -- Installing: /ROEG/roeg_ws/install/raptor_pdu_msgs/include/raptor_pdu_msgs/msg/detail/relay_report__functions.h
[8.897s] -- Installing: /ROEG/roeg_ws/install/raptor_pdu_msgs/include/raptor_pdu_msgs/msg/detail/relay_state__type_support.h
[8.897s] -- Installing: /ROEG/roeg_ws/install/raptor_pdu_msgs/include/raptor_pdu_msgs/msg/detail/relay_report__type_support.h
[8.897s] -- Installing: /ROEG/roeg_ws/install/raptor_pdu_msgs/include/raptor_pdu_msgs/msg/detail/fuse_status__functions.h
[8.897s] -- Installing: /ROEG/roeg_ws/install/raptor_pdu_msgs/include/raptor_pdu_msgs/msg/detail/relay_state__struct.h
[8.897s] -- Installing: /ROEG/roeg_ws/install/raptor_pdu_msgs/include/raptor_pdu_msgs/msg/detail/relay_state__functions.h
[8.897s] -- Installing: /ROEG/roeg_ws/install/raptor_pdu_msgs/include/raptor_pdu_msgs/msg/detail/fuse_status__functions.c
[8.898s] -- Installing: /ROEG/roeg_ws/install/raptor_pdu_msgs/include/raptor_pdu_msgs/msg/detail/fuse_report__struct.h
[8.898s] -- Installing: /ROEG/roeg_ws/install/raptor_pdu_msgs/include/raptor_pdu_msgs/msg/detail/relay_command__type_support.h
[8.898s] -- Installing: /ROEG/roeg_ws/install/raptor_pdu_msgs/include/raptor_pdu_msgs/msg/detail/relay_status__struct.h
[8.898s] -- Installing: /ROEG/roeg_ws/install/raptor_pdu_msgs/include/raptor_pdu_msgs/msg/detail/relay_state__functions.c
[8.898s] -- Installing: /ROEG/roeg_ws/install/raptor_pdu_msgs/include/raptor_pdu_msgs/msg/detail/relay_report__struct.h
[8.899s] -- Installing: /ROEG/roeg_ws/install/raptor_pdu_msgs/include/raptor_pdu_msgs/msg/fuse_report.h
[8.899s] -- Installing: /ROEG/roeg_ws/install/raptor_pdu_msgs/share/raptor_pdu_msgs/environment/library_path.sh
[8.899s] -- Installing: /ROEG/roeg_ws/install/raptor_pdu_msgs/share/raptor_pdu_msgs/environment/library_path.dsv
[8.900s] -- Installing: /ROEG/roeg_ws/install/raptor_pdu_msgs/lib/libraptor_pdu_msgs__rosidl_generator_c.so
[8.901s] -- Set runtime path of "/ROEG/roeg_ws/install/raptor_pdu_msgs/lib/libraptor_pdu_msgs__rosidl_generator_c.so" to ""
[8.901s] -- Up-to-date: /ROEG/roeg_ws/install/raptor_pdu_msgs/include/raptor_pdu_msgs
[8.901s] -- Up-to-date: /ROEG/roeg_ws/install/raptor_pdu_msgs/include/raptor_pdu_msgs/msg
[8.901s] -- Up-to-date: /ROEG/roeg_ws/install/raptor_pdu_msgs/include/raptor_pdu_msgs/msg/detail
[8.901s] -- Installing: /ROEG/roeg_ws/install/raptor_pdu_msgs/include/raptor_pdu_msgs/msg/detail/relay_report__rosidl_typesupport_fastrtps_c.h
[8.901s] -- Installing: /ROEG/roeg_ws/install/raptor_pdu_msgs/include/raptor_pdu_msgs/msg/detail/fuse_report__rosidl_typesupport_fastrtps_c.h
[8.901s] -- Installing: /ROEG/roeg_ws/install/raptor_pdu_msgs/include/raptor_pdu_msgs/msg/detail/relay_state__rosidl_typesupport_fastrtps_c.h
[8.902s] -- Installing: /ROEG/roeg_ws/install/raptor_pdu_msgs/include/raptor_pdu_msgs/msg/detail/fuse_status__rosidl_typesupport_fastrtps_c.h
[8.902s] -- Installing: /ROEG/roeg_ws/install/raptor_pdu_msgs/include/raptor_pdu_msgs/msg/detail/relay_status__rosidl_typesupport_fastrtps_c.h
[8.902s] -- Installing: /ROEG/roeg_ws/install/raptor_pdu_msgs/include/raptor_pdu_msgs/msg/detail/relay_command__rosidl_typesupport_fastrtps_c.h
[8.902s] -- Installing: /ROEG/roeg_ws/install/raptor_pdu_msgs/include/raptor_pdu_msgs/msg/rosidl_typesupport_fastrtps_c__visibility_control.h
[8.903s] -- Installing: /ROEG/roeg_ws/install/raptor_pdu_msgs/lib/libraptor_pdu_msgs__rosidl_typesupport_fastrtps_c.so
[8.903s] -- Set runtime path of "/ROEG/roeg_ws/install/raptor_pdu_msgs/lib/libraptor_pdu_msgs__rosidl_typesupport_fastrtps_c.so" to ""
[8.904s] -- Up-to-date: /ROEG/roeg_ws/install/raptor_pdu_msgs/include/raptor_pdu_msgs
[8.904s] -- Up-to-date: /ROEG/roeg_ws/install/raptor_pdu_msgs/include/raptor_pdu_msgs/msg
[8.904s] -- Installing: /ROEG/roeg_ws/install/raptor_pdu_msgs/include/raptor_pdu_msgs/msg/rosidl_typesupport_fastrtps_cpp__visibility_control.h
[8.905s] -- Up-to-date: /ROEG/roeg_ws/install/raptor_pdu_msgs/include/raptor_pdu_msgs/msg/detail
[8.905s] -- Installing: /ROEG/roeg_ws/install/raptor_pdu_msgs/include/raptor_pdu_msgs/msg/detail/fuse_report__rosidl_typesupport_fastrtps_cpp.hpp
[8.905s] -- Installing: /ROEG/roeg_ws/install/raptor_pdu_msgs/include/raptor_pdu_msgs/msg/detail/relay_report__rosidl_typesupport_fastrtps_cpp.hpp
[8.905s] -- Installing: /ROEG/roeg_ws/install/raptor_pdu_msgs/include/raptor_pdu_msgs/msg/detail/relay_state__rosidl_typesupport_fastrtps_cpp.hpp
[8.905s] -- Installing: /ROEG/roeg_ws/install/raptor_pdu_msgs/include/raptor_pdu_msgs/msg/detail/fuse_status__rosidl_typesupport_fastrtps_cpp.hpp
[8.905s] -- Installing: /ROEG/roeg_ws/install/raptor_pdu_msgs/include/raptor_pdu_msgs/msg/detail/relay_command__rosidl_typesupport_fastrtps_cpp.hpp
[8.906s] -- Installing: /ROEG/roeg_ws/install/raptor_pdu_msgs/include/raptor_pdu_msgs/msg/detail/dds_fastrtps
[8.906s] -- Installing: /ROEG/roeg_ws/install/raptor_pdu_msgs/include/raptor_pdu_msgs/msg/detail/relay_status__rosidl_typesupport_fastrtps_cpp.hpp
[8.906s] -- Installing: /ROEG/roeg_ws/install/raptor_pdu_msgs/lib/libraptor_pdu_msgs__rosidl_typesupport_fastrtps_cpp.so
[8.907s] -- Set runtime path of "/ROEG/roeg_ws/install/raptor_pdu_msgs/lib/libraptor_pdu_msgs__rosidl_typesupport_fastrtps_cpp.so" to ""
[8.908s] -- Up-to-date: /ROEG/roeg_ws/install/raptor_pdu_msgs/include/raptor_pdu_msgs
[8.908s] -- Up-to-date: /ROEG/roeg_ws/install/raptor_pdu_msgs/include/raptor_pdu_msgs/msg
[8.908s] -- Installing: /ROEG/roeg_ws/install/raptor_pdu_msgs/include/raptor_pdu_msgs/msg/rosidl_typesupport_introspection_c__visibility_control.h
[8.909s] -- Up-to-date: /ROEG/roeg_ws/install/raptor_pdu_msgs/include/raptor_pdu_msgs/msg/detail
[8.909s] -- Installing: /ROEG/roeg_ws/install/raptor_pdu_msgs/include/raptor_pdu_msgs/msg/detail/fuse_status__rosidl_typesupport_introspection_c.h
[8.909s] -- Installing: /ROEG/roeg_ws/install/raptor_pdu_msgs/include/raptor_pdu_msgs/msg/detail/fuse_report__rosidl_typesupport_introspection_c.h
[8.910s] -- Installing: /ROEG/roeg_ws/install/raptor_pdu_msgs/include/raptor_pdu_msgs/msg/detail/relay_status__type_support.c
[8.910s] -- Installing: /ROEG/roeg_ws/install/raptor_pdu_msgs/include/raptor_pdu_msgs/msg/detail/relay_command__rosidl_typesupport_introspection_c.h
[8.911s] -- Installing: /ROEG/roeg_ws/install/raptor_pdu_msgs/include/raptor_pdu_msgs/msg/detail/relay_report__rosidl_typesupport_introspection_c.h
[8.911s] -- Installing: /ROEG/roeg_ws/install/raptor_pdu_msgs/include/raptor_pdu_msgs/msg/detail/relay_status__rosidl_typesupport_introspection_c.h
[8.911s] -- Installing: /ROEG/roeg_ws/install/raptor_pdu_msgs/include/raptor_pdu_msgs/msg/detail/fuse_report__type_support.c
[8.912s] -- Installing: /ROEG/roeg_ws/install/raptor_pdu_msgs/include/raptor_pdu_msgs/msg/detail/relay_report__type_support.c
[8.912s] -- Installing: /ROEG/roeg_ws/install/raptor_pdu_msgs/include/raptor_pdu_msgs/msg/detail/relay_state__rosidl_typesupport_introspection_c.h
[8.912s] -- Installing: /ROEG/roeg_ws/install/raptor_pdu_msgs/include/raptor_pdu_msgs/msg/detail/relay_command__type_support.c
[8.913s] -- Installing: /ROEG/roeg_ws/install/raptor_pdu_msgs/include/raptor_pdu_msgs/msg/detail/relay_state__type_support.c
[8.913s] -- Installing: /ROEG/roeg_ws/install/raptor_pdu_msgs/include/raptor_pdu_msgs/msg/detail/fuse_status__type_support.c
[8.913s] -- Installing: /ROEG/roeg_ws/install/raptor_pdu_msgs/lib/libraptor_pdu_msgs__rosidl_typesupport_introspection_c.so
[8.914s] -- Set runtime path of "/ROEG/roeg_ws/install/raptor_pdu_msgs/lib/libraptor_pdu_msgs__rosidl_typesupport_introspection_c.so" to ""
[8.915s] -- Installing: /ROEG/roeg_ws/install/raptor_pdu_msgs/lib/libraptor_pdu_msgs__rosidl_typesupport_c.so
[8.915s] -- Set runtime path of "/ROEG/roeg_ws/install/raptor_pdu_msgs/lib/libraptor_pdu_msgs__rosidl_typesupport_c.so" to ""
[8.915s] -- Up-to-date: /ROEG/roeg_ws/install/raptor_pdu_msgs/include/raptor_pdu_msgs
[8.915s] -- Up-to-date: /ROEG/roeg_ws/install/raptor_pdu_msgs/include/raptor_pdu_msgs/msg
[8.916s] -- Installing: /ROEG/roeg_ws/install/raptor_pdu_msgs/include/raptor_pdu_msgs/msg/relay_status.hpp
[8.916s] -- Installing: /ROEG/roeg_ws/install/raptor_pdu_msgs/include/raptor_pdu_msgs/msg/relay_report.hpp
[8.916s] -- Installing: /ROEG/roeg_ws/install/raptor_pdu_msgs/include/raptor_pdu_msgs/msg/fuse_status.hpp
[8.916s] -- Installing: /ROEG/roeg_ws/install/raptor_pdu_msgs/include/raptor_pdu_msgs/msg/relay_command.hpp
[8.916s] -- Installing: /ROEG/roeg_ws/install/raptor_pdu_msgs/include/raptor_pdu_msgs/msg/relay_state.hpp
[8.917s] -- Up-to-date: /ROEG/roeg_ws/install/raptor_pdu_msgs/include/raptor_pdu_msgs/msg/detail
[8.917s] -- Installing: /ROEG/roeg_ws/install/raptor_pdu_msgs/include/raptor_pdu_msgs/msg/detail/fuse_report__traits.hpp
[8.917s] -- Installing: /ROEG/roeg_ws/install/raptor_pdu_msgs/include/raptor_pdu_msgs/msg/detail/relay_status__struct.hpp
[8.917s] -- Installing: /ROEG/roeg_ws/install/raptor_pdu_msgs/include/raptor_pdu_msgs/msg/detail/relay_report__struct.hpp
[8.917s] -- Installing: /ROEG/roeg_ws/install/raptor_pdu_msgs/include/raptor_pdu_msgs/msg/detail/relay_status__builder.hpp
[8.917s] -- Installing: /ROEG/roeg_ws/install/raptor_pdu_msgs/include/raptor_pdu_msgs/msg/detail/relay_report__traits.hpp
[8.918s] -- Installing: /ROEG/roeg_ws/install/raptor_pdu_msgs/include/raptor_pdu_msgs/msg/detail/relay_state__struct.hpp
[8.918s] -- Installing: /ROEG/roeg_ws/install/raptor_pdu_msgs/include/raptor_pdu_msgs/msg/detail/fuse_status__struct.hpp
[8.919s] -- Installing: /ROEG/roeg_ws/install/raptor_pdu_msgs/include/raptor_pdu_msgs/msg/detail/relay_command__struct.hpp
[8.919s] -- Installing: /ROEG/roeg_ws/install/raptor_pdu_msgs/include/raptor_pdu_msgs/msg/detail/relay_report__builder.hpp
[8.919s] -- Installing: /ROEG/roeg_ws/install/raptor_pdu_msgs/include/raptor_pdu_msgs/msg/detail/relay_status__traits.hpp
[8.919s] -- Installing: /ROEG/roeg_ws/install/raptor_pdu_msgs/include/raptor_pdu_msgs/msg/detail/relay_state__builder.hpp
[8.919s] -- Installing: /ROEG/roeg_ws/install/raptor_pdu_msgs/include/raptor_pdu_msgs/msg/detail/relay_command__builder.hpp
[8.920s] -- Installing: /ROEG/roeg_ws/install/raptor_pdu_msgs/include/raptor_pdu_msgs/msg/detail/fuse_status__traits.hpp
[8.920s] -- Installing: /ROEG/roeg_ws/install/raptor_pdu_msgs/include/raptor_pdu_msgs/msg/detail/fuse_status__builder.hpp
[8.920s] -- Installing: /ROEG/roeg_ws/install/raptor_pdu_msgs/include/raptor_pdu_msgs/msg/detail/fuse_report__builder.hpp
[8.920s] -- Installing: /ROEG/roeg_ws/install/raptor_pdu_msgs/include/raptor_pdu_msgs/msg/detail/relay_state__traits.hpp
[8.921s] -- Installing: /ROEG/roeg_ws/install/raptor_pdu_msgs/include/raptor_pdu_msgs/msg/detail/relay_command__traits.hpp
[8.921s] -- Installing: /ROEG/roeg_ws/install/raptor_pdu_msgs/include/raptor_pdu_msgs/msg/detail/fuse_report__struct.hpp
[8.921s] -- Installing: /ROEG/roeg_ws/install/raptor_pdu_msgs/include/raptor_pdu_msgs/msg/fuse_report.hpp
[8.921s] -- Up-to-date: /ROEG/roeg_ws/install/raptor_pdu_msgs/include/raptor_pdu_msgs
[8.921s] -- Up-to-date: /ROEG/roeg_ws/install/raptor_pdu_msgs/include/raptor_pdu_msgs/msg
[8.922s] -- Up-to-date: /ROEG/roeg_ws/install/raptor_pdu_msgs/include/raptor_pdu_msgs/msg/detail
[8.922s] -- Installing: /ROEG/roeg_ws/install/raptor_pdu_msgs/include/raptor_pdu_msgs/msg/detail/relay_command__type_support.cpp
[8.922s] -- Installing: /ROEG/roeg_ws/install/raptor_pdu_msgs/include/raptor_pdu_msgs/msg/detail/relay_status__type_support.cpp
[8.922s] -- Installing: /ROEG/roeg_ws/install/raptor_pdu_msgs/include/raptor_pdu_msgs/msg/detail/fuse_report__rosidl_typesupport_introspection_cpp.hpp
[8.923s] -- Installing: /ROEG/roeg_ws/install/raptor_pdu_msgs/include/raptor_pdu_msgs/msg/detail/relay_report__type_support.cpp
[8.923s] -- Installing: /ROEG/roeg_ws/install/raptor_pdu_msgs/include/raptor_pdu_msgs/msg/detail/fuse_status__rosidl_typesupport_introspection_cpp.hpp
[8.923s] -- Installing: /ROEG/roeg_ws/install/raptor_pdu_msgs/include/raptor_pdu_msgs/msg/detail/relay_status__rosidl_typesupport_introspection_cpp.hpp
[8.923s] -- Installing: /ROEG/roeg_ws/install/raptor_pdu_msgs/include/raptor_pdu_msgs/msg/detail/relay_report__rosidl_typesupport_introspection_cpp.hpp
[8.924s] -- Installing: /ROEG/roeg_ws/install/raptor_pdu_msgs/include/raptor_pdu_msgs/msg/detail/relay_state__type_support.cpp
[8.924s] -- Installing: /ROEG/roeg_ws/install/raptor_pdu_msgs/include/raptor_pdu_msgs/msg/detail/fuse_status__type_support.cpp
[8.924s] -- Installing: /ROEG/roeg_ws/install/raptor_pdu_msgs/include/raptor_pdu_msgs/msg/detail/relay_command__rosidl_typesupport_introspection_cpp.hpp
[8.925s] -- Installing: /ROEG/roeg_ws/install/raptor_pdu_msgs/include/raptor_pdu_msgs/msg/detail/relay_state__rosidl_typesupport_introspection_cpp.hpp
[8.925s] -- Installing: /ROEG/roeg_ws/install/raptor_pdu_msgs/include/raptor_pdu_msgs/msg/detail/fuse_report__type_support.cpp
[8.925s] -- Installing: /ROEG/roeg_ws/install/raptor_pdu_msgs/lib/libraptor_pdu_msgs__rosidl_typesupport_introspection_cpp.so
[8.926s] -- Set runtime path of "/ROEG/roeg_ws/install/raptor_pdu_msgs/lib/libraptor_pdu_msgs__rosidl_typesupport_introspection_cpp.so" to ""
[8.927s] -- Installing: /ROEG/roeg_ws/install/raptor_pdu_msgs/lib/libraptor_pdu_msgs__rosidl_typesupport_cpp.so
[8.927s] -- Set runtime path of "/ROEG/roeg_ws/install/raptor_pdu_msgs/lib/libraptor_pdu_msgs__rosidl_typesupport_cpp.so" to ""
[8.928s] -- Installing: /ROEG/roeg_ws/install/raptor_pdu_msgs/share/raptor_pdu_msgs/environment/pythonpath.sh
[8.928s] -- Installing: /ROEG/roeg_ws/install/raptor_pdu_msgs/share/raptor_pdu_msgs/environment/pythonpath.dsv
[8.929s] -- Installing: /ROEG/roeg_ws/install/raptor_pdu_msgs/lib/python3.8/site-packages/raptor_pdu_msgs/__init__.py
[8.975s] Compiling '/ROEG/roeg_ws/install/raptor_pdu_msgs/lib/python3.8/site-packages/raptor_pdu_msgs/__init__.py'...
[8.980s] -- Installing: /ROEG/roeg_ws/install/raptor_pdu_msgs/lib/python3.8/site-packages/raptor_pdu_msgs/msg
[8.981s] -- Installing: /ROEG/roeg_ws/install/raptor_pdu_msgs/lib/python3.8/site-packages/raptor_pdu_msgs/msg/_relay_status.py
[8.981s] -- Installing: /ROEG/roeg_ws/install/raptor_pdu_msgs/lib/python3.8/site-packages/raptor_pdu_msgs/msg/_relay_status_s.c
[8.981s] -- Installing: /ROEG/roeg_ws/install/raptor_pdu_msgs/lib/python3.8/site-packages/raptor_pdu_msgs/msg/_fuse_status.py
[8.982s] -- Installing: /ROEG/roeg_ws/install/raptor_pdu_msgs/lib/python3.8/site-packages/raptor_pdu_msgs/msg/_relay_report_s.c
[8.982s] -- Installing: /ROEG/roeg_ws/install/raptor_pdu_msgs/lib/python3.8/site-packages/raptor_pdu_msgs/msg/_fuse_report.py
[8.986s] -- Installing: /ROEG/roeg_ws/install/raptor_pdu_msgs/lib/python3.8/site-packages/raptor_pdu_msgs/msg/_fuse_status_s.c
[8.986s] -- Installing: /ROEG/roeg_ws/install/raptor_pdu_msgs/lib/python3.8/site-packages/raptor_pdu_msgs/msg/_relay_state_s.c
[8.986s] -- Installing: /ROEG/roeg_ws/install/raptor_pdu_msgs/lib/python3.8/site-packages/raptor_pdu_msgs/msg/__init__.py
[8.986s] -- Installing: /ROEG/roeg_ws/install/raptor_pdu_msgs/lib/python3.8/site-packages/raptor_pdu_msgs/msg/_relay_command.py
[8.986s] -- Installing: /ROEG/roeg_ws/install/raptor_pdu_msgs/lib/python3.8/site-packages/raptor_pdu_msgs/msg/_fuse_report_s.c
[8.986s] -- Installing: /ROEG/roeg_ws/install/raptor_pdu_msgs/lib/python3.8/site-packages/raptor_pdu_msgs/msg/_relay_command_s.c
[8.986s] -- Installing: /ROEG/roeg_ws/install/raptor_pdu_msgs/lib/python3.8/site-packages/raptor_pdu_msgs/msg/_relay_report.py
[8.987s] -- Installing: /ROEG/roeg_ws/install/raptor_pdu_msgs/lib/python3.8/site-packages/raptor_pdu_msgs/msg/_relay_state.py
[8.987s] -- Installing: /ROEG/roeg_ws/install/raptor_pdu_msgs/lib/python3.8/site-packages/raptor_pdu_msgs/raptor_pdu_msgs_s__rosidl_typesupport_fastrtps_c.cpython-38-x86_64-linux-gnu.so
[8.987s] -- Set runtime path of "/ROEG/roeg_ws/install/raptor_pdu_msgs/lib/python3.8/site-packages/raptor_pdu_msgs/raptor_pdu_msgs_s__rosidl_typesupport_fastrtps_c.cpython-38-x86_64-linux-gnu.so" to ""
[8.987s] -- Installing: /ROEG/roeg_ws/install/raptor_pdu_msgs/lib/python3.8/site-packages/raptor_pdu_msgs/raptor_pdu_msgs_s__rosidl_typesupport_introspection_c.cpython-38-x86_64-linux-gnu.so
[8.987s] -- Set runtime path of "/ROEG/roeg_ws/install/raptor_pdu_msgs/lib/python3.8/site-packages/raptor_pdu_msgs/raptor_pdu_msgs_s__rosidl_typesupport_introspection_c.cpython-38-x86_64-linux-gnu.so" to ""
[8.987s] -- Installing: /ROEG/roeg_ws/install/raptor_pdu_msgs/lib/python3.8/site-packages/raptor_pdu_msgs/raptor_pdu_msgs_s__rosidl_typesupport_c.cpython-38-x86_64-linux-gnu.so
[8.990s] -- Set runtime path of "/ROEG/roeg_ws/install/raptor_pdu_msgs/lib/python3.8/site-packages/raptor_pdu_msgs/raptor_pdu_msgs_s__rosidl_typesupport_c.cpython-38-x86_64-linux-gnu.so" to ""
[8.991s] -- Installing: /ROEG/roeg_ws/install/raptor_pdu_msgs/lib/libraptor_pdu_msgs__python.so
[8.991s] -- Set runtime path of "/ROEG/roeg_ws/install/raptor_pdu_msgs/lib/libraptor_pdu_msgs__python.so" to ""
[8.991s] -- Installing: /ROEG/roeg_ws/install/raptor_pdu_msgs/share/raptor_pdu_msgs/msg/FuseReport.idl
[8.991s] -- Installing: /ROEG/roeg_ws/install/raptor_pdu_msgs/share/raptor_pdu_msgs/msg/FuseStatus.idl
[8.991s] -- Installing: /ROEG/roeg_ws/install/raptor_pdu_msgs/share/raptor_pdu_msgs/msg/RelayCommand.idl
[8.992s] -- Installing: /ROEG/roeg_ws/install/raptor_pdu_msgs/share/raptor_pdu_msgs/msg/RelayState.idl
[8.992s] -- Installing: /ROEG/roeg_ws/install/raptor_pdu_msgs/share/raptor_pdu_msgs/msg/RelayReport.idl
[8.992s] -- Installing: /ROEG/roeg_ws/install/raptor_pdu_msgs/share/raptor_pdu_msgs/msg/RelayStatus.idl
[8.992s] -- Installing: /ROEG/roeg_ws/install/raptor_pdu_msgs/share/raptor_pdu_msgs/msg/FuseReport.msg
[8.992s] -- Installing: /ROEG/roeg_ws/install/raptor_pdu_msgs/share/raptor_pdu_msgs/msg/FuseStatus.msg
[8.992s] -- Installing: /ROEG/roeg_ws/install/raptor_pdu_msgs/share/raptor_pdu_msgs/msg/RelayCommand.msg
[8.993s] -- Installing: /ROEG/roeg_ws/install/raptor_pdu_msgs/share/raptor_pdu_msgs/msg/RelayState.msg
[8.993s] -- Installing: /ROEG/roeg_ws/install/raptor_pdu_msgs/share/raptor_pdu_msgs/msg/RelayReport.msg
[8.993s] -- Installing: /ROEG/roeg_ws/install/raptor_pdu_msgs/share/raptor_pdu_msgs/msg/RelayStatus.msg
[8.995s] -- Installing: /ROEG/roeg_ws/install/raptor_pdu_msgs/share/ament_index/resource_index/package_run_dependencies/raptor_pdu_msgs
[8.995s] -- Installing: /ROEG/roeg_ws/install/raptor_pdu_msgs/share/ament_index/resource_index/parent_prefix_path/raptor_pdu_msgs
[8.996s] -- Installing: /ROEG/roeg_ws/install/raptor_pdu_msgs/share/raptor_pdu_msgs/environment/ament_prefix_path.sh
[8.997s] -- Installing: /ROEG/roeg_ws/install/raptor_pdu_msgs/share/raptor_pdu_msgs/environment/ament_prefix_path.dsv
[8.997s] -- Installing: /ROEG/roeg_ws/install/raptor_pdu_msgs/share/raptor_pdu_msgs/environment/path.sh
[8.998s] -- Installing: /ROEG/roeg_ws/install/raptor_pdu_msgs/share/raptor_pdu_msgs/environment/path.dsv
[8.998s] -- Installing: /ROEG/roeg_ws/install/raptor_pdu_msgs/share/raptor_pdu_msgs/local_setup.bash
[8.999s] -- Installing: /ROEG/roeg_ws/install/raptor_pdu_msgs/share/raptor_pdu_msgs/local_setup.sh
[8.999s] -- Installing: /ROEG/roeg_ws/install/raptor_pdu_msgs/share/raptor_pdu_msgs/local_setup.zsh
[8.999s] -- Installing: /ROEG/roeg_ws/install/raptor_pdu_msgs/share/raptor_pdu_msgs/local_setup.dsv
[9.000s] -- Installing: /ROEG/roeg_ws/install/raptor_pdu_msgs/share/raptor_pdu_msgs/package.dsv
[9.000s] -- Installing: /ROEG/roeg_ws/install/raptor_pdu_msgs/share/ament_index/resource_index/packages/raptor_pdu_msgs
[9.000s] -- Installing: /ROEG/roeg_ws/install/raptor_pdu_msgs/share/raptor_pdu_msgs/cmake/raptor_pdu_msgs__rosidl_generator_cExport.cmake
[9.001s] -- Installing: /ROEG/roeg_ws/install/raptor_pdu_msgs/share/raptor_pdu_msgs/cmake/raptor_pdu_msgs__rosidl_generator_cExport-noconfig.cmake
[9.001s] -- Installing: /ROEG/roeg_ws/install/raptor_pdu_msgs/share/raptor_pdu_msgs/cmake/raptor_pdu_msgs__rosidl_typesupport_introspection_cExport.cmake
[9.002s] -- Installing: /ROEG/roeg_ws/install/raptor_pdu_msgs/share/raptor_pdu_msgs/cmake/raptor_pdu_msgs__rosidl_typesupport_introspection_cExport-noconfig.cmake
[9.002s] -- Installing: /ROEG/roeg_ws/install/raptor_pdu_msgs/share/raptor_pdu_msgs/cmake/raptor_pdu_msgs__rosidl_typesupport_cExport.cmake
[9.003s] -- Installing: /ROEG/roeg_ws/install/raptor_pdu_msgs/share/raptor_pdu_msgs/cmake/raptor_pdu_msgs__rosidl_typesupport_cExport-noconfig.cmake
[9.003s] -- Installing: /ROEG/roeg_ws/install/raptor_pdu_msgs/share/raptor_pdu_msgs/cmake/raptor_pdu_msgs__rosidl_generator_cppExport.cmake
[9.004s] -- Installing: /ROEG/roeg_ws/install/raptor_pdu_msgs/share/raptor_pdu_msgs/cmake/raptor_pdu_msgs__rosidl_typesupport_introspection_cppExport.cmake
[9.004s] -- Installing: /ROEG/roeg_ws/install/raptor_pdu_msgs/share/raptor_pdu_msgs/cmake/raptor_pdu_msgs__rosidl_typesupport_introspection_cppExport-noconfig.cmake
[9.004s] -- Installing: /ROEG/roeg_ws/install/raptor_pdu_msgs/share/raptor_pdu_msgs/cmake/raptor_pdu_msgs__rosidl_typesupport_cppExport.cmake
[9.005s] -- Installing: /ROEG/roeg_ws/install/raptor_pdu_msgs/share/raptor_pdu_msgs/cmake/raptor_pdu_msgs__rosidl_typesupport_cppExport-noconfig.cmake
[9.005s] -- Installing: /ROEG/roeg_ws/install/raptor_pdu_msgs/share/raptor_pdu_msgs/cmake/rosidl_cmake-extras.cmake
[9.005s] -- Installing: /ROEG/roeg_ws/install/raptor_pdu_msgs/share/raptor_pdu_msgs/cmake/ament_cmake_export_dependencies-extras.cmake
[9.006s] -- Installing: /ROEG/roeg_ws/install/raptor_pdu_msgs/share/raptor_pdu_msgs/cmake/ament_cmake_export_libraries-extras.cmake
[9.006s] -- Installing: /ROEG/roeg_ws/install/raptor_pdu_msgs/share/raptor_pdu_msgs/cmake/ament_cmake_export_targets-extras.cmake
[9.006s] -- Installing: /ROEG/roeg_ws/install/raptor_pdu_msgs/share/raptor_pdu_msgs/cmake/ament_cmake_export_include_directories-extras.cmake
[9.007s] -- Installing: /ROEG/roeg_ws/install/raptor_pdu_msgs/share/raptor_pdu_msgs/cmake/rosidl_cmake_export_typesupport_libraries-extras.cmake
[9.007s] -- Installing: /ROEG/roeg_ws/install/raptor_pdu_msgs/share/raptor_pdu_msgs/cmake/rosidl_cmake_export_typesupport_targets-extras.cmake
[9.007s] -- Installing: /ROEG/roeg_ws/install/raptor_pdu_msgs/share/raptor_pdu_msgs/cmake/raptor_pdu_msgsConfig.cmake
[9.008s] -- Installing: /ROEG/roeg_ws/install/raptor_pdu_msgs/share/raptor_pdu_msgs/cmake/raptor_pdu_msgsConfig-version.cmake
[9.008s] -- Installing: /ROEG/roeg_ws/install/raptor_pdu_msgs/share/raptor_pdu_msgs/package.xml
[9.020s] Invoked command in '/ROEG/roeg_ws/build/raptor_pdu_msgs' returned '0': CMAKE_PREFIX_PATH=${CMAKE_PREFIX_PATH}:/ROEG/roeg_ws/install/roeg:/opt/ros/galactic /usr/bin/cmake --install /ROEG/roeg_ws/build/raptor_pdu_msgs
