[0.214s] Invoking command in '/ROEG/roeg_ws/build/raptor_dbw_can': CMAKE_PREFIX_PATH=/ROEG/roeg_ws/install/raptor_pdu:/ROEG/roeg_ws/install/raptor_pdu_msgs:/ROEG/roeg_ws/install/raptor_dbw_msgs:/ROEG/roeg_ws/install/can_dbc_parser:/ROEG/roeg_ws/install/raptor_dbw_can:/ROEG/roeg_ws/install/raptor_dbw_joystick:/ROEG/roeg_ws/install/deep_orange_msgs:/ROEG/roeg_ws/install/roeg:/opt/ros/galactic LD_LIBRARY_PATH=/ROEG/roeg_ws/install/raptor_pdu_msgs/lib:/ROEG/roeg_ws/install/raptor_dbw_msgs/lib:/ROEG/roeg_ws/install/can_dbc_parser/lib:/ROEG/roeg_ws/install/deep_orange_msgs/lib:/opt/ros/galactic/opt/yaml_cpp_vendor/lib:/opt/ros/galactic/opt/rviz_ogre_vendor/lib:/opt/ros/galactic/lib/x86_64-linux-gnu:/opt/ros/galactic/lib PYTHONPATH=/ROEG/roeg_ws/install/raptor_pdu_msgs/lib/python3.8/site-packages:/ROEG/roeg_ws/install/raptor_dbw_msgs/lib/python3.8/site-packages:/ROEG/roeg_ws/install/roeg/lib/python3.8/site-packages:/ROEG/roeg_ws/install/deep_orange_msgs/lib/python3.8/site-packages:/opt/ros/galactic/lib/python3.8/site-packages /usr/bin/cmake /ROEG/roeg_ws/src/raptor-dbw-ros2/raptor_dbw_can -DCMAKE_INSTALL_PREFIX=/ROEG/roeg_ws/install/raptor_dbw_can
[0.270s] -- The C compiler identification is GNU 9.4.0
[0.323s] -- The CXX compiler identification is GNU 9.4.0
[0.329s] -- Check for working C compiler: /usr/bin/cc
[0.406s] -- Check for working C compiler: /usr/bin/cc -- works
[0.406s] -- Detecting C compiler ABI info
[0.481s] -- Detecting C compiler ABI info - done
[0.492s] -- Detecting C compile features
[0.493s] -- Detecting C compile features - done
[0.495s] -- Check for working CXX compiler: /usr/bin/c++
[0.587s] -- Check for working CXX compiler: /usr/bin/c++ -- works
[0.588s] -- Detecting CXX compiler ABI info
[0.674s] -- Detecting CXX compiler ABI info - done
[0.682s] -- Detecting CXX compile features
[0.682s] -- Detecting CXX compile features - done
[0.685s] -- Found ament_cmake_auto: 1.1.6 (/opt/ros/galactic/share/ament_cmake_auto/cmake)
[0.713s] -- Found PythonInterp: /usr/bin/python3 (found suitable version "3.8.10", minimum required is "3") 
[0.713s] -- Using PYTHON_EXECUTABLE: /usr/bin/python3
[0.907s] -- Using all available rosidl_typesupport_c: rosidl_typesupport_fastrtps_c;rosidl_typesupport_introspection_c
[0.915s] -- Found rosidl_adapter: 2.2.3 (/opt/ros/galactic/share/rosidl_adapter/cmake)
[1.026s] -- Found OpenSSL: /usr/lib/x86_64-linux-gnu/libcrypto.so (found version "1.1.1f")  
[1.055s] -- Found FastRTPS: /opt/ros/galactic/include  
[1.140s] -- Using all available rosidl_typesupport_cpp: rosidl_typesupport_fastrtps_cpp;rosidl_typesupport_introspection_cpp
[1.197s] -- Found rmw_implementation_cmake: 3.3.1 (/opt/ros/galactic/share/rmw_implementation_cmake/cmake)
[1.201s] -- Found rmw_cyclonedds_cpp: 0.22.6 (/opt/ros/galactic/share/rmw_cyclonedds_cpp/cmake)
[1.218s] -- Using RMW implementation 'rmw_cyclonedds_cpp' as default
[1.219s] -- Looking for pthread.h
[1.318s] -- Looking for pthread.h - found
[1.318s] -- Performing Test CMAKE_HAVE_LIBC_PTHREAD
[1.410s] -- Performing Test CMAKE_HAVE_LIBC_PTHREAD - Failed
[1.410s] -- Looking for pthread_create in pthreads
[1.480s] -- Looking for pthread_create in pthreads - not found
[1.480s] -- Looking for pthread_create in pthread
[1.562s] -- Looking for pthread_create in pthread - found
[1.564s] -- Found Threads: TRUE  
[1.925s] -- Found ament_lint_auto: 0.10.7 (/opt/ros/galactic/share/ament_lint_auto/cmake)
[1.952s] -- Added test 'copyright' to check source files copyright and LICENSE
[1.953s] -- Added test 'cppcheck' to perform static code analysis on C / C++ code
[1.953s] -- Configured cppcheck include dirs: /ROEG/roeg_ws/src/raptor-dbw-ros2/raptor_dbw_can/include
[1.953s] -- Configured cppcheck exclude dirs and/or files: 
[1.955s] -- Added test 'cpplint' to check C / C++ code against the Google style
[1.955s] -- Configured cpplint exclude dirs and/or files: 
[1.955s] -- Added test 'flake8' to check Python code syntax and style conventions
[1.956s] -- Added test 'lint_cmake' to check CMake code style
[1.957s] -- Added test 'pep257' to check Python code against some of the style conventions in PEP 257
[1.958s] -- Added test 'uncrustify' to check C / C++ code style
[1.958s] -- Configured uncrustify additional arguments: 
[1.959s] -- Added test 'xmllint' to check XML markup files
[1.965s] -- Configuring done
[1.983s] -- Generating done
[1.985s] -- Build files have been written to: /ROEG/roeg_ws/build/raptor_dbw_can
[1.992s] Invoked command in '/ROEG/roeg_ws/build/raptor_dbw_can' returned '0': CMAKE_PREFIX_PATH=/ROEG/roeg_ws/install/raptor_pdu:/ROEG/roeg_ws/install/raptor_pdu_msgs:/ROEG/roeg_ws/install/raptor_dbw_msgs:/ROEG/roeg_ws/install/can_dbc_parser:/ROEG/roeg_ws/install/raptor_dbw_can:/ROEG/roeg_ws/install/raptor_dbw_joystick:/ROEG/roeg_ws/install/deep_orange_msgs:/ROEG/roeg_ws/install/roeg:/opt/ros/galactic LD_LIBRARY_PATH=/ROEG/roeg_ws/install/raptor_pdu_msgs/lib:/ROEG/roeg_ws/install/raptor_dbw_msgs/lib:/ROEG/roeg_ws/install/can_dbc_parser/lib:/ROEG/roeg_ws/install/deep_orange_msgs/lib:/opt/ros/galactic/opt/yaml_cpp_vendor/lib:/opt/ros/galactic/opt/rviz_ogre_vendor/lib:/opt/ros/galactic/lib/x86_64-linux-gnu:/opt/ros/galactic/lib PYTHONPATH=/ROEG/roeg_ws/install/raptor_pdu_msgs/lib/python3.8/site-packages:/ROEG/roeg_ws/install/raptor_dbw_msgs/lib/python3.8/site-packages:/ROEG/roeg_ws/install/roeg/lib/python3.8/site-packages:/ROEG/roeg_ws/install/deep_orange_msgs/lib/python3.8/site-packages:/opt/ros/galactic/lib/python3.8/site-packages /usr/bin/cmake /ROEG/roeg_ws/src/raptor-dbw-ros2/raptor_dbw_can -DCMAKE_INSTALL_PREFIX=/ROEG/roeg_ws/install/raptor_dbw_can
[1.995s] Invoking command in '/ROEG/roeg_ws/build/raptor_dbw_can': CMAKE_PREFIX_PATH=/ROEG/roeg_ws/install/raptor_pdu:/ROEG/roeg_ws/install/raptor_pdu_msgs:/ROEG/roeg_ws/install/raptor_dbw_msgs:/ROEG/roeg_ws/install/can_dbc_parser:/ROEG/roeg_ws/install/raptor_dbw_can:/ROEG/roeg_ws/install/raptor_dbw_joystick:/ROEG/roeg_ws/install/deep_orange_msgs:/ROEG/roeg_ws/install/roeg:/opt/ros/galactic LD_LIBRARY_PATH=/ROEG/roeg_ws/install/raptor_pdu_msgs/lib:/ROEG/roeg_ws/install/raptor_dbw_msgs/lib:/ROEG/roeg_ws/install/can_dbc_parser/lib:/ROEG/roeg_ws/install/deep_orange_msgs/lib:/opt/ros/galactic/opt/yaml_cpp_vendor/lib:/opt/ros/galactic/opt/rviz_ogre_vendor/lib:/opt/ros/galactic/lib/x86_64-linux-gnu:/opt/ros/galactic/lib PYTHONPATH=/ROEG/roeg_ws/install/raptor_pdu_msgs/lib/python3.8/site-packages:/ROEG/roeg_ws/install/raptor_dbw_msgs/lib/python3.8/site-packages:/ROEG/roeg_ws/install/roeg/lib/python3.8/site-packages:/ROEG/roeg_ws/install/deep_orange_msgs/lib/python3.8/site-packages:/opt/ros/galactic/lib/python3.8/site-packages /usr/bin/cmake --build /ROEG/roeg_ws/build/raptor_dbw_can -- -j16 -l16
[2.045s] [35m[1mScanning dependencies of target raptor_dbw_can_node[0m
[2.128s] [ 66%] [32mBuilding CXX object CMakeFiles/raptor_dbw_can_node.dir/src/raptor_dbw_can_node.cpp.o[0m
[2.128s] [ 66%] [32mBuilding CXX object CMakeFiles/raptor_dbw_can_node.dir/src/raptor_dbw_can.cpp.o[0m
[29.046s] [100%] [32m[1mLinking CXX executable raptor_dbw_can_node[0m
[30.788s] [100%] Built target raptor_dbw_can_node
[30.806s] Invoked command in '/ROEG/roeg_ws/build/raptor_dbw_can' returned '0': CMAKE_PREFIX_PATH=/ROEG/roeg_ws/install/raptor_pdu:/ROEG/roeg_ws/install/raptor_pdu_msgs:/ROEG/roeg_ws/install/raptor_dbw_msgs:/ROEG/roeg_ws/install/can_dbc_parser:/ROEG/roeg_ws/install/raptor_dbw_can:/ROEG/roeg_ws/install/raptor_dbw_joystick:/ROEG/roeg_ws/install/deep_orange_msgs:/ROEG/roeg_ws/install/roeg:/opt/ros/galactic LD_LIBRARY_PATH=/ROEG/roeg_ws/install/raptor_pdu_msgs/lib:/ROEG/roeg_ws/install/raptor_dbw_msgs/lib:/ROEG/roeg_ws/install/can_dbc_parser/lib:/ROEG/roeg_ws/install/deep_orange_msgs/lib:/opt/ros/galactic/opt/yaml_cpp_vendor/lib:/opt/ros/galactic/opt/rviz_ogre_vendor/lib:/opt/ros/galactic/lib/x86_64-linux-gnu:/opt/ros/galactic/lib PYTHONPATH=/ROEG/roeg_ws/install/raptor_pdu_msgs/lib/python3.8/site-packages:/ROEG/roeg_ws/install/raptor_dbw_msgs/lib/python3.8/site-packages:/ROEG/roeg_ws/install/roeg/lib/python3.8/site-packages:/ROEG/roeg_ws/install/deep_orange_msgs/lib/python3.8/site-packages:/opt/ros/galactic/lib/python3.8/site-packages /usr/bin/cmake --build /ROEG/roeg_ws/build/raptor_dbw_can -- -j16 -l16
[30.865s] Invoking command in '/ROEG/roeg_ws/build/raptor_dbw_can': CMAKE_PREFIX_PATH=/ROEG/roeg_ws/install/raptor_pdu:/ROEG/roeg_ws/install/raptor_pdu_msgs:/ROEG/roeg_ws/install/raptor_dbw_msgs:/ROEG/roeg_ws/install/can_dbc_parser:/ROEG/roeg_ws/install/raptor_dbw_can:/ROEG/roeg_ws/install/raptor_dbw_joystick:/ROEG/roeg_ws/install/deep_orange_msgs:/ROEG/roeg_ws/install/roeg:/opt/ros/galactic LD_LIBRARY_PATH=/ROEG/roeg_ws/install/raptor_pdu_msgs/lib:/ROEG/roeg_ws/install/raptor_dbw_msgs/lib:/ROEG/roeg_ws/install/can_dbc_parser/lib:/ROEG/roeg_ws/install/deep_orange_msgs/lib:/opt/ros/galactic/opt/yaml_cpp_vendor/lib:/opt/ros/galactic/opt/rviz_ogre_vendor/lib:/opt/ros/galactic/lib/x86_64-linux-gnu:/opt/ros/galactic/lib PYTHONPATH=/ROEG/roeg_ws/install/raptor_pdu_msgs/lib/python3.8/site-packages:/ROEG/roeg_ws/install/raptor_dbw_msgs/lib/python3.8/site-packages:/ROEG/roeg_ws/install/roeg/lib/python3.8/site-packages:/ROEG/roeg_ws/install/deep_orange_msgs/lib/python3.8/site-packages:/opt/ros/galactic/lib/python3.8/site-packages /usr/bin/cmake --install /ROEG/roeg_ws/build/raptor_dbw_can
[30.878s] -- Install configuration: ""
[30.878s] -- Installing: /ROEG/roeg_ws/install/raptor_dbw_can/include
[30.878s] -- Installing: /ROEG/roeg_ws/install/raptor_dbw_can/include/raptor_dbw_can
[30.878s] -- Installing: /ROEG/roeg_ws/install/raptor_dbw_can/include/raptor_dbw_can/dispatch.hpp
[30.878s] -- Installing: /ROEG/roeg_ws/install/raptor_dbw_can/include/raptor_dbw_can/raptor_dbw_can.hpp
[30.879s] -- Installing: /ROEG/roeg_ws/install/raptor_dbw_can/lib/raptor_dbw_can/raptor_dbw_can_node
[30.897s] -- Set runtime path of "/ROEG/roeg_ws/install/raptor_dbw_can/lib/raptor_dbw_can/raptor_dbw_can_node" to ""
[30.897s] -- Installing: /ROEG/roeg_ws/install/raptor_dbw_can/share/raptor_dbw_can/launch
[30.897s] -- Installing: /ROEG/roeg_ws/install/raptor_dbw_can/share/raptor_dbw_can/launch/launch_params.yaml
[30.897s] -- Installing: /ROEG/roeg_ws/install/raptor_dbw_can/share/raptor_dbw_can/launch/New_Eagle_DBW_3.4.dbc
[30.898s] -- Installing: /ROEG/roeg_ws/install/raptor_dbw_can/share/raptor_dbw_can/launch/raptor_dbw_can_launch.py
[30.898s] -- Installing: /ROEG/roeg_ws/install/raptor_dbw_can/share/ament_index/resource_index/package_run_dependencies/raptor_dbw_can
[30.898s] -- Installing: /ROEG/roeg_ws/install/raptor_dbw_can/share/ament_index/resource_index/parent_prefix_path/raptor_dbw_can
[30.899s] -- Installing: /ROEG/roeg_ws/install/raptor_dbw_can/share/raptor_dbw_can/environment/ament_prefix_path.sh
[30.899s] -- Installing: /ROEG/roeg_ws/install/raptor_dbw_can/share/raptor_dbw_can/environment/ament_prefix_path.dsv
[30.899s] -- Installing: /ROEG/roeg_ws/install/raptor_dbw_can/share/raptor_dbw_can/environment/path.sh
[30.899s] -- Installing: /ROEG/roeg_ws/install/raptor_dbw_can/share/raptor_dbw_can/environment/path.dsv
[30.899s] -- Installing: /ROEG/roeg_ws/install/raptor_dbw_can/share/raptor_dbw_can/local_setup.bash
[30.899s] -- Installing: /ROEG/roeg_ws/install/raptor_dbw_can/share/raptor_dbw_can/local_setup.sh
[30.900s] -- Installing: /ROEG/roeg_ws/install/raptor_dbw_can/share/raptor_dbw_can/local_setup.zsh
[30.900s] -- Installing: /ROEG/roeg_ws/install/raptor_dbw_can/share/raptor_dbw_can/local_setup.dsv
[30.900s] -- Installing: /ROEG/roeg_ws/install/raptor_dbw_can/share/raptor_dbw_can/package.dsv
[30.900s] -- Installing: /ROEG/roeg_ws/install/raptor_dbw_can/share/ament_index/resource_index/packages/raptor_dbw_can
[30.900s] -- Installing: /ROEG/roeg_ws/install/raptor_dbw_can/share/raptor_dbw_can/cmake/ament_cmake_export_dependencies-extras.cmake
[30.901s] -- Installing: /ROEG/roeg_ws/install/raptor_dbw_can/share/raptor_dbw_can/cmake/ament_cmake_export_include_directories-extras.cmake
[30.901s] -- Installing: /ROEG/roeg_ws/install/raptor_dbw_can/share/raptor_dbw_can/cmake/raptor_dbw_canConfig.cmake
[30.901s] -- Installing: /ROEG/roeg_ws/install/raptor_dbw_can/share/raptor_dbw_can/cmake/raptor_dbw_canConfig-version.cmake
[30.901s] -- Installing: /ROEG/roeg_ws/install/raptor_dbw_can/share/raptor_dbw_can/package.xml
[30.908s] Invoked command in '/ROEG/roeg_ws/build/raptor_dbw_can' returned '0': CMAKE_PREFIX_PATH=/ROEG/roeg_ws/install/raptor_pdu:/ROEG/roeg_ws/install/raptor_pdu_msgs:/ROEG/roeg_ws/install/raptor_dbw_msgs:/ROEG/roeg_ws/install/can_dbc_parser:/ROEG/roeg_ws/install/raptor_dbw_can:/ROEG/roeg_ws/install/raptor_dbw_joystick:/ROEG/roeg_ws/install/deep_orange_msgs:/ROEG/roeg_ws/install/roeg:/opt/ros/galactic LD_LIBRARY_PATH=/ROEG/roeg_ws/install/raptor_pdu_msgs/lib:/ROEG/roeg_ws/install/raptor_dbw_msgs/lib:/ROEG/roeg_ws/install/can_dbc_parser/lib:/ROEG/roeg_ws/install/deep_orange_msgs/lib:/opt/ros/galactic/opt/yaml_cpp_vendor/lib:/opt/ros/galactic/opt/rviz_ogre_vendor/lib:/opt/ros/galactic/lib/x86_64-linux-gnu:/opt/ros/galactic/lib PYTHONPATH=/ROEG/roeg_ws/install/raptor_pdu_msgs/lib/python3.8/site-packages:/ROEG/roeg_ws/install/raptor_dbw_msgs/lib/python3.8/site-packages:/ROEG/roeg_ws/install/roeg/lib/python3.8/site-packages:/ROEG/roeg_ws/install/deep_orange_msgs/lib/python3.8/site-packages:/opt/ros/galactic/lib/python3.8/site-packages /usr/bin/cmake --install /ROEG/roeg_ws/build/raptor_dbw_can
