[0.189s] DEBUG:colcon:Command line arguments: ['/usr/bin/colcon', 'build', '--packages-select', 'roeg']
[0.189s] DEBUG:colcon:Parsed command line arguments: Namespace(ament_cmake_args=None, base_paths=['.'], build_base='build', catkin_cmake_args=None, catkin_skip_building_tests=False, cmake_args=None, cmake_clean_cache=False, cmake_clean_first=False, cmake_force_configure=False, cmake_target=None, cmake_target_skip_unavailable=False, continue_on_error=False, event_handlers=None, executor='parallel', ignore_user_meta=False, install_base='install', log_base=None, log_level=None, main=<bound method BuildVerb.main of <colcon_core.verb.build.BuildVerb object at 0x7f12c0f812b0>>, merge_install=False, metas=['./colcon.meta'], mixin=None, mixin_files=None, mixin_verb=('build',), packages_above=None, packages_above_and_dependencies=None, packages_above_depth=None, packages_end=None, packages_ignore=None, packages_ignore_regex=None, packages_select=['roeg'], packages_select_build_failed=False, packages_select_by_dep=None, packages_select_regex=None, packages_select_test_failures=False, packages_skip=None, packages_skip_build_finished=False, packages_skip_by_dep=None, packages_skip_regex=None, packages_skip_test_passed=False, packages_skip_up_to=None, packages_start=None, packages_up_to=None, packages_up_to_regex=None, parallel_workers=16, paths=None, symlink_install=False, test_result_base=None, verb_extension=<colcon_core.verb.build.BuildVerb object at 0x7f12c0f812b0>, verb_name='build', verb_parser=<colcon_mixin.mixin.mixin_argument.MixinArgumentDecorator object at 0x7f12c0f81910>)
[0.218s] Level 1:colcon.colcon_core.package_discovery:discover_packages(colcon_meta) check parameters
[0.219s] INFO:colcon.colcon_metadata.package_discovery.colcon_meta:Using configuration from '/root/.colcon/metadata/default/Gazebo.meta'
[0.219s] INFO:colcon.colcon_metadata.package_discovery.colcon_meta:Using configuration from '/root/.colcon/metadata/default/fastdds.meta'
[0.219s] INFO:colcon.colcon_metadata.package_discovery.colcon_meta:Using configuration from '/root/.colcon/metadata/default/fastrtps.meta'
[0.219s] Level 1:colcon.colcon_core.package_discovery:discover_packages(recursive) check parameters
[0.220s] Level 1:colcon.colcon_core.package_discovery:discover_packages(ignore) check parameters
[0.220s] Level 1:colcon.colcon_core.package_discovery:discover_packages(path) check parameters
[0.220s] Level 1:colcon.colcon_core.package_discovery:discover_packages(colcon_meta) discover
[0.220s] Level 1:colcon.colcon_core.package_discovery:discover_packages(recursive) discover
[0.220s] INFO:colcon.colcon_core.package_discovery:Crawling recursively for packages in '/ROEG/roeg_ws/src/roeg'
[0.220s] Level 1:colcon.colcon_core.package_identification:_identify(.) by extensions ['ignore', 'ignore_ament_install']
[0.220s] Level 1:colcon.colcon_core.package_identification:_identify(.) by extension 'ignore'
[0.220s] Level 1:colcon.colcon_core.package_identification:_identify(.) by extension 'ignore_ament_install'
[0.220s] Level 1:colcon.colcon_core.package_identification:_identify(.) by extensions ['colcon_pkg']
[0.220s] Level 1:colcon.colcon_core.package_identification:_identify(.) by extension 'colcon_pkg'
[0.220s] Level 1:colcon.colcon_core.package_identification:_identify(.) by extensions ['colcon_meta']
[0.220s] Level 1:colcon.colcon_core.package_identification:_identify(.) by extension 'colcon_meta'
[0.220s] Level 1:colcon.colcon_core.package_identification:_identify(.) by extensions ['ros']
[0.220s] Level 1:colcon.colcon_core.package_identification:_identify(.) by extension 'ros'
[0.231s] DEBUG:colcon.colcon_core.package_identification:Package '.' with type 'ros.ament_python' and name 'roeg'
[0.231s] Level 1:colcon.colcon_core.package_discovery:discover_packages(recursive) using defaults
[0.231s] Level 1:colcon.colcon_core.package_discovery:discover_packages(ignore) discover
[0.231s] Level 1:colcon.colcon_core.package_discovery:discover_packages(ignore) using defaults
[0.231s] Level 1:colcon.colcon_core.package_discovery:discover_packages(path) discover
[0.231s] Level 1:colcon.colcon_core.package_discovery:discover_packages(path) using defaults
[0.262s] Level 5:colcon.colcon_core.verb:set package 'roeg' build argument 'cmake_args' from command line to 'None'
[0.262s] Level 5:colcon.colcon_core.verb:set package 'roeg' build argument 'cmake_target' from command line to 'None'
[0.262s] Level 5:colcon.colcon_core.verb:set package 'roeg' build argument 'cmake_target_skip_unavailable' from command line to 'False'
[0.262s] Level 5:colcon.colcon_core.verb:set package 'roeg' build argument 'cmake_clean_cache' from command line to 'False'
[0.262s] Level 5:colcon.colcon_core.verb:set package 'roeg' build argument 'cmake_clean_first' from command line to 'False'
[0.262s] Level 5:colcon.colcon_core.verb:set package 'roeg' build argument 'cmake_force_configure' from command line to 'False'
[0.262s] Level 5:colcon.colcon_core.verb:set package 'roeg' build argument 'ament_cmake_args' from command line to 'None'
[0.262s] Level 5:colcon.colcon_core.verb:set package 'roeg' build argument 'catkin_cmake_args' from command line to 'None'
[0.262s] Level 5:colcon.colcon_core.verb:set package 'roeg' build argument 'catkin_skip_building_tests' from command line to 'False'
[0.262s] DEBUG:colcon.colcon_core.verb:Building package 'roeg' with the following arguments: {'ament_cmake_args': None, 'build_base': '/ROEG/roeg_ws/src/roeg/build/roeg', 'catkin_cmake_args': None, 'catkin_skip_building_tests': False, 'cmake_args': None, 'cmake_clean_cache': False, 'cmake_clean_first': False, 'cmake_force_configure': False, 'cmake_target': None, 'cmake_target_skip_unavailable': False, 'install_base': '/ROEG/roeg_ws/src/roeg/install/roeg', 'merge_install': False, 'path': '/ROEG/roeg_ws/src/roeg', 'symlink_install': False, 'test_result_base': None}
[0.262s] INFO:colcon.colcon_core.executor:Executing jobs using 'parallel' executor
[0.265s] DEBUG:colcon.colcon_parallel_executor.executor.parallel:run_until_complete
[0.265s] INFO:colcon.colcon_ros.task.ament_python.build:Building ROS package in '/ROEG/roeg_ws/src/roeg' with build type 'ament_python'
[0.265s] Level 1:colcon.colcon_core.shell:create_environment_hook('roeg', 'ament_prefix_path')
[0.271s] INFO:colcon.colcon_core.plugin_system:Skipping extension 'colcon_core.shell.bat': Not used on non-Windows systems
[0.271s] INFO:colcon.colcon_core.shell:Creating environment hook '/ROEG/roeg_ws/src/roeg/install/roeg/share/roeg/hook/ament_prefix_path.ps1'
[0.271s] INFO:colcon.colcon_core.shell:Creating environment descriptor '/ROEG/roeg_ws/src/roeg/install/roeg/share/roeg/hook/ament_prefix_path.dsv'
[0.272s] INFO:colcon.colcon_core.shell:Creating environment hook '/ROEG/roeg_ws/src/roeg/install/roeg/share/roeg/hook/ament_prefix_path.sh'
[0.273s] INFO:colcon.colcon_core.shell:Skip shell extension 'powershell' for command environment: Not usable outside of PowerShell
[0.273s] DEBUG:colcon.colcon_core.shell:Skip shell extension 'dsv' for command environment
[0.488s] INFO:colcon.colcon_core.task.python.build:Building Python package in '/ROEG/roeg_ws/src/roeg'
[0.494s] INFO:colcon.colcon_core.shell:Skip shell extension 'powershell' for command environment: Not usable outside of PowerShell
[0.494s] DEBUG:colcon.colcon_core.shell:Skip shell extension 'dsv' for command environment
[0.921s] DEBUG:colcon.colcon_core.event_handler.log_command:Invoking command in '/ROEG/roeg_ws/src/roeg': PYTHONPATH=/ROEG/roeg_ws/src/roeg/build/roeg/prefix_override:/ROEG/roeg_ws/src/roeg/install/roeg/lib/python3.8/site-packages:${PYTHONPATH} /usr/bin/python3 setup.py egg_info --egg-base build/roeg build --build-base /ROEG/roeg_ws/src/roeg/build/roeg/build install --record /ROEG/roeg_ws/src/roeg/build/roeg/install.log --single-version-externally-managed
[1.180s] DEBUG:colcon.colcon_core.event_handler.log_command:Invoked command in '/ROEG/roeg_ws/src/roeg' returned '0': PYTHONPATH=/ROEG/roeg_ws/src/roeg/build/roeg/prefix_override:/ROEG/roeg_ws/src/roeg/install/roeg/lib/python3.8/site-packages:${PYTHONPATH} /usr/bin/python3 setup.py egg_info --egg-base build/roeg build --build-base /ROEG/roeg_ws/src/roeg/build/roeg/build install --record /ROEG/roeg_ws/src/roeg/build/roeg/install.log --single-version-externally-managed
[1.191s] Level 1:colcon.colcon_core.environment:checking '/ROEG/roeg_ws/src/roeg/install/roeg' for CMake module files
[1.192s] Level 1:colcon.colcon_core.environment:checking '/ROEG/roeg_ws/src/roeg/install/roeg' for CMake config files
[1.193s] Level 1:colcon.colcon_core.environment:checking '/ROEG/roeg_ws/src/roeg/install/roeg/lib'
[1.193s] Level 1:colcon.colcon_core.environment:checking '/ROEG/roeg_ws/src/roeg/install/roeg/bin'
[1.193s] Level 1:colcon.colcon_core.environment:checking '/ROEG/roeg_ws/src/roeg/install/roeg/lib/pkgconfig/roeg.pc'
[1.193s] Level 1:colcon.colcon_core.environment:checking '/ROEG/roeg_ws/src/roeg/install/roeg/lib/python3.8/site-packages'
[1.193s] Level 1:colcon.colcon_core.shell:create_environment_hook('roeg', 'pythonpath')
[1.195s] INFO:colcon.colcon_core.shell:Creating environment hook '/ROEG/roeg_ws/src/roeg/install/roeg/share/roeg/hook/pythonpath.ps1'
[1.195s] INFO:colcon.colcon_core.shell:Creating environment descriptor '/ROEG/roeg_ws/src/roeg/install/roeg/share/roeg/hook/pythonpath.dsv'
[1.195s] INFO:colcon.colcon_core.shell:Creating environment hook '/ROEG/roeg_ws/src/roeg/install/roeg/share/roeg/hook/pythonpath.sh'
[1.196s] Level 1:colcon.colcon_core.environment:checking '/ROEG/roeg_ws/src/roeg/install/roeg/bin'
[1.196s] Level 1:colcon.colcon_core.environment:create_environment_scripts_only(roeg)
[1.196s] INFO:colcon.colcon_core.shell:Creating package script '/ROEG/roeg_ws/src/roeg/install/roeg/share/roeg/package.ps1'
[1.197s] INFO:colcon.colcon_core.shell:Creating package descriptor '/ROEG/roeg_ws/src/roeg/install/roeg/share/roeg/package.dsv'
[1.198s] INFO:colcon.colcon_core.shell:Creating package script '/ROEG/roeg_ws/src/roeg/install/roeg/share/roeg/package.sh'
[1.199s] INFO:colcon.colcon_core.shell:Creating package script '/ROEG/roeg_ws/src/roeg/install/roeg/share/roeg/package.bash'
[1.199s] INFO:colcon.colcon_core.shell:Creating package script '/ROEG/roeg_ws/src/roeg/install/roeg/share/roeg/package.zsh'
[1.200s] Level 1:colcon.colcon_core.environment:create_file_with_runtime_dependencies(/ROEG/roeg_ws/src/roeg/install/roeg/share/colcon-core/packages/roeg)
[1.200s] DEBUG:colcon.colcon_parallel_executor.executor.parallel:closing loop
[1.201s] DEBUG:colcon.colcon_parallel_executor.executor.parallel:loop closed
[1.201s] DEBUG:colcon.colcon_parallel_executor.executor.parallel:run_until_complete finished with '0'
[1.201s] DEBUG:colcon.colcon_core.event_reactor:joining thread
[1.223s] INFO:colcon.colcon_core.plugin_system:Skipping extension 'colcon_notification.desktop_notification.notify_send': Could not find 'notify-send'
[1.223s] INFO:colcon.colcon_core.plugin_system:Skipping extension 'colcon_notification.desktop_notification.terminal_notifier': Not used on non-Darwin systems
[1.223s] INFO:colcon.colcon_core.plugin_system:Skipping extension 'colcon_notification.desktop_notification.win32': Not used on non-Windows systems
[1.223s] INFO:colcon.colcon_notification.desktop_notification:Sending desktop notification using 'notify2'
[1.228s] DEBUG:colcon.colcon_notification.desktop_notification.notify2:Failed to initialize notify2: org.freedesktop.DBus.Error.Spawn.ExecFailed: /usr/bin/dbus-launch terminated abnormally without any error message
[1.229s] DEBUG:colcon.colcon_core.event_reactor:joined thread
[1.239s] INFO:colcon.colcon_core.shell:Creating prefix script '/ROEG/roeg_ws/src/roeg/install/local_setup.ps1'
[1.240s] INFO:colcon.colcon_core.shell:Creating prefix util module '/ROEG/roeg_ws/src/roeg/install/_local_setup_util_ps1.py'
[1.241s] INFO:colcon.colcon_core.shell:Creating prefix chain script '/ROEG/roeg_ws/src/roeg/install/setup.ps1'
[1.242s] INFO:colcon.colcon_core.shell:Creating prefix script '/ROEG/roeg_ws/src/roeg/install/local_setup.sh'
[1.243s] INFO:colcon.colcon_core.shell:Creating prefix util module '/ROEG/roeg_ws/src/roeg/install/_local_setup_util_sh.py'
[1.243s] INFO:colcon.colcon_core.shell:Creating prefix chain script '/ROEG/roeg_ws/src/roeg/install/setup.sh'
[1.244s] INFO:colcon.colcon_core.shell:Creating prefix script '/ROEG/roeg_ws/src/roeg/install/local_setup.bash'
[1.245s] INFO:colcon.colcon_core.shell:Creating prefix chain script '/ROEG/roeg_ws/src/roeg/install/setup.bash'
[1.245s] INFO:colcon.colcon_core.shell:Creating prefix script '/ROEG/roeg_ws/src/roeg/install/local_setup.zsh'
[1.246s] INFO:colcon.colcon_core.shell:Creating prefix chain script '/ROEG/roeg_ws/src/roeg/install/setup.zsh'
