/ROEG/roeg_ws/install/roeg/lib/python3.8/site-packages/roeg/racingline_generator.py
/ROEG/roeg_ws/install/roeg/lib/python3.8/site-packages/roeg/__init__.py
/ROEG/roeg_ws/install/roeg/lib/python3.8/site-packages/roeg/friction_reading.py
/ROEG/roeg_ws/install/roeg/lib/python3.8/site-packages/roeg/tire_model.py
/ROEG/roeg_ws/install/roeg/lib/python3.8/site-packages/roeg/TUM_code/friction_map_plot.py
/ROEG/roeg_ws/install/roeg/lib/python3.8/site-packages/roeg/TUM_code/friction_map_interface.py
/ROEG/roeg_ws/install/roeg/lib/python3.8/site-packages/roeg/TUM_code/plot_frictionmap_data.py
/ROEG/roeg_ws/install/roeg/lib/python3.8/site-packages/roeg/TUM_code/__init__.py
/ROEG/roeg_ws/install/roeg/lib/python3.8/site-packages/roeg/TUM_code/reftrack_functions.py
/ROEG/roeg_ws/install/roeg/lib/python3.8/site-packages/roeg/TUM_code/main_gen_frictionmap.py
/ROEG/roeg_ws/install/roeg/lib/python3.8/site-packages/roeg/__pycache__/racingline_generator.cpython-38.pyc
/ROEG/roeg_ws/install/roeg/lib/python3.8/site-packages/roeg/__pycache__/__init__.cpython-38.pyc
/ROEG/roeg_ws/install/roeg/lib/python3.8/site-packages/roeg/__pycache__/friction_reading.cpython-38.pyc
/ROEG/roeg_ws/install/roeg/lib/python3.8/site-packages/roeg/__pycache__/tire_model.cpython-38.pyc
/ROEG/roeg_ws/install/roeg/lib/python3.8/site-packages/roeg/TUM_code/__pycache__/friction_map_plot.cpython-38.pyc
/ROEG/roeg_ws/install/roeg/lib/python3.8/site-packages/roeg/TUM_code/__pycache__/friction_map_interface.cpython-38.pyc
/ROEG/roeg_ws/install/roeg/lib/python3.8/site-packages/roeg/TUM_code/__pycache__/plot_frictionmap_data.cpython-38.pyc
/ROEG/roeg_ws/install/roeg/lib/python3.8/site-packages/roeg/TUM_code/__pycache__/__init__.cpython-38.pyc
/ROEG/roeg_ws/install/roeg/lib/python3.8/site-packages/roeg/TUM_code/__pycache__/reftrack_functions.cpython-38.pyc
/ROEG/roeg_ws/install/roeg/lib/python3.8/site-packages/roeg/TUM_code/__pycache__/main_gen_frictionmap.cpython-38.pyc
/ROEG/roeg_ws/install/roeg/share/ament_index/resource_index/packages/roeg
/ROEG/roeg_ws/install/roeg/share/roeg/package.xml
/ROEG/roeg_ws/install/roeg/lib/python3.8/site-packages/roeg-0.0.0-py3.8.egg-info/SOURCES.txt
/ROEG/roeg_ws/install/roeg/lib/python3.8/site-packages/roeg-0.0.0-py3.8.egg-info/zip-safe
/ROEG/roeg_ws/install/roeg/lib/python3.8/site-packages/roeg-0.0.0-py3.8.egg-info/PKG-INFO
/ROEG/roeg_ws/install/roeg/lib/python3.8/site-packages/roeg-0.0.0-py3.8.egg-info/top_level.txt
/ROEG/roeg_ws/install/roeg/lib/python3.8/site-packages/roeg-0.0.0-py3.8.egg-info/requires.txt
/ROEG/roeg_ws/install/roeg/lib/python3.8/site-packages/roeg-0.0.0-py3.8.egg-info/dependency_links.txt
/ROEG/roeg_ws/install/roeg/lib/python3.8/site-packages/roeg-0.0.0-py3.8.egg-info/entry_points.txt
/ROEG/roeg_ws/install/roeg/lib/roeg/get_friction_map
