-- The C compiler identification is GNU 9.4.0
-- The CXX compiler identification is GNU 9.4.0
-- Check for working C compiler: /usr/bin/cc
-- Check for working C compiler: /usr/bin/cc -- works
-- Detecting C compiler ABI info
-- Detecting C compiler ABI info - done
-- Detecting C compile features
-- Detecting C compile features - done
-- Check for working CXX compiler: /usr/bin/c++
-- Check for working CXX compiler: /usr/bin/c++ -- works
-- Detecting CXX compiler ABI info
-- Detecting CXX compiler ABI info - done
-- Detecting CXX compile features
-- Detecting CXX compile features - done
-- Found ament_cmake: 1.1.6 (/opt/ros/galactic/share/ament_cmake/cmake)
-- Found PythonInterp: /usr/bin/python3 (found suitable version "3.8.10", minimum required is "3") 
-- Using PYTHON_EXECUTABLE: /usr/bin/python3
-- Found std_msgs: 2.2.4 (/opt/ros/galactic/share/std_msgs/cmake)
-- Using all available rosidl_typesupport_c: rosidl_typesupport_fastrtps_c;rosidl_typesupport_introspection_c
-- Found rosidl_adapter: 2.2.3 (/opt/ros/galactic/share/rosidl_adapter/cmake)
-- Found OpenSSL: /usr/lib/x86_64-linux-gnu/libcrypto.so (found version "1.1.1f")  
-- Found FastRTPS: /opt/ros/galactic/include  
-- Using all available rosidl_typesupport_cpp: rosidl_typesupport_fastrtps_cpp;rosidl_typesupport_introspection_cpp
-- Found rosidl_default_generators: 1.1.1 (/opt/ros/galactic/share/rosidl_default_generators/cmake)
-- Found PythonInterp: /usr/bin/python3 (found version "3.8.10") 
-- Found ament_cmake_ros: 0.9.2 (/opt/ros/galactic/share/ament_cmake_ros/cmake)
-- Using all available rosidl_typesupport_c: rosidl_typesupport_fastrtps_c;rosidl_typesupport_introspection_c
-- Using all available rosidl_typesupport_cpp: rosidl_typesupport_fastrtps_cpp;rosidl_typesupport_introspection_cpp
-- Found PythonInterp: /usr/bin/python3 (found suitable version "3.8.10", minimum required is "3.5") 
-- Found python_cmake_module: 0.8.1 (/opt/ros/galactic/share/python_cmake_module/cmake)
-- Found PythonLibs: /usr/lib/x86_64-linux-gnu/libpython3.8.so (found suitable version "3.8.10", minimum required is "3.5") 
-- Using PYTHON_EXECUTABLE: /usr/bin/python3
-- Using PYTHON_INCLUDE_DIRS: /usr/include/python3.8
-- Using PYTHON_LIBRARIES: /usr/lib/x86_64-linux-gnu/libpython3.8.so
-- Found PythonExtra: .so  
-- Using numpy include directory: /usr/local/lib/python3.8/dist-packages/numpy/core/include
-- Configuring done
-- Generating done
-- Build files have been written to: /ROEG/roeg_ws/build/raptor_pdu_msgs
[  1%] [34m[1mGenerating C code for ROS interfaces[0m
[35m[1mScanning dependencies of target raptor_pdu_msgs__cpp[0m
[  2%] [34m[1mGenerating C++ code for ROS interfaces[0m
[  2%] Built target raptor_pdu_msgs__cpp
[  4%] [34m[1mGenerating C++ type support for eProsima Fast-RTPS[0m
[  5%] [34m[1mGenerating C++ type support dispatch for ROS interfaces[0m
[  7%] [34m[1mGenerating C++ introspection for ROS interfaces[0m
[35m[1mScanning dependencies of target raptor_pdu_msgs__rosidl_generator_c[0m
[ 11%] [32mBuilding C object CMakeFiles/raptor_pdu_msgs__rosidl_generator_c.dir/rosidl_generator_c/raptor_pdu_msgs/msg/detail/relay_command__functions.c.o[0m
[ 11%] [32mBuilding C object CMakeFiles/raptor_pdu_msgs__rosidl_generator_c.dir/rosidl_generator_c/raptor_pdu_msgs/msg/detail/relay_state__functions.c.o[0m
[ 11%] [32mBuilding C object CMakeFiles/raptor_pdu_msgs__rosidl_generator_c.dir/rosidl_generator_c/raptor_pdu_msgs/msg/detail/relay_report__functions.c.o[0m
[ 14%] [32mBuilding C object CMakeFiles/raptor_pdu_msgs__rosidl_generator_c.dir/rosidl_generator_c/raptor_pdu_msgs/msg/detail/fuse_report__functions.c.o[0m
[ 14%] [32mBuilding C object CMakeFiles/raptor_pdu_msgs__rosidl_generator_c.dir/rosidl_generator_c/raptor_pdu_msgs/msg/detail/fuse_status__functions.c.o[0m
[ 15%] [32mBuilding C object CMakeFiles/raptor_pdu_msgs__rosidl_generator_c.dir/rosidl_generator_c/raptor_pdu_msgs/msg/detail/relay_status__functions.c.o[0m
[ 16%] [32m[1mLinking C shared library libraptor_pdu_msgs__rosidl_generator_c.so[0m
[ 16%] Built target raptor_pdu_msgs__rosidl_generator_c
[ 18%] [34m[1mGenerating C type support dispatch for ROS interfaces[0m
[ 19%] [34m[1mGenerating C introspection for ROS interfaces[0m
[35m[1mScanning dependencies of target raptor_pdu_msgs__rosidl_typesupport_introspection_cpp[0m
[ 25%] [32mBuilding CXX object CMakeFiles/raptor_pdu_msgs__rosidl_typesupport_introspection_cpp.dir/rosidl_typesupport_introspection_cpp/raptor_pdu_msgs/msg/detail/relay_command__type_support.cpp.o[0m
[ 25%] [32mBuilding CXX object CMakeFiles/raptor_pdu_msgs__rosidl_typesupport_introspection_cpp.dir/rosidl_typesupport_introspection_cpp/raptor_pdu_msgs/msg/detail/fuse_status__type_support.cpp.o[0m
[ 25%] [32mBuilding CXX object CMakeFiles/raptor_pdu_msgs__rosidl_typesupport_introspection_cpp.dir/rosidl_typesupport_introspection_cpp/raptor_pdu_msgs/msg/detail/relay_state__type_support.cpp.o[0m
[ 25%] [32mBuilding CXX object CMakeFiles/raptor_pdu_msgs__rosidl_typesupport_introspection_cpp.dir/rosidl_typesupport_introspection_cpp/raptor_pdu_msgs/msg/detail/fuse_report__type_support.cpp.o[0m
[ 26%] [32mBuilding CXX object CMakeFiles/raptor_pdu_msgs__rosidl_typesupport_introspection_cpp.dir/rosidl_typesupport_introspection_cpp/raptor_pdu_msgs/msg/detail/relay_report__type_support.cpp.o[0m
[ 28%] [32mBuilding CXX object CMakeFiles/raptor_pdu_msgs__rosidl_typesupport_introspection_cpp.dir/rosidl_typesupport_introspection_cpp/raptor_pdu_msgs/msg/detail/relay_status__type_support.cpp.o[0m
[35m[1mScanning dependencies of target raptor_pdu_msgs__rosidl_typesupport_cpp[0m
[ 29%] [32mBuilding CXX object CMakeFiles/raptor_pdu_msgs__rosidl_typesupport_cpp.dir/rosidl_typesupport_cpp/raptor_pdu_msgs/msg/relay_state__type_support.cpp.o[0m
[ 30%] [32mBuilding CXX object CMakeFiles/raptor_pdu_msgs__rosidl_typesupport_cpp.dir/rosidl_typesupport_cpp/raptor_pdu_msgs/msg/fuse_status__type_support.cpp.o[0m
[ 32%] [32mBuilding CXX object CMakeFiles/raptor_pdu_msgs__rosidl_typesupport_cpp.dir/rosidl_typesupport_cpp/raptor_pdu_msgs/msg/fuse_report__type_support.cpp.o[0m
[ 33%] [32mBuilding CXX object CMakeFiles/raptor_pdu_msgs__rosidl_typesupport_cpp.dir/rosidl_typesupport_cpp/raptor_pdu_msgs/msg/relay_command__type_support.cpp.o[0m
[ 35%] [32mBuilding CXX object CMakeFiles/raptor_pdu_msgs__rosidl_typesupport_cpp.dir/rosidl_typesupport_cpp/raptor_pdu_msgs/msg/relay_status__type_support.cpp.o[0m
[35m[1mScanning dependencies of target raptor_pdu_msgs__rosidl_typesupport_c[0m
[ 36%] [32mBuilding CXX object CMakeFiles/raptor_pdu_msgs__rosidl_typesupport_cpp.dir/rosidl_typesupport_cpp/raptor_pdu_msgs/msg/relay_report__type_support.cpp.o[0m
[ 38%] [32mBuilding CXX object CMakeFiles/raptor_pdu_msgs__rosidl_typesupport_c.dir/rosidl_typesupport_c/raptor_pdu_msgs/msg/fuse_report__type_support.cpp.o[0m
[ 39%] [32mBuilding CXX object CMakeFiles/raptor_pdu_msgs__rosidl_typesupport_c.dir/rosidl_typesupport_c/raptor_pdu_msgs/msg/fuse_status__type_support.cpp.o[0m
[35m[1mScanning dependencies of target raptor_pdu_msgs__rosidl_typesupport_fastrtps_cpp[0m
[ 40%] [32mBuilding CXX object CMakeFiles/raptor_pdu_msgs__rosidl_typesupport_c.dir/rosidl_typesupport_c/raptor_pdu_msgs/msg/relay_command__type_support.cpp.o[0m
[ 42%] [32mBuilding CXX object CMakeFiles/raptor_pdu_msgs__rosidl_typesupport_c.dir/rosidl_typesupport_c/raptor_pdu_msgs/msg/relay_state__type_support.cpp.o[0m
[ 43%] [32mBuilding CXX object CMakeFiles/raptor_pdu_msgs__rosidl_typesupport_c.dir/rosidl_typesupport_c/raptor_pdu_msgs/msg/relay_report__type_support.cpp.o[0m
[ 45%] [32mBuilding CXX object CMakeFiles/raptor_pdu_msgs__rosidl_typesupport_c.dir/rosidl_typesupport_c/raptor_pdu_msgs/msg/relay_status__type_support.cpp.o[0m
[ 46%] [32mBuilding CXX object CMakeFiles/raptor_pdu_msgs__rosidl_typesupport_fastrtps_cpp.dir/rosidl_typesupport_fastrtps_cpp/raptor_pdu_msgs/msg/detail/dds_fastrtps/fuse_report__type_support.cpp.o[0m
[ 47%] [32mBuilding CXX object CMakeFiles/raptor_pdu_msgs__rosidl_typesupport_fastrtps_cpp.dir/rosidl_typesupport_fastrtps_cpp/raptor_pdu_msgs/msg/detail/dds_fastrtps/fuse_status__type_support.cpp.o[0m
[ 49%] [32mBuilding CXX object CMakeFiles/raptor_pdu_msgs__rosidl_typesupport_fastrtps_cpp.dir/rosidl_typesupport_fastrtps_cpp/raptor_pdu_msgs/msg/detail/dds_fastrtps/relay_command__type_support.cpp.o[0m
[ 50%] [32mBuilding CXX object CMakeFiles/raptor_pdu_msgs__rosidl_typesupport_fastrtps_cpp.dir/rosidl_typesupport_fastrtps_cpp/raptor_pdu_msgs/msg/detail/dds_fastrtps/relay_report__type_support.cpp.o[0m
[ 52%] [32mBuilding CXX object CMakeFiles/raptor_pdu_msgs__rosidl_typesupport_fastrtps_cpp.dir/rosidl_typesupport_fastrtps_cpp/raptor_pdu_msgs/msg/detail/dds_fastrtps/relay_state__type_support.cpp.o[0m
[ 53%] [32mBuilding CXX object CMakeFiles/raptor_pdu_msgs__rosidl_typesupport_fastrtps_cpp.dir/rosidl_typesupport_fastrtps_cpp/raptor_pdu_msgs/msg/detail/dds_fastrtps/relay_status__type_support.cpp.o[0m
[35m[1mScanning dependencies of target raptor_pdu_msgs__rosidl_typesupport_introspection_c[0m
[ 54%] [32m[1mLinking CXX shared library libraptor_pdu_msgs__rosidl_typesupport_c.so[0m
[ 56%] [32mBuilding C object CMakeFiles/raptor_pdu_msgs__rosidl_typesupport_introspection_c.dir/rosidl_typesupport_introspection_c/raptor_pdu_msgs/msg/detail/fuse_status__type_support.c.o[0m
[ 57%] [32mBuilding C object CMakeFiles/raptor_pdu_msgs__rosidl_typesupport_introspection_c.dir/rosidl_typesupport_introspection_c/raptor_pdu_msgs/msg/detail/fuse_report__type_support.c.o[0m
[ 59%] [32m[1mLinking CXX shared library libraptor_pdu_msgs__rosidl_typesupport_introspection_cpp.so[0m
[ 60%] [32mBuilding C object CMakeFiles/raptor_pdu_msgs__rosidl_typesupport_introspection_c.dir/rosidl_typesupport_introspection_c/raptor_pdu_msgs/msg/detail/relay_command__type_support.c.o[0m
[ 61%] [32mBuilding C object CMakeFiles/raptor_pdu_msgs__rosidl_typesupport_introspection_c.dir/rosidl_typesupport_introspection_c/raptor_pdu_msgs/msg/detail/relay_state__type_support.c.o[0m
[ 63%] [32mBuilding C object CMakeFiles/raptor_pdu_msgs__rosidl_typesupport_introspection_c.dir/rosidl_typesupport_introspection_c/raptor_pdu_msgs/msg/detail/relay_report__type_support.c.o[0m
[ 63%] Built target raptor_pdu_msgs__rosidl_typesupport_c
[ 64%] [32m[1mLinking CXX shared library libraptor_pdu_msgs__rosidl_typesupport_cpp.so[0m
[ 66%] [32mBuilding C object CMakeFiles/raptor_pdu_msgs__rosidl_typesupport_introspection_c.dir/rosidl_typesupport_introspection_c/raptor_pdu_msgs/msg/detail/relay_status__type_support.c.o[0m
[ 66%] Built target raptor_pdu_msgs__rosidl_typesupport_introspection_cpp
[ 67%] [32m[1mLinking C shared library libraptor_pdu_msgs__rosidl_typesupport_introspection_c.so[0m
[ 67%] Built target raptor_pdu_msgs__rosidl_typesupport_cpp
[ 67%] Built target raptor_pdu_msgs__rosidl_typesupport_introspection_c
[ 69%] [32m[1mLinking CXX shared library libraptor_pdu_msgs__rosidl_typesupport_fastrtps_cpp.so[0m
[ 69%] Built target raptor_pdu_msgs__rosidl_typesupport_fastrtps_cpp
[ 70%] [34m[1mGenerating C type support for eProsima Fast-RTPS[0m
[35m[1mScanning dependencies of target raptor_pdu_msgs__rosidl_typesupport_fastrtps_c[0m
[ 71%] [32mBuilding CXX object CMakeFiles/raptor_pdu_msgs__rosidl_typesupport_fastrtps_c.dir/rosidl_typesupport_fastrtps_c/raptor_pdu_msgs/msg/detail/fuse_report__type_support_c.cpp.o[0m
[ 73%] [32mBuilding CXX object CMakeFiles/raptor_pdu_msgs__rosidl_typesupport_fastrtps_c.dir/rosidl_typesupport_fastrtps_c/raptor_pdu_msgs/msg/detail/relay_state__type_support_c.cpp.o[0m
[ 74%] [32mBuilding CXX object CMakeFiles/raptor_pdu_msgs__rosidl_typesupport_fastrtps_c.dir/rosidl_typesupport_fastrtps_c/raptor_pdu_msgs/msg/detail/fuse_status__type_support_c.cpp.o[0m
[ 76%] [32mBuilding CXX object CMakeFiles/raptor_pdu_msgs__rosidl_typesupport_fastrtps_c.dir/rosidl_typesupport_fastrtps_c/raptor_pdu_msgs/msg/detail/relay_command__type_support_c.cpp.o[0m
[ 77%] [32mBuilding CXX object CMakeFiles/raptor_pdu_msgs__rosidl_typesupport_fastrtps_c.dir/rosidl_typesupport_fastrtps_c/raptor_pdu_msgs/msg/detail/relay_report__type_support_c.cpp.o[0m
[ 78%] [32mBuilding CXX object CMakeFiles/raptor_pdu_msgs__rosidl_typesupport_fastrtps_c.dir/rosidl_typesupport_fastrtps_c/raptor_pdu_msgs/msg/detail/relay_status__type_support_c.cpp.o[0m
[ 80%] [32m[1mLinking CXX shared library libraptor_pdu_msgs__rosidl_typesupport_fastrtps_c.so[0m
[ 80%] Built target raptor_pdu_msgs__rosidl_typesupport_fastrtps_c
[35m[1mScanning dependencies of target raptor_pdu_msgs[0m
[ 80%] Built target raptor_pdu_msgs
[35m[1mScanning dependencies of target raptor_pdu_msgs__py[0m
[ 81%] [34m[1mGenerating Python code for ROS interfaces[0m
[ 81%] Built target raptor_pdu_msgs__py
[35m[1mScanning dependencies of target raptor_pdu_msgs__python[0m
[ 85%] [32mBuilding C object CMakeFiles/raptor_pdu_msgs__python.dir/rosidl_generator_py/raptor_pdu_msgs/msg/_relay_command_s.c.o[0m
[ 85%] [32mBuilding C object CMakeFiles/raptor_pdu_msgs__python.dir/rosidl_generator_py/raptor_pdu_msgs/msg/_fuse_status_s.c.o[0m
[ 85%] [32mBuilding C object CMakeFiles/raptor_pdu_msgs__python.dir/rosidl_generator_py/raptor_pdu_msgs/msg/_fuse_report_s.c.o[0m
[ 88%] [32mBuilding C object CMakeFiles/raptor_pdu_msgs__python.dir/rosidl_generator_py/raptor_pdu_msgs/msg/_relay_state_s.c.o[0m
[ 90%] [32mBuilding C object CMakeFiles/raptor_pdu_msgs__python.dir/rosidl_generator_py/raptor_pdu_msgs/msg/_relay_report_s.c.o[0m
[ 90%] [32mBuilding C object CMakeFiles/raptor_pdu_msgs__python.dir/rosidl_generator_py/raptor_pdu_msgs/msg/_relay_status_s.c.o[0m
[ 91%] [32m[1mLinking C shared library rosidl_generator_py/raptor_pdu_msgs/libraptor_pdu_msgs__python.so[0m
[ 91%] Built target raptor_pdu_msgs__python
[35m[1mScanning dependencies of target raptor_pdu_msgs__rosidl_typesupport_fastrtps_c__pyext[0m
[35m[1mScanning dependencies of target raptor_pdu_msgs__rosidl_typesupport_introspection_c__pyext[0m
[35m[1mScanning dependencies of target raptor_pdu_msgs__rosidl_typesupport_c__pyext[0m
[ 92%] [32mBuilding C object CMakeFiles/raptor_pdu_msgs__rosidl_typesupport_introspection_c__pyext.dir/rosidl_generator_py/raptor_pdu_msgs/_raptor_pdu_msgs_s.ep.rosidl_typesupport_introspection_c.c.o[0m
[ 94%] [32mBuilding C object CMakeFiles/raptor_pdu_msgs__rosidl_typesupport_fastrtps_c__pyext.dir/rosidl_generator_py/raptor_pdu_msgs/_raptor_pdu_msgs_s.ep.rosidl_typesupport_fastrtps_c.c.o[0m
[ 95%] [32mBuilding C object CMakeFiles/raptor_pdu_msgs__rosidl_typesupport_c__pyext.dir/rosidl_generator_py/raptor_pdu_msgs/_raptor_pdu_msgs_s.ep.rosidl_typesupport_c.c.o[0m
[ 97%] [32m[1mLinking C shared library rosidl_generator_py/raptor_pdu_msgs/raptor_pdu_msgs_s__rosidl_typesupport_introspection_c.cpython-38-x86_64-linux-gnu.so[0m
[ 98%] [32m[1mLinking C shared library rosidl_generator_py/raptor_pdu_msgs/raptor_pdu_msgs_s__rosidl_typesupport_c.cpython-38-x86_64-linux-gnu.so[0m
[ 98%] Built target raptor_pdu_msgs__rosidl_typesupport_introspection_c__pyext
[100%] [32m[1mLinking CXX shared library rosidl_generator_py/raptor_pdu_msgs/raptor_pdu_msgs_s__rosidl_typesupport_fastrtps_c.cpython-38-x86_64-linux-gnu.so[0m
[100%] Built target raptor_pdu_msgs__rosidl_typesupport_c__pyext
[100%] Built target raptor_pdu_msgs__rosidl_typesupport_fastrtps_c__pyext
-- Install configuration: ""
-- Installing: /ROEG/roeg_ws/install/raptor_pdu_msgs/share/ament_index/resource_index/rosidl_interfaces/raptor_pdu_msgs
-- Installing: /ROEG/roeg_ws/install/raptor_pdu_msgs/include/raptor_pdu_msgs
-- Installing: /ROEG/roeg_ws/install/raptor_pdu_msgs/include/raptor_pdu_msgs/msg
-- Installing: /ROEG/roeg_ws/install/raptor_pdu_msgs/include/raptor_pdu_msgs/msg/relay_state.h
-- Installing: /ROEG/roeg_ws/install/raptor_pdu_msgs/include/raptor_pdu_msgs/msg/relay_status.h
-- Installing: /ROEG/roeg_ws/install/raptor_pdu_msgs/include/raptor_pdu_msgs/msg/fuse_status.h
-- Installing: /ROEG/roeg_ws/install/raptor_pdu_msgs/include/raptor_pdu_msgs/msg/rosidl_generator_c__visibility_control.h
-- Installing: /ROEG/roeg_ws/install/raptor_pdu_msgs/include/raptor_pdu_msgs/msg/relay_command.h
-- Installing: /ROEG/roeg_ws/install/raptor_pdu_msgs/include/raptor_pdu_msgs/msg/relay_report.h
-- Installing: /ROEG/roeg_ws/install/raptor_pdu_msgs/include/raptor_pdu_msgs/msg/detail
-- Installing: /ROEG/roeg_ws/install/raptor_pdu_msgs/include/raptor_pdu_msgs/msg/detail/relay_command__functions.c
-- Installing: /ROEG/roeg_ws/install/raptor_pdu_msgs/include/raptor_pdu_msgs/msg/detail/relay_command__struct.h
-- Installing: /ROEG/roeg_ws/install/raptor_pdu_msgs/include/raptor_pdu_msgs/msg/detail/fuse_status__struct.h
-- Installing: /ROEG/roeg_ws/install/raptor_pdu_msgs/include/raptor_pdu_msgs/msg/detail/relay_status__functions.c
-- Installing: /ROEG/roeg_ws/install/raptor_pdu_msgs/include/raptor_pdu_msgs/msg/detail/fuse_status__type_support.h
-- Installing: /ROEG/roeg_ws/install/raptor_pdu_msgs/include/raptor_pdu_msgs/msg/detail/relay_report__functions.c
-- Installing: /ROEG/roeg_ws/install/raptor_pdu_msgs/include/raptor_pdu_msgs/msg/detail/fuse_report__functions.c
-- Installing: /ROEG/roeg_ws/install/raptor_pdu_msgs/include/raptor_pdu_msgs/msg/detail/relay_status__type_support.h
-- Installing: /ROEG/roeg_ws/install/raptor_pdu_msgs/include/raptor_pdu_msgs/msg/detail/relay_command__functions.h
-- Installing: /ROEG/roeg_ws/install/raptor_pdu_msgs/include/raptor_pdu_msgs/msg/detail/fuse_report__type_support.h
-- Installing: /ROEG/roeg_ws/install/raptor_pdu_msgs/include/raptor_pdu_msgs/msg/detail/relay_status__functions.h
-- Installing: /ROEG/roeg_ws/install/raptor_pdu_msgs/include/raptor_pdu_msgs/msg/detail/fuse_report__functions.h
-- Installing: /ROEG/roeg_ws/install/raptor_pdu_msgs/include/raptor_pdu_msgs/msg/detail/relay_report__functions.h
-- Installing: /ROEG/roeg_ws/install/raptor_pdu_msgs/include/raptor_pdu_msgs/msg/detail/relay_state__type_support.h
-- Installing: /ROEG/roeg_ws/install/raptor_pdu_msgs/include/raptor_pdu_msgs/msg/detail/relay_report__type_support.h
-- Installing: /ROEG/roeg_ws/install/raptor_pdu_msgs/include/raptor_pdu_msgs/msg/detail/fuse_status__functions.h
-- Installing: /ROEG/roeg_ws/install/raptor_pdu_msgs/include/raptor_pdu_msgs/msg/detail/relay_state__struct.h
-- Installing: /ROEG/roeg_ws/install/raptor_pdu_msgs/include/raptor_pdu_msgs/msg/detail/relay_state__functions.h
-- Installing: /ROEG/roeg_ws/install/raptor_pdu_msgs/include/raptor_pdu_msgs/msg/detail/fuse_status__functions.c
-- Installing: /ROEG/roeg_ws/install/raptor_pdu_msgs/include/raptor_pdu_msgs/msg/detail/fuse_report__struct.h
-- Installing: /ROEG/roeg_ws/install/raptor_pdu_msgs/include/raptor_pdu_msgs/msg/detail/relay_command__type_support.h
-- Installing: /ROEG/roeg_ws/install/raptor_pdu_msgs/include/raptor_pdu_msgs/msg/detail/relay_status__struct.h
-- Installing: /ROEG/roeg_ws/install/raptor_pdu_msgs/include/raptor_pdu_msgs/msg/detail/relay_state__functions.c
-- Installing: /ROEG/roeg_ws/install/raptor_pdu_msgs/include/raptor_pdu_msgs/msg/detail/relay_report__struct.h
-- Installing: /ROEG/roeg_ws/install/raptor_pdu_msgs/include/raptor_pdu_msgs/msg/fuse_report.h
-- Installing: /ROEG/roeg_ws/install/raptor_pdu_msgs/share/raptor_pdu_msgs/environment/library_path.sh
-- Installing: /ROEG/roeg_ws/install/raptor_pdu_msgs/share/raptor_pdu_msgs/environment/library_path.dsv
-- Installing: /ROEG/roeg_ws/install/raptor_pdu_msgs/lib/libraptor_pdu_msgs__rosidl_generator_c.so
-- Set runtime path of "/ROEG/roeg_ws/install/raptor_pdu_msgs/lib/libraptor_pdu_msgs__rosidl_generator_c.so" to ""
-- Up-to-date: /ROEG/roeg_ws/install/raptor_pdu_msgs/include/raptor_pdu_msgs
-- Up-to-date: /ROEG/roeg_ws/install/raptor_pdu_msgs/include/raptor_pdu_msgs/msg
-- Up-to-date: /ROEG/roeg_ws/install/raptor_pdu_msgs/include/raptor_pdu_msgs/msg/detail
-- Installing: /ROEG/roeg_ws/install/raptor_pdu_msgs/include/raptor_pdu_msgs/msg/detail/relay_report__rosidl_typesupport_fastrtps_c.h
-- Installing: /ROEG/roeg_ws/install/raptor_pdu_msgs/include/raptor_pdu_msgs/msg/detail/fuse_report__rosidl_typesupport_fastrtps_c.h
-- Installing: /ROEG/roeg_ws/install/raptor_pdu_msgs/include/raptor_pdu_msgs/msg/detail/relay_state__rosidl_typesupport_fastrtps_c.h
-- Installing: /ROEG/roeg_ws/install/raptor_pdu_msgs/include/raptor_pdu_msgs/msg/detail/fuse_status__rosidl_typesupport_fastrtps_c.h
-- Installing: /ROEG/roeg_ws/install/raptor_pdu_msgs/include/raptor_pdu_msgs/msg/detail/relay_status__rosidl_typesupport_fastrtps_c.h
-- Installing: /ROEG/roeg_ws/install/raptor_pdu_msgs/include/raptor_pdu_msgs/msg/detail/relay_command__rosidl_typesupport_fastrtps_c.h
-- Installing: /ROEG/roeg_ws/install/raptor_pdu_msgs/include/raptor_pdu_msgs/msg/rosidl_typesupport_fastrtps_c__visibility_control.h
-- Installing: /ROEG/roeg_ws/install/raptor_pdu_msgs/lib/libraptor_pdu_msgs__rosidl_typesupport_fastrtps_c.so
-- Set runtime path of "/ROEG/roeg_ws/install/raptor_pdu_msgs/lib/libraptor_pdu_msgs__rosidl_typesupport_fastrtps_c.so" to ""
-- Up-to-date: /ROEG/roeg_ws/install/raptor_pdu_msgs/include/raptor_pdu_msgs
-- Up-to-date: /ROEG/roeg_ws/install/raptor_pdu_msgs/include/raptor_pdu_msgs/msg
-- Installing: /ROEG/roeg_ws/install/raptor_pdu_msgs/include/raptor_pdu_msgs/msg/rosidl_typesupport_fastrtps_cpp__visibility_control.h
-- Up-to-date: /ROEG/roeg_ws/install/raptor_pdu_msgs/include/raptor_pdu_msgs/msg/detail
-- Installing: /ROEG/roeg_ws/install/raptor_pdu_msgs/include/raptor_pdu_msgs/msg/detail/fuse_report__rosidl_typesupport_fastrtps_cpp.hpp
-- Installing: /ROEG/roeg_ws/install/raptor_pdu_msgs/include/raptor_pdu_msgs/msg/detail/relay_report__rosidl_typesupport_fastrtps_cpp.hpp
-- Installing: /ROEG/roeg_ws/install/raptor_pdu_msgs/include/raptor_pdu_msgs/msg/detail/relay_state__rosidl_typesupport_fastrtps_cpp.hpp
-- Installing: /ROEG/roeg_ws/install/raptor_pdu_msgs/include/raptor_pdu_msgs/msg/detail/fuse_status__rosidl_typesupport_fastrtps_cpp.hpp
-- Installing: /ROEG/roeg_ws/install/raptor_pdu_msgs/include/raptor_pdu_msgs/msg/detail/relay_command__rosidl_typesupport_fastrtps_cpp.hpp
-- Installing: /ROEG/roeg_ws/install/raptor_pdu_msgs/include/raptor_pdu_msgs/msg/detail/dds_fastrtps
-- Installing: /ROEG/roeg_ws/install/raptor_pdu_msgs/include/raptor_pdu_msgs/msg/detail/relay_status__rosidl_typesupport_fastrtps_cpp.hpp
-- Installing: /ROEG/roeg_ws/install/raptor_pdu_msgs/lib/libraptor_pdu_msgs__rosidl_typesupport_fastrtps_cpp.so
-- Set runtime path of "/ROEG/roeg_ws/install/raptor_pdu_msgs/lib/libraptor_pdu_msgs__rosidl_typesupport_fastrtps_cpp.so" to ""
-- Up-to-date: /ROEG/roeg_ws/install/raptor_pdu_msgs/include/raptor_pdu_msgs
-- Up-to-date: /ROEG/roeg_ws/install/raptor_pdu_msgs/include/raptor_pdu_msgs/msg
-- Installing: /ROEG/roeg_ws/install/raptor_pdu_msgs/include/raptor_pdu_msgs/msg/rosidl_typesupport_introspection_c__visibility_control.h
-- Up-to-date: /ROEG/roeg_ws/install/raptor_pdu_msgs/include/raptor_pdu_msgs/msg/detail
-- Installing: /ROEG/roeg_ws/install/raptor_pdu_msgs/include/raptor_pdu_msgs/msg/detail/fuse_status__rosidl_typesupport_introspection_c.h
-- Installing: /ROEG/roeg_ws/install/raptor_pdu_msgs/include/raptor_pdu_msgs/msg/detail/fuse_report__rosidl_typesupport_introspection_c.h
-- Installing: /ROEG/roeg_ws/install/raptor_pdu_msgs/include/raptor_pdu_msgs/msg/detail/relay_status__type_support.c
-- Installing: /ROEG/roeg_ws/install/raptor_pdu_msgs/include/raptor_pdu_msgs/msg/detail/relay_command__rosidl_typesupport_introspection_c.h
-- Installing: /ROEG/roeg_ws/install/raptor_pdu_msgs/include/raptor_pdu_msgs/msg/detail/relay_report__rosidl_typesupport_introspection_c.h
-- Installing: /ROEG/roeg_ws/install/raptor_pdu_msgs/include/raptor_pdu_msgs/msg/detail/relay_status__rosidl_typesupport_introspection_c.h
-- Installing: /ROEG/roeg_ws/install/raptor_pdu_msgs/include/raptor_pdu_msgs/msg/detail/fuse_report__type_support.c
-- Installing: /ROEG/roeg_ws/install/raptor_pdu_msgs/include/raptor_pdu_msgs/msg/detail/relay_report__type_support.c
-- Installing: /ROEG/roeg_ws/install/raptor_pdu_msgs/include/raptor_pdu_msgs/msg/detail/relay_state__rosidl_typesupport_introspection_c.h
-- Installing: /ROEG/roeg_ws/install/raptor_pdu_msgs/include/raptor_pdu_msgs/msg/detail/relay_command__type_support.c
-- Installing: /ROEG/roeg_ws/install/raptor_pdu_msgs/include/raptor_pdu_msgs/msg/detail/relay_state__type_support.c
-- Installing: /ROEG/roeg_ws/install/raptor_pdu_msgs/include/raptor_pdu_msgs/msg/detail/fuse_status__type_support.c
-- Installing: /ROEG/roeg_ws/install/raptor_pdu_msgs/lib/libraptor_pdu_msgs__rosidl_typesupport_introspection_c.so
-- Set runtime path of "/ROEG/roeg_ws/install/raptor_pdu_msgs/lib/libraptor_pdu_msgs__rosidl_typesupport_introspection_c.so" to ""
-- Installing: /ROEG/roeg_ws/install/raptor_pdu_msgs/lib/libraptor_pdu_msgs__rosidl_typesupport_c.so
-- Set runtime path of "/ROEG/roeg_ws/install/raptor_pdu_msgs/lib/libraptor_pdu_msgs__rosidl_typesupport_c.so" to ""
-- Up-to-date: /ROEG/roeg_ws/install/raptor_pdu_msgs/include/raptor_pdu_msgs
-- Up-to-date: /ROEG/roeg_ws/install/raptor_pdu_msgs/include/raptor_pdu_msgs/msg
-- Installing: /ROEG/roeg_ws/install/raptor_pdu_msgs/include/raptor_pdu_msgs/msg/relay_status.hpp
-- Installing: /ROEG/roeg_ws/install/raptor_pdu_msgs/include/raptor_pdu_msgs/msg/relay_report.hpp
-- Installing: /ROEG/roeg_ws/install/raptor_pdu_msgs/include/raptor_pdu_msgs/msg/fuse_status.hpp
-- Installing: /ROEG/roeg_ws/install/raptor_pdu_msgs/include/raptor_pdu_msgs/msg/relay_command.hpp
-- Installing: /ROEG/roeg_ws/install/raptor_pdu_msgs/include/raptor_pdu_msgs/msg/relay_state.hpp
-- Up-to-date: /ROEG/roeg_ws/install/raptor_pdu_msgs/include/raptor_pdu_msgs/msg/detail
-- Installing: /ROEG/roeg_ws/install/raptor_pdu_msgs/include/raptor_pdu_msgs/msg/detail/fuse_report__traits.hpp
-- Installing: /ROEG/roeg_ws/install/raptor_pdu_msgs/include/raptor_pdu_msgs/msg/detail/relay_status__struct.hpp
-- Installing: /ROEG/roeg_ws/install/raptor_pdu_msgs/include/raptor_pdu_msgs/msg/detail/relay_report__struct.hpp
-- Installing: /ROEG/roeg_ws/install/raptor_pdu_msgs/include/raptor_pdu_msgs/msg/detail/relay_status__builder.hpp
-- Installing: /ROEG/roeg_ws/install/raptor_pdu_msgs/include/raptor_pdu_msgs/msg/detail/relay_report__traits.hpp
-- Installing: /ROEG/roeg_ws/install/raptor_pdu_msgs/include/raptor_pdu_msgs/msg/detail/relay_state__struct.hpp
-- Installing: /ROEG/roeg_ws/install/raptor_pdu_msgs/include/raptor_pdu_msgs/msg/detail/fuse_status__struct.hpp
-- Installing: /ROEG/roeg_ws/install/raptor_pdu_msgs/include/raptor_pdu_msgs/msg/detail/relay_command__struct.hpp
-- Installing: /ROEG/roeg_ws/install/raptor_pdu_msgs/include/raptor_pdu_msgs/msg/detail/relay_report__builder.hpp
-- Installing: /ROEG/roeg_ws/install/raptor_pdu_msgs/include/raptor_pdu_msgs/msg/detail/relay_status__traits.hpp
-- Installing: /ROEG/roeg_ws/install/raptor_pdu_msgs/include/raptor_pdu_msgs/msg/detail/relay_state__builder.hpp
-- Installing: /ROEG/roeg_ws/install/raptor_pdu_msgs/include/raptor_pdu_msgs/msg/detail/relay_command__builder.hpp
-- Installing: /ROEG/roeg_ws/install/raptor_pdu_msgs/include/raptor_pdu_msgs/msg/detail/fuse_status__traits.hpp
-- Installing: /ROEG/roeg_ws/install/raptor_pdu_msgs/include/raptor_pdu_msgs/msg/detail/fuse_status__builder.hpp
-- Installing: /ROEG/roeg_ws/install/raptor_pdu_msgs/include/raptor_pdu_msgs/msg/detail/fuse_report__builder.hpp
-- Installing: /ROEG/roeg_ws/install/raptor_pdu_msgs/include/raptor_pdu_msgs/msg/detail/relay_state__traits.hpp
-- Installing: /ROEG/roeg_ws/install/raptor_pdu_msgs/include/raptor_pdu_msgs/msg/detail/relay_command__traits.hpp
-- Installing: /ROEG/roeg_ws/install/raptor_pdu_msgs/include/raptor_pdu_msgs/msg/detail/fuse_report__struct.hpp
-- Installing: /ROEG/roeg_ws/install/raptor_pdu_msgs/include/raptor_pdu_msgs/msg/fuse_report.hpp
-- Up-to-date: /ROEG/roeg_ws/install/raptor_pdu_msgs/include/raptor_pdu_msgs
-- Up-to-date: /ROEG/roeg_ws/install/raptor_pdu_msgs/include/raptor_pdu_msgs/msg
-- Up-to-date: /ROEG/roeg_ws/install/raptor_pdu_msgs/include/raptor_pdu_msgs/msg/detail
-- Installing: /ROEG/roeg_ws/install/raptor_pdu_msgs/include/raptor_pdu_msgs/msg/detail/relay_command__type_support.cpp
-- Installing: /ROEG/roeg_ws/install/raptor_pdu_msgs/include/raptor_pdu_msgs/msg/detail/relay_status__type_support.cpp
-- Installing: /ROEG/roeg_ws/install/raptor_pdu_msgs/include/raptor_pdu_msgs/msg/detail/fuse_report__rosidl_typesupport_introspection_cpp.hpp
-- Installing: /ROEG/roeg_ws/install/raptor_pdu_msgs/include/raptor_pdu_msgs/msg/detail/relay_report__type_support.cpp
-- Installing: /ROEG/roeg_ws/install/raptor_pdu_msgs/include/raptor_pdu_msgs/msg/detail/fuse_status__rosidl_typesupport_introspection_cpp.hpp
-- Installing: /ROEG/roeg_ws/install/raptor_pdu_msgs/include/raptor_pdu_msgs/msg/detail/relay_status__rosidl_typesupport_introspection_cpp.hpp
-- Installing: /ROEG/roeg_ws/install/raptor_pdu_msgs/include/raptor_pdu_msgs/msg/detail/relay_report__rosidl_typesupport_introspection_cpp.hpp
-- Installing: /ROEG/roeg_ws/install/raptor_pdu_msgs/include/raptor_pdu_msgs/msg/detail/relay_state__type_support.cpp
-- Installing: /ROEG/roeg_ws/install/raptor_pdu_msgs/include/raptor_pdu_msgs/msg/detail/fuse_status__type_support.cpp
-- Installing: /ROEG/roeg_ws/install/raptor_pdu_msgs/include/raptor_pdu_msgs/msg/detail/relay_command__rosidl_typesupport_introspection_cpp.hpp
-- Installing: /ROEG/roeg_ws/install/raptor_pdu_msgs/include/raptor_pdu_msgs/msg/detail/relay_state__rosidl_typesupport_introspection_cpp.hpp
-- Installing: /ROEG/roeg_ws/install/raptor_pdu_msgs/include/raptor_pdu_msgs/msg/detail/fuse_report__type_support.cpp
-- Installing: /ROEG/roeg_ws/install/raptor_pdu_msgs/lib/libraptor_pdu_msgs__rosidl_typesupport_introspection_cpp.so
-- Set runtime path of "/ROEG/roeg_ws/install/raptor_pdu_msgs/lib/libraptor_pdu_msgs__rosidl_typesupport_introspection_cpp.so" to ""
-- Installing: /ROEG/roeg_ws/install/raptor_pdu_msgs/lib/libraptor_pdu_msgs__rosidl_typesupport_cpp.so
-- Set runtime path of "/ROEG/roeg_ws/install/raptor_pdu_msgs/lib/libraptor_pdu_msgs__rosidl_typesupport_cpp.so" to ""
-- Installing: /ROEG/roeg_ws/install/raptor_pdu_msgs/share/raptor_pdu_msgs/environment/pythonpath.sh
-- Installing: /ROEG/roeg_ws/install/raptor_pdu_msgs/share/raptor_pdu_msgs/environment/pythonpath.dsv
-- Installing: /ROEG/roeg_ws/install/raptor_pdu_msgs/lib/python3.8/site-packages/raptor_pdu_msgs/__init__.py
Compiling '/ROEG/roeg_ws/install/raptor_pdu_msgs/lib/python3.8/site-packages/raptor_pdu_msgs/__init__.py'...
-- Installing: /ROEG/roeg_ws/install/raptor_pdu_msgs/lib/python3.8/site-packages/raptor_pdu_msgs/msg
-- Installing: /ROEG/roeg_ws/install/raptor_pdu_msgs/lib/python3.8/site-packages/raptor_pdu_msgs/msg/_relay_status.py
-- Installing: /ROEG/roeg_ws/install/raptor_pdu_msgs/lib/python3.8/site-packages/raptor_pdu_msgs/msg/_relay_status_s.c
-- Installing: /ROEG/roeg_ws/install/raptor_pdu_msgs/lib/python3.8/site-packages/raptor_pdu_msgs/msg/_fuse_status.py
-- Installing: /ROEG/roeg_ws/install/raptor_pdu_msgs/lib/python3.8/site-packages/raptor_pdu_msgs/msg/_relay_report_s.c
-- Installing: /ROEG/roeg_ws/install/raptor_pdu_msgs/lib/python3.8/site-packages/raptor_pdu_msgs/msg/_fuse_report.py
-- Installing: /ROEG/roeg_ws/install/raptor_pdu_msgs/lib/python3.8/site-packages/raptor_pdu_msgs/msg/_fuse_status_s.c
-- Installing: /ROEG/roeg_ws/install/raptor_pdu_msgs/lib/python3.8/site-packages/raptor_pdu_msgs/msg/_relay_state_s.c
-- Installing: /ROEG/roeg_ws/install/raptor_pdu_msgs/lib/python3.8/site-packages/raptor_pdu_msgs/msg/__init__.py
-- Installing: /ROEG/roeg_ws/install/raptor_pdu_msgs/lib/python3.8/site-packages/raptor_pdu_msgs/msg/_relay_command.py
-- Installing: /ROEG/roeg_ws/install/raptor_pdu_msgs/lib/python3.8/site-packages/raptor_pdu_msgs/msg/_fuse_report_s.c
-- Installing: /ROEG/roeg_ws/install/raptor_pdu_msgs/lib/python3.8/site-packages/raptor_pdu_msgs/msg/_relay_command_s.c
-- Installing: /ROEG/roeg_ws/install/raptor_pdu_msgs/lib/python3.8/site-packages/raptor_pdu_msgs/msg/_relay_report.py
-- Installing: /ROEG/roeg_ws/install/raptor_pdu_msgs/lib/python3.8/site-packages/raptor_pdu_msgs/msg/_relay_state.py
-- Installing: /ROEG/roeg_ws/install/raptor_pdu_msgs/lib/python3.8/site-packages/raptor_pdu_msgs/raptor_pdu_msgs_s__rosidl_typesupport_fastrtps_c.cpython-38-x86_64-linux-gnu.so
-- Set runtime path of "/ROEG/roeg_ws/install/raptor_pdu_msgs/lib/python3.8/site-packages/raptor_pdu_msgs/raptor_pdu_msgs_s__rosidl_typesupport_fastrtps_c.cpython-38-x86_64-linux-gnu.so" to ""
-- Installing: /ROEG/roeg_ws/install/raptor_pdu_msgs/lib/python3.8/site-packages/raptor_pdu_msgs/raptor_pdu_msgs_s__rosidl_typesupport_introspection_c.cpython-38-x86_64-linux-gnu.so
-- Set runtime path of "/ROEG/roeg_ws/install/raptor_pdu_msgs/lib/python3.8/site-packages/raptor_pdu_msgs/raptor_pdu_msgs_s__rosidl_typesupport_introspection_c.cpython-38-x86_64-linux-gnu.so" to ""
-- Installing: /ROEG/roeg_ws/install/raptor_pdu_msgs/lib/python3.8/site-packages/raptor_pdu_msgs/raptor_pdu_msgs_s__rosidl_typesupport_c.cpython-38-x86_64-linux-gnu.so
-- Set runtime path of "/ROEG/roeg_ws/install/raptor_pdu_msgs/lib/python3.8/site-packages/raptor_pdu_msgs/raptor_pdu_msgs_s__rosidl_typesupport_c.cpython-38-x86_64-linux-gnu.so" to ""
-- Installing: /ROEG/roeg_ws/install/raptor_pdu_msgs/lib/libraptor_pdu_msgs__python.so
-- Set runtime path of "/ROEG/roeg_ws/install/raptor_pdu_msgs/lib/libraptor_pdu_msgs__python.so" to ""
-- Installing: /ROEG/roeg_ws/install/raptor_pdu_msgs/share/raptor_pdu_msgs/msg/FuseReport.idl
-- Installing: /ROEG/roeg_ws/install/raptor_pdu_msgs/share/raptor_pdu_msgs/msg/FuseStatus.idl
-- Installing: /ROEG/roeg_ws/install/raptor_pdu_msgs/share/raptor_pdu_msgs/msg/RelayCommand.idl
-- Installing: /ROEG/roeg_ws/install/raptor_pdu_msgs/share/raptor_pdu_msgs/msg/RelayState.idl
-- Installing: /ROEG/roeg_ws/install/raptor_pdu_msgs/share/raptor_pdu_msgs/msg/RelayReport.idl
-- Installing: /ROEG/roeg_ws/install/raptor_pdu_msgs/share/raptor_pdu_msgs/msg/RelayStatus.idl
-- Installing: /ROEG/roeg_ws/install/raptor_pdu_msgs/share/raptor_pdu_msgs/msg/FuseReport.msg
-- Installing: /ROEG/roeg_ws/install/raptor_pdu_msgs/share/raptor_pdu_msgs/msg/FuseStatus.msg
-- Installing: /ROEG/roeg_ws/install/raptor_pdu_msgs/share/raptor_pdu_msgs/msg/RelayCommand.msg
-- Installing: /ROEG/roeg_ws/install/raptor_pdu_msgs/share/raptor_pdu_msgs/msg/RelayState.msg
-- Installing: /ROEG/roeg_ws/install/raptor_pdu_msgs/share/raptor_pdu_msgs/msg/RelayReport.msg
-- Installing: /ROEG/roeg_ws/install/raptor_pdu_msgs/share/raptor_pdu_msgs/msg/RelayStatus.msg
-- Installing: /ROEG/roeg_ws/install/raptor_pdu_msgs/share/ament_index/resource_index/package_run_dependencies/raptor_pdu_msgs
-- Installing: /ROEG/roeg_ws/install/raptor_pdu_msgs/share/ament_index/resource_index/parent_prefix_path/raptor_pdu_msgs
-- Installing: /ROEG/roeg_ws/install/raptor_pdu_msgs/share/raptor_pdu_msgs/environment/ament_prefix_path.sh
-- Installing: /ROEG/roeg_ws/install/raptor_pdu_msgs/share/raptor_pdu_msgs/environment/ament_prefix_path.dsv
-- Installing: /ROEG/roeg_ws/install/raptor_pdu_msgs/share/raptor_pdu_msgs/environment/path.sh
-- Installing: /ROEG/roeg_ws/install/raptor_pdu_msgs/share/raptor_pdu_msgs/environment/path.dsv
-- Installing: /ROEG/roeg_ws/install/raptor_pdu_msgs/share/raptor_pdu_msgs/local_setup.bash
-- Installing: /ROEG/roeg_ws/install/raptor_pdu_msgs/share/raptor_pdu_msgs/local_setup.sh
-- Installing: /ROEG/roeg_ws/install/raptor_pdu_msgs/share/raptor_pdu_msgs/local_setup.zsh
-- Installing: /ROEG/roeg_ws/install/raptor_pdu_msgs/share/raptor_pdu_msgs/local_setup.dsv
-- Installing: /ROEG/roeg_ws/install/raptor_pdu_msgs/share/raptor_pdu_msgs/package.dsv
-- Installing: /ROEG/roeg_ws/install/raptor_pdu_msgs/share/ament_index/resource_index/packages/raptor_pdu_msgs
-- Installing: /ROEG/roeg_ws/install/raptor_pdu_msgs/share/raptor_pdu_msgs/cmake/raptor_pdu_msgs__rosidl_generator_cExport.cmake
-- Installing: /ROEG/roeg_ws/install/raptor_pdu_msgs/share/raptor_pdu_msgs/cmake/raptor_pdu_msgs__rosidl_generator_cExport-noconfig.cmake
-- Installing: /ROEG/roeg_ws/install/raptor_pdu_msgs/share/raptor_pdu_msgs/cmake/raptor_pdu_msgs__rosidl_typesupport_introspection_cExport.cmake
-- Installing: /ROEG/roeg_ws/install/raptor_pdu_msgs/share/raptor_pdu_msgs/cmake/raptor_pdu_msgs__rosidl_typesupport_introspection_cExport-noconfig.cmake
-- Installing: /ROEG/roeg_ws/install/raptor_pdu_msgs/share/raptor_pdu_msgs/cmake/raptor_pdu_msgs__rosidl_typesupport_cExport.cmake
-- Installing: /ROEG/roeg_ws/install/raptor_pdu_msgs/share/raptor_pdu_msgs/cmake/raptor_pdu_msgs__rosidl_typesupport_cExport-noconfig.cmake
-- Installing: /ROEG/roeg_ws/install/raptor_pdu_msgs/share/raptor_pdu_msgs/cmake/raptor_pdu_msgs__rosidl_generator_cppExport.cmake
-- Installing: /ROEG/roeg_ws/install/raptor_pdu_msgs/share/raptor_pdu_msgs/cmake/raptor_pdu_msgs__rosidl_typesupport_introspection_cppExport.cmake
-- Installing: /ROEG/roeg_ws/install/raptor_pdu_msgs/share/raptor_pdu_msgs/cmake/raptor_pdu_msgs__rosidl_typesupport_introspection_cppExport-noconfig.cmake
-- Installing: /ROEG/roeg_ws/install/raptor_pdu_msgs/share/raptor_pdu_msgs/cmake/raptor_pdu_msgs__rosidl_typesupport_cppExport.cmake
-- Installing: /ROEG/roeg_ws/install/raptor_pdu_msgs/share/raptor_pdu_msgs/cmake/raptor_pdu_msgs__rosidl_typesupport_cppExport-noconfig.cmake
-- Installing: /ROEG/roeg_ws/install/raptor_pdu_msgs/share/raptor_pdu_msgs/cmake/rosidl_cmake-extras.cmake
-- Installing: /ROEG/roeg_ws/install/raptor_pdu_msgs/share/raptor_pdu_msgs/cmake/ament_cmake_export_dependencies-extras.cmake
-- Installing: /ROEG/roeg_ws/install/raptor_pdu_msgs/share/raptor_pdu_msgs/cmake/ament_cmake_export_libraries-extras.cmake
-- Installing: /ROEG/roeg_ws/install/raptor_pdu_msgs/share/raptor_pdu_msgs/cmake/ament_cmake_export_targets-extras.cmake
-- Installing: /ROEG/roeg_ws/install/raptor_pdu_msgs/share/raptor_pdu_msgs/cmake/ament_cmake_export_include_directories-extras.cmake
-- Installing: /ROEG/roeg_ws/install/raptor_pdu_msgs/share/raptor_pdu_msgs/cmake/rosidl_cmake_export_typesupport_libraries-extras.cmake
-- Installing: /ROEG/roeg_ws/install/raptor_pdu_msgs/share/raptor_pdu_msgs/cmake/rosidl_cmake_export_typesupport_targets-extras.cmake
-- Installing: /ROEG/roeg_ws/install/raptor_pdu_msgs/share/raptor_pdu_msgs/cmake/raptor_pdu_msgsConfig.cmake
-- Installing: /ROEG/roeg_ws/install/raptor_pdu_msgs/share/raptor_pdu_msgs/cmake/raptor_pdu_msgsConfig-version.cmake
-- Installing: /ROEG/roeg_ws/install/raptor_pdu_msgs/share/raptor_pdu_msgs/package.xml
