[0.041s] Invoking command in '/ROEG/roeg_ws/build/raptor_pdu_msgs': CMAKE_PREFIX_PATH=${CMAKE_PREFIX_PATH}:/ROEG/roeg_ws/install/roeg:/opt/ros/galactic /usr/bin/cmake /ROEG/roeg_ws/src/raptor-dbw-ros2/raptor_pdu_msgs -DCMAKE_INSTALL_PREFIX=/ROEG/roeg_ws/install/raptor_pdu_msgs
[0.205s] -- The C compiler identification is GNU 9.4.0
[0.319s] -- The CXX compiler identification is GNU 9.4.0
[0.325s] -- Check for working C compiler: /usr/bin/cc
[0.408s] -- Check for working C compiler: /usr/bin/cc -- works
[0.408s] -- Detecting C compiler ABI info
[0.495s] -- Detecting C compiler ABI info - done
[0.507s] -- Detecting C compile features
[0.507s] -- Detecting C compile features - done
[0.510s] -- Check for working CXX compiler: /usr/bin/c++
[0.659s] -- Check for working CXX compiler: /usr/bin/c++ -- works
[0.660s] -- Detecting CXX compiler ABI info
[0.823s] -- Detecting CXX compiler ABI info - done
[0.836s] -- Detecting CXX compile features
[0.836s] -- Detecting CXX compile features - done
[0.841s] -- Found ament_cmake: 1.1.6 (/opt/ros/galactic/share/ament_cmake/cmake)
[0.875s] -- Found PythonInterp: /usr/bin/python3 (found suitable version "3.8.10", minimum required is "3") 
[0.875s] -- Using PYTHON_EXECUTABLE: /usr/bin/python3
[1.006s] -- Found std_msgs: 2.2.4 (/opt/ros/galactic/share/std_msgs/cmake)
[1.047s] -- Using all available rosidl_typesupport_c: rosidl_typesupport_fastrtps_c;rosidl_typesupport_introspection_c
[1.055s] -- Found rosidl_adapter: 2.2.3 (/opt/ros/galactic/share/rosidl_adapter/cmake)
[1.208s] -- Found OpenSSL: /usr/lib/x86_64-linux-gnu/libcrypto.so (found version "1.1.1f")  
[1.249s] -- Found FastRTPS: /opt/ros/galactic/include  
[1.356s] -- Using all available rosidl_typesupport_cpp: rosidl_typesupport_fastrtps_cpp;rosidl_typesupport_introspection_cpp
[1.403s] -- Found rosidl_default_generators: 1.1.1 (/opt/ros/galactic/share/rosidl_default_generators/cmake)
[1.452s] -- Found PythonInterp: /usr/bin/python3 (found version "3.8.10") 
[1.712s] -- Found ament_cmake_ros: 0.9.2 (/opt/ros/galactic/share/ament_cmake_ros/cmake)
[2.001s] -- Using all available rosidl_typesupport_c: rosidl_typesupport_fastrtps_c;rosidl_typesupport_introspection_c
[2.062s] -- Using all available rosidl_typesupport_cpp: rosidl_typesupport_fastrtps_cpp;rosidl_typesupport_introspection_cpp
[2.089s] -- Found PythonInterp: /usr/bin/python3 (found suitable version "3.8.10", minimum required is "3.5") 
[2.092s] -- Found python_cmake_module: 0.8.1 (/opt/ros/galactic/share/python_cmake_module/cmake)
[2.125s] -- Found PythonLibs: /usr/lib/x86_64-linux-gnu/libpython3.8.so (found suitable version "3.8.10", minimum required is "3.5") 
[2.125s] -- Using PYTHON_EXECUTABLE: /usr/bin/python3
[2.126s] -- Using PYTHON_INCLUDE_DIRS: /usr/include/python3.8
[2.126s] -- Using PYTHON_LIBRARIES: /usr/lib/x86_64-linux-gnu/libpython3.8.so
[2.146s] -- Found PythonExtra: .so  
[2.371s] -- Using numpy include directory: /usr/local/lib/python3.8/dist-packages/numpy/core/include
[2.399s] -- Configuring done
[2.459s] -- Generating done
[2.462s] -- Build files have been written to: /ROEG/roeg_ws/build/raptor_pdu_msgs
[2.469s] Invoked command in '/ROEG/roeg_ws/build/raptor_pdu_msgs' returned '0': CMAKE_PREFIX_PATH=${CMAKE_PREFIX_PATH}:/ROEG/roeg_ws/install/roeg:/opt/ros/galactic /usr/bin/cmake /ROEG/roeg_ws/src/raptor-dbw-ros2/raptor_pdu_msgs -DCMAKE_INSTALL_PREFIX=/ROEG/roeg_ws/install/raptor_pdu_msgs
[2.472s] Invoking command in '/ROEG/roeg_ws/build/raptor_pdu_msgs': CMAKE_PREFIX_PATH=${CMAKE_PREFIX_PATH}:/ROEG/roeg_ws/install/roeg:/opt/ros/galactic /usr/bin/cmake --build /ROEG/roeg_ws/build/raptor_pdu_msgs -- -j16 -l16
[2.535s] [  1%] [34m[1mGenerating C code for ROS interfaces[0m
[2.535s] [35m[1mScanning dependencies of target raptor_pdu_msgs__cpp[0m
[2.550s] [  2%] [34m[1mGenerating C++ code for ROS interfaces[0m
[3.177s] [  2%] Built target raptor_pdu_msgs__cpp
[3.193s] [  4%] [34m[1mGenerating C++ type support for eProsima Fast-RTPS[0m
[3.196s] [  5%] [34m[1mGenerating C++ type support dispatch for ROS interfaces[0m
[3.205s] [  7%] [34m[1mGenerating C++ introspection for ROS interfaces[0m
[3.249s] [35m[1mScanning dependencies of target raptor_pdu_msgs__rosidl_generator_c[0m
[3.273s] [ 11%] [32mBuilding C object CMakeFiles/raptor_pdu_msgs__rosidl_generator_c.dir/rosidl_generator_c/raptor_pdu_msgs/msg/detail/relay_command__functions.c.o[0m
[3.273s] [ 11%] [32mBuilding C object CMakeFiles/raptor_pdu_msgs__rosidl_generator_c.dir/rosidl_generator_c/raptor_pdu_msgs/msg/detail/relay_state__functions.c.o[0m
[3.273s] [ 11%] [32mBuilding C object CMakeFiles/raptor_pdu_msgs__rosidl_generator_c.dir/rosidl_generator_c/raptor_pdu_msgs/msg/detail/relay_report__functions.c.o[0m
[3.273s] [ 14%] [32mBuilding C object CMakeFiles/raptor_pdu_msgs__rosidl_generator_c.dir/rosidl_generator_c/raptor_pdu_msgs/msg/detail/fuse_report__functions.c.o[0m
[3.274s] [ 14%] [32mBuilding C object CMakeFiles/raptor_pdu_msgs__rosidl_generator_c.dir/rosidl_generator_c/raptor_pdu_msgs/msg/detail/fuse_status__functions.c.o[0m
[3.274s] [ 15%] [32mBuilding C object CMakeFiles/raptor_pdu_msgs__rosidl_generator_c.dir/rosidl_generator_c/raptor_pdu_msgs/msg/detail/relay_status__functions.c.o[0m
[3.354s] [ 16%] [32m[1mLinking C shared library libraptor_pdu_msgs__rosidl_generator_c.so[0m
[3.414s] [ 16%] Built target raptor_pdu_msgs__rosidl_generator_c
[3.432s] [ 18%] [34m[1mGenerating C type support dispatch for ROS interfaces[0m
[3.434s] [ 19%] [34m[1mGenerating C introspection for ROS interfaces[0m
[3.717s] [35m[1mScanning dependencies of target raptor_pdu_msgs__rosidl_typesupport_introspection_cpp[0m
[3.745s] [ 25%] [32mBuilding CXX object CMakeFiles/raptor_pdu_msgs__rosidl_typesupport_introspection_cpp.dir/rosidl_typesupport_introspection_cpp/raptor_pdu_msgs/msg/detail/relay_command__type_support.cpp.o[0m
[3.745s] [ 25%] [32mBuilding CXX object CMakeFiles/raptor_pdu_msgs__rosidl_typesupport_introspection_cpp.dir/rosidl_typesupport_introspection_cpp/raptor_pdu_msgs/msg/detail/fuse_status__type_support.cpp.o[0m
[3.745s] [ 25%] [32mBuilding CXX object CMakeFiles/raptor_pdu_msgs__rosidl_typesupport_introspection_cpp.dir/rosidl_typesupport_introspection_cpp/raptor_pdu_msgs/msg/detail/relay_state__type_support.cpp.o[0m
[3.745s] [ 25%] [32mBuilding CXX object CMakeFiles/raptor_pdu_msgs__rosidl_typesupport_introspection_cpp.dir/rosidl_typesupport_introspection_cpp/raptor_pdu_msgs/msg/detail/fuse_report__type_support.cpp.o[0m
[3.745s] [ 26%] [32mBuilding CXX object CMakeFiles/raptor_pdu_msgs__rosidl_typesupport_introspection_cpp.dir/rosidl_typesupport_introspection_cpp/raptor_pdu_msgs/msg/detail/relay_report__type_support.cpp.o[0m
[3.746s] [ 28%] [32mBuilding CXX object CMakeFiles/raptor_pdu_msgs__rosidl_typesupport_introspection_cpp.dir/rosidl_typesupport_introspection_cpp/raptor_pdu_msgs/msg/detail/relay_status__type_support.cpp.o[0m
[3.887s] [35m[1mScanning dependencies of target raptor_pdu_msgs__rosidl_typesupport_cpp[0m
[3.947s] [ 29%] [32mBuilding CXX object CMakeFiles/raptor_pdu_msgs__rosidl_typesupport_cpp.dir/rosidl_typesupport_cpp/raptor_pdu_msgs/msg/relay_state__type_support.cpp.o[0m
[3.948s] [ 30%] [32mBuilding CXX object CMakeFiles/raptor_pdu_msgs__rosidl_typesupport_cpp.dir/rosidl_typesupport_cpp/raptor_pdu_msgs/msg/fuse_status__type_support.cpp.o[0m
[3.949s] [ 32%] [32mBuilding CXX object CMakeFiles/raptor_pdu_msgs__rosidl_typesupport_cpp.dir/rosidl_typesupport_cpp/raptor_pdu_msgs/msg/fuse_report__type_support.cpp.o[0m
[3.951s] [ 33%] [32mBuilding CXX object CMakeFiles/raptor_pdu_msgs__rosidl_typesupport_cpp.dir/rosidl_typesupport_cpp/raptor_pdu_msgs/msg/relay_command__type_support.cpp.o[0m
[3.965s] [ 35%] [32mBuilding CXX object CMakeFiles/raptor_pdu_msgs__rosidl_typesupport_cpp.dir/rosidl_typesupport_cpp/raptor_pdu_msgs/msg/relay_status__type_support.cpp.o[0m
[3.966s] [35m[1mScanning dependencies of target raptor_pdu_msgs__rosidl_typesupport_c[0m
[3.971s] [ 36%] [32mBuilding CXX object CMakeFiles/raptor_pdu_msgs__rosidl_typesupport_cpp.dir/rosidl_typesupport_cpp/raptor_pdu_msgs/msg/relay_report__type_support.cpp.o[0m
[4.021s] [ 38%] [32mBuilding CXX object CMakeFiles/raptor_pdu_msgs__rosidl_typesupport_c.dir/rosidl_typesupport_c/raptor_pdu_msgs/msg/fuse_report__type_support.cpp.o[0m
[4.132s] [ 39%] [32mBuilding CXX object CMakeFiles/raptor_pdu_msgs__rosidl_typesupport_c.dir/rosidl_typesupport_c/raptor_pdu_msgs/msg/fuse_status__type_support.cpp.o[0m
[4.165s] [35m[1mScanning dependencies of target raptor_pdu_msgs__rosidl_typesupport_fastrtps_cpp[0m
[4.201s] [ 40%] [32mBuilding CXX object CMakeFiles/raptor_pdu_msgs__rosidl_typesupport_c.dir/rosidl_typesupport_c/raptor_pdu_msgs/msg/relay_command__type_support.cpp.o[0m
[4.237s] [ 42%] [32mBuilding CXX object CMakeFiles/raptor_pdu_msgs__rosidl_typesupport_c.dir/rosidl_typesupport_c/raptor_pdu_msgs/msg/relay_state__type_support.cpp.o[0m
[4.250s] [ 43%] [32mBuilding CXX object CMakeFiles/raptor_pdu_msgs__rosidl_typesupport_c.dir/rosidl_typesupport_c/raptor_pdu_msgs/msg/relay_report__type_support.cpp.o[0m
[4.262s] [ 45%] [32mBuilding CXX object CMakeFiles/raptor_pdu_msgs__rosidl_typesupport_c.dir/rosidl_typesupport_c/raptor_pdu_msgs/msg/relay_status__type_support.cpp.o[0m
[4.264s] [ 46%] [32mBuilding CXX object CMakeFiles/raptor_pdu_msgs__rosidl_typesupport_fastrtps_cpp.dir/rosidl_typesupport_fastrtps_cpp/raptor_pdu_msgs/msg/detail/dds_fastrtps/fuse_report__type_support.cpp.o[0m
[4.271s] [ 47%] [32mBuilding CXX object CMakeFiles/raptor_pdu_msgs__rosidl_typesupport_fastrtps_cpp.dir/rosidl_typesupport_fastrtps_cpp/raptor_pdu_msgs/msg/detail/dds_fastrtps/fuse_status__type_support.cpp.o[0m
[4.310s] [ 49%] [32mBuilding CXX object CMakeFiles/raptor_pdu_msgs__rosidl_typesupport_fastrtps_cpp.dir/rosidl_typesupport_fastrtps_cpp/raptor_pdu_msgs/msg/detail/dds_fastrtps/relay_command__type_support.cpp.o[0m
[4.340s] [ 50%] [32mBuilding CXX object CMakeFiles/raptor_pdu_msgs__rosidl_typesupport_fastrtps_cpp.dir/rosidl_typesupport_fastrtps_cpp/raptor_pdu_msgs/msg/detail/dds_fastrtps/relay_report__type_support.cpp.o[0m
[4.342s] [ 52%] [32mBuilding CXX object CMakeFiles/raptor_pdu_msgs__rosidl_typesupport_fastrtps_cpp.dir/rosidl_typesupport_fastrtps_cpp/raptor_pdu_msgs/msg/detail/dds_fastrtps/relay_state__type_support.cpp.o[0m
[4.358s] [ 53%] [32mBuilding CXX object CMakeFiles/raptor_pdu_msgs__rosidl_typesupport_fastrtps_cpp.dir/rosidl_typesupport_fastrtps_cpp/raptor_pdu_msgs/msg/detail/dds_fastrtps/relay_status__type_support.cpp.o[0m
[4.372s] [35m[1mScanning dependencies of target raptor_pdu_msgs__rosidl_typesupport_introspection_c[0m
[4.434s] [ 54%] [32m[1mLinking CXX shared library libraptor_pdu_msgs__rosidl_typesupport_c.so[0m
[4.451s] [ 56%] [32mBuilding C object CMakeFiles/raptor_pdu_msgs__rosidl_typesupport_introspection_c.dir/rosidl_typesupport_introspection_c/raptor_pdu_msgs/msg/detail/fuse_status__type_support.c.o[0m
[4.458s] [ 57%] [32mBuilding C object CMakeFiles/raptor_pdu_msgs__rosidl_typesupport_introspection_c.dir/rosidl_typesupport_introspection_c/raptor_pdu_msgs/msg/detail/fuse_report__type_support.c.o[0m
[4.458s] [ 59%] [32m[1mLinking CXX shared library libraptor_pdu_msgs__rosidl_typesupport_introspection_cpp.so[0m
[4.511s] [ 60%] [32mBuilding C object CMakeFiles/raptor_pdu_msgs__rosidl_typesupport_introspection_c.dir/rosidl_typesupport_introspection_c/raptor_pdu_msgs/msg/detail/relay_command__type_support.c.o[0m
[4.586s] [ 61%] [32mBuilding C object CMakeFiles/raptor_pdu_msgs__rosidl_typesupport_introspection_c.dir/rosidl_typesupport_introspection_c/raptor_pdu_msgs/msg/detail/relay_state__type_support.c.o[0m
[4.593s] [ 63%] [32mBuilding C object CMakeFiles/raptor_pdu_msgs__rosidl_typesupport_introspection_c.dir/rosidl_typesupport_introspection_c/raptor_pdu_msgs/msg/detail/relay_report__type_support.c.o[0m
[4.650s] [ 63%] Built target raptor_pdu_msgs__rosidl_typesupport_c
[4.664s] [ 64%] [32m[1mLinking CXX shared library libraptor_pdu_msgs__rosidl_typesupport_cpp.so[0m
[4.676s] [ 66%] [32mBuilding C object CMakeFiles/raptor_pdu_msgs__rosidl_typesupport_introspection_c.dir/rosidl_typesupport_introspection_c/raptor_pdu_msgs/msg/detail/relay_status__type_support.c.o[0m
[4.737s] [ 66%] Built target raptor_pdu_msgs__rosidl_typesupport_introspection_cpp
[4.743s] [ 67%] [32m[1mLinking C shared library libraptor_pdu_msgs__rosidl_typesupport_introspection_c.so[0m
[4.759s] [ 67%] Built target raptor_pdu_msgs__rosidl_typesupport_cpp
[4.828s] [ 67%] Built target raptor_pdu_msgs__rosidl_typesupport_introspection_c
[5.264s] [ 69%] [32m[1mLinking CXX shared library libraptor_pdu_msgs__rosidl_typesupport_fastrtps_cpp.so[0m
[5.384s] [ 69%] Built target raptor_pdu_msgs__rosidl_typesupport_fastrtps_cpp
[5.401s] [ 70%] [34m[1mGenerating C type support for eProsima Fast-RTPS[0m
[6.210s] [35m[1mScanning dependencies of target raptor_pdu_msgs__rosidl_typesupport_fastrtps_c[0m
[6.267s] [ 71%] [32mBuilding CXX object CMakeFiles/raptor_pdu_msgs__rosidl_typesupport_fastrtps_c.dir/rosidl_typesupport_fastrtps_c/raptor_pdu_msgs/msg/detail/fuse_report__type_support_c.cpp.o[0m
[6.283s] [ 73%] [32mBuilding CXX object CMakeFiles/raptor_pdu_msgs__rosidl_typesupport_fastrtps_c.dir/rosidl_typesupport_fastrtps_c/raptor_pdu_msgs/msg/detail/relay_state__type_support_c.cpp.o[0m
[6.288s] [ 74%] [32mBuilding CXX object CMakeFiles/raptor_pdu_msgs__rosidl_typesupport_fastrtps_c.dir/rosidl_typesupport_fastrtps_c/raptor_pdu_msgs/msg/detail/fuse_status__type_support_c.cpp.o[0m
[6.288s] [ 76%] [32mBuilding CXX object CMakeFiles/raptor_pdu_msgs__rosidl_typesupport_fastrtps_c.dir/rosidl_typesupport_fastrtps_c/raptor_pdu_msgs/msg/detail/relay_command__type_support_c.cpp.o[0m
[6.294s] [ 77%] [32mBuilding CXX object CMakeFiles/raptor_pdu_msgs__rosidl_typesupport_fastrtps_c.dir/rosidl_typesupport_fastrtps_c/raptor_pdu_msgs/msg/detail/relay_report__type_support_c.cpp.o[0m
[6.328s] [ 78%] [32mBuilding CXX object CMakeFiles/raptor_pdu_msgs__rosidl_typesupport_fastrtps_c.dir/rosidl_typesupport_fastrtps_c/raptor_pdu_msgs/msg/detail/relay_status__type_support_c.cpp.o[0m
[7.443s] [ 80%] [32m[1mLinking CXX shared library libraptor_pdu_msgs__rosidl_typesupport_fastrtps_c.so[0m
[7.862s] [ 80%] Built target raptor_pdu_msgs__rosidl_typesupport_fastrtps_c
[7.915s] [35m[1mScanning dependencies of target raptor_pdu_msgs[0m
[7.955s] [ 80%] Built target raptor_pdu_msgs
[7.996s] [35m[1mScanning dependencies of target raptor_pdu_msgs__py[0m
[8.054s] [ 81%] [34m[1mGenerating Python code for ROS interfaces[0m
[9.943s] [ 81%] Built target raptor_pdu_msgs__py
[9.955s] [35m[1mScanning dependencies of target raptor_pdu_msgs__python[0m
[10.004s] [ 85%] [32mBuilding C object CMakeFiles/raptor_pdu_msgs__python.dir/rosidl_generator_py/raptor_pdu_msgs/msg/_relay_command_s.c.o[0m
[10.004s] [ 85%] [32mBuilding C object CMakeFiles/raptor_pdu_msgs__python.dir/rosidl_generator_py/raptor_pdu_msgs/msg/_fuse_status_s.c.o[0m
[10.005s] [ 85%] [32mBuilding C object CMakeFiles/raptor_pdu_msgs__python.dir/rosidl_generator_py/raptor_pdu_msgs/msg/_fuse_report_s.c.o[0m
[10.005s] [ 88%] [32mBuilding C object CMakeFiles/raptor_pdu_msgs__python.dir/rosidl_generator_py/raptor_pdu_msgs/msg/_relay_state_s.c.o[0m
[10.006s] [ 90%] [32mBuilding C object CMakeFiles/raptor_pdu_msgs__python.dir/rosidl_generator_py/raptor_pdu_msgs/msg/_relay_report_s.c.o[0m
[10.006s] [ 90%] [32mBuilding C object CMakeFiles/raptor_pdu_msgs__python.dir/rosidl_generator_py/raptor_pdu_msgs/msg/_relay_status_s.c.o[0m
[10.181s] [ 91%] [32m[1mLinking C shared library rosidl_generator_py/raptor_pdu_msgs/libraptor_pdu_msgs__python.so[0m
[10.244s] [ 91%] Built target raptor_pdu_msgs__python
[10.258s] [35m[1mScanning dependencies of target raptor_pdu_msgs__rosidl_typesupport_fastrtps_c__pyext[0m
[10.258s] [35m[1mScanning dependencies of target raptor_pdu_msgs__rosidl_typesupport_introspection_c__pyext[0m
[10.260s] [35m[1mScanning dependencies of target raptor_pdu_msgs__rosidl_typesupport_c__pyext[0m
[10.285s] [ 92%] [32mBuilding C object CMakeFiles/raptor_pdu_msgs__rosidl_typesupport_introspection_c__pyext.dir/rosidl_generator_py/raptor_pdu_msgs/_raptor_pdu_msgs_s.ep.rosidl_typesupport_introspection_c.c.o[0m
[10.292s] [ 94%] [32mBuilding C object CMakeFiles/raptor_pdu_msgs__rosidl_typesupport_fastrtps_c__pyext.dir/rosidl_generator_py/raptor_pdu_msgs/_raptor_pdu_msgs_s.ep.rosidl_typesupport_fastrtps_c.c.o[0m
[10.294s] [ 95%] [32mBuilding C object CMakeFiles/raptor_pdu_msgs__rosidl_typesupport_c__pyext.dir/rosidl_generator_py/raptor_pdu_msgs/_raptor_pdu_msgs_s.ep.rosidl_typesupport_c.c.o[0m
[10.405s] [ 97%] [32m[1mLinking C shared library rosidl_generator_py/raptor_pdu_msgs/raptor_pdu_msgs_s__rosidl_typesupport_introspection_c.cpython-38-x86_64-linux-gnu.so[0m
[10.451s] [ 98%] [32m[1mLinking C shared library rosidl_generator_py/raptor_pdu_msgs/raptor_pdu_msgs_s__rosidl_typesupport_c.cpython-38-x86_64-linux-gnu.so[0m
[10.462s] [ 98%] Built target raptor_pdu_msgs__rosidl_typesupport_introspection_c__pyext
[10.464s] [100%] [32m[1mLinking CXX shared library rosidl_generator_py/raptor_pdu_msgs/raptor_pdu_msgs_s__rosidl_typesupport_fastrtps_c.cpython-38-x86_64-linux-gnu.so[0m
[10.514s] [100%] Built target raptor_pdu_msgs__rosidl_typesupport_c__pyext
[10.552s] [100%] Built target raptor_pdu_msgs__rosidl_typesupport_fastrtps_c__pyext
[10.569s] Invoked command in '/ROEG/roeg_ws/build/raptor_pdu_msgs' returned '0': CMAKE_PREFIX_PATH=${CMAKE_PREFIX_PATH}:/ROEG/roeg_ws/install/roeg:/opt/ros/galactic /usr/bin/cmake --build /ROEG/roeg_ws/build/raptor_pdu_msgs -- -j16 -l16
[10.745s] Invoking command in '/ROEG/roeg_ws/build/raptor_pdu_msgs': CMAKE_PREFIX_PATH=${CMAKE_PREFIX_PATH}:/ROEG/roeg_ws/install/roeg:/opt/ros/galactic /usr/bin/cmake --install /ROEG/roeg_ws/build/raptor_pdu_msgs
[10.757s] -- Install configuration: ""
[10.757s] -- Installing: /ROEG/roeg_ws/install/raptor_pdu_msgs/share/ament_index/resource_index/rosidl_interfaces/raptor_pdu_msgs
[10.757s] -- Installing: /ROEG/roeg_ws/install/raptor_pdu_msgs/include/raptor_pdu_msgs
[10.757s] -- Installing: /ROEG/roeg_ws/install/raptor_pdu_msgs/include/raptor_pdu_msgs/msg
[10.758s] -- Installing: /ROEG/roeg_ws/install/raptor_pdu_msgs/include/raptor_pdu_msgs/msg/relay_state.h
[10.758s] -- Installing: /ROEG/roeg_ws/install/raptor_pdu_msgs/include/raptor_pdu_msgs/msg/relay_status.h
[10.758s] -- Installing: /ROEG/roeg_ws/install/raptor_pdu_msgs/include/raptor_pdu_msgs/msg/fuse_status.h
[10.758s] -- Installing: /ROEG/roeg_ws/install/raptor_pdu_msgs/include/raptor_pdu_msgs/msg/rosidl_generator_c__visibility_control.h
[10.759s] -- Installing: /ROEG/roeg_ws/install/raptor_pdu_msgs/include/raptor_pdu_msgs/msg/relay_command.h
[10.759s] -- Installing: /ROEG/roeg_ws/install/raptor_pdu_msgs/include/raptor_pdu_msgs/msg/relay_report.h
[10.759s] -- Installing: /ROEG/roeg_ws/install/raptor_pdu_msgs/include/raptor_pdu_msgs/msg/detail
[10.759s] -- Installing: /ROEG/roeg_ws/install/raptor_pdu_msgs/include/raptor_pdu_msgs/msg/detail/relay_command__functions.c
[10.760s] -- Installing: /ROEG/roeg_ws/install/raptor_pdu_msgs/include/raptor_pdu_msgs/msg/detail/relay_command__struct.h
[10.760s] -- Installing: /ROEG/roeg_ws/install/raptor_pdu_msgs/include/raptor_pdu_msgs/msg/detail/fuse_status__struct.h
[10.760s] -- Installing: /ROEG/roeg_ws/install/raptor_pdu_msgs/include/raptor_pdu_msgs/msg/detail/relay_status__functions.c
[10.760s] -- Installing: /ROEG/roeg_ws/install/raptor_pdu_msgs/include/raptor_pdu_msgs/msg/detail/fuse_status__type_support.h
[10.760s] -- Installing: /ROEG/roeg_ws/install/raptor_pdu_msgs/include/raptor_pdu_msgs/msg/detail/relay_report__functions.c
[10.761s] -- Installing: /ROEG/roeg_ws/install/raptor_pdu_msgs/include/raptor_pdu_msgs/msg/detail/fuse_report__functions.c
[10.761s] -- Installing: /ROEG/roeg_ws/install/raptor_pdu_msgs/include/raptor_pdu_msgs/msg/detail/relay_status__type_support.h
[10.761s] -- Installing: /ROEG/roeg_ws/install/raptor_pdu_msgs/include/raptor_pdu_msgs/msg/detail/relay_command__functions.h
[10.761s] -- Installing: /ROEG/roeg_ws/install/raptor_pdu_msgs/include/raptor_pdu_msgs/msg/detail/fuse_report__type_support.h
[10.762s] -- Installing: /ROEG/roeg_ws/install/raptor_pdu_msgs/include/raptor_pdu_msgs/msg/detail/relay_status__functions.h
[10.762s] -- Installing: /ROEG/roeg_ws/install/raptor_pdu_msgs/include/raptor_pdu_msgs/msg/detail/fuse_report__functions.h
[10.762s] -- Installing: /ROEG/roeg_ws/install/raptor_pdu_msgs/include/raptor_pdu_msgs/msg/detail/relay_report__functions.h
[10.762s] -- Installing: /ROEG/roeg_ws/install/raptor_pdu_msgs/include/raptor_pdu_msgs/msg/detail/relay_state__type_support.h
[10.762s] -- Installing: /ROEG/roeg_ws/install/raptor_pdu_msgs/include/raptor_pdu_msgs/msg/detail/relay_report__type_support.h
[10.763s] -- Installing: /ROEG/roeg_ws/install/raptor_pdu_msgs/include/raptor_pdu_msgs/msg/detail/fuse_status__functions.h
[10.763s] -- Installing: /ROEG/roeg_ws/install/raptor_pdu_msgs/include/raptor_pdu_msgs/msg/detail/relay_state__struct.h
[10.763s] -- Installing: /ROEG/roeg_ws/install/raptor_pdu_msgs/include/raptor_pdu_msgs/msg/detail/relay_state__functions.h
[10.763s] -- Installing: /ROEG/roeg_ws/install/raptor_pdu_msgs/include/raptor_pdu_msgs/msg/detail/fuse_status__functions.c
[10.764s] -- Installing: /ROEG/roeg_ws/install/raptor_pdu_msgs/include/raptor_pdu_msgs/msg/detail/fuse_report__struct.h
[10.764s] -- Installing: /ROEG/roeg_ws/install/raptor_pdu_msgs/include/raptor_pdu_msgs/msg/detail/relay_command__type_support.h
[10.764s] -- Installing: /ROEG/roeg_ws/install/raptor_pdu_msgs/include/raptor_pdu_msgs/msg/detail/relay_status__struct.h
[10.764s] -- Installing: /ROEG/roeg_ws/install/raptor_pdu_msgs/include/raptor_pdu_msgs/msg/detail/relay_state__functions.c
[10.764s] -- Installing: /ROEG/roeg_ws/install/raptor_pdu_msgs/include/raptor_pdu_msgs/msg/detail/relay_report__struct.h
[10.765s] -- Installing: /ROEG/roeg_ws/install/raptor_pdu_msgs/include/raptor_pdu_msgs/msg/fuse_report.h
[10.765s] -- Installing: /ROEG/roeg_ws/install/raptor_pdu_msgs/share/raptor_pdu_msgs/environment/library_path.sh
[10.765s] -- Installing: /ROEG/roeg_ws/install/raptor_pdu_msgs/share/raptor_pdu_msgs/environment/library_path.dsv
[10.766s] -- Installing: /ROEG/roeg_ws/install/raptor_pdu_msgs/lib/libraptor_pdu_msgs__rosidl_generator_c.so
[10.766s] -- Set runtime path of "/ROEG/roeg_ws/install/raptor_pdu_msgs/lib/libraptor_pdu_msgs__rosidl_generator_c.so" to ""
[10.767s] -- Up-to-date: /ROEG/roeg_ws/install/raptor_pdu_msgs/include/raptor_pdu_msgs
[10.767s] -- Up-to-date: /ROEG/roeg_ws/install/raptor_pdu_msgs/include/raptor_pdu_msgs/msg
[10.767s] -- Up-to-date: /ROEG/roeg_ws/install/raptor_pdu_msgs/include/raptor_pdu_msgs/msg/detail
[10.767s] -- Installing: /ROEG/roeg_ws/install/raptor_pdu_msgs/include/raptor_pdu_msgs/msg/detail/relay_report__rosidl_typesupport_fastrtps_c.h
[10.767s] -- Installing: /ROEG/roeg_ws/install/raptor_pdu_msgs/include/raptor_pdu_msgs/msg/detail/fuse_report__rosidl_typesupport_fastrtps_c.h
[10.767s] -- Installing: /ROEG/roeg_ws/install/raptor_pdu_msgs/include/raptor_pdu_msgs/msg/detail/relay_state__rosidl_typesupport_fastrtps_c.h
[10.768s] -- Installing: /ROEG/roeg_ws/install/raptor_pdu_msgs/include/raptor_pdu_msgs/msg/detail/fuse_status__rosidl_typesupport_fastrtps_c.h
[10.768s] -- Installing: /ROEG/roeg_ws/install/raptor_pdu_msgs/include/raptor_pdu_msgs/msg/detail/relay_status__rosidl_typesupport_fastrtps_c.h
[10.768s] -- Installing: /ROEG/roeg_ws/install/raptor_pdu_msgs/include/raptor_pdu_msgs/msg/detail/relay_command__rosidl_typesupport_fastrtps_c.h
[10.768s] -- Installing: /ROEG/roeg_ws/install/raptor_pdu_msgs/include/raptor_pdu_msgs/msg/rosidl_typesupport_fastrtps_c__visibility_control.h
[10.769s] -- Installing: /ROEG/roeg_ws/install/raptor_pdu_msgs/lib/libraptor_pdu_msgs__rosidl_typesupport_fastrtps_c.so
[10.769s] -- Set runtime path of "/ROEG/roeg_ws/install/raptor_pdu_msgs/lib/libraptor_pdu_msgs__rosidl_typesupport_fastrtps_c.so" to ""
[10.769s] -- Up-to-date: /ROEG/roeg_ws/install/raptor_pdu_msgs/include/raptor_pdu_msgs
[10.769s] -- Up-to-date: /ROEG/roeg_ws/install/raptor_pdu_msgs/include/raptor_pdu_msgs/msg
[10.770s] -- Installing: /ROEG/roeg_ws/install/raptor_pdu_msgs/include/raptor_pdu_msgs/msg/rosidl_typesupport_fastrtps_cpp__visibility_control.h
[10.770s] -- Up-to-date: /ROEG/roeg_ws/install/raptor_pdu_msgs/include/raptor_pdu_msgs/msg/detail
[10.770s] -- Installing: /ROEG/roeg_ws/install/raptor_pdu_msgs/include/raptor_pdu_msgs/msg/detail/fuse_report__rosidl_typesupport_fastrtps_cpp.hpp
[10.770s] -- Installing: /ROEG/roeg_ws/install/raptor_pdu_msgs/include/raptor_pdu_msgs/msg/detail/relay_report__rosidl_typesupport_fastrtps_cpp.hpp
[10.770s] -- Installing: /ROEG/roeg_ws/install/raptor_pdu_msgs/include/raptor_pdu_msgs/msg/detail/relay_state__rosidl_typesupport_fastrtps_cpp.hpp
[10.770s] -- Installing: /ROEG/roeg_ws/install/raptor_pdu_msgs/include/raptor_pdu_msgs/msg/detail/fuse_status__rosidl_typesupport_fastrtps_cpp.hpp
[10.771s] -- Installing: /ROEG/roeg_ws/install/raptor_pdu_msgs/include/raptor_pdu_msgs/msg/detail/relay_command__rosidl_typesupport_fastrtps_cpp.hpp
[10.771s] -- Installing: /ROEG/roeg_ws/install/raptor_pdu_msgs/include/raptor_pdu_msgs/msg/detail/dds_fastrtps
[10.771s] -- Installing: /ROEG/roeg_ws/install/raptor_pdu_msgs/include/raptor_pdu_msgs/msg/detail/relay_status__rosidl_typesupport_fastrtps_cpp.hpp
[10.771s] -- Installing: /ROEG/roeg_ws/install/raptor_pdu_msgs/lib/libraptor_pdu_msgs__rosidl_typesupport_fastrtps_cpp.so
[10.772s] -- Set runtime path of "/ROEG/roeg_ws/install/raptor_pdu_msgs/lib/libraptor_pdu_msgs__rosidl_typesupport_fastrtps_cpp.so" to ""
[10.772s] -- Up-to-date: /ROEG/roeg_ws/install/raptor_pdu_msgs/include/raptor_pdu_msgs
[10.772s] -- Up-to-date: /ROEG/roeg_ws/install/raptor_pdu_msgs/include/raptor_pdu_msgs/msg
[10.772s] -- Installing: /ROEG/roeg_ws/install/raptor_pdu_msgs/include/raptor_pdu_msgs/msg/rosidl_typesupport_introspection_c__visibility_control.h
[10.773s] -- Up-to-date: /ROEG/roeg_ws/install/raptor_pdu_msgs/include/raptor_pdu_msgs/msg/detail
[10.773s] -- Installing: /ROEG/roeg_ws/install/raptor_pdu_msgs/include/raptor_pdu_msgs/msg/detail/fuse_status__rosidl_typesupport_introspection_c.h
[10.773s] -- Installing: /ROEG/roeg_ws/install/raptor_pdu_msgs/include/raptor_pdu_msgs/msg/detail/fuse_report__rosidl_typesupport_introspection_c.h
[10.773s] -- Installing: /ROEG/roeg_ws/install/raptor_pdu_msgs/include/raptor_pdu_msgs/msg/detail/relay_status__type_support.c
[10.773s] -- Installing: /ROEG/roeg_ws/install/raptor_pdu_msgs/include/raptor_pdu_msgs/msg/detail/relay_command__rosidl_typesupport_introspection_c.h
[10.774s] -- Installing: /ROEG/roeg_ws/install/raptor_pdu_msgs/include/raptor_pdu_msgs/msg/detail/relay_report__rosidl_typesupport_introspection_c.h
[10.774s] -- Installing: /ROEG/roeg_ws/install/raptor_pdu_msgs/include/raptor_pdu_msgs/msg/detail/relay_status__rosidl_typesupport_introspection_c.h
[10.774s] -- Installing: /ROEG/roeg_ws/install/raptor_pdu_msgs/include/raptor_pdu_msgs/msg/detail/fuse_report__type_support.c
[10.774s] -- Installing: /ROEG/roeg_ws/install/raptor_pdu_msgs/include/raptor_pdu_msgs/msg/detail/relay_report__type_support.c
[10.775s] -- Installing: /ROEG/roeg_ws/install/raptor_pdu_msgs/include/raptor_pdu_msgs/msg/detail/relay_state__rosidl_typesupport_introspection_c.h
[10.775s] -- Installing: /ROEG/roeg_ws/install/raptor_pdu_msgs/include/raptor_pdu_msgs/msg/detail/relay_command__type_support.c
[10.776s] -- Installing: /ROEG/roeg_ws/install/raptor_pdu_msgs/include/raptor_pdu_msgs/msg/detail/relay_state__type_support.c
[10.776s] -- Installing: /ROEG/roeg_ws/install/raptor_pdu_msgs/include/raptor_pdu_msgs/msg/detail/fuse_status__type_support.c
[10.776s] -- Installing: /ROEG/roeg_ws/install/raptor_pdu_msgs/lib/libraptor_pdu_msgs__rosidl_typesupport_introspection_c.so
[10.776s] -- Set runtime path of "/ROEG/roeg_ws/install/raptor_pdu_msgs/lib/libraptor_pdu_msgs__rosidl_typesupport_introspection_c.so" to ""
[10.776s] -- Installing: /ROEG/roeg_ws/install/raptor_pdu_msgs/lib/libraptor_pdu_msgs__rosidl_typesupport_c.so
[10.777s] -- Set runtime path of "/ROEG/roeg_ws/install/raptor_pdu_msgs/lib/libraptor_pdu_msgs__rosidl_typesupport_c.so" to ""
[10.777s] -- Up-to-date: /ROEG/roeg_ws/install/raptor_pdu_msgs/include/raptor_pdu_msgs
[10.777s] -- Up-to-date: /ROEG/roeg_ws/install/raptor_pdu_msgs/include/raptor_pdu_msgs/msg
[10.777s] -- Installing: /ROEG/roeg_ws/install/raptor_pdu_msgs/include/raptor_pdu_msgs/msg/relay_status.hpp
[10.777s] -- Installing: /ROEG/roeg_ws/install/raptor_pdu_msgs/include/raptor_pdu_msgs/msg/relay_report.hpp
[10.778s] -- Installing: /ROEG/roeg_ws/install/raptor_pdu_msgs/include/raptor_pdu_msgs/msg/fuse_status.hpp
[10.778s] -- Installing: /ROEG/roeg_ws/install/raptor_pdu_msgs/include/raptor_pdu_msgs/msg/relay_command.hpp
[10.778s] -- Installing: /ROEG/roeg_ws/install/raptor_pdu_msgs/include/raptor_pdu_msgs/msg/relay_state.hpp
[10.778s] -- Up-to-date: /ROEG/roeg_ws/install/raptor_pdu_msgs/include/raptor_pdu_msgs/msg/detail
[10.778s] -- Installing: /ROEG/roeg_ws/install/raptor_pdu_msgs/include/raptor_pdu_msgs/msg/detail/fuse_report__traits.hpp
[10.779s] -- Installing: /ROEG/roeg_ws/install/raptor_pdu_msgs/include/raptor_pdu_msgs/msg/detail/relay_status__struct.hpp
[10.779s] -- Installing: /ROEG/roeg_ws/install/raptor_pdu_msgs/include/raptor_pdu_msgs/msg/detail/relay_report__struct.hpp
[10.779s] -- Installing: /ROEG/roeg_ws/install/raptor_pdu_msgs/include/raptor_pdu_msgs/msg/detail/relay_status__builder.hpp
[10.779s] -- Installing: /ROEG/roeg_ws/install/raptor_pdu_msgs/include/raptor_pdu_msgs/msg/detail/relay_report__traits.hpp
[10.780s] -- Installing: /ROEG/roeg_ws/install/raptor_pdu_msgs/include/raptor_pdu_msgs/msg/detail/relay_state__struct.hpp
[10.780s] -- Installing: /ROEG/roeg_ws/install/raptor_pdu_msgs/include/raptor_pdu_msgs/msg/detail/fuse_status__struct.hpp
[10.780s] -- Installing: /ROEG/roeg_ws/install/raptor_pdu_msgs/include/raptor_pdu_msgs/msg/detail/relay_command__struct.hpp
[10.780s] -- Installing: /ROEG/roeg_ws/install/raptor_pdu_msgs/include/raptor_pdu_msgs/msg/detail/relay_report__builder.hpp
[10.781s] -- Installing: /ROEG/roeg_ws/install/raptor_pdu_msgs/include/raptor_pdu_msgs/msg/detail/relay_status__traits.hpp
[10.781s] -- Installing: /ROEG/roeg_ws/install/raptor_pdu_msgs/include/raptor_pdu_msgs/msg/detail/relay_state__builder.hpp
[10.781s] -- Installing: /ROEG/roeg_ws/install/raptor_pdu_msgs/include/raptor_pdu_msgs/msg/detail/relay_command__builder.hpp
[10.781s] -- Installing: /ROEG/roeg_ws/install/raptor_pdu_msgs/include/raptor_pdu_msgs/msg/detail/fuse_status__traits.hpp
[10.781s] -- Installing: /ROEG/roeg_ws/install/raptor_pdu_msgs/include/raptor_pdu_msgs/msg/detail/fuse_status__builder.hpp
[10.782s] -- Installing: /ROEG/roeg_ws/install/raptor_pdu_msgs/include/raptor_pdu_msgs/msg/detail/fuse_report__builder.hpp
[10.782s] -- Installing: /ROEG/roeg_ws/install/raptor_pdu_msgs/include/raptor_pdu_msgs/msg/detail/relay_state__traits.hpp
[10.782s] -- Installing: /ROEG/roeg_ws/install/raptor_pdu_msgs/include/raptor_pdu_msgs/msg/detail/relay_command__traits.hpp
[10.782s] -- Installing: /ROEG/roeg_ws/install/raptor_pdu_msgs/include/raptor_pdu_msgs/msg/detail/fuse_report__struct.hpp
[10.783s] -- Installing: /ROEG/roeg_ws/install/raptor_pdu_msgs/include/raptor_pdu_msgs/msg/fuse_report.hpp
[10.783s] -- Up-to-date: /ROEG/roeg_ws/install/raptor_pdu_msgs/include/raptor_pdu_msgs
[10.783s] -- Up-to-date: /ROEG/roeg_ws/install/raptor_pdu_msgs/include/raptor_pdu_msgs/msg
[10.783s] -- Up-to-date: /ROEG/roeg_ws/install/raptor_pdu_msgs/include/raptor_pdu_msgs/msg/detail
[10.783s] -- Installing: /ROEG/roeg_ws/install/raptor_pdu_msgs/include/raptor_pdu_msgs/msg/detail/relay_command__type_support.cpp
[10.783s] -- Installing: /ROEG/roeg_ws/install/raptor_pdu_msgs/include/raptor_pdu_msgs/msg/detail/relay_status__type_support.cpp
[10.784s] -- Installing: /ROEG/roeg_ws/install/raptor_pdu_msgs/include/raptor_pdu_msgs/msg/detail/fuse_report__rosidl_typesupport_introspection_cpp.hpp
[10.784s] -- Installing: /ROEG/roeg_ws/install/raptor_pdu_msgs/include/raptor_pdu_msgs/msg/detail/relay_report__type_support.cpp
[10.784s] -- Installing: /ROEG/roeg_ws/install/raptor_pdu_msgs/include/raptor_pdu_msgs/msg/detail/fuse_status__rosidl_typesupport_introspection_cpp.hpp
[10.784s] -- Installing: /ROEG/roeg_ws/install/raptor_pdu_msgs/include/raptor_pdu_msgs/msg/detail/relay_status__rosidl_typesupport_introspection_cpp.hpp
[10.785s] -- Installing: /ROEG/roeg_ws/install/raptor_pdu_msgs/include/raptor_pdu_msgs/msg/detail/relay_report__rosidl_typesupport_introspection_cpp.hpp
[10.785s] -- Installing: /ROEG/roeg_ws/install/raptor_pdu_msgs/include/raptor_pdu_msgs/msg/detail/relay_state__type_support.cpp
[10.785s] -- Installing: /ROEG/roeg_ws/install/raptor_pdu_msgs/include/raptor_pdu_msgs/msg/detail/fuse_status__type_support.cpp
[10.785s] -- Installing: /ROEG/roeg_ws/install/raptor_pdu_msgs/include/raptor_pdu_msgs/msg/detail/relay_command__rosidl_typesupport_introspection_cpp.hpp
[10.785s] -- Installing: /ROEG/roeg_ws/install/raptor_pdu_msgs/include/raptor_pdu_msgs/msg/detail/relay_state__rosidl_typesupport_introspection_cpp.hpp
[10.786s] -- Installing: /ROEG/roeg_ws/install/raptor_pdu_msgs/include/raptor_pdu_msgs/msg/detail/fuse_report__type_support.cpp
[10.786s] -- Installing: /ROEG/roeg_ws/install/raptor_pdu_msgs/lib/libraptor_pdu_msgs__rosidl_typesupport_introspection_cpp.so
[10.787s] -- Set runtime path of "/ROEG/roeg_ws/install/raptor_pdu_msgs/lib/libraptor_pdu_msgs__rosidl_typesupport_introspection_cpp.so" to ""
[10.787s] -- Installing: /ROEG/roeg_ws/install/raptor_pdu_msgs/lib/libraptor_pdu_msgs__rosidl_typesupport_cpp.so
[10.787s] -- Set runtime path of "/ROEG/roeg_ws/install/raptor_pdu_msgs/lib/libraptor_pdu_msgs__rosidl_typesupport_cpp.so" to ""
[10.788s] -- Installing: /ROEG/roeg_ws/install/raptor_pdu_msgs/share/raptor_pdu_msgs/environment/pythonpath.sh
[10.788s] -- Installing: /ROEG/roeg_ws/install/raptor_pdu_msgs/share/raptor_pdu_msgs/environment/pythonpath.dsv
[10.788s] -- Installing: /ROEG/roeg_ws/install/raptor_pdu_msgs/lib/python3.8/site-packages/raptor_pdu_msgs/__init__.py
[10.824s] Compiling '/ROEG/roeg_ws/install/raptor_pdu_msgs/lib/python3.8/site-packages/raptor_pdu_msgs/__init__.py'...
[10.831s] -- Installing: /ROEG/roeg_ws/install/raptor_pdu_msgs/lib/python3.8/site-packages/raptor_pdu_msgs/msg
[10.831s] -- Installing: /ROEG/roeg_ws/install/raptor_pdu_msgs/lib/python3.8/site-packages/raptor_pdu_msgs/msg/_relay_status.py
[10.832s] -- Installing: /ROEG/roeg_ws/install/raptor_pdu_msgs/lib/python3.8/site-packages/raptor_pdu_msgs/msg/_relay_status_s.c
[10.832s] -- Installing: /ROEG/roeg_ws/install/raptor_pdu_msgs/lib/python3.8/site-packages/raptor_pdu_msgs/msg/_fuse_status.py
[10.832s] -- Installing: /ROEG/roeg_ws/install/raptor_pdu_msgs/lib/python3.8/site-packages/raptor_pdu_msgs/msg/_relay_report_s.c
[10.832s] -- Installing: /ROEG/roeg_ws/install/raptor_pdu_msgs/lib/python3.8/site-packages/raptor_pdu_msgs/msg/_fuse_report.py
[10.833s] -- Installing: /ROEG/roeg_ws/install/raptor_pdu_msgs/lib/python3.8/site-packages/raptor_pdu_msgs/msg/_fuse_status_s.c
[10.833s] -- Installing: /ROEG/roeg_ws/install/raptor_pdu_msgs/lib/python3.8/site-packages/raptor_pdu_msgs/msg/_relay_state_s.c
[10.833s] -- Installing: /ROEG/roeg_ws/install/raptor_pdu_msgs/lib/python3.8/site-packages/raptor_pdu_msgs/msg/__init__.py
[10.833s] -- Installing: /ROEG/roeg_ws/install/raptor_pdu_msgs/lib/python3.8/site-packages/raptor_pdu_msgs/msg/_relay_command.py
[10.834s] -- Installing: /ROEG/roeg_ws/install/raptor_pdu_msgs/lib/python3.8/site-packages/raptor_pdu_msgs/msg/_fuse_report_s.c
[10.834s] -- Installing: /ROEG/roeg_ws/install/raptor_pdu_msgs/lib/python3.8/site-packages/raptor_pdu_msgs/msg/_relay_command_s.c
[10.834s] -- Installing: /ROEG/roeg_ws/install/raptor_pdu_msgs/lib/python3.8/site-packages/raptor_pdu_msgs/msg/_relay_report.py
[10.835s] -- Installing: /ROEG/roeg_ws/install/raptor_pdu_msgs/lib/python3.8/site-packages/raptor_pdu_msgs/msg/_relay_state.py
[10.835s] -- Installing: /ROEG/roeg_ws/install/raptor_pdu_msgs/lib/python3.8/site-packages/raptor_pdu_msgs/raptor_pdu_msgs_s__rosidl_typesupport_fastrtps_c.cpython-38-x86_64-linux-gnu.so
[10.836s] -- Set runtime path of "/ROEG/roeg_ws/install/raptor_pdu_msgs/lib/python3.8/site-packages/raptor_pdu_msgs/raptor_pdu_msgs_s__rosidl_typesupport_fastrtps_c.cpython-38-x86_64-linux-gnu.so" to ""
[10.837s] -- Installing: /ROEG/roeg_ws/install/raptor_pdu_msgs/lib/python3.8/site-packages/raptor_pdu_msgs/raptor_pdu_msgs_s__rosidl_typesupport_introspection_c.cpython-38-x86_64-linux-gnu.so
[10.837s] -- Set runtime path of "/ROEG/roeg_ws/install/raptor_pdu_msgs/lib/python3.8/site-packages/raptor_pdu_msgs/raptor_pdu_msgs_s__rosidl_typesupport_introspection_c.cpython-38-x86_64-linux-gnu.so" to ""
[10.838s] -- Installing: /ROEG/roeg_ws/install/raptor_pdu_msgs/lib/python3.8/site-packages/raptor_pdu_msgs/raptor_pdu_msgs_s__rosidl_typesupport_c.cpython-38-x86_64-linux-gnu.so
[10.839s] -- Set runtime path of "/ROEG/roeg_ws/install/raptor_pdu_msgs/lib/python3.8/site-packages/raptor_pdu_msgs/raptor_pdu_msgs_s__rosidl_typesupport_c.cpython-38-x86_64-linux-gnu.so" to ""
[10.839s] -- Installing: /ROEG/roeg_ws/install/raptor_pdu_msgs/lib/libraptor_pdu_msgs__python.so
[10.839s] -- Set runtime path of "/ROEG/roeg_ws/install/raptor_pdu_msgs/lib/libraptor_pdu_msgs__python.so" to ""
[10.840s] -- Installing: /ROEG/roeg_ws/install/raptor_pdu_msgs/share/raptor_pdu_msgs/msg/FuseReport.idl
[10.840s] -- Installing: /ROEG/roeg_ws/install/raptor_pdu_msgs/share/raptor_pdu_msgs/msg/FuseStatus.idl
[10.840s] -- Installing: /ROEG/roeg_ws/install/raptor_pdu_msgs/share/raptor_pdu_msgs/msg/RelayCommand.idl
[10.841s] -- Installing: /ROEG/roeg_ws/install/raptor_pdu_msgs/share/raptor_pdu_msgs/msg/RelayState.idl
[10.841s] -- Installing: /ROEG/roeg_ws/install/raptor_pdu_msgs/share/raptor_pdu_msgs/msg/RelayReport.idl
[10.841s] -- Installing: /ROEG/roeg_ws/install/raptor_pdu_msgs/share/raptor_pdu_msgs/msg/RelayStatus.idl
[10.841s] -- Installing: /ROEG/roeg_ws/install/raptor_pdu_msgs/share/raptor_pdu_msgs/msg/FuseReport.msg
[10.842s] -- Installing: /ROEG/roeg_ws/install/raptor_pdu_msgs/share/raptor_pdu_msgs/msg/FuseStatus.msg
[10.842s] -- Installing: /ROEG/roeg_ws/install/raptor_pdu_msgs/share/raptor_pdu_msgs/msg/RelayCommand.msg
[10.842s] -- Installing: /ROEG/roeg_ws/install/raptor_pdu_msgs/share/raptor_pdu_msgs/msg/RelayState.msg
[10.842s] -- Installing: /ROEG/roeg_ws/install/raptor_pdu_msgs/share/raptor_pdu_msgs/msg/RelayReport.msg
[10.843s] -- Installing: /ROEG/roeg_ws/install/raptor_pdu_msgs/share/raptor_pdu_msgs/msg/RelayStatus.msg
[10.843s] -- Installing: /ROEG/roeg_ws/install/raptor_pdu_msgs/share/ament_index/resource_index/package_run_dependencies/raptor_pdu_msgs
[10.843s] -- Installing: /ROEG/roeg_ws/install/raptor_pdu_msgs/share/ament_index/resource_index/parent_prefix_path/raptor_pdu_msgs
[10.843s] -- Installing: /ROEG/roeg_ws/install/raptor_pdu_msgs/share/raptor_pdu_msgs/environment/ament_prefix_path.sh
[10.844s] -- Installing: /ROEG/roeg_ws/install/raptor_pdu_msgs/share/raptor_pdu_msgs/environment/ament_prefix_path.dsv
[10.844s] -- Installing: /ROEG/roeg_ws/install/raptor_pdu_msgs/share/raptor_pdu_msgs/environment/path.sh
[10.844s] -- Installing: /ROEG/roeg_ws/install/raptor_pdu_msgs/share/raptor_pdu_msgs/environment/path.dsv
[10.845s] -- Installing: /ROEG/roeg_ws/install/raptor_pdu_msgs/share/raptor_pdu_msgs/local_setup.bash
[10.845s] -- Installing: /ROEG/roeg_ws/install/raptor_pdu_msgs/share/raptor_pdu_msgs/local_setup.sh
[10.845s] -- Installing: /ROEG/roeg_ws/install/raptor_pdu_msgs/share/raptor_pdu_msgs/local_setup.zsh
[10.845s] -- Installing: /ROEG/roeg_ws/install/raptor_pdu_msgs/share/raptor_pdu_msgs/local_setup.dsv
[10.846s] -- Installing: /ROEG/roeg_ws/install/raptor_pdu_msgs/share/raptor_pdu_msgs/package.dsv
[10.846s] -- Installing: /ROEG/roeg_ws/install/raptor_pdu_msgs/share/ament_index/resource_index/packages/raptor_pdu_msgs
[10.846s] -- Installing: /ROEG/roeg_ws/install/raptor_pdu_msgs/share/raptor_pdu_msgs/cmake/raptor_pdu_msgs__rosidl_generator_cExport.cmake
[10.847s] -- Installing: /ROEG/roeg_ws/install/raptor_pdu_msgs/share/raptor_pdu_msgs/cmake/raptor_pdu_msgs__rosidl_generator_cExport-noconfig.cmake
[10.847s] -- Installing: /ROEG/roeg_ws/install/raptor_pdu_msgs/share/raptor_pdu_msgs/cmake/raptor_pdu_msgs__rosidl_typesupport_introspection_cExport.cmake
[10.847s] -- Installing: /ROEG/roeg_ws/install/raptor_pdu_msgs/share/raptor_pdu_msgs/cmake/raptor_pdu_msgs__rosidl_typesupport_introspection_cExport-noconfig.cmake
[10.848s] -- Installing: /ROEG/roeg_ws/install/raptor_pdu_msgs/share/raptor_pdu_msgs/cmake/raptor_pdu_msgs__rosidl_typesupport_cExport.cmake
[10.848s] -- Installing: /ROEG/roeg_ws/install/raptor_pdu_msgs/share/raptor_pdu_msgs/cmake/raptor_pdu_msgs__rosidl_typesupport_cExport-noconfig.cmake
[10.848s] -- Installing: /ROEG/roeg_ws/install/raptor_pdu_msgs/share/raptor_pdu_msgs/cmake/raptor_pdu_msgs__rosidl_generator_cppExport.cmake
[10.849s] -- Installing: /ROEG/roeg_ws/install/raptor_pdu_msgs/share/raptor_pdu_msgs/cmake/raptor_pdu_msgs__rosidl_typesupport_introspection_cppExport.cmake
[10.849s] -- Installing: /ROEG/roeg_ws/install/raptor_pdu_msgs/share/raptor_pdu_msgs/cmake/raptor_pdu_msgs__rosidl_typesupport_introspection_cppExport-noconfig.cmake
[10.849s] -- Installing: /ROEG/roeg_ws/install/raptor_pdu_msgs/share/raptor_pdu_msgs/cmake/raptor_pdu_msgs__rosidl_typesupport_cppExport.cmake
[10.850s] -- Installing: /ROEG/roeg_ws/install/raptor_pdu_msgs/share/raptor_pdu_msgs/cmake/raptor_pdu_msgs__rosidl_typesupport_cppExport-noconfig.cmake
[10.850s] -- Installing: /ROEG/roeg_ws/install/raptor_pdu_msgs/share/raptor_pdu_msgs/cmake/rosidl_cmake-extras.cmake
[10.850s] -- Installing: /ROEG/roeg_ws/install/raptor_pdu_msgs/share/raptor_pdu_msgs/cmake/ament_cmake_export_dependencies-extras.cmake
[10.850s] -- Installing: /ROEG/roeg_ws/install/raptor_pdu_msgs/share/raptor_pdu_msgs/cmake/ament_cmake_export_libraries-extras.cmake
[10.851s] -- Installing: /ROEG/roeg_ws/install/raptor_pdu_msgs/share/raptor_pdu_msgs/cmake/ament_cmake_export_targets-extras.cmake
[10.851s] -- Installing: /ROEG/roeg_ws/install/raptor_pdu_msgs/share/raptor_pdu_msgs/cmake/ament_cmake_export_include_directories-extras.cmake
[10.851s] -- Installing: /ROEG/roeg_ws/install/raptor_pdu_msgs/share/raptor_pdu_msgs/cmake/rosidl_cmake_export_typesupport_libraries-extras.cmake
[10.851s] -- Installing: /ROEG/roeg_ws/install/raptor_pdu_msgs/share/raptor_pdu_msgs/cmake/rosidl_cmake_export_typesupport_targets-extras.cmake
[10.852s] -- Installing: /ROEG/roeg_ws/install/raptor_pdu_msgs/share/raptor_pdu_msgs/cmake/raptor_pdu_msgsConfig.cmake
[10.852s] -- Installing: /ROEG/roeg_ws/install/raptor_pdu_msgs/share/raptor_pdu_msgs/cmake/raptor_pdu_msgsConfig-version.cmake
[10.852s] -- Installing: /ROEG/roeg_ws/install/raptor_pdu_msgs/share/raptor_pdu_msgs/package.xml
[10.859s] Invoked command in '/ROEG/roeg_ws/build/raptor_pdu_msgs' returned '0': CMAKE_PREFIX_PATH=${CMAKE_PREFIX_PATH}:/ROEG/roeg_ws/install/roeg:/opt/ros/galactic /usr/bin/cmake --install /ROEG/roeg_ws/build/raptor_pdu_msgs
