[0.251s] Invoking command in '/ROEG/roeg_ws/build/raptor_dbw_can': CMAKE_PREFIX_PATH=/ROEG/roeg_ws/install/raptor_pdu:/ROEG/roeg_ws/install/raptor_pdu_msgs:/ROEG/roeg_ws/install/raptor_dbw_msgs:/ROEG/roeg_ws/install/can_dbc_parser:/ROEG/roeg_ws/install/raptor_dbw_can:/ROEG/roeg_ws/install/raptor_dbw_joystick:/ROEG/roeg_ws/install/deep_orange_msgs:/ROEG/roeg_ws/install/roeg:/opt/ros/galactic LD_LIBRARY_PATH=/ROEG/roeg_ws/install/raptor_pdu_msgs/lib:/ROEG/roeg_ws/install/raptor_dbw_msgs/lib:/ROEG/roeg_ws/install/can_dbc_parser/lib:/ROEG/roeg_ws/install/deep_orange_msgs/lib:/opt/ros/galactic/opt/yaml_cpp_vendor/lib:/opt/ros/galactic/opt/rviz_ogre_vendor/lib:/opt/ros/galactic/lib/x86_64-linux-gnu:/opt/ros/galactic/lib PYTHONPATH=/ROEG/roeg_ws/install/raptor_pdu_msgs/lib/python3.8/site-packages:/ROEG/roeg_ws/install/raptor_dbw_msgs/lib/python3.8/site-packages:/ROEG/roeg_ws/install/roeg/lib/python3.8/site-packages:/ROEG/roeg_ws/install/deep_orange_msgs/lib/python3.8/site-packages:/opt/ros/galactic/lib/python3.8/site-packages /usr/bin/cmake /ROEG/roeg_ws/src/raptor-dbw-ros2/raptor_dbw_can -DCMAKE_INSTALL_PREFIX=/ROEG/roeg_ws/install/raptor_dbw_can
[0.313s] -- The C compiler identification is GNU 9.4.0
[0.368s] -- The CXX compiler identification is GNU 9.4.0
[0.372s] -- Check for working C compiler: /usr/bin/cc
[0.455s] -- Check for working C compiler: /usr/bin/cc -- works
[0.456s] -- Detecting C compiler ABI info
[0.544s] -- Detecting C compiler ABI info - done
[0.552s] -- Detecting C compile features
[0.552s] -- Detecting C compile features - done
[0.555s] -- Check for working CXX compiler: /usr/bin/c++
[0.678s] -- Check for working CXX compiler: /usr/bin/c++ -- works
[0.679s] -- Detecting CXX compiler ABI info
[0.810s] -- Detecting CXX compiler ABI info - done
[0.819s] -- Detecting CXX compile features
[0.820s] -- Detecting CXX compile features - done
[0.823s] -- Found ament_cmake_auto: 1.1.6 (/opt/ros/galactic/share/ament_cmake_auto/cmake)
[0.857s] -- Found PythonInterp: /usr/bin/python3 (found suitable version "3.8.10", minimum required is "3") 
[0.857s] -- Using PYTHON_EXECUTABLE: /usr/bin/python3
[1.127s] -- Using all available rosidl_typesupport_c: rosidl_typesupport_fastrtps_c;rosidl_typesupport_introspection_c
[1.137s] -- Found rosidl_adapter: 2.2.3 (/opt/ros/galactic/share/rosidl_adapter/cmake)
[1.266s] -- Found OpenSSL: /usr/lib/x86_64-linux-gnu/libcrypto.so (found version "1.1.1f")  
[1.301s] -- Found FastRTPS: /opt/ros/galactic/include  
[1.393s] -- Using all available rosidl_typesupport_cpp: rosidl_typesupport_fastrtps_cpp;rosidl_typesupport_introspection_cpp
[1.457s] -- Found rmw_implementation_cmake: 3.3.1 (/opt/ros/galactic/share/rmw_implementation_cmake/cmake)
[1.461s] -- Found rmw_cyclonedds_cpp: 0.22.6 (/opt/ros/galactic/share/rmw_cyclonedds_cpp/cmake)
[1.477s] -- Using RMW implementation 'rmw_cyclonedds_cpp' as default
[1.478s] -- Looking for pthread.h
[1.577s] -- Looking for pthread.h - found
[1.578s] -- Performing Test CMAKE_HAVE_LIBC_PTHREAD
[1.678s] -- Performing Test CMAKE_HAVE_LIBC_PTHREAD - Failed
[1.678s] -- Looking for pthread_create in pthreads
[1.772s] -- Looking for pthread_create in pthreads - not found
[1.772s] -- Looking for pthread_create in pthread
[1.886s] -- Looking for pthread_create in pthread - found
[1.887s] -- Found Threads: TRUE  
[2.316s] -- Found ament_lint_auto: 0.10.7 (/opt/ros/galactic/share/ament_lint_auto/cmake)
[2.349s] -- Added test 'copyright' to check source files copyright and LICENSE
[2.351s] -- Added test 'cppcheck' to perform static code analysis on C / C++ code
[2.351s] -- Configured cppcheck include dirs: /ROEG/roeg_ws/src/raptor-dbw-ros2/raptor_dbw_can/include
[2.351s] -- Configured cppcheck exclude dirs and/or files: 
[2.353s] -- Added test 'cpplint' to check C / C++ code against the Google style
[2.353s] -- Configured cpplint exclude dirs and/or files: 
[2.353s] -- Added test 'flake8' to check Python code syntax and style conventions
[2.354s] -- Added test 'lint_cmake' to check CMake code style
[2.355s] -- Added test 'pep257' to check Python code against some of the style conventions in PEP 257
[2.357s] -- Added test 'uncrustify' to check C / C++ code style
[2.357s] -- Configured uncrustify additional arguments: 
[2.358s] -- Added test 'xmllint' to check XML markup files
[2.365s] -- Configuring done
[2.386s] -- Generating done
[2.388s] -- Build files have been written to: /ROEG/roeg_ws/build/raptor_dbw_can
[2.412s] Invoked command in '/ROEG/roeg_ws/build/raptor_dbw_can' returned '0': CMAKE_PREFIX_PATH=/ROEG/roeg_ws/install/raptor_pdu:/ROEG/roeg_ws/install/raptor_pdu_msgs:/ROEG/roeg_ws/install/raptor_dbw_msgs:/ROEG/roeg_ws/install/can_dbc_parser:/ROEG/roeg_ws/install/raptor_dbw_can:/ROEG/roeg_ws/install/raptor_dbw_joystick:/ROEG/roeg_ws/install/deep_orange_msgs:/ROEG/roeg_ws/install/roeg:/opt/ros/galactic LD_LIBRARY_PATH=/ROEG/roeg_ws/install/raptor_pdu_msgs/lib:/ROEG/roeg_ws/install/raptor_dbw_msgs/lib:/ROEG/roeg_ws/install/can_dbc_parser/lib:/ROEG/roeg_ws/install/deep_orange_msgs/lib:/opt/ros/galactic/opt/yaml_cpp_vendor/lib:/opt/ros/galactic/opt/rviz_ogre_vendor/lib:/opt/ros/galactic/lib/x86_64-linux-gnu:/opt/ros/galactic/lib PYTHONPATH=/ROEG/roeg_ws/install/raptor_pdu_msgs/lib/python3.8/site-packages:/ROEG/roeg_ws/install/raptor_dbw_msgs/lib/python3.8/site-packages:/ROEG/roeg_ws/install/roeg/lib/python3.8/site-packages:/ROEG/roeg_ws/install/deep_orange_msgs/lib/python3.8/site-packages:/opt/ros/galactic/lib/python3.8/site-packages /usr/bin/cmake /ROEG/roeg_ws/src/raptor-dbw-ros2/raptor_dbw_can -DCMAKE_INSTALL_PREFIX=/ROEG/roeg_ws/install/raptor_dbw_can
[2.416s] Invoking command in '/ROEG/roeg_ws/build/raptor_dbw_can': CMAKE_PREFIX_PATH=/ROEG/roeg_ws/install/raptor_pdu:/ROEG/roeg_ws/install/raptor_pdu_msgs:/ROEG/roeg_ws/install/raptor_dbw_msgs:/ROEG/roeg_ws/install/can_dbc_parser:/ROEG/roeg_ws/install/raptor_dbw_can:/ROEG/roeg_ws/install/raptor_dbw_joystick:/ROEG/roeg_ws/install/deep_orange_msgs:/ROEG/roeg_ws/install/roeg:/opt/ros/galactic LD_LIBRARY_PATH=/ROEG/roeg_ws/install/raptor_pdu_msgs/lib:/ROEG/roeg_ws/install/raptor_dbw_msgs/lib:/ROEG/roeg_ws/install/can_dbc_parser/lib:/ROEG/roeg_ws/install/deep_orange_msgs/lib:/opt/ros/galactic/opt/yaml_cpp_vendor/lib:/opt/ros/galactic/opt/rviz_ogre_vendor/lib:/opt/ros/galactic/lib/x86_64-linux-gnu:/opt/ros/galactic/lib PYTHONPATH=/ROEG/roeg_ws/install/raptor_pdu_msgs/lib/python3.8/site-packages:/ROEG/roeg_ws/install/raptor_dbw_msgs/lib/python3.8/site-packages:/ROEG/roeg_ws/install/roeg/lib/python3.8/site-packages:/ROEG/roeg_ws/install/deep_orange_msgs/lib/python3.8/site-packages:/opt/ros/galactic/lib/python3.8/site-packages /usr/bin/cmake --build /ROEG/roeg_ws/build/raptor_dbw_can -- -j16 -l16
[2.492s] [35m[1mScanning dependencies of target raptor_dbw_can_node[0m
[2.578s] [ 66%] [32mBuilding CXX object CMakeFiles/raptor_dbw_can_node.dir/src/raptor_dbw_can.cpp.o[0m
[2.578s] [ 66%] [32mBuilding CXX object CMakeFiles/raptor_dbw_can_node.dir/src/raptor_dbw_can_node.cpp.o[0m
[37.347s] [100%] [32m[1mLinking CXX executable raptor_dbw_can_node[0m
[41.470s] [100%] Built target raptor_dbw_can_node
[41.491s] Invoked command in '/ROEG/roeg_ws/build/raptor_dbw_can' returned '0': CMAKE_PREFIX_PATH=/ROEG/roeg_ws/install/raptor_pdu:/ROEG/roeg_ws/install/raptor_pdu_msgs:/ROEG/roeg_ws/install/raptor_dbw_msgs:/ROEG/roeg_ws/install/can_dbc_parser:/ROEG/roeg_ws/install/raptor_dbw_can:/ROEG/roeg_ws/install/raptor_dbw_joystick:/ROEG/roeg_ws/install/deep_orange_msgs:/ROEG/roeg_ws/install/roeg:/opt/ros/galactic LD_LIBRARY_PATH=/ROEG/roeg_ws/install/raptor_pdu_msgs/lib:/ROEG/roeg_ws/install/raptor_dbw_msgs/lib:/ROEG/roeg_ws/install/can_dbc_parser/lib:/ROEG/roeg_ws/install/deep_orange_msgs/lib:/opt/ros/galactic/opt/yaml_cpp_vendor/lib:/opt/ros/galactic/opt/rviz_ogre_vendor/lib:/opt/ros/galactic/lib/x86_64-linux-gnu:/opt/ros/galactic/lib PYTHONPATH=/ROEG/roeg_ws/install/raptor_pdu_msgs/lib/python3.8/site-packages:/ROEG/roeg_ws/install/raptor_dbw_msgs/lib/python3.8/site-packages:/ROEG/roeg_ws/install/roeg/lib/python3.8/site-packages:/ROEG/roeg_ws/install/deep_orange_msgs/lib/python3.8/site-packages:/opt/ros/galactic/lib/python3.8/site-packages /usr/bin/cmake --build /ROEG/roeg_ws/build/raptor_dbw_can -- -j16 -l16
[41.546s] Invoking command in '/ROEG/roeg_ws/build/raptor_dbw_can': CMAKE_PREFIX_PATH=/ROEG/roeg_ws/install/raptor_pdu:/ROEG/roeg_ws/install/raptor_pdu_msgs:/ROEG/roeg_ws/install/raptor_dbw_msgs:/ROEG/roeg_ws/install/can_dbc_parser:/ROEG/roeg_ws/install/raptor_dbw_can:/ROEG/roeg_ws/install/raptor_dbw_joystick:/ROEG/roeg_ws/install/deep_orange_msgs:/ROEG/roeg_ws/install/roeg:/opt/ros/galactic LD_LIBRARY_PATH=/ROEG/roeg_ws/install/raptor_pdu_msgs/lib:/ROEG/roeg_ws/install/raptor_dbw_msgs/lib:/ROEG/roeg_ws/install/can_dbc_parser/lib:/ROEG/roeg_ws/install/deep_orange_msgs/lib:/opt/ros/galactic/opt/yaml_cpp_vendor/lib:/opt/ros/galactic/opt/rviz_ogre_vendor/lib:/opt/ros/galactic/lib/x86_64-linux-gnu:/opt/ros/galactic/lib PYTHONPATH=/ROEG/roeg_ws/install/raptor_pdu_msgs/lib/python3.8/site-packages:/ROEG/roeg_ws/install/raptor_dbw_msgs/lib/python3.8/site-packages:/ROEG/roeg_ws/install/roeg/lib/python3.8/site-packages:/ROEG/roeg_ws/install/deep_orange_msgs/lib/python3.8/site-packages:/opt/ros/galactic/lib/python3.8/site-packages /usr/bin/cmake --install /ROEG/roeg_ws/build/raptor_dbw_can
[41.561s] -- Install configuration: ""
[41.561s] -- Installing: /ROEG/roeg_ws/install/raptor_dbw_can/include
[41.561s] -- Installing: /ROEG/roeg_ws/install/raptor_dbw_can/include/raptor_dbw_can
[41.561s] -- Installing: /ROEG/roeg_ws/install/raptor_dbw_can/include/raptor_dbw_can/dispatch.hpp
[41.561s] -- Installing: /ROEG/roeg_ws/install/raptor_dbw_can/include/raptor_dbw_can/raptor_dbw_can.hpp
[41.561s] -- Installing: /ROEG/roeg_ws/install/raptor_dbw_can/lib/raptor_dbw_can/raptor_dbw_can_node
[41.593s] -- Set runtime path of "/ROEG/roeg_ws/install/raptor_dbw_can/lib/raptor_dbw_can/raptor_dbw_can_node" to ""
[41.593s] -- Installing: /ROEG/roeg_ws/install/raptor_dbw_can/share/raptor_dbw_can/launch
[41.593s] -- Installing: /ROEG/roeg_ws/install/raptor_dbw_can/share/raptor_dbw_can/launch/launch_params.yaml
[41.593s] -- Installing: /ROEG/roeg_ws/install/raptor_dbw_can/share/raptor_dbw_can/launch/New_Eagle_DBW_3.4.dbc
[41.593s] -- Installing: /ROEG/roeg_ws/install/raptor_dbw_can/share/raptor_dbw_can/launch/raptor_dbw_can_launch.py
[41.593s] -- Installing: /ROEG/roeg_ws/install/raptor_dbw_can/share/ament_index/resource_index/package_run_dependencies/raptor_dbw_can
[41.594s] -- Installing: /ROEG/roeg_ws/install/raptor_dbw_can/share/ament_index/resource_index/parent_prefix_path/raptor_dbw_can
[41.594s] -- Installing: /ROEG/roeg_ws/install/raptor_dbw_can/share/raptor_dbw_can/environment/ament_prefix_path.sh
[41.594s] -- Installing: /ROEG/roeg_ws/install/raptor_dbw_can/share/raptor_dbw_can/environment/ament_prefix_path.dsv
[41.594s] -- Installing: /ROEG/roeg_ws/install/raptor_dbw_can/share/raptor_dbw_can/environment/path.sh
[41.594s] -- Installing: /ROEG/roeg_ws/install/raptor_dbw_can/share/raptor_dbw_can/environment/path.dsv
[41.594s] -- Installing: /ROEG/roeg_ws/install/raptor_dbw_can/share/raptor_dbw_can/local_setup.bash
[41.595s] -- Installing: /ROEG/roeg_ws/install/raptor_dbw_can/share/raptor_dbw_can/local_setup.sh
[41.595s] -- Installing: /ROEG/roeg_ws/install/raptor_dbw_can/share/raptor_dbw_can/local_setup.zsh
[41.595s] -- Installing: /ROEG/roeg_ws/install/raptor_dbw_can/share/raptor_dbw_can/local_setup.dsv
[41.595s] -- Installing: /ROEG/roeg_ws/install/raptor_dbw_can/share/raptor_dbw_can/package.dsv
[41.595s] -- Installing: /ROEG/roeg_ws/install/raptor_dbw_can/share/ament_index/resource_index/packages/raptor_dbw_can
[41.596s] -- Installing: /ROEG/roeg_ws/install/raptor_dbw_can/share/raptor_dbw_can/cmake/ament_cmake_export_dependencies-extras.cmake
[41.596s] -- Installing: /ROEG/roeg_ws/install/raptor_dbw_can/share/raptor_dbw_can/cmake/ament_cmake_export_include_directories-extras.cmake
[41.596s] -- Installing: /ROEG/roeg_ws/install/raptor_dbw_can/share/raptor_dbw_can/cmake/raptor_dbw_canConfig.cmake
[41.596s] -- Installing: /ROEG/roeg_ws/install/raptor_dbw_can/share/raptor_dbw_can/cmake/raptor_dbw_canConfig-version.cmake
[41.596s] -- Installing: /ROEG/roeg_ws/install/raptor_dbw_can/share/raptor_dbw_can/package.xml
[41.603s] Invoked command in '/ROEG/roeg_ws/build/raptor_dbw_can' returned '0': CMAKE_PREFIX_PATH=/ROEG/roeg_ws/install/raptor_pdu:/ROEG/roeg_ws/install/raptor_pdu_msgs:/ROEG/roeg_ws/install/raptor_dbw_msgs:/ROEG/roeg_ws/install/can_dbc_parser:/ROEG/roeg_ws/install/raptor_dbw_can:/ROEG/roeg_ws/install/raptor_dbw_joystick:/ROEG/roeg_ws/install/deep_orange_msgs:/ROEG/roeg_ws/install/roeg:/opt/ros/galactic LD_LIBRARY_PATH=/ROEG/roeg_ws/install/raptor_pdu_msgs/lib:/ROEG/roeg_ws/install/raptor_dbw_msgs/lib:/ROEG/roeg_ws/install/can_dbc_parser/lib:/ROEG/roeg_ws/install/deep_orange_msgs/lib:/opt/ros/galactic/opt/yaml_cpp_vendor/lib:/opt/ros/galactic/opt/rviz_ogre_vendor/lib:/opt/ros/galactic/lib/x86_64-linux-gnu:/opt/ros/galactic/lib PYTHONPATH=/ROEG/roeg_ws/install/raptor_pdu_msgs/lib/python3.8/site-packages:/ROEG/roeg_ws/install/raptor_dbw_msgs/lib/python3.8/site-packages:/ROEG/roeg_ws/install/roeg/lib/python3.8/site-packages:/ROEG/roeg_ws/install/deep_orange_msgs/lib/python3.8/site-packages:/opt/ros/galactic/lib/python3.8/site-packages /usr/bin/cmake --install /ROEG/roeg_ws/build/raptor_dbw_can
