[0.187s] Invoking command in '/ROEG/roeg_ws/build/raptor_pdu': CMAKE_PREFIX_PATH=/ROEG/roeg_ws/install/raptor_pdu_msgs:/ROEG/roeg_ws/install/can_dbc_parser:/ROEG/roeg_ws/install/raptor_dbw_can:/ROEG/roeg_ws/install/raptor_pdu:/ROEG/roeg_ws/install/raptor_dbw_joystick:/ROEG/roeg_ws/install/raptor_dbw_msgs:/ROEG/roeg_ws/install/deep_orange_msgs:/ROEG/roeg_ws/install/roeg:/opt/ros/galactic LD_LIBRARY_PATH=/ROEG/roeg_ws/install/raptor_pdu_msgs/lib:/ROEG/roeg_ws/install/can_dbc_parser/lib:/ROEG/roeg_ws/install/raptor_dbw_msgs/lib:/ROEG/roeg_ws/install/deep_orange_msgs/lib:/opt/ros/galactic/opt/yaml_cpp_vendor/lib:/opt/ros/galactic/opt/rviz_ogre_vendor/lib:/opt/ros/galactic/lib/x86_64-linux-gnu:/opt/ros/galactic/lib PYTHONPATH=/ROEG/roeg_ws/install/raptor_pdu_msgs/lib/python3.8/site-packages:/ROEG/roeg_ws/install/roeg/lib/python3.8/site-packages:/ROEG/roeg_ws/install/raptor_dbw_msgs/lib/python3.8/site-packages:/ROEG/roeg_ws/install/deep_orange_msgs/lib/python3.8/site-packages:/opt/ros/galactic/lib/python3.8/site-packages /usr/bin/cmake /ROEG/roeg_ws/src/raptor-dbw-ros2/raptor_pdu -DCMAKE_INSTALL_PREFIX=/ROEG/roeg_ws/install/raptor_pdu
[0.504s] -- The C compiler identification is GNU 9.4.0
[0.620s] -- The CXX compiler identification is GNU 9.4.0
[0.627s] -- Check for working C compiler: /usr/bin/cc
[0.749s] -- Check for working C compiler: /usr/bin/cc -- works
[0.751s] -- Detecting C compiler ABI info
[0.886s] -- Detecting C compiler ABI info - done
[0.902s] -- Detecting C compile features
[0.902s] -- Detecting C compile features - done
[0.906s] -- Check for working CXX compiler: /usr/bin/c++
[1.354s] -- Check for working CXX compiler: /usr/bin/c++ -- works
[1.354s] -- Detecting CXX compiler ABI info
[1.730s] -- Detecting CXX compiler ABI info - done
[1.758s] -- Detecting CXX compile features
[1.759s] -- Detecting CXX compile features - done
[1.778s] -- Found ament_cmake_auto: 1.1.6 (/opt/ros/galactic/share/ament_cmake_auto/cmake)
[1.912s] -- Found PythonInterp: /usr/bin/python3 (found suitable version "3.8.10", minimum required is "3") 
[1.913s] -- Using PYTHON_EXECUTABLE: /usr/bin/python3
[2.432s] -- Using all available rosidl_typesupport_c: rosidl_typesupport_fastrtps_c;rosidl_typesupport_introspection_c
[2.449s] -- Found rosidl_adapter: 2.2.3 (/opt/ros/galactic/share/rosidl_adapter/cmake)
[2.726s] -- Found OpenSSL: /usr/lib/x86_64-linux-gnu/libcrypto.so (found version "1.1.1f")  
[2.825s] -- Found FastRTPS: /opt/ros/galactic/include  
[3.021s] -- Using all available rosidl_typesupport_cpp: rosidl_typesupport_fastrtps_cpp;rosidl_typesupport_introspection_cpp
[3.157s] -- Found rmw_implementation_cmake: 3.3.1 (/opt/ros/galactic/share/rmw_implementation_cmake/cmake)
[3.168s] -- Found rmw_cyclonedds_cpp: 0.22.6 (/opt/ros/galactic/share/rmw_cyclonedds_cpp/cmake)
[3.196s] -- Using RMW implementation 'rmw_cyclonedds_cpp' as default
[3.200s] -- Looking for pthread.h
[3.371s] -- Looking for pthread.h - found
[3.372s] -- Performing Test CMAKE_HAVE_LIBC_PTHREAD
[3.536s] -- Performing Test CMAKE_HAVE_LIBC_PTHREAD - Failed
[3.537s] -- Looking for pthread_create in pthreads
[3.798s] -- Looking for pthread_create in pthreads - not found
[3.798s] -- Looking for pthread_create in pthread
[4.103s] -- Looking for pthread_create in pthread - found
[4.105s] -- Found Threads: TRUE  
[4.582s] -- Found ament_lint_auto: 0.10.7 (/opt/ros/galactic/share/ament_lint_auto/cmake)
[4.624s] -- Added test 'copyright' to check source files copyright and LICENSE
[4.628s] -- Added test 'cppcheck' to perform static code analysis on C / C++ code
[4.628s] -- Configured cppcheck include dirs: /ROEG/roeg_ws/src/raptor-dbw-ros2/raptor_pdu/include
[4.629s] -- Configured cppcheck exclude dirs and/or files: 
[4.632s] -- Added test 'cpplint' to check C / C++ code against the Google style
[4.632s] -- Configured cpplint exclude dirs and/or files: 
[4.634s] -- Added test 'flake8' to check Python code syntax and style conventions
[4.636s] -- Added test 'lint_cmake' to check CMake code style
[4.637s] -- Added test 'pep257' to check Python code against some of the style conventions in PEP 257
[4.640s] -- Added test 'uncrustify' to check C / C++ code style
[4.640s] -- Configured uncrustify additional arguments: 
[4.643s] -- Added test 'xmllint' to check XML markup files
[4.659s] -- Configuring done
[4.685s] -- Generating done
[4.696s] -- Build files have been written to: /ROEG/roeg_ws/build/raptor_pdu
[4.733s] Invoked command in '/ROEG/roeg_ws/build/raptor_pdu' returned '0': CMAKE_PREFIX_PATH=/ROEG/roeg_ws/install/raptor_pdu_msgs:/ROEG/roeg_ws/install/can_dbc_parser:/ROEG/roeg_ws/install/raptor_dbw_can:/ROEG/roeg_ws/install/raptor_pdu:/ROEG/roeg_ws/install/raptor_dbw_joystick:/ROEG/roeg_ws/install/raptor_dbw_msgs:/ROEG/roeg_ws/install/deep_orange_msgs:/ROEG/roeg_ws/install/roeg:/opt/ros/galactic LD_LIBRARY_PATH=/ROEG/roeg_ws/install/raptor_pdu_msgs/lib:/ROEG/roeg_ws/install/can_dbc_parser/lib:/ROEG/roeg_ws/install/raptor_dbw_msgs/lib:/ROEG/roeg_ws/install/deep_orange_msgs/lib:/opt/ros/galactic/opt/yaml_cpp_vendor/lib:/opt/ros/galactic/opt/rviz_ogre_vendor/lib:/opt/ros/galactic/lib/x86_64-linux-gnu:/opt/ros/galactic/lib PYTHONPATH=/ROEG/roeg_ws/install/raptor_pdu_msgs/lib/python3.8/site-packages:/ROEG/roeg_ws/install/roeg/lib/python3.8/site-packages:/ROEG/roeg_ws/install/raptor_dbw_msgs/lib/python3.8/site-packages:/ROEG/roeg_ws/install/deep_orange_msgs/lib/python3.8/site-packages:/opt/ros/galactic/lib/python3.8/site-packages /usr/bin/cmake /ROEG/roeg_ws/src/raptor-dbw-ros2/raptor_pdu -DCMAKE_INSTALL_PREFIX=/ROEG/roeg_ws/install/raptor_pdu
[4.734s] Invoking command in '/ROEG/roeg_ws/build/raptor_pdu': CMAKE_PREFIX_PATH=/ROEG/roeg_ws/install/raptor_pdu_msgs:/ROEG/roeg_ws/install/can_dbc_parser:/ROEG/roeg_ws/install/raptor_dbw_can:/ROEG/roeg_ws/install/raptor_pdu:/ROEG/roeg_ws/install/raptor_dbw_joystick:/ROEG/roeg_ws/install/raptor_dbw_msgs:/ROEG/roeg_ws/install/deep_orange_msgs:/ROEG/roeg_ws/install/roeg:/opt/ros/galactic LD_LIBRARY_PATH=/ROEG/roeg_ws/install/raptor_pdu_msgs/lib:/ROEG/roeg_ws/install/can_dbc_parser/lib:/ROEG/roeg_ws/install/raptor_dbw_msgs/lib:/ROEG/roeg_ws/install/deep_orange_msgs/lib:/opt/ros/galactic/opt/yaml_cpp_vendor/lib:/opt/ros/galactic/opt/rviz_ogre_vendor/lib:/opt/ros/galactic/lib/x86_64-linux-gnu:/opt/ros/galactic/lib PYTHONPATH=/ROEG/roeg_ws/install/raptor_pdu_msgs/lib/python3.8/site-packages:/ROEG/roeg_ws/install/roeg/lib/python3.8/site-packages:/ROEG/roeg_ws/install/raptor_dbw_msgs/lib/python3.8/site-packages:/ROEG/roeg_ws/install/deep_orange_msgs/lib/python3.8/site-packages:/opt/ros/galactic/lib/python3.8/site-packages /usr/bin/cmake --build /ROEG/roeg_ws/build/raptor_pdu -- -j16 -l16
[4.914s] [35m[1mScanning dependencies of target raptor_pdu_node[0m
[5.111s] [ 33%] [32mBuilding CXX object CMakeFiles/raptor_pdu_node.dir/src/raptor_pdu_node.cpp.o[0m
[5.146s] [ 66%] [32mBuilding CXX object CMakeFiles/raptor_pdu_node.dir/src/raptor_pdu.cpp.o[0m
[18.022s] [100%] [32m[1mLinking CXX executable raptor_pdu_node[0m
[18.467s] [100%] Built target raptor_pdu_node
[18.480s] Invoked command in '/ROEG/roeg_ws/build/raptor_pdu' returned '0': CMAKE_PREFIX_PATH=/ROEG/roeg_ws/install/raptor_pdu_msgs:/ROEG/roeg_ws/install/can_dbc_parser:/ROEG/roeg_ws/install/raptor_dbw_can:/ROEG/roeg_ws/install/raptor_pdu:/ROEG/roeg_ws/install/raptor_dbw_joystick:/ROEG/roeg_ws/install/raptor_dbw_msgs:/ROEG/roeg_ws/install/deep_orange_msgs:/ROEG/roeg_ws/install/roeg:/opt/ros/galactic LD_LIBRARY_PATH=/ROEG/roeg_ws/install/raptor_pdu_msgs/lib:/ROEG/roeg_ws/install/can_dbc_parser/lib:/ROEG/roeg_ws/install/raptor_dbw_msgs/lib:/ROEG/roeg_ws/install/deep_orange_msgs/lib:/opt/ros/galactic/opt/yaml_cpp_vendor/lib:/opt/ros/galactic/opt/rviz_ogre_vendor/lib:/opt/ros/galactic/lib/x86_64-linux-gnu:/opt/ros/galactic/lib PYTHONPATH=/ROEG/roeg_ws/install/raptor_pdu_msgs/lib/python3.8/site-packages:/ROEG/roeg_ws/install/roeg/lib/python3.8/site-packages:/ROEG/roeg_ws/install/raptor_dbw_msgs/lib/python3.8/site-packages:/ROEG/roeg_ws/install/deep_orange_msgs/lib/python3.8/site-packages:/opt/ros/galactic/lib/python3.8/site-packages /usr/bin/cmake --build /ROEG/roeg_ws/build/raptor_pdu -- -j16 -l16
[18.520s] Invoking command in '/ROEG/roeg_ws/build/raptor_pdu': CMAKE_PREFIX_PATH=/ROEG/roeg_ws/install/raptor_pdu_msgs:/ROEG/roeg_ws/install/can_dbc_parser:/ROEG/roeg_ws/install/raptor_dbw_can:/ROEG/roeg_ws/install/raptor_pdu:/ROEG/roeg_ws/install/raptor_dbw_joystick:/ROEG/roeg_ws/install/raptor_dbw_msgs:/ROEG/roeg_ws/install/deep_orange_msgs:/ROEG/roeg_ws/install/roeg:/opt/ros/galactic LD_LIBRARY_PATH=/ROEG/roeg_ws/install/raptor_pdu_msgs/lib:/ROEG/roeg_ws/install/can_dbc_parser/lib:/ROEG/roeg_ws/install/raptor_dbw_msgs/lib:/ROEG/roeg_ws/install/deep_orange_msgs/lib:/opt/ros/galactic/opt/yaml_cpp_vendor/lib:/opt/ros/galactic/opt/rviz_ogre_vendor/lib:/opt/ros/galactic/lib/x86_64-linux-gnu:/opt/ros/galactic/lib PYTHONPATH=/ROEG/roeg_ws/install/raptor_pdu_msgs/lib/python3.8/site-packages:/ROEG/roeg_ws/install/roeg/lib/python3.8/site-packages:/ROEG/roeg_ws/install/raptor_dbw_msgs/lib/python3.8/site-packages:/ROEG/roeg_ws/install/deep_orange_msgs/lib/python3.8/site-packages:/opt/ros/galactic/lib/python3.8/site-packages /usr/bin/cmake --install /ROEG/roeg_ws/build/raptor_pdu
[18.531s] -- Install configuration: ""
[18.532s] -- Installing: /ROEG/roeg_ws/install/raptor_pdu/include
[18.532s] -- Installing: /ROEG/roeg_ws/install/raptor_pdu/include/raptor_pdu
[18.532s] -- Installing: /ROEG/roeg_ws/install/raptor_pdu/include/raptor_pdu/raptor_pdu.hpp
[18.532s] -- Installing: /ROEG/roeg_ws/install/raptor_pdu/lib/raptor_pdu/raptor_pdu_node
[18.538s] -- Set runtime path of "/ROEG/roeg_ws/install/raptor_pdu/lib/raptor_pdu/raptor_pdu_node" to ""
[18.539s] -- Installing: /ROEG/roeg_ws/install/raptor_pdu/share/raptor_pdu/launch
[18.539s] -- Installing: /ROEG/roeg_ws/install/raptor_pdu/share/raptor_pdu/launch/raptor_pdu_launch.py
[18.539s] -- Installing: /ROEG/roeg_ws/install/raptor_pdu/share/raptor_pdu/launch/raptor_PDU_dbc.dbc
[18.539s] -- Installing: /ROEG/roeg_ws/install/raptor_pdu/share/ament_index/resource_index/package_run_dependencies/raptor_pdu
[18.539s] -- Installing: /ROEG/roeg_ws/install/raptor_pdu/share/ament_index/resource_index/parent_prefix_path/raptor_pdu
[18.540s] -- Installing: /ROEG/roeg_ws/install/raptor_pdu/share/raptor_pdu/environment/ament_prefix_path.sh
[18.540s] -- Installing: /ROEG/roeg_ws/install/raptor_pdu/share/raptor_pdu/environment/ament_prefix_path.dsv
[18.540s] -- Installing: /ROEG/roeg_ws/install/raptor_pdu/share/raptor_pdu/environment/path.sh
[18.540s] -- Installing: /ROEG/roeg_ws/install/raptor_pdu/share/raptor_pdu/environment/path.dsv
[18.540s] -- Installing: /ROEG/roeg_ws/install/raptor_pdu/share/raptor_pdu/local_setup.bash
[18.540s] -- Installing: /ROEG/roeg_ws/install/raptor_pdu/share/raptor_pdu/local_setup.sh
[18.541s] -- Installing: /ROEG/roeg_ws/install/raptor_pdu/share/raptor_pdu/local_setup.zsh
[18.541s] -- Installing: /ROEG/roeg_ws/install/raptor_pdu/share/raptor_pdu/local_setup.dsv
[18.541s] -- Installing: /ROEG/roeg_ws/install/raptor_pdu/share/raptor_pdu/package.dsv
[18.541s] -- Installing: /ROEG/roeg_ws/install/raptor_pdu/share/ament_index/resource_index/packages/raptor_pdu
[18.541s] -- Installing: /ROEG/roeg_ws/install/raptor_pdu/share/raptor_pdu/cmake/ament_cmake_export_dependencies-extras.cmake
[18.542s] -- Installing: /ROEG/roeg_ws/install/raptor_pdu/share/raptor_pdu/cmake/ament_cmake_export_include_directories-extras.cmake
[18.542s] -- Installing: /ROEG/roeg_ws/install/raptor_pdu/share/raptor_pdu/cmake/raptor_pduConfig.cmake
[18.542s] -- Installing: /ROEG/roeg_ws/install/raptor_pdu/share/raptor_pdu/cmake/raptor_pduConfig-version.cmake
[18.542s] -- Installing: /ROEG/roeg_ws/install/raptor_pdu/share/raptor_pdu/package.xml
[18.546s] Invoked command in '/ROEG/roeg_ws/build/raptor_pdu' returned '0': CMAKE_PREFIX_PATH=/ROEG/roeg_ws/install/raptor_pdu_msgs:/ROEG/roeg_ws/install/can_dbc_parser:/ROEG/roeg_ws/install/raptor_dbw_can:/ROEG/roeg_ws/install/raptor_pdu:/ROEG/roeg_ws/install/raptor_dbw_joystick:/ROEG/roeg_ws/install/raptor_dbw_msgs:/ROEG/roeg_ws/install/deep_orange_msgs:/ROEG/roeg_ws/install/roeg:/opt/ros/galactic LD_LIBRARY_PATH=/ROEG/roeg_ws/install/raptor_pdu_msgs/lib:/ROEG/roeg_ws/install/can_dbc_parser/lib:/ROEG/roeg_ws/install/raptor_dbw_msgs/lib:/ROEG/roeg_ws/install/deep_orange_msgs/lib:/opt/ros/galactic/opt/yaml_cpp_vendor/lib:/opt/ros/galactic/opt/rviz_ogre_vendor/lib:/opt/ros/galactic/lib/x86_64-linux-gnu:/opt/ros/galactic/lib PYTHONPATH=/ROEG/roeg_ws/install/raptor_pdu_msgs/lib/python3.8/site-packages:/ROEG/roeg_ws/install/roeg/lib/python3.8/site-packages:/ROEG/roeg_ws/install/raptor_dbw_msgs/lib/python3.8/site-packages:/ROEG/roeg_ws/install/deep_orange_msgs/lib/python3.8/site-packages:/opt/ros/galactic/lib/python3.8/site-packages /usr/bin/cmake --install /ROEG/roeg_ws/build/raptor_pdu
