[0.045s] Invoking command in '/ROEG/roeg_ws/build/deep_orange_msgs': CMAKE_PREFIX_PATH=${CMAKE_PREFIX_PATH}:/ROEG/roeg_ws/install/roeg:/opt/ros/galactic /usr/bin/cmake /ROEG/roeg_ws/src/deep_orange_msgs -DCMAKE_INSTALL_PREFIX=/ROEG/roeg_ws/install/deep_orange_msgs
[0.152s] -- The C compiler identification is GNU 9.4.0
[0.256s] -- The CXX compiler identification is GNU 9.4.0
[0.262s] -- Check for working C compiler: /usr/bin/cc
[0.387s] -- Check for working C compiler: /usr/bin/cc -- works
[0.387s] -- Detecting C compiler ABI info
[0.512s] -- Detecting C compiler ABI info - done
[0.524s] -- Detecting C compile features
[0.524s] -- Detecting C compile features - done
[0.526s] -- Check for working CXX compiler: /usr/bin/c++
[0.668s] -- Check for working CXX compiler: /usr/bin/c++ -- works
[0.669s] -- Detecting CXX compiler ABI info
[0.817s] -- Detecting CXX compiler ABI info - done
[0.828s] -- Detecting CXX compile features
[0.829s] -- Detecting CXX compile features - done
[0.835s] -- Found ament_cmake: 1.1.6 (/opt/ros/galactic/share/ament_cmake/cmake)
[0.864s] -- Found PythonInterp: /usr/bin/python3 (found suitable version "3.8.10", minimum required is "3") 
[0.864s] -- Using PYTHON_EXECUTABLE: /usr/bin/python3
[0.994s] -- Found builtin_interfaces: 1.0.3 (/opt/ros/galactic/share/builtin_interfaces/cmake)
[1.033s] -- Using all available rosidl_typesupport_c: rosidl_typesupport_fastrtps_c;rosidl_typesupport_introspection_c
[1.041s] -- Found rosidl_adapter: 2.2.3 (/opt/ros/galactic/share/rosidl_adapter/cmake)
[1.193s] -- Found OpenSSL: /usr/lib/x86_64-linux-gnu/libcrypto.so (found version "1.1.1f")  
[1.237s] -- Found FastRTPS: /opt/ros/galactic/include  
[1.347s] -- Using all available rosidl_typesupport_cpp: rosidl_typesupport_fastrtps_cpp;rosidl_typesupport_introspection_cpp
[1.384s] -- Found rosidl_default_generators: 1.1.1 (/opt/ros/galactic/share/rosidl_default_generators/cmake)
[1.398s] -- Found std_msgs: 2.2.4 (/opt/ros/galactic/share/std_msgs/cmake)
[1.451s] -- Found PythonInterp: /usr/bin/python3 (found version "3.8.10") 
[1.673s] -- Found ament_cmake_cppcheck: 0.10.7 (/opt/ros/galactic/share/ament_cmake_cppcheck/cmake)
[1.678s] -- Found ament_cmake_cpplint: 0.10.7 (/opt/ros/galactic/share/ament_cmake_cpplint/cmake)
[1.681s] -- Found ament_cmake_uncrustify: 0.10.7 (/opt/ros/galactic/share/ament_cmake_uncrustify/cmake)
[1.685s] -- Found ament_cmake_ros: 0.9.2 (/opt/ros/galactic/share/ament_cmake_ros/cmake)
[1.919s] -- Using all available rosidl_typesupport_c: rosidl_typesupport_fastrtps_c;rosidl_typesupport_introspection_c
[1.993s] -- Using all available rosidl_typesupport_cpp: rosidl_typesupport_fastrtps_cpp;rosidl_typesupport_introspection_cpp
[2.033s] -- Found PythonInterp: /usr/bin/python3 (found suitable version "3.8.10", minimum required is "3.5") 
[2.036s] -- Found python_cmake_module: 0.8.1 (/opt/ros/galactic/share/python_cmake_module/cmake)
[2.061s] -- Found PythonLibs: /usr/lib/x86_64-linux-gnu/libpython3.8.so (found suitable version "3.8.10", minimum required is "3.5") 
[2.061s] -- Using PYTHON_EXECUTABLE: /usr/bin/python3
[2.062s] -- Using PYTHON_INCLUDE_DIRS: /usr/include/python3.8
[2.062s] -- Using PYTHON_LIBRARIES: /usr/lib/x86_64-linux-gnu/libpython3.8.so
[2.087s] -- Found PythonExtra: .so  
[2.299s] -- Using numpy include directory: /usr/local/lib/python3.8/dist-packages/numpy/core/include
[2.323s] -- Found ament_cmake_flake8: 0.10.7 (/opt/ros/galactic/share/ament_cmake_flake8/cmake)
[2.326s] -- Found ament_cmake_pep257: 0.10.7 (/opt/ros/galactic/share/ament_cmake_pep257/cmake)
[2.332s] -- Found ament_lint_auto: 0.10.7 (/opt/ros/galactic/share/ament_lint_auto/cmake)
[2.366s] -- Added test 'copyright' to check source files copyright and LICENSE
[2.368s] -- Added test 'lint_cmake' to check CMake code style
[2.369s] -- Added test 'xmllint' to check XML markup files
[2.378s] -- Configuring done
[2.465s] -- Generating done
[2.470s] -- Build files have been written to: /ROEG/roeg_ws/build/deep_orange_msgs
[2.496s] Invoked command in '/ROEG/roeg_ws/build/deep_orange_msgs' returned '0': CMAKE_PREFIX_PATH=${CMAKE_PREFIX_PATH}:/ROEG/roeg_ws/install/roeg:/opt/ros/galactic /usr/bin/cmake /ROEG/roeg_ws/src/deep_orange_msgs -DCMAKE_INSTALL_PREFIX=/ROEG/roeg_ws/install/deep_orange_msgs
[2.497s] Invoking command in '/ROEG/roeg_ws/build/deep_orange_msgs': CMAKE_PREFIX_PATH=${CMAKE_PREFIX_PATH}:/ROEG/roeg_ws/install/roeg:/opt/ros/galactic /usr/bin/cmake --build /ROEG/roeg_ws/build/deep_orange_msgs -- -j16 -l16
[2.574s] [  1%] [34m[1mGenerating C code for ROS interfaces[0m
[2.574s] [35m[1mScanning dependencies of target deep_orange_msgs__cpp[0m
[2.595s] [  1%] [34m[1mGenerating C++ code for ROS interfaces[0m
[4.557s] [  1%] Built target deep_orange_msgs__cpp
[4.566s] [35m[1mScanning dependencies of target deep_orange_msgs__rosidl_generator_c[0m
[4.571s] [  2%] [34m[1mGenerating C++ introspection for ROS interfaces[0m
[4.572s] [  2%] [34m[1mGenerating C++ type support dispatch for ROS interfaces[0m
[4.578s] [  3%] [34m[1mGenerating C++ type support for eProsima Fast-RTPS[0m
[4.606s] [  5%] [32mBuilding C object CMakeFiles/deep_orange_msgs__rosidl_generator_c.dir/rosidl_generator_c/deep_orange_msgs/msg/detail/brake_temp_report__functions.c.o[0m
[4.607s] [  5%] [32mBuilding C object CMakeFiles/deep_orange_msgs__rosidl_generator_c.dir/rosidl_generator_c/deep_orange_msgs/msg/detail/tire_temp__functions.c.o[0m
[4.607s] [  5%] [32mBuilding C object CMakeFiles/deep_orange_msgs__rosidl_generator_c.dir/rosidl_generator_c/deep_orange_msgs/msg/detail/tire_temp_report__functions.c.o[0m
[4.613s] [  5%] [32mBuilding C object CMakeFiles/deep_orange_msgs__rosidl_generator_c.dir/rosidl_generator_c/deep_orange_msgs/msg/detail/base_to_car_summary__functions.c.o[0m
[4.613s] [  6%] [32mBuilding C object CMakeFiles/deep_orange_msgs__rosidl_generator_c.dir/rosidl_generator_c/deep_orange_msgs/msg/detail/coordinates__functions.c.o[0m
[4.613s] [  6%] [32mBuilding C object CMakeFiles/deep_orange_msgs__rosidl_generator_c.dir/rosidl_generator_c/deep_orange_msgs/msg/detail/ct_report__functions.c.o[0m
[4.613s] [  7%] [32mBuilding C object CMakeFiles/deep_orange_msgs__rosidl_generator_c.dir/rosidl_generator_c/deep_orange_msgs/msg/detail/rc_to_ct__functions.c.o[0m
[4.615s] [  9%] [32mBuilding C object CMakeFiles/deep_orange_msgs__rosidl_generator_c.dir/rosidl_generator_c/deep_orange_msgs/msg/detail/tire_report__functions.c.o[0m
[4.615s] [  9%] [32mBuilding C object CMakeFiles/deep_orange_msgs__rosidl_generator_c.dir/rosidl_generator_c/deep_orange_msgs/msg/detail/diagnostic_report__functions.c.o[0m
[4.616s] [  9%] [32mBuilding C object CMakeFiles/deep_orange_msgs__rosidl_generator_c.dir/rosidl_generator_c/deep_orange_msgs/msg/detail/pt_report__functions.c.o[0m
[4.620s] [ 10%] [32mBuilding C object CMakeFiles/deep_orange_msgs__rosidl_generator_c.dir/rosidl_generator_c/deep_orange_msgs/msg/detail/telemetry__functions.c.o[0m
[4.622s] [ 11%] [32mBuilding C object CMakeFiles/deep_orange_msgs__rosidl_generator_c.dir/rosidl_generator_c/deep_orange_msgs/msg/detail/misc_report__functions.c.o[0m
[4.634s] [ 11%] [32mBuilding C object CMakeFiles/deep_orange_msgs__rosidl_generator_c.dir/rosidl_generator_c/deep_orange_msgs/msg/detail/joystick_command__functions.c.o[0m
[4.699s] [ 12%] [32mBuilding C object CMakeFiles/deep_orange_msgs__rosidl_generator_c.dir/rosidl_generator_c/deep_orange_msgs/msg/detail/lap_time_report__functions.c.o[0m
[4.713s] [ 12%] [32mBuilding C object CMakeFiles/deep_orange_msgs__rosidl_generator_c.dir/rosidl_generator_c/deep_orange_msgs/msg/detail/my_laps_report__functions.c.o[0m
[4.731s] [ 13%] [32mBuilding C object CMakeFiles/deep_orange_msgs__rosidl_generator_c.dir/rosidl_generator_c/deep_orange_msgs/msg/detail/marelli_report__functions.c.o[0m
[4.737s] [ 13%] [32mBuilding C object CMakeFiles/deep_orange_msgs__rosidl_generator_c.dir/rosidl_generator_c/deep_orange_msgs/msg/detail/race_control_report__functions.c.o[0m
[4.791s] [ 14%] [32m[1mLinking C shared library libdeep_orange_msgs__rosidl_generator_c.so[0m
[4.846s] [ 14%] Built target deep_orange_msgs__rosidl_generator_c
[4.859s] [ 15%] [34m[1mGenerating C introspection for ROS interfaces[0m
[4.860s] [ 16%] [34m[1mGenerating C type support dispatch for ROS interfaces[0m
[5.630s] [35m[1mScanning dependencies of target deep_orange_msgs__rosidl_typesupport_cpp[0m
[5.675s] [ 17%] [32mBuilding CXX object CMakeFiles/deep_orange_msgs__rosidl_typesupport_cpp.dir/rosidl_typesupport_cpp/deep_orange_msgs/msg/base_to_car_summary__type_support.cpp.o[0m
[5.675s] [ 17%] [32mBuilding CXX object CMakeFiles/deep_orange_msgs__rosidl_typesupport_cpp.dir/rosidl_typesupport_cpp/deep_orange_msgs/msg/coordinates__type_support.cpp.o[0m
[5.676s] [ 18%] [32mBuilding CXX object CMakeFiles/deep_orange_msgs__rosidl_typesupport_cpp.dir/rosidl_typesupport_cpp/deep_orange_msgs/msg/brake_temp_report__type_support.cpp.o[0m
[5.686s] [ 19%] [32mBuilding CXX object CMakeFiles/deep_orange_msgs__rosidl_typesupport_cpp.dir/rosidl_typesupport_cpp/deep_orange_msgs/msg/misc_report__type_support.cpp.o[0m
[5.688s] [35m[1mScanning dependencies of target deep_orange_msgs__rosidl_typesupport_introspection_cpp[0m
[5.695s] [ 19%] [32mBuilding CXX object CMakeFiles/deep_orange_msgs__rosidl_typesupport_cpp.dir/rosidl_typesupport_cpp/deep_orange_msgs/msg/ct_report__type_support.cpp.o[0m
[5.726s] [ 20%] [32mBuilding CXX object CMakeFiles/deep_orange_msgs__rosidl_typesupport_cpp.dir/rosidl_typesupport_cpp/deep_orange_msgs/msg/pt_report__type_support.cpp.o[0m
[5.732s] [35m[1mScanning dependencies of target deep_orange_msgs__rosidl_typesupport_c[0m
[5.780s] [ 20%] [32mBuilding CXX object CMakeFiles/deep_orange_msgs__rosidl_typesupport_cpp.dir/rosidl_typesupport_cpp/deep_orange_msgs/msg/rc_to_ct__type_support.cpp.o[0m
[5.781s] [ 20%] [32mBuilding CXX object CMakeFiles/deep_orange_msgs__rosidl_typesupport_cpp.dir/rosidl_typesupport_cpp/deep_orange_msgs/msg/tire_temp_report__type_support.cpp.o[0m
[5.786s] [ 21%] [32mBuilding CXX object CMakeFiles/deep_orange_msgs__rosidl_typesupport_introspection_cpp.dir/rosidl_typesupport_introspection_cpp/deep_orange_msgs/msg/detail/base_to_car_summary__type_support.cpp.o[0m
[5.789s] [ 22%] [32mBuilding CXX object CMakeFiles/deep_orange_msgs__rosidl_typesupport_cpp.dir/rosidl_typesupport_cpp/deep_orange_msgs/msg/tire_temp__type_support.cpp.o[0m
[5.793s] [ 23%] [32mBuilding CXX object CMakeFiles/deep_orange_msgs__rosidl_typesupport_cpp.dir/rosidl_typesupport_cpp/deep_orange_msgs/msg/tire_report__type_support.cpp.o[0m
[5.810s] [ 23%] [32mBuilding CXX object CMakeFiles/deep_orange_msgs__rosidl_typesupport_introspection_cpp.dir/rosidl_typesupport_introspection_cpp/deep_orange_msgs/msg/detail/brake_temp_report__type_support.cpp.o[0m
[5.824s] [ 24%] [32mBuilding CXX object CMakeFiles/deep_orange_msgs__rosidl_typesupport_cpp.dir/rosidl_typesupport_cpp/deep_orange_msgs/msg/telemetry__type_support.cpp.o[0m
[5.845s] [ 24%] [32mBuilding CXX object CMakeFiles/deep_orange_msgs__rosidl_typesupport_c.dir/rosidl_typesupport_c/deep_orange_msgs/msg/base_to_car_summary__type_support.cpp.o[0m
[6.036s] [ 25%] [32mBuilding CXX object CMakeFiles/deep_orange_msgs__rosidl_typesupport_c.dir/rosidl_typesupport_c/deep_orange_msgs/msg/brake_temp_report__type_support.cpp.o[0m
[6.123s] [ 26%] [32mBuilding CXX object CMakeFiles/deep_orange_msgs__rosidl_typesupport_c.dir/rosidl_typesupport_c/deep_orange_msgs/msg/coordinates__type_support.cpp.o[0m
[6.180s] [ 26%] [32mBuilding CXX object CMakeFiles/deep_orange_msgs__rosidl_typesupport_c.dir/rosidl_typesupport_c/deep_orange_msgs/msg/ct_report__type_support.cpp.o[0m
[6.290s] [ 27%] [32mBuilding CXX object CMakeFiles/deep_orange_msgs__rosidl_typesupport_c.dir/rosidl_typesupport_c/deep_orange_msgs/msg/misc_report__type_support.cpp.o[0m
[6.315s] [ 27%] [32mBuilding CXX object CMakeFiles/deep_orange_msgs__rosidl_typesupport_cpp.dir/rosidl_typesupport_cpp/deep_orange_msgs/msg/joystick_command__type_support.cpp.o[0m
[6.387s] [ 27%] [32mBuilding CXX object CMakeFiles/deep_orange_msgs__rosidl_typesupport_c.dir/rosidl_typesupport_c/deep_orange_msgs/msg/pt_report__type_support.cpp.o[0m
[6.392s] [ 28%] [32mBuilding CXX object CMakeFiles/deep_orange_msgs__rosidl_typesupport_cpp.dir/rosidl_typesupport_cpp/deep_orange_msgs/msg/diagnostic_report__type_support.cpp.o[0m
[6.411s] [ 29%] [32mBuilding CXX object CMakeFiles/deep_orange_msgs__rosidl_typesupport_c.dir/rosidl_typesupport_c/deep_orange_msgs/msg/rc_to_ct__type_support.cpp.o[0m
[6.427s] [ 30%] [32mBuilding CXX object CMakeFiles/deep_orange_msgs__rosidl_typesupport_c.dir/rosidl_typesupport_c/deep_orange_msgs/msg/tire_report__type_support.cpp.o[0m
[6.448s] [ 31%] [32mBuilding CXX object CMakeFiles/deep_orange_msgs__rosidl_typesupport_introspection_cpp.dir/rosidl_typesupport_introspection_cpp/deep_orange_msgs/msg/detail/coordinates__type_support.cpp.o[0m
[6.450s] [ 32%] [32mBuilding CXX object CMakeFiles/deep_orange_msgs__rosidl_typesupport_cpp.dir/rosidl_typesupport_cpp/deep_orange_msgs/msg/lap_time_report__type_support.cpp.o[0m
[6.480s] [ 33%] [32mBuilding CXX object CMakeFiles/deep_orange_msgs__rosidl_typesupport_introspection_cpp.dir/rosidl_typesupport_introspection_cpp/deep_orange_msgs/msg/detail/ct_report__type_support.cpp.o[0m
[6.498s] [ 33%] [32mBuilding CXX object CMakeFiles/deep_orange_msgs__rosidl_typesupport_cpp.dir/rosidl_typesupport_cpp/deep_orange_msgs/msg/my_laps_report__type_support.cpp.o[0m
[6.516s] [ 34%] [32mBuilding CXX object CMakeFiles/deep_orange_msgs__rosidl_typesupport_c.dir/rosidl_typesupport_c/deep_orange_msgs/msg/tire_temp__type_support.cpp.o[0m
[6.517s] [ 34%] [32mBuilding CXX object CMakeFiles/deep_orange_msgs__rosidl_typesupport_introspection_cpp.dir/rosidl_typesupport_introspection_cpp/deep_orange_msgs/msg/detail/misc_report__type_support.cpp.o[0m
[6.517s] [ 34%] [32mBuilding CXX object CMakeFiles/deep_orange_msgs__rosidl_typesupport_c.dir/rosidl_typesupport_c/deep_orange_msgs/msg/tire_temp_report__type_support.cpp.o[0m
[6.531s] [ 35%] [32mBuilding CXX object CMakeFiles/deep_orange_msgs__rosidl_typesupport_c.dir/rosidl_typesupport_c/deep_orange_msgs/msg/telemetry__type_support.cpp.o[0m
[6.539s] [ 36%] [32mBuilding CXX object CMakeFiles/deep_orange_msgs__rosidl_typesupport_cpp.dir/rosidl_typesupport_cpp/deep_orange_msgs/msg/marelli_report__type_support.cpp.o[0m
[6.578s] [ 37%] [32mBuilding CXX object CMakeFiles/deep_orange_msgs__rosidl_typesupport_cpp.dir/rosidl_typesupport_cpp/deep_orange_msgs/msg/race_control_report__type_support.cpp.o[0m
[6.636s] [ 37%] [32mBuilding CXX object CMakeFiles/deep_orange_msgs__rosidl_typesupport_c.dir/rosidl_typesupport_c/deep_orange_msgs/msg/joystick_command__type_support.cpp.o[0m
[6.648s] [ 38%] [32mBuilding CXX object CMakeFiles/deep_orange_msgs__rosidl_typesupport_c.dir/rosidl_typesupport_c/deep_orange_msgs/msg/diagnostic_report__type_support.cpp.o[0m
[6.677s] [ 38%] [32mBuilding CXX object CMakeFiles/deep_orange_msgs__rosidl_typesupport_c.dir/rosidl_typesupport_c/deep_orange_msgs/msg/lap_time_report__type_support.cpp.o[0m
[6.686s] [ 39%] [32mBuilding CXX object CMakeFiles/deep_orange_msgs__rosidl_typesupport_c.dir/rosidl_typesupport_c/deep_orange_msgs/msg/my_laps_report__type_support.cpp.o[0m
[6.704s] [ 40%] [32mBuilding CXX object CMakeFiles/deep_orange_msgs__rosidl_typesupport_c.dir/rosidl_typesupport_c/deep_orange_msgs/msg/marelli_report__type_support.cpp.o[0m
[6.793s] [ 40%] [32mBuilding CXX object CMakeFiles/deep_orange_msgs__rosidl_typesupport_c.dir/rosidl_typesupport_c/deep_orange_msgs/msg/race_control_report__type_support.cpp.o[0m
[6.824s] [ 41%] [32mBuilding CXX object CMakeFiles/deep_orange_msgs__rosidl_typesupport_introspection_cpp.dir/rosidl_typesupport_introspection_cpp/deep_orange_msgs/msg/detail/pt_report__type_support.cpp.o[0m
[6.846s] [35m[1mScanning dependencies of target deep_orange_msgs__rosidl_typesupport_introspection_c[0m
[6.884s] [ 42%] [32mBuilding CXX object CMakeFiles/deep_orange_msgs__rosidl_typesupport_introspection_cpp.dir/rosidl_typesupport_introspection_cpp/deep_orange_msgs/msg/detail/rc_to_ct__type_support.cpp.o[0m
[6.908s] [ 43%] [32mBuilding CXX object CMakeFiles/deep_orange_msgs__rosidl_typesupport_introspection_cpp.dir/rosidl_typesupport_introspection_cpp/deep_orange_msgs/msg/detail/tire_temp__type_support.cpp.o[0m
[6.911s] [ 43%] [32mBuilding CXX object CMakeFiles/deep_orange_msgs__rosidl_typesupport_introspection_cpp.dir/rosidl_typesupport_introspection_cpp/deep_orange_msgs/msg/detail/tire_report__type_support.cpp.o[0m
[6.919s] [ 44%] [32m[1mLinking CXX shared library libdeep_orange_msgs__rosidl_typesupport_c.so[0m
[6.940s] [35m[1mScanning dependencies of target deep_orange_msgs__rosidl_typesupport_fastrtps_cpp[0m
[7.004s] [ 45%] [32mBuilding C object CMakeFiles/deep_orange_msgs__rosidl_typesupport_introspection_c.dir/rosidl_typesupport_introspection_c/deep_orange_msgs/msg/detail/base_to_car_summary__type_support.c.o[0m
[7.020s] [ 45%] [32mBuilding CXX object CMakeFiles/deep_orange_msgs__rosidl_typesupport_introspection_cpp.dir/rosidl_typesupport_introspection_cpp/deep_orange_msgs/msg/detail/tire_temp_report__type_support.cpp.o[0m
[7.047s] [ 46%] [32mBuilding CXX object CMakeFiles/deep_orange_msgs__rosidl_typesupport_fastrtps_cpp.dir/rosidl_typesupport_fastrtps_cpp/deep_orange_msgs/msg/detail/dds_fastrtps/base_to_car_summary__type_support.cpp.o[0m
[7.107s] [ 46%] [32mBuilding CXX object CMakeFiles/deep_orange_msgs__rosidl_typesupport_fastrtps_cpp.dir/rosidl_typesupport_fastrtps_cpp/deep_orange_msgs/msg/detail/dds_fastrtps/brake_temp_report__type_support.cpp.o[0m
[7.131s] [ 47%] [32mBuilding CXX object CMakeFiles/deep_orange_msgs__rosidl_typesupport_fastrtps_cpp.dir/rosidl_typesupport_fastrtps_cpp/deep_orange_msgs/msg/detail/dds_fastrtps/coordinates__type_support.cpp.o[0m
[7.156s] [ 47%] [32mBuilding C object CMakeFiles/deep_orange_msgs__rosidl_typesupport_introspection_c.dir/rosidl_typesupport_introspection_c/deep_orange_msgs/msg/detail/brake_temp_report__type_support.c.o[0m
[7.165s] [ 48%] [32mBuilding CXX object CMakeFiles/deep_orange_msgs__rosidl_typesupport_introspection_cpp.dir/rosidl_typesupport_introspection_cpp/deep_orange_msgs/msg/detail/telemetry__type_support.cpp.o[0m
[7.184s] [ 49%] [32mBuilding C object CMakeFiles/deep_orange_msgs__rosidl_typesupport_introspection_c.dir/rosidl_typesupport_introspection_c/deep_orange_msgs/msg/detail/coordinates__type_support.c.o[0m
[7.200s] [ 50%] [32mBuilding CXX object CMakeFiles/deep_orange_msgs__rosidl_typesupport_fastrtps_cpp.dir/rosidl_typesupport_fastrtps_cpp/deep_orange_msgs/msg/detail/dds_fastrtps/ct_report__type_support.cpp.o[0m
[7.201s] [ 50%] Built target deep_orange_msgs__rosidl_typesupport_c
[7.251s] [ 50%] [32mBuilding C object CMakeFiles/deep_orange_msgs__rosidl_typesupport_introspection_c.dir/rosidl_typesupport_introspection_c/deep_orange_msgs/msg/detail/ct_report__type_support.c.o[0m
[7.273s] [ 50%] [32mBuilding CXX object CMakeFiles/deep_orange_msgs__rosidl_typesupport_fastrtps_cpp.dir/rosidl_typesupport_fastrtps_cpp/deep_orange_msgs/msg/detail/dds_fastrtps/misc_report__type_support.cpp.o[0m
[7.289s] [ 50%] [32m[1mLinking CXX shared library libdeep_orange_msgs__rosidl_typesupport_cpp.so[0m
[7.325s] [ 51%] [32mBuilding CXX object CMakeFiles/deep_orange_msgs__rosidl_typesupport_fastrtps_cpp.dir/rosidl_typesupport_fastrtps_cpp/deep_orange_msgs/msg/detail/dds_fastrtps/pt_report__type_support.cpp.o[0m
[7.353s] [ 52%] [32mBuilding C object CMakeFiles/deep_orange_msgs__rosidl_typesupport_introspection_c.dir/rosidl_typesupport_introspection_c/deep_orange_msgs/msg/detail/misc_report__type_support.c.o[0m
[7.376s] [ 53%] [32mBuilding C object CMakeFiles/deep_orange_msgs__rosidl_typesupport_introspection_c.dir/rosidl_typesupport_introspection_c/deep_orange_msgs/msg/detail/pt_report__type_support.c.o[0m
[7.387s] [ 53%] [32mBuilding C object CMakeFiles/deep_orange_msgs__rosidl_typesupport_introspection_c.dir/rosidl_typesupport_introspection_c/deep_orange_msgs/msg/detail/rc_to_ct__type_support.c.o[0m
[7.494s] [ 54%] [32mBuilding C object CMakeFiles/deep_orange_msgs__rosidl_typesupport_introspection_c.dir/rosidl_typesupport_introspection_c/deep_orange_msgs/msg/detail/tire_report__type_support.c.o[0m
[7.501s] [ 54%] Built target deep_orange_msgs__rosidl_typesupport_cpp
[7.518s] [ 55%] [32mBuilding C object CMakeFiles/deep_orange_msgs__rosidl_typesupport_introspection_c.dir/rosidl_typesupport_introspection_c/deep_orange_msgs/msg/detail/tire_temp__type_support.c.o[0m
[7.529s] [ 55%] [32mBuilding C object CMakeFiles/deep_orange_msgs__rosidl_typesupport_introspection_c.dir/rosidl_typesupport_introspection_c/deep_orange_msgs/msg/detail/tire_temp_report__type_support.c.o[0m
[7.538s] [ 56%] [32mBuilding C object CMakeFiles/deep_orange_msgs__rosidl_typesupport_introspection_c.dir/rosidl_typesupport_introspection_c/deep_orange_msgs/msg/detail/telemetry__type_support.c.o[0m
[7.550s] [ 56%] [32mBuilding CXX object CMakeFiles/deep_orange_msgs__rosidl_typesupport_fastrtps_cpp.dir/rosidl_typesupport_fastrtps_cpp/deep_orange_msgs/msg/detail/dds_fastrtps/rc_to_ct__type_support.cpp.o[0m
[7.567s] [ 57%] [32mBuilding CXX object CMakeFiles/deep_orange_msgs__rosidl_typesupport_introspection_cpp.dir/rosidl_typesupport_introspection_cpp/deep_orange_msgs/msg/detail/joystick_command__type_support.cpp.o[0m
[7.638s] [ 58%] [32mBuilding C object CMakeFiles/deep_orange_msgs__rosidl_typesupport_introspection_c.dir/rosidl_typesupport_introspection_c/deep_orange_msgs/msg/detail/joystick_command__type_support.c.o[0m
[7.640s] [ 58%] [32mBuilding C object CMakeFiles/deep_orange_msgs__rosidl_typesupport_introspection_c.dir/rosidl_typesupport_introspection_c/deep_orange_msgs/msg/detail/diagnostic_report__type_support.c.o[0m
[7.658s] [ 59%] [32mBuilding C object CMakeFiles/deep_orange_msgs__rosidl_typesupport_introspection_c.dir/rosidl_typesupport_introspection_c/deep_orange_msgs/msg/detail/lap_time_report__type_support.c.o[0m
[7.660s] [ 59%] [32mBuilding CXX object CMakeFiles/deep_orange_msgs__rosidl_typesupport_introspection_cpp.dir/rosidl_typesupport_introspection_cpp/deep_orange_msgs/msg/detail/diagnostic_report__type_support.cpp.o[0m
[7.692s] [ 59%] [32mBuilding C object CMakeFiles/deep_orange_msgs__rosidl_typesupport_introspection_c.dir/rosidl_typesupport_introspection_c/deep_orange_msgs/msg/detail/my_laps_report__type_support.c.o[0m
[7.724s] [ 60%] [32mBuilding CXX object CMakeFiles/deep_orange_msgs__rosidl_typesupport_introspection_cpp.dir/rosidl_typesupport_introspection_cpp/deep_orange_msgs/msg/detail/lap_time_report__type_support.cpp.o[0m
[7.736s] [ 61%] [32mBuilding C object CMakeFiles/deep_orange_msgs__rosidl_typesupport_introspection_c.dir/rosidl_typesupport_introspection_c/deep_orange_msgs/msg/detail/marelli_report__type_support.c.o[0m
[7.755s] [ 62%] [32mBuilding C object CMakeFiles/deep_orange_msgs__rosidl_typesupport_introspection_c.dir/rosidl_typesupport_introspection_c/deep_orange_msgs/msg/detail/race_control_report__type_support.c.o[0m
[7.765s] [ 63%] [32mBuilding CXX object CMakeFiles/deep_orange_msgs__rosidl_typesupport_introspection_cpp.dir/rosidl_typesupport_introspection_cpp/deep_orange_msgs/msg/detail/my_laps_report__type_support.cpp.o[0m
[7.772s] [ 64%] [32mBuilding CXX object CMakeFiles/deep_orange_msgs__rosidl_typesupport_fastrtps_cpp.dir/rosidl_typesupport_fastrtps_cpp/deep_orange_msgs/msg/detail/dds_fastrtps/tire_temp__type_support.cpp.o[0m
[7.798s] [ 65%] [32mBuilding CXX object CMakeFiles/deep_orange_msgs__rosidl_typesupport_fastrtps_cpp.dir/rosidl_typesupport_fastrtps_cpp/deep_orange_msgs/msg/detail/dds_fastrtps/tire_report__type_support.cpp.o[0m
[7.827s] [ 65%] [32mBuilding CXX object CMakeFiles/deep_orange_msgs__rosidl_typesupport_fastrtps_cpp.dir/rosidl_typesupport_fastrtps_cpp/deep_orange_msgs/msg/detail/dds_fastrtps/tire_temp_report__type_support.cpp.o[0m
[7.875s] [ 65%] [32mBuilding CXX object CMakeFiles/deep_orange_msgs__rosidl_typesupport_introspection_cpp.dir/rosidl_typesupport_introspection_cpp/deep_orange_msgs/msg/detail/marelli_report__type_support.cpp.o[0m
[7.909s] [ 65%] [32m[1mLinking C shared library libdeep_orange_msgs__rosidl_typesupport_introspection_c.so[0m
[8.022s] [ 66%] [32mBuilding CXX object CMakeFiles/deep_orange_msgs__rosidl_typesupport_fastrtps_cpp.dir/rosidl_typesupport_fastrtps_cpp/deep_orange_msgs/msg/detail/dds_fastrtps/telemetry__type_support.cpp.o[0m
[8.055s] [ 67%] [32mBuilding CXX object CMakeFiles/deep_orange_msgs__rosidl_typesupport_fastrtps_cpp.dir/rosidl_typesupport_fastrtps_cpp/deep_orange_msgs/msg/detail/dds_fastrtps/joystick_command__type_support.cpp.o[0m
[8.092s] [ 67%] Built target deep_orange_msgs__rosidl_typesupport_introspection_c
[8.101s] [ 67%] [32mBuilding CXX object CMakeFiles/deep_orange_msgs__rosidl_typesupport_fastrtps_cpp.dir/rosidl_typesupport_fastrtps_cpp/deep_orange_msgs/msg/detail/dds_fastrtps/diagnostic_report__type_support.cpp.o[0m
[8.123s] [ 67%] [32mBuilding CXX object CMakeFiles/deep_orange_msgs__rosidl_typesupport_fastrtps_cpp.dir/rosidl_typesupport_fastrtps_cpp/deep_orange_msgs/msg/detail/dds_fastrtps/my_laps_report__type_support.cpp.o[0m
[8.127s] [ 68%] [32mBuilding CXX object CMakeFiles/deep_orange_msgs__rosidl_typesupport_fastrtps_cpp.dir/rosidl_typesupport_fastrtps_cpp/deep_orange_msgs/msg/detail/dds_fastrtps/lap_time_report__type_support.cpp.o[0m
[8.164s] [ 69%] [32mBuilding CXX object CMakeFiles/deep_orange_msgs__rosidl_typesupport_introspection_cpp.dir/rosidl_typesupport_introspection_cpp/deep_orange_msgs/msg/detail/race_control_report__type_support.cpp.o[0m
[8.192s] [ 70%] [32mBuilding CXX object CMakeFiles/deep_orange_msgs__rosidl_typesupport_fastrtps_cpp.dir/rosidl_typesupport_fastrtps_cpp/deep_orange_msgs/msg/detail/dds_fastrtps/race_control_report__type_support.cpp.o[0m
[8.204s] [ 71%] [32mBuilding CXX object CMakeFiles/deep_orange_msgs__rosidl_typesupport_fastrtps_cpp.dir/rosidl_typesupport_fastrtps_cpp/deep_orange_msgs/msg/detail/dds_fastrtps/marelli_report__type_support.cpp.o[0m
[8.762s] [ 72%] [32m[1mLinking CXX shared library libdeep_orange_msgs__rosidl_typesupport_introspection_cpp.so[0m
[8.981s] [ 72%] [32m[1mLinking CXX shared library libdeep_orange_msgs__rosidl_typesupport_fastrtps_cpp.so[0m
[9.029s] [ 72%] Built target deep_orange_msgs__rosidl_typesupport_introspection_cpp
[9.167s] [ 72%] Built target deep_orange_msgs__rosidl_typesupport_fastrtps_cpp
[9.193s] [ 73%] [34m[1mGenerating C type support for eProsima Fast-RTPS[0m
[10.353s] [35m[1mScanning dependencies of target deep_orange_msgs__rosidl_typesupport_fastrtps_c[0m
[10.412s] [ 73%] [32mBuilding CXX object CMakeFiles/deep_orange_msgs__rosidl_typesupport_fastrtps_c.dir/rosidl_typesupport_fastrtps_c/deep_orange_msgs/msg/detail/tire_temp__type_support_c.cpp.o[0m
[10.413s] [ 74%] [32mBuilding CXX object CMakeFiles/deep_orange_msgs__rosidl_typesupport_fastrtps_c.dir/rosidl_typesupport_fastrtps_c/deep_orange_msgs/msg/detail/lap_time_report__type_support_c.cpp.o[0m
[10.413s] [ 74%] [32mBuilding CXX object CMakeFiles/deep_orange_msgs__rosidl_typesupport_fastrtps_c.dir/rosidl_typesupport_fastrtps_c/deep_orange_msgs/msg/detail/joystick_command__type_support_c.cpp.o[0m
[10.414s] [ 74%] [32mBuilding CXX object CMakeFiles/deep_orange_msgs__rosidl_typesupport_fastrtps_c.dir/rosidl_typesupport_fastrtps_c/deep_orange_msgs/msg/detail/rc_to_ct__type_support_c.cpp.o[0m
[10.414s] [ 75%] [32mBuilding CXX object CMakeFiles/deep_orange_msgs__rosidl_typesupport_fastrtps_c.dir/rosidl_typesupport_fastrtps_c/deep_orange_msgs/msg/detail/diagnostic_report__type_support_c.cpp.o[0m
[10.414s] [ 77%] [32mBuilding CXX object CMakeFiles/deep_orange_msgs__rosidl_typesupport_fastrtps_c.dir/rosidl_typesupport_fastrtps_c/deep_orange_msgs/msg/detail/tire_temp_report__type_support_c.cpp.o[0m
[10.414s] [ 77%] [32mBuilding CXX object CMakeFiles/deep_orange_msgs__rosidl_typesupport_fastrtps_c.dir/rosidl_typesupport_fastrtps_c/deep_orange_msgs/msg/detail/misc_report__type_support_c.cpp.o[0m
[10.415s] [ 78%] [32mBuilding CXX object CMakeFiles/deep_orange_msgs__rosidl_typesupport_fastrtps_c.dir/rosidl_typesupport_fastrtps_c/deep_orange_msgs/msg/detail/brake_temp_report__type_support_c.cpp.o[0m
[10.418s] [ 79%] [32mBuilding CXX object CMakeFiles/deep_orange_msgs__rosidl_typesupport_fastrtps_c.dir/rosidl_typesupport_fastrtps_c/deep_orange_msgs/msg/detail/coordinates__type_support_c.cpp.o[0m
[10.421s] [ 80%] [32mBuilding CXX object CMakeFiles/deep_orange_msgs__rosidl_typesupport_fastrtps_c.dir/rosidl_typesupport_fastrtps_c/deep_orange_msgs/msg/detail/base_to_car_summary__type_support_c.cpp.o[0m
[10.421s] [ 80%] [32mBuilding CXX object CMakeFiles/deep_orange_msgs__rosidl_typesupport_fastrtps_c.dir/rosidl_typesupport_fastrtps_c/deep_orange_msgs/msg/detail/ct_report__type_support_c.cpp.o[0m
[10.422s] [ 80%] [32mBuilding CXX object CMakeFiles/deep_orange_msgs__rosidl_typesupport_fastrtps_c.dir/rosidl_typesupport_fastrtps_c/deep_orange_msgs/msg/detail/tire_report__type_support_c.cpp.o[0m
[10.425s] [ 81%] [32mBuilding CXX object CMakeFiles/deep_orange_msgs__rosidl_typesupport_fastrtps_c.dir/rosidl_typesupport_fastrtps_c/deep_orange_msgs/msg/detail/pt_report__type_support_c.cpp.o[0m
[10.432s] [ 82%] [32mBuilding CXX object CMakeFiles/deep_orange_msgs__rosidl_typesupport_fastrtps_c.dir/rosidl_typesupport_fastrtps_c/deep_orange_msgs/msg/detail/marelli_report__type_support_c.cpp.o[0m
[10.433s] [ 83%] [32mBuilding CXX object CMakeFiles/deep_orange_msgs__rosidl_typesupport_fastrtps_c.dir/rosidl_typesupport_fastrtps_c/deep_orange_msgs/msg/detail/telemetry__type_support_c.cpp.o[0m
[10.435s] [ 82%] [32mBuilding CXX object CMakeFiles/deep_orange_msgs__rosidl_typesupport_fastrtps_c.dir/rosidl_typesupport_fastrtps_c/deep_orange_msgs/msg/detail/my_laps_report__type_support_c.cpp.o[0m
[11.146s] [ 84%] [32mBuilding CXX object CMakeFiles/deep_orange_msgs__rosidl_typesupport_fastrtps_c.dir/rosidl_typesupport_fastrtps_c/deep_orange_msgs/msg/detail/race_control_report__type_support_c.cpp.o[0m
[11.756s] [ 84%] [32m[1mLinking CXX shared library libdeep_orange_msgs__rosidl_typesupport_fastrtps_c.so[0m
[11.879s] [ 84%] Built target deep_orange_msgs__rosidl_typesupport_fastrtps_c
[11.892s] [35m[1mScanning dependencies of target deep_orange_msgs[0m
[11.912s] [ 84%] Built target deep_orange_msgs
[11.928s] [35m[1mScanning dependencies of target deep_orange_msgs__py[0m
[11.943s] [ 85%] [34m[1mGenerating Python code for ROS interfaces[0m
[16.091s] [ 85%] Built target deep_orange_msgs__py
[16.130s] [35m[1mScanning dependencies of target deep_orange_msgs__python[0m
[16.319s] [ 86%] [32mBuilding C object CMakeFiles/deep_orange_msgs__python.dir/rosidl_generator_py/deep_orange_msgs/msg/_brake_temp_report_s.c.o[0m
[16.328s] [ 86%] [32mBuilding C object CMakeFiles/deep_orange_msgs__python.dir/rosidl_generator_py/deep_orange_msgs/msg/_base_to_car_summary_s.c.o[0m
[16.345s] [ 87%] [32mBuilding C object CMakeFiles/deep_orange_msgs__python.dir/rosidl_generator_py/deep_orange_msgs/msg/_coordinates_s.c.o[0m
[16.368s] [ 87%] [32mBuilding C object CMakeFiles/deep_orange_msgs__python.dir/rosidl_generator_py/deep_orange_msgs/msg/_ct_report_s.c.o[0m
[16.375s] [ 88%] [32mBuilding C object CMakeFiles/deep_orange_msgs__python.dir/rosidl_generator_py/deep_orange_msgs/msg/_misc_report_s.c.o[0m
[16.395s] [ 88%] [32mBuilding C object CMakeFiles/deep_orange_msgs__python.dir/rosidl_generator_py/deep_orange_msgs/msg/_rc_to_ct_s.c.o[0m
[16.395s] [ 89%] [32mBuilding C object CMakeFiles/deep_orange_msgs__python.dir/rosidl_generator_py/deep_orange_msgs/msg/_pt_report_s.c.o[0m
[16.475s] [ 90%] [32mBuilding C object CMakeFiles/deep_orange_msgs__python.dir/rosidl_generator_py/deep_orange_msgs/msg/_tire_report_s.c.o[0m
[16.520s] [ 90%] [32mBuilding C object CMakeFiles/deep_orange_msgs__python.dir/rosidl_generator_py/deep_orange_msgs/msg/_tire_temp_s.c.o[0m
[16.524s] [ 91%] [32mBuilding C object CMakeFiles/deep_orange_msgs__python.dir/rosidl_generator_py/deep_orange_msgs/msg/_telemetry_s.c.o[0m
[16.538s] [ 92%] [32mBuilding C object CMakeFiles/deep_orange_msgs__python.dir/rosidl_generator_py/deep_orange_msgs/msg/_tire_temp_report_s.c.o[0m
[16.575s] [ 92%] [32mBuilding C object CMakeFiles/deep_orange_msgs__python.dir/rosidl_generator_py/deep_orange_msgs/msg/_joystick_command_s.c.o[0m
[16.583s] [ 93%] [32mBuilding C object CMakeFiles/deep_orange_msgs__python.dir/rosidl_generator_py/deep_orange_msgs/msg/_diagnostic_report_s.c.o[0m
[16.639s] [ 94%] [32mBuilding C object CMakeFiles/deep_orange_msgs__python.dir/rosidl_generator_py/deep_orange_msgs/msg/_lap_time_report_s.c.o[0m
[16.675s] [ 94%] [32mBuilding C object CMakeFiles/deep_orange_msgs__python.dir/rosidl_generator_py/deep_orange_msgs/msg/_my_laps_report_s.c.o[0m
[16.708s] [ 95%] [32mBuilding C object CMakeFiles/deep_orange_msgs__python.dir/rosidl_generator_py/deep_orange_msgs/msg/_marelli_report_s.c.o[0m
[16.785s] [ 95%] [32mBuilding C object CMakeFiles/deep_orange_msgs__python.dir/rosidl_generator_py/deep_orange_msgs/msg/_race_control_report_s.c.o[0m
[17.207s] [ 96%] [32m[1mLinking C shared library rosidl_generator_py/deep_orange_msgs/libdeep_orange_msgs__python.so[0m
[17.448s] [ 96%] Built target deep_orange_msgs__python
[17.497s] [35m[1mScanning dependencies of target deep_orange_msgs__rosidl_typesupport_fastrtps_c__pyext[0m
[17.517s] [35m[1mScanning dependencies of target deep_orange_msgs__rosidl_typesupport_c__pyext[0m
[17.542s] [35m[1mScanning dependencies of target deep_orange_msgs__rosidl_typesupport_introspection_c__pyext[0m
[17.604s] [ 97%] [32mBuilding C object CMakeFiles/deep_orange_msgs__rosidl_typesupport_c__pyext.dir/rosidl_generator_py/deep_orange_msgs/_deep_orange_msgs_s.ep.rosidl_typesupport_c.c.o[0m
[17.658s] [ 98%] [32mBuilding C object CMakeFiles/deep_orange_msgs__rosidl_typesupport_fastrtps_c__pyext.dir/rosidl_generator_py/deep_orange_msgs/_deep_orange_msgs_s.ep.rosidl_typesupport_fastrtps_c.c.o[0m
[17.670s] [ 99%] [32mBuilding C object CMakeFiles/deep_orange_msgs__rosidl_typesupport_introspection_c__pyext.dir/rosidl_generator_py/deep_orange_msgs/_deep_orange_msgs_s.ep.rosidl_typesupport_introspection_c.c.o[0m
[17.957s] [ 99%] [32m[1mLinking C shared library rosidl_generator_py/deep_orange_msgs/deep_orange_msgs_s__rosidl_typesupport_c.cpython-38-x86_64-linux-gnu.so[0m
[17.994s] [100%] [32m[1mLinking C shared library rosidl_generator_py/deep_orange_msgs/deep_orange_msgs_s__rosidl_typesupport_introspection_c.cpython-38-x86_64-linux-gnu.so[0m
[18.135s] [100%] Built target deep_orange_msgs__rosidl_typesupport_c__pyext
[18.185s] [100%] [32m[1mLinking CXX shared library rosidl_generator_py/deep_orange_msgs/deep_orange_msgs_s__rosidl_typesupport_fastrtps_c.cpython-38-x86_64-linux-gnu.so[0m
[18.249s] [100%] Built target deep_orange_msgs__rosidl_typesupport_introspection_c__pyext
[18.380s] [100%] Built target deep_orange_msgs__rosidl_typesupport_fastrtps_c__pyext
[18.450s] Invoked command in '/ROEG/roeg_ws/build/deep_orange_msgs' returned '0': CMAKE_PREFIX_PATH=${CMAKE_PREFIX_PATH}:/ROEG/roeg_ws/install/roeg:/opt/ros/galactic /usr/bin/cmake --build /ROEG/roeg_ws/build/deep_orange_msgs -- -j16 -l16
[19.506s] Invoking command in '/ROEG/roeg_ws/build/deep_orange_msgs': CMAKE_PREFIX_PATH=${CMAKE_PREFIX_PATH}:/ROEG/roeg_ws/install/roeg:/opt/ros/galactic /usr/bin/cmake --install /ROEG/roeg_ws/build/deep_orange_msgs
[19.520s] -- Install configuration: ""
[19.520s] -- Installing: /ROEG/roeg_ws/install/deep_orange_msgs/share/ament_index/resource_index/rosidl_interfaces/deep_orange_msgs
[19.520s] -- Installing: /ROEG/roeg_ws/install/deep_orange_msgs/include/deep_orange_msgs
[19.520s] -- Installing: /ROEG/roeg_ws/install/deep_orange_msgs/include/deep_orange_msgs/msg
[19.520s] -- Installing: /ROEG/roeg_ws/install/deep_orange_msgs/include/deep_orange_msgs/msg/rc_to_ct.h
[19.520s] -- Installing: /ROEG/roeg_ws/install/deep_orange_msgs/include/deep_orange_msgs/msg/joystick_command.h
[19.521s] -- Installing: /ROEG/roeg_ws/install/deep_orange_msgs/include/deep_orange_msgs/msg/my_laps_report.h
[19.521s] -- Installing: /ROEG/roeg_ws/install/deep_orange_msgs/include/deep_orange_msgs/msg/brake_temp_report.h
[19.521s] -- Installing: /ROEG/roeg_ws/install/deep_orange_msgs/include/deep_orange_msgs/msg/race_control_report.h
[19.521s] -- Installing: /ROEG/roeg_ws/install/deep_orange_msgs/include/deep_orange_msgs/msg/diagnostic_report.h
[19.521s] -- Installing: /ROEG/roeg_ws/install/deep_orange_msgs/include/deep_orange_msgs/msg/pt_report.h
[19.521s] -- Installing: /ROEG/roeg_ws/install/deep_orange_msgs/include/deep_orange_msgs/msg/misc_report.h
[19.521s] -- Installing: /ROEG/roeg_ws/install/deep_orange_msgs/include/deep_orange_msgs/msg/rosidl_generator_c__visibility_control.h
[19.522s] -- Installing: /ROEG/roeg_ws/install/deep_orange_msgs/include/deep_orange_msgs/msg/base_to_car_summary.h
[19.522s] -- Installing: /ROEG/roeg_ws/install/deep_orange_msgs/include/deep_orange_msgs/msg/marelli_report.h
[19.522s] -- Installing: /ROEG/roeg_ws/install/deep_orange_msgs/include/deep_orange_msgs/msg/coordinates.h
[19.522s] -- Installing: /ROEG/roeg_ws/install/deep_orange_msgs/include/deep_orange_msgs/msg/ct_report.h
[19.522s] -- Installing: /ROEG/roeg_ws/install/deep_orange_msgs/include/deep_orange_msgs/msg/tire_temp_report.h
[19.522s] -- Installing: /ROEG/roeg_ws/install/deep_orange_msgs/include/deep_orange_msgs/msg/detail
[19.523s] -- Installing: /ROEG/roeg_ws/install/deep_orange_msgs/include/deep_orange_msgs/msg/detail/misc_report__functions.h
[19.523s] -- Installing: /ROEG/roeg_ws/install/deep_orange_msgs/include/deep_orange_msgs/msg/detail/rc_to_ct__functions.h
[19.523s] -- Installing: /ROEG/roeg_ws/install/deep_orange_msgs/include/deep_orange_msgs/msg/detail/race_control_report__functions.h
[19.523s] -- Installing: /ROEG/roeg_ws/install/deep_orange_msgs/include/deep_orange_msgs/msg/detail/lap_time_report__functions.c
[19.523s] -- Installing: /ROEG/roeg_ws/install/deep_orange_msgs/include/deep_orange_msgs/msg/detail/lap_time_report__type_support.h
[19.523s] -- Installing: /ROEG/roeg_ws/install/deep_orange_msgs/include/deep_orange_msgs/msg/detail/misc_report__type_support.h
[19.524s] -- Installing: /ROEG/roeg_ws/install/deep_orange_msgs/include/deep_orange_msgs/msg/detail/joystick_command__functions.c
[19.524s] -- Installing: /ROEG/roeg_ws/install/deep_orange_msgs/include/deep_orange_msgs/msg/detail/diagnostic_report__functions.c
[19.524s] -- Installing: /ROEG/roeg_ws/install/deep_orange_msgs/include/deep_orange_msgs/msg/detail/tire_temp__functions.c
[19.524s] -- Installing: /ROEG/roeg_ws/install/deep_orange_msgs/include/deep_orange_msgs/msg/detail/tire_temp_report__type_support.h
[19.524s] -- Installing: /ROEG/roeg_ws/install/deep_orange_msgs/include/deep_orange_msgs/msg/detail/tire_temp__functions.h
[19.525s] -- Installing: /ROEG/roeg_ws/install/deep_orange_msgs/include/deep_orange_msgs/msg/detail/brake_temp_report__struct.h
[19.525s] -- Installing: /ROEG/roeg_ws/install/deep_orange_msgs/include/deep_orange_msgs/msg/detail/my_laps_report__struct.h
[19.525s] -- Installing: /ROEG/roeg_ws/install/deep_orange_msgs/include/deep_orange_msgs/msg/detail/tire_temp__type_support.h
[19.525s] -- Installing: /ROEG/roeg_ws/install/deep_orange_msgs/include/deep_orange_msgs/msg/detail/telemetry__type_support.h
[19.525s] -- Installing: /ROEG/roeg_ws/install/deep_orange_msgs/include/deep_orange_msgs/msg/detail/telemetry__functions.h
[19.525s] -- Installing: /ROEG/roeg_ws/install/deep_orange_msgs/include/deep_orange_msgs/msg/detail/coordinates__functions.h
[19.525s] -- Installing: /ROEG/roeg_ws/install/deep_orange_msgs/include/deep_orange_msgs/msg/detail/telemetry__struct.h
[19.526s] -- Installing: /ROEG/roeg_ws/install/deep_orange_msgs/include/deep_orange_msgs/msg/detail/race_control_report__type_support.h
[19.526s] -- Installing: /ROEG/roeg_ws/install/deep_orange_msgs/include/deep_orange_msgs/msg/detail/brake_temp_report__type_support.h
[19.526s] -- Installing: /ROEG/roeg_ws/install/deep_orange_msgs/include/deep_orange_msgs/msg/detail/base_to_car_summary__functions.h
[19.526s] -- Installing: /ROEG/roeg_ws/install/deep_orange_msgs/include/deep_orange_msgs/msg/detail/my_laps_report__type_support.h
[19.526s] -- Installing: /ROEG/roeg_ws/install/deep_orange_msgs/include/deep_orange_msgs/msg/detail/ct_report__struct.h
[19.526s] -- Installing: /ROEG/roeg_ws/install/deep_orange_msgs/include/deep_orange_msgs/msg/detail/tire_temp_report__functions.h
[19.526s] -- Installing: /ROEG/roeg_ws/install/deep_orange_msgs/include/deep_orange_msgs/msg/detail/tire_report__type_support.h
[19.527s] -- Installing: /ROEG/roeg_ws/install/deep_orange_msgs/include/deep_orange_msgs/msg/detail/misc_report__struct.h
[19.527s] -- Installing: /ROEG/roeg_ws/install/deep_orange_msgs/include/deep_orange_msgs/msg/detail/diagnostic_report__functions.h
[19.527s] -- Installing: /ROEG/roeg_ws/install/deep_orange_msgs/include/deep_orange_msgs/msg/detail/brake_temp_report__functions.h
[19.527s] -- Installing: /ROEG/roeg_ws/install/deep_orange_msgs/include/deep_orange_msgs/msg/detail/telemetry__functions.c
[19.527s] -- Installing: /ROEG/roeg_ws/install/deep_orange_msgs/include/deep_orange_msgs/msg/detail/ct_report__functions.h
[19.527s] -- Installing: /ROEG/roeg_ws/install/deep_orange_msgs/include/deep_orange_msgs/msg/detail/coordinates__struct.h
[19.528s] -- Installing: /ROEG/roeg_ws/install/deep_orange_msgs/include/deep_orange_msgs/msg/detail/coordinates__type_support.h
[19.528s] -- Installing: /ROEG/roeg_ws/install/deep_orange_msgs/include/deep_orange_msgs/msg/detail/marelli_report__functions.h
[19.528s] -- Installing: /ROEG/roeg_ws/install/deep_orange_msgs/include/deep_orange_msgs/msg/detail/pt_report__struct.h
[19.528s] -- Installing: /ROEG/roeg_ws/install/deep_orange_msgs/include/deep_orange_msgs/msg/detail/pt_report__type_support.h
[19.528s] -- Installing: /ROEG/roeg_ws/install/deep_orange_msgs/include/deep_orange_msgs/msg/detail/tire_temp__struct.h
[19.528s] -- Installing: /ROEG/roeg_ws/install/deep_orange_msgs/include/deep_orange_msgs/msg/detail/tire_report__functions.c
[19.529s] -- Installing: /ROEG/roeg_ws/install/deep_orange_msgs/include/deep_orange_msgs/msg/detail/race_control_report__functions.c
[19.529s] -- Installing: /ROEG/roeg_ws/install/deep_orange_msgs/include/deep_orange_msgs/msg/detail/rc_to_ct__type_support.h
[19.529s] -- Installing: /ROEG/roeg_ws/install/deep_orange_msgs/include/deep_orange_msgs/msg/detail/coordinates__functions.c
[19.529s] -- Installing: /ROEG/roeg_ws/install/deep_orange_msgs/include/deep_orange_msgs/msg/detail/joystick_command__functions.h
[19.529s] -- Installing: /ROEG/roeg_ws/install/deep_orange_msgs/include/deep_orange_msgs/msg/detail/marelli_report__functions.c
[19.529s] -- Installing: /ROEG/roeg_ws/install/deep_orange_msgs/include/deep_orange_msgs/msg/detail/base_to_car_summary__functions.c
[19.530s] -- Installing: /ROEG/roeg_ws/install/deep_orange_msgs/include/deep_orange_msgs/msg/detail/my_laps_report__functions.c
[19.530s] -- Installing: /ROEG/roeg_ws/install/deep_orange_msgs/include/deep_orange_msgs/msg/detail/marelli_report__struct.h
[19.530s] -- Installing: /ROEG/roeg_ws/install/deep_orange_msgs/include/deep_orange_msgs/msg/detail/misc_report__functions.c
[19.530s] -- Installing: /ROEG/roeg_ws/install/deep_orange_msgs/include/deep_orange_msgs/msg/detail/ct_report__type_support.h
[19.530s] -- Installing: /ROEG/roeg_ws/install/deep_orange_msgs/include/deep_orange_msgs/msg/detail/tire_report__struct.h
[19.530s] -- Installing: /ROEG/roeg_ws/install/deep_orange_msgs/include/deep_orange_msgs/msg/detail/diagnostic_report__type_support.h
[19.531s] -- Installing: /ROEG/roeg_ws/install/deep_orange_msgs/include/deep_orange_msgs/msg/detail/rc_to_ct__struct.h
[19.531s] -- Installing: /ROEG/roeg_ws/install/deep_orange_msgs/include/deep_orange_msgs/msg/detail/tire_temp_report__struct.h
[19.531s] -- Installing: /ROEG/roeg_ws/install/deep_orange_msgs/include/deep_orange_msgs/msg/detail/lap_time_report__functions.h
[19.531s] -- Installing: /ROEG/roeg_ws/install/deep_orange_msgs/include/deep_orange_msgs/msg/detail/my_laps_report__functions.h
[19.531s] -- Installing: /ROEG/roeg_ws/install/deep_orange_msgs/include/deep_orange_msgs/msg/detail/base_to_car_summary__struct.h
[19.531s] -- Installing: /ROEG/roeg_ws/install/deep_orange_msgs/include/deep_orange_msgs/msg/detail/rc_to_ct__functions.c
[19.531s] -- Installing: /ROEG/roeg_ws/install/deep_orange_msgs/include/deep_orange_msgs/msg/detail/marelli_report__type_support.h
[19.532s] -- Installing: /ROEG/roeg_ws/install/deep_orange_msgs/include/deep_orange_msgs/msg/detail/joystick_command__type_support.h
[19.532s] -- Installing: /ROEG/roeg_ws/install/deep_orange_msgs/include/deep_orange_msgs/msg/detail/tire_report__functions.h
[19.532s] -- Installing: /ROEG/roeg_ws/install/deep_orange_msgs/include/deep_orange_msgs/msg/detail/race_control_report__struct.h
[19.532s] -- Installing: /ROEG/roeg_ws/install/deep_orange_msgs/include/deep_orange_msgs/msg/detail/brake_temp_report__functions.c
[19.532s] -- Installing: /ROEG/roeg_ws/install/deep_orange_msgs/include/deep_orange_msgs/msg/detail/pt_report__functions.c
[19.532s] -- Installing: /ROEG/roeg_ws/install/deep_orange_msgs/include/deep_orange_msgs/msg/detail/base_to_car_summary__type_support.h
[19.533s] -- Installing: /ROEG/roeg_ws/install/deep_orange_msgs/include/deep_orange_msgs/msg/detail/tire_temp_report__functions.c
[19.533s] -- Installing: /ROEG/roeg_ws/install/deep_orange_msgs/include/deep_orange_msgs/msg/detail/pt_report__functions.h
[19.533s] -- Installing: /ROEG/roeg_ws/install/deep_orange_msgs/include/deep_orange_msgs/msg/detail/diagnostic_report__struct.h
[19.533s] -- Installing: /ROEG/roeg_ws/install/deep_orange_msgs/include/deep_orange_msgs/msg/detail/joystick_command__struct.h
[19.533s] -- Installing: /ROEG/roeg_ws/install/deep_orange_msgs/include/deep_orange_msgs/msg/detail/lap_time_report__struct.h
[19.534s] -- Installing: /ROEG/roeg_ws/install/deep_orange_msgs/include/deep_orange_msgs/msg/detail/ct_report__functions.c
[19.534s] -- Installing: /ROEG/roeg_ws/install/deep_orange_msgs/include/deep_orange_msgs/msg/lap_time_report.h
[19.534s] -- Installing: /ROEG/roeg_ws/install/deep_orange_msgs/include/deep_orange_msgs/msg/tire_temp.h
[19.534s] -- Installing: /ROEG/roeg_ws/install/deep_orange_msgs/include/deep_orange_msgs/msg/tire_report.h
[19.534s] -- Installing: /ROEG/roeg_ws/install/deep_orange_msgs/include/deep_orange_msgs/msg/telemetry.h
[19.535s] -- Installing: /ROEG/roeg_ws/install/deep_orange_msgs/share/deep_orange_msgs/environment/library_path.sh
[19.535s] -- Installing: /ROEG/roeg_ws/install/deep_orange_msgs/share/deep_orange_msgs/environment/library_path.dsv
[19.535s] -- Installing: /ROEG/roeg_ws/install/deep_orange_msgs/lib/libdeep_orange_msgs__rosidl_generator_c.so
[19.536s] -- Set runtime path of "/ROEG/roeg_ws/install/deep_orange_msgs/lib/libdeep_orange_msgs__rosidl_generator_c.so" to ""
[19.536s] -- Up-to-date: /ROEG/roeg_ws/install/deep_orange_msgs/include/deep_orange_msgs
[19.536s] -- Up-to-date: /ROEG/roeg_ws/install/deep_orange_msgs/include/deep_orange_msgs/msg
[19.536s] -- Up-to-date: /ROEG/roeg_ws/install/deep_orange_msgs/include/deep_orange_msgs/msg/detail
[19.536s] -- Installing: /ROEG/roeg_ws/install/deep_orange_msgs/include/deep_orange_msgs/msg/detail/ct_report__rosidl_typesupport_fastrtps_c.h
[19.537s] -- Installing: /ROEG/roeg_ws/install/deep_orange_msgs/include/deep_orange_msgs/msg/detail/rc_to_ct__rosidl_typesupport_fastrtps_c.h
[19.537s] -- Installing: /ROEG/roeg_ws/install/deep_orange_msgs/include/deep_orange_msgs/msg/detail/base_to_car_summary__rosidl_typesupport_fastrtps_c.h
[19.537s] -- Installing: /ROEG/roeg_ws/install/deep_orange_msgs/include/deep_orange_msgs/msg/detail/my_laps_report__rosidl_typesupport_fastrtps_c.h
[19.537s] -- Installing: /ROEG/roeg_ws/install/deep_orange_msgs/include/deep_orange_msgs/msg/detail/pt_report__rosidl_typesupport_fastrtps_c.h
[19.537s] -- Installing: /ROEG/roeg_ws/install/deep_orange_msgs/include/deep_orange_msgs/msg/detail/tire_temp__rosidl_typesupport_fastrtps_c.h
[19.537s] -- Installing: /ROEG/roeg_ws/install/deep_orange_msgs/include/deep_orange_msgs/msg/detail/lap_time_report__rosidl_typesupport_fastrtps_c.h
[19.537s] -- Installing: /ROEG/roeg_ws/install/deep_orange_msgs/include/deep_orange_msgs/msg/detail/misc_report__rosidl_typesupport_fastrtps_c.h
[19.538s] -- Installing: /ROEG/roeg_ws/install/deep_orange_msgs/include/deep_orange_msgs/msg/detail/joystick_command__rosidl_typesupport_fastrtps_c.h
[19.538s] -- Installing: /ROEG/roeg_ws/install/deep_orange_msgs/include/deep_orange_msgs/msg/detail/marelli_report__rosidl_typesupport_fastrtps_c.h
[19.538s] -- Installing: /ROEG/roeg_ws/install/deep_orange_msgs/include/deep_orange_msgs/msg/detail/tire_report__rosidl_typesupport_fastrtps_c.h
[19.538s] -- Installing: /ROEG/roeg_ws/install/deep_orange_msgs/include/deep_orange_msgs/msg/detail/tire_temp_report__rosidl_typesupport_fastrtps_c.h
[19.538s] -- Installing: /ROEG/roeg_ws/install/deep_orange_msgs/include/deep_orange_msgs/msg/detail/diagnostic_report__rosidl_typesupport_fastrtps_c.h
[19.538s] -- Installing: /ROEG/roeg_ws/install/deep_orange_msgs/include/deep_orange_msgs/msg/detail/brake_temp_report__rosidl_typesupport_fastrtps_c.h
[19.539s] -- Installing: /ROEG/roeg_ws/install/deep_orange_msgs/include/deep_orange_msgs/msg/detail/coordinates__rosidl_typesupport_fastrtps_c.h
[19.539s] -- Installing: /ROEG/roeg_ws/install/deep_orange_msgs/include/deep_orange_msgs/msg/detail/race_control_report__rosidl_typesupport_fastrtps_c.h
[19.539s] -- Installing: /ROEG/roeg_ws/install/deep_orange_msgs/include/deep_orange_msgs/msg/detail/telemetry__rosidl_typesupport_fastrtps_c.h
[19.539s] -- Installing: /ROEG/roeg_ws/install/deep_orange_msgs/include/deep_orange_msgs/msg/rosidl_typesupport_fastrtps_c__visibility_control.h
[19.539s] -- Installing: /ROEG/roeg_ws/install/deep_orange_msgs/lib/libdeep_orange_msgs__rosidl_typesupport_fastrtps_c.so
[19.540s] -- Set runtime path of "/ROEG/roeg_ws/install/deep_orange_msgs/lib/libdeep_orange_msgs__rosidl_typesupport_fastrtps_c.so" to ""
[19.540s] -- Up-to-date: /ROEG/roeg_ws/install/deep_orange_msgs/include/deep_orange_msgs
[19.540s] -- Up-to-date: /ROEG/roeg_ws/install/deep_orange_msgs/include/deep_orange_msgs/msg
[19.541s] -- Installing: /ROEG/roeg_ws/install/deep_orange_msgs/include/deep_orange_msgs/msg/rosidl_typesupport_fastrtps_cpp__visibility_control.h
[19.541s] -- Up-to-date: /ROEG/roeg_ws/install/deep_orange_msgs/include/deep_orange_msgs/msg/detail
[19.541s] -- Installing: /ROEG/roeg_ws/install/deep_orange_msgs/include/deep_orange_msgs/msg/detail/ct_report__rosidl_typesupport_fastrtps_cpp.hpp
[19.541s] -- Installing: /ROEG/roeg_ws/install/deep_orange_msgs/include/deep_orange_msgs/msg/detail/telemetry__rosidl_typesupport_fastrtps_cpp.hpp
[19.541s] -- Installing: /ROEG/roeg_ws/install/deep_orange_msgs/include/deep_orange_msgs/msg/detail/misc_report__rosidl_typesupport_fastrtps_cpp.hpp
[19.541s] -- Installing: /ROEG/roeg_ws/install/deep_orange_msgs/include/deep_orange_msgs/msg/detail/brake_temp_report__rosidl_typesupport_fastrtps_cpp.hpp
[19.541s] -- Installing: /ROEG/roeg_ws/install/deep_orange_msgs/include/deep_orange_msgs/msg/detail/diagnostic_report__rosidl_typesupport_fastrtps_cpp.hpp
[19.541s] -- Installing: /ROEG/roeg_ws/install/deep_orange_msgs/include/deep_orange_msgs/msg/detail/tire_temp_report__rosidl_typesupport_fastrtps_cpp.hpp
[19.542s] -- Installing: /ROEG/roeg_ws/install/deep_orange_msgs/include/deep_orange_msgs/msg/detail/race_control_report__rosidl_typesupport_fastrtps_cpp.hpp
[19.542s] -- Installing: /ROEG/roeg_ws/install/deep_orange_msgs/include/deep_orange_msgs/msg/detail/base_to_car_summary__rosidl_typesupport_fastrtps_cpp.hpp
[19.542s] -- Installing: /ROEG/roeg_ws/install/deep_orange_msgs/include/deep_orange_msgs/msg/detail/joystick_command__rosidl_typesupport_fastrtps_cpp.hpp
[19.542s] -- Installing: /ROEG/roeg_ws/install/deep_orange_msgs/include/deep_orange_msgs/msg/detail/tire_temp__rosidl_typesupport_fastrtps_cpp.hpp
[19.542s] -- Installing: /ROEG/roeg_ws/install/deep_orange_msgs/include/deep_orange_msgs/msg/detail/tire_report__rosidl_typesupport_fastrtps_cpp.hpp
[19.542s] -- Installing: /ROEG/roeg_ws/install/deep_orange_msgs/include/deep_orange_msgs/msg/detail/pt_report__rosidl_typesupport_fastrtps_cpp.hpp
[19.543s] -- Installing: /ROEG/roeg_ws/install/deep_orange_msgs/include/deep_orange_msgs/msg/detail/dds_fastrtps
[19.543s] -- Installing: /ROEG/roeg_ws/install/deep_orange_msgs/include/deep_orange_msgs/msg/detail/coordinates__rosidl_typesupport_fastrtps_cpp.hpp
[19.543s] -- Installing: /ROEG/roeg_ws/install/deep_orange_msgs/include/deep_orange_msgs/msg/detail/marelli_report__rosidl_typesupport_fastrtps_cpp.hpp
[19.543s] -- Installing: /ROEG/roeg_ws/install/deep_orange_msgs/include/deep_orange_msgs/msg/detail/lap_time_report__rosidl_typesupport_fastrtps_cpp.hpp
[19.543s] -- Installing: /ROEG/roeg_ws/install/deep_orange_msgs/include/deep_orange_msgs/msg/detail/rc_to_ct__rosidl_typesupport_fastrtps_cpp.hpp
[19.543s] -- Installing: /ROEG/roeg_ws/install/deep_orange_msgs/include/deep_orange_msgs/msg/detail/my_laps_report__rosidl_typesupport_fastrtps_cpp.hpp
[19.544s] -- Installing: /ROEG/roeg_ws/install/deep_orange_msgs/lib/libdeep_orange_msgs__rosidl_typesupport_fastrtps_cpp.so
[19.544s] -- Set runtime path of "/ROEG/roeg_ws/install/deep_orange_msgs/lib/libdeep_orange_msgs__rosidl_typesupport_fastrtps_cpp.so" to ""
[19.545s] -- Up-to-date: /ROEG/roeg_ws/install/deep_orange_msgs/include/deep_orange_msgs
[19.545s] -- Up-to-date: /ROEG/roeg_ws/install/deep_orange_msgs/include/deep_orange_msgs/msg
[19.545s] -- Installing: /ROEG/roeg_ws/install/deep_orange_msgs/include/deep_orange_msgs/msg/rosidl_typesupport_introspection_c__visibility_control.h
[19.545s] -- Up-to-date: /ROEG/roeg_ws/install/deep_orange_msgs/include/deep_orange_msgs/msg/detail
[19.545s] -- Installing: /ROEG/roeg_ws/install/deep_orange_msgs/include/deep_orange_msgs/msg/detail/tire_report__rosidl_typesupport_introspection_c.h
[19.545s] -- Installing: /ROEG/roeg_ws/install/deep_orange_msgs/include/deep_orange_msgs/msg/detail/ct_report__type_support.c
[19.545s] -- Installing: /ROEG/roeg_ws/install/deep_orange_msgs/include/deep_orange_msgs/msg/detail/tire_temp_report__rosidl_typesupport_introspection_c.h
[19.545s] -- Installing: /ROEG/roeg_ws/install/deep_orange_msgs/include/deep_orange_msgs/msg/detail/coordinates__rosidl_typesupport_introspection_c.h
[19.545s] -- Installing: /ROEG/roeg_ws/install/deep_orange_msgs/include/deep_orange_msgs/msg/detail/race_control_report__rosidl_typesupport_introspection_c.h
[19.546s] -- Installing: /ROEG/roeg_ws/install/deep_orange_msgs/include/deep_orange_msgs/msg/detail/lap_time_report__rosidl_typesupport_introspection_c.h
[19.546s] -- Installing: /ROEG/roeg_ws/install/deep_orange_msgs/include/deep_orange_msgs/msg/detail/lap_time_report__type_support.c
[19.546s] -- Installing: /ROEG/roeg_ws/install/deep_orange_msgs/include/deep_orange_msgs/msg/detail/tire_report__type_support.c
[19.546s] -- Installing: /ROEG/roeg_ws/install/deep_orange_msgs/include/deep_orange_msgs/msg/detail/joystick_command__rosidl_typesupport_introspection_c.h
[19.546s] -- Installing: /ROEG/roeg_ws/install/deep_orange_msgs/include/deep_orange_msgs/msg/detail/telemetry__rosidl_typesupport_introspection_c.h
[19.546s] -- Installing: /ROEG/roeg_ws/install/deep_orange_msgs/include/deep_orange_msgs/msg/detail/diagnostic_report__type_support.c
[19.547s] -- Installing: /ROEG/roeg_ws/install/deep_orange_msgs/include/deep_orange_msgs/msg/detail/ct_report__rosidl_typesupport_introspection_c.h
[19.547s] -- Installing: /ROEG/roeg_ws/install/deep_orange_msgs/include/deep_orange_msgs/msg/detail/joystick_command__type_support.c
[19.547s] -- Installing: /ROEG/roeg_ws/install/deep_orange_msgs/include/deep_orange_msgs/msg/detail/my_laps_report__rosidl_typesupport_introspection_c.h
[19.547s] -- Installing: /ROEG/roeg_ws/install/deep_orange_msgs/include/deep_orange_msgs/msg/detail/misc_report__rosidl_typesupport_introspection_c.h
[19.547s] -- Installing: /ROEG/roeg_ws/install/deep_orange_msgs/include/deep_orange_msgs/msg/detail/pt_report__rosidl_typesupport_introspection_c.h
[19.547s] -- Installing: /ROEG/roeg_ws/install/deep_orange_msgs/include/deep_orange_msgs/msg/detail/marelli_report__rosidl_typesupport_introspection_c.h
[19.548s] -- Installing: /ROEG/roeg_ws/install/deep_orange_msgs/include/deep_orange_msgs/msg/detail/rc_to_ct__rosidl_typesupport_introspection_c.h
[19.548s] -- Installing: /ROEG/roeg_ws/install/deep_orange_msgs/include/deep_orange_msgs/msg/detail/tire_temp__rosidl_typesupport_introspection_c.h
[19.548s] -- Installing: /ROEG/roeg_ws/install/deep_orange_msgs/include/deep_orange_msgs/msg/detail/my_laps_report__type_support.c
[19.548s] -- Installing: /ROEG/roeg_ws/install/deep_orange_msgs/include/deep_orange_msgs/msg/detail/base_to_car_summary__rosidl_typesupport_introspection_c.h
[19.548s] -- Installing: /ROEG/roeg_ws/install/deep_orange_msgs/include/deep_orange_msgs/msg/detail/brake_temp_report__rosidl_typesupport_introspection_c.h
[19.548s] -- Installing: /ROEG/roeg_ws/install/deep_orange_msgs/include/deep_orange_msgs/msg/detail/diagnostic_report__rosidl_typesupport_introspection_c.h
[19.549s] -- Installing: /ROEG/roeg_ws/install/deep_orange_msgs/include/deep_orange_msgs/msg/detail/pt_report__type_support.c
[19.549s] -- Installing: /ROEG/roeg_ws/install/deep_orange_msgs/include/deep_orange_msgs/msg/detail/misc_report__type_support.c
[19.549s] -- Installing: /ROEG/roeg_ws/install/deep_orange_msgs/include/deep_orange_msgs/msg/detail/brake_temp_report__type_support.c
[19.549s] -- Installing: /ROEG/roeg_ws/install/deep_orange_msgs/include/deep_orange_msgs/msg/detail/tire_temp_report__type_support.c
[19.549s] -- Installing: /ROEG/roeg_ws/install/deep_orange_msgs/include/deep_orange_msgs/msg/detail/base_to_car_summary__type_support.c
[19.549s] -- Installing: /ROEG/roeg_ws/install/deep_orange_msgs/include/deep_orange_msgs/msg/detail/rc_to_ct__type_support.c
[19.550s] -- Installing: /ROEG/roeg_ws/install/deep_orange_msgs/include/deep_orange_msgs/msg/detail/marelli_report__type_support.c
[19.550s] -- Installing: /ROEG/roeg_ws/install/deep_orange_msgs/include/deep_orange_msgs/msg/detail/telemetry__type_support.c
[19.550s] -- Installing: /ROEG/roeg_ws/install/deep_orange_msgs/include/deep_orange_msgs/msg/detail/tire_temp__type_support.c
[19.550s] -- Installing: /ROEG/roeg_ws/install/deep_orange_msgs/include/deep_orange_msgs/msg/detail/race_control_report__type_support.c
[19.550s] -- Installing: /ROEG/roeg_ws/install/deep_orange_msgs/include/deep_orange_msgs/msg/detail/coordinates__type_support.c
[19.550s] -- Installing: /ROEG/roeg_ws/install/deep_orange_msgs/lib/libdeep_orange_msgs__rosidl_typesupport_introspection_c.so
[19.551s] -- Set runtime path of "/ROEG/roeg_ws/install/deep_orange_msgs/lib/libdeep_orange_msgs__rosidl_typesupport_introspection_c.so" to ""
[19.551s] -- Installing: /ROEG/roeg_ws/install/deep_orange_msgs/lib/libdeep_orange_msgs__rosidl_typesupport_c.so
[19.552s] -- Set runtime path of "/ROEG/roeg_ws/install/deep_orange_msgs/lib/libdeep_orange_msgs__rosidl_typesupport_c.so" to ""
[19.552s] -- Up-to-date: /ROEG/roeg_ws/install/deep_orange_msgs/include/deep_orange_msgs
[19.552s] -- Up-to-date: /ROEG/roeg_ws/install/deep_orange_msgs/include/deep_orange_msgs/msg
[19.552s] -- Installing: /ROEG/roeg_ws/install/deep_orange_msgs/include/deep_orange_msgs/msg/joystick_command.hpp
[19.552s] -- Installing: /ROEG/roeg_ws/install/deep_orange_msgs/include/deep_orange_msgs/msg/my_laps_report.hpp
[19.552s] -- Installing: /ROEG/roeg_ws/install/deep_orange_msgs/include/deep_orange_msgs/msg/lap_time_report.hpp
[19.552s] -- Installing: /ROEG/roeg_ws/install/deep_orange_msgs/include/deep_orange_msgs/msg/race_control_report.hpp
[19.552s] -- Installing: /ROEG/roeg_ws/install/deep_orange_msgs/include/deep_orange_msgs/msg/tire_temp_report.hpp
[19.552s] -- Installing: /ROEG/roeg_ws/install/deep_orange_msgs/include/deep_orange_msgs/msg/ct_report.hpp
[19.553s] -- Installing: /ROEG/roeg_ws/install/deep_orange_msgs/include/deep_orange_msgs/msg/rc_to_ct.hpp
[19.553s] -- Installing: /ROEG/roeg_ws/install/deep_orange_msgs/include/deep_orange_msgs/msg/coordinates.hpp
[19.553s] -- Installing: /ROEG/roeg_ws/install/deep_orange_msgs/include/deep_orange_msgs/msg/base_to_car_summary.hpp
[19.553s] -- Installing: /ROEG/roeg_ws/install/deep_orange_msgs/include/deep_orange_msgs/msg/misc_report.hpp
[19.553s] -- Installing: /ROEG/roeg_ws/install/deep_orange_msgs/include/deep_orange_msgs/msg/marelli_report.hpp
[19.553s] -- Installing: /ROEG/roeg_ws/install/deep_orange_msgs/include/deep_orange_msgs/msg/telemetry.hpp
[19.553s] -- Installing: /ROEG/roeg_ws/install/deep_orange_msgs/include/deep_orange_msgs/msg/brake_temp_report.hpp
[19.554s] -- Installing: /ROEG/roeg_ws/install/deep_orange_msgs/include/deep_orange_msgs/msg/pt_report.hpp
[19.554s] -- Up-to-date: /ROEG/roeg_ws/install/deep_orange_msgs/include/deep_orange_msgs/msg/detail
[19.554s] -- Installing: /ROEG/roeg_ws/install/deep_orange_msgs/include/deep_orange_msgs/msg/detail/misc_report__builder.hpp
[19.554s] -- Installing: /ROEG/roeg_ws/install/deep_orange_msgs/include/deep_orange_msgs/msg/detail/brake_temp_report__builder.hpp
[19.554s] -- Installing: /ROEG/roeg_ws/install/deep_orange_msgs/include/deep_orange_msgs/msg/detail/my_laps_report__traits.hpp
[19.554s] -- Installing: /ROEG/roeg_ws/install/deep_orange_msgs/include/deep_orange_msgs/msg/detail/telemetry__struct.hpp
[19.555s] -- Installing: /ROEG/roeg_ws/install/deep_orange_msgs/include/deep_orange_msgs/msg/detail/tire_temp__traits.hpp
[19.555s] -- Installing: /ROEG/roeg_ws/install/deep_orange_msgs/include/deep_orange_msgs/msg/detail/pt_report__struct.hpp
[19.555s] -- Installing: /ROEG/roeg_ws/install/deep_orange_msgs/include/deep_orange_msgs/msg/detail/rc_to_ct__struct.hpp
[19.555s] -- Installing: /ROEG/roeg_ws/install/deep_orange_msgs/include/deep_orange_msgs/msg/detail/tire_temp_report__builder.hpp
[19.555s] -- Installing: /ROEG/roeg_ws/install/deep_orange_msgs/include/deep_orange_msgs/msg/detail/tire_temp__struct.hpp
[19.555s] -- Installing: /ROEG/roeg_ws/install/deep_orange_msgs/include/deep_orange_msgs/msg/detail/tire_temp_report__traits.hpp
[19.556s] -- Installing: /ROEG/roeg_ws/install/deep_orange_msgs/include/deep_orange_msgs/msg/detail/ct_report__traits.hpp
[19.556s] -- Installing: /ROEG/roeg_ws/install/deep_orange_msgs/include/deep_orange_msgs/msg/detail/misc_report__traits.hpp
[19.556s] -- Installing: /ROEG/roeg_ws/install/deep_orange_msgs/include/deep_orange_msgs/msg/detail/joystick_command__traits.hpp
[19.556s] -- Installing: /ROEG/roeg_ws/install/deep_orange_msgs/include/deep_orange_msgs/msg/detail/coordinates__struct.hpp
[19.556s] -- Installing: /ROEG/roeg_ws/install/deep_orange_msgs/include/deep_orange_msgs/msg/detail/joystick_command__builder.hpp
[19.556s] -- Installing: /ROEG/roeg_ws/install/deep_orange_msgs/include/deep_orange_msgs/msg/detail/base_to_car_summary__builder.hpp
[19.557s] -- Installing: /ROEG/roeg_ws/install/deep_orange_msgs/include/deep_orange_msgs/msg/detail/lap_time_report__traits.hpp
[19.557s] -- Installing: /ROEG/roeg_ws/install/deep_orange_msgs/include/deep_orange_msgs/msg/detail/diagnostic_report__builder.hpp
[19.557s] -- Installing: /ROEG/roeg_ws/install/deep_orange_msgs/include/deep_orange_msgs/msg/detail/marelli_report__builder.hpp
[19.557s] -- Installing: /ROEG/roeg_ws/install/deep_orange_msgs/include/deep_orange_msgs/msg/detail/telemetry__traits.hpp
[19.557s] -- Installing: /ROEG/roeg_ws/install/deep_orange_msgs/include/deep_orange_msgs/msg/detail/brake_temp_report__struct.hpp
[19.557s] -- Installing: /ROEG/roeg_ws/install/deep_orange_msgs/include/deep_orange_msgs/msg/detail/diagnostic_report__struct.hpp
[19.558s] -- Installing: /ROEG/roeg_ws/install/deep_orange_msgs/include/deep_orange_msgs/msg/detail/tire_temp__builder.hpp
[19.558s] -- Installing: /ROEG/roeg_ws/install/deep_orange_msgs/include/deep_orange_msgs/msg/detail/marelli_report__traits.hpp
[19.558s] -- Installing: /ROEG/roeg_ws/install/deep_orange_msgs/include/deep_orange_msgs/msg/detail/diagnostic_report__traits.hpp
[19.558s] -- Installing: /ROEG/roeg_ws/install/deep_orange_msgs/include/deep_orange_msgs/msg/detail/misc_report__struct.hpp
[19.558s] -- Installing: /ROEG/roeg_ws/install/deep_orange_msgs/include/deep_orange_msgs/msg/detail/my_laps_report__struct.hpp
[19.558s] -- Installing: /ROEG/roeg_ws/install/deep_orange_msgs/include/deep_orange_msgs/msg/detail/race_control_report__struct.hpp
[19.559s] -- Installing: /ROEG/roeg_ws/install/deep_orange_msgs/include/deep_orange_msgs/msg/detail/pt_report__builder.hpp
[19.559s] -- Installing: /ROEG/roeg_ws/install/deep_orange_msgs/include/deep_orange_msgs/msg/detail/marelli_report__struct.hpp
[19.559s] -- Installing: /ROEG/roeg_ws/install/deep_orange_msgs/include/deep_orange_msgs/msg/detail/race_control_report__traits.hpp
[19.559s] -- Installing: /ROEG/roeg_ws/install/deep_orange_msgs/include/deep_orange_msgs/msg/detail/base_to_car_summary__traits.hpp
[19.559s] -- Installing: /ROEG/roeg_ws/install/deep_orange_msgs/include/deep_orange_msgs/msg/detail/ct_report__builder.hpp
[19.559s] -- Installing: /ROEG/roeg_ws/install/deep_orange_msgs/include/deep_orange_msgs/msg/detail/lap_time_report__struct.hpp
[19.560s] -- Installing: /ROEG/roeg_ws/install/deep_orange_msgs/include/deep_orange_msgs/msg/detail/pt_report__traits.hpp
[19.560s] -- Installing: /ROEG/roeg_ws/install/deep_orange_msgs/include/deep_orange_msgs/msg/detail/tire_temp_report__struct.hpp
[19.560s] -- Installing: /ROEG/roeg_ws/install/deep_orange_msgs/include/deep_orange_msgs/msg/detail/rc_to_ct__builder.hpp
[19.560s] -- Installing: /ROEG/roeg_ws/install/deep_orange_msgs/include/deep_orange_msgs/msg/detail/joystick_command__struct.hpp
[19.561s] -- Installing: /ROEG/roeg_ws/install/deep_orange_msgs/include/deep_orange_msgs/msg/detail/tire_report__traits.hpp
[19.561s] -- Installing: /ROEG/roeg_ws/install/deep_orange_msgs/include/deep_orange_msgs/msg/detail/ct_report__struct.hpp
[19.561s] -- Installing: /ROEG/roeg_ws/install/deep_orange_msgs/include/deep_orange_msgs/msg/detail/rc_to_ct__traits.hpp
[19.561s] -- Installing: /ROEG/roeg_ws/install/deep_orange_msgs/include/deep_orange_msgs/msg/detail/lap_time_report__builder.hpp
[19.561s] -- Installing: /ROEG/roeg_ws/install/deep_orange_msgs/include/deep_orange_msgs/msg/detail/my_laps_report__builder.hpp
[19.561s] -- Installing: /ROEG/roeg_ws/install/deep_orange_msgs/include/deep_orange_msgs/msg/detail/base_to_car_summary__struct.hpp
[19.562s] -- Installing: /ROEG/roeg_ws/install/deep_orange_msgs/include/deep_orange_msgs/msg/detail/race_control_report__builder.hpp
[19.562s] -- Installing: /ROEG/roeg_ws/install/deep_orange_msgs/include/deep_orange_msgs/msg/detail/coordinates__builder.hpp
[19.562s] -- Installing: /ROEG/roeg_ws/install/deep_orange_msgs/include/deep_orange_msgs/msg/detail/tire_report__builder.hpp
[19.562s] -- Installing: /ROEG/roeg_ws/install/deep_orange_msgs/include/deep_orange_msgs/msg/detail/tire_report__struct.hpp
[19.562s] -- Installing: /ROEG/roeg_ws/install/deep_orange_msgs/include/deep_orange_msgs/msg/detail/telemetry__builder.hpp
[19.563s] -- Installing: /ROEG/roeg_ws/install/deep_orange_msgs/include/deep_orange_msgs/msg/detail/brake_temp_report__traits.hpp
[19.563s] -- Installing: /ROEG/roeg_ws/install/deep_orange_msgs/include/deep_orange_msgs/msg/detail/coordinates__traits.hpp
[19.563s] -- Installing: /ROEG/roeg_ws/install/deep_orange_msgs/include/deep_orange_msgs/msg/tire_temp.hpp
[19.563s] -- Installing: /ROEG/roeg_ws/install/deep_orange_msgs/include/deep_orange_msgs/msg/tire_report.hpp
[19.563s] -- Installing: /ROEG/roeg_ws/install/deep_orange_msgs/include/deep_orange_msgs/msg/diagnostic_report.hpp
[19.564s] -- Up-to-date: /ROEG/roeg_ws/install/deep_orange_msgs/include/deep_orange_msgs
[19.564s] -- Up-to-date: /ROEG/roeg_ws/install/deep_orange_msgs/include/deep_orange_msgs/msg
[19.564s] -- Up-to-date: /ROEG/roeg_ws/install/deep_orange_msgs/include/deep_orange_msgs/msg/detail
[19.564s] -- Installing: /ROEG/roeg_ws/install/deep_orange_msgs/include/deep_orange_msgs/msg/detail/diagnostic_report__rosidl_typesupport_introspection_cpp.hpp
[19.564s] -- Installing: /ROEG/roeg_ws/install/deep_orange_msgs/include/deep_orange_msgs/msg/detail/lap_time_report__type_support.cpp
[19.564s] -- Installing: /ROEG/roeg_ws/install/deep_orange_msgs/include/deep_orange_msgs/msg/detail/misc_report__rosidl_typesupport_introspection_cpp.hpp
[19.564s] -- Installing: /ROEG/roeg_ws/install/deep_orange_msgs/include/deep_orange_msgs/msg/detail/my_laps_report__rosidl_typesupport_introspection_cpp.hpp
[19.564s] -- Installing: /ROEG/roeg_ws/install/deep_orange_msgs/include/deep_orange_msgs/msg/detail/lap_time_report__rosidl_typesupport_introspection_cpp.hpp
[19.565s] -- Installing: /ROEG/roeg_ws/install/deep_orange_msgs/include/deep_orange_msgs/msg/detail/tire_temp__type_support.cpp
[19.565s] -- Installing: /ROEG/roeg_ws/install/deep_orange_msgs/include/deep_orange_msgs/msg/detail/coordinates__type_support.cpp
[19.565s] -- Installing: /ROEG/roeg_ws/install/deep_orange_msgs/include/deep_orange_msgs/msg/detail/telemetry__rosidl_typesupport_introspection_cpp.hpp
[19.565s] -- Installing: /ROEG/roeg_ws/install/deep_orange_msgs/include/deep_orange_msgs/msg/detail/race_control_report__rosidl_typesupport_introspection_cpp.hpp
[19.565s] -- Installing: /ROEG/roeg_ws/install/deep_orange_msgs/include/deep_orange_msgs/msg/detail/ct_report__type_support.cpp
[19.565s] -- Installing: /ROEG/roeg_ws/install/deep_orange_msgs/include/deep_orange_msgs/msg/detail/tire_temp__rosidl_typesupport_introspection_cpp.hpp
[19.566s] -- Installing: /ROEG/roeg_ws/install/deep_orange_msgs/include/deep_orange_msgs/msg/detail/rc_to_ct__rosidl_typesupport_introspection_cpp.hpp
[19.566s] -- Installing: /ROEG/roeg_ws/install/deep_orange_msgs/include/deep_orange_msgs/msg/detail/my_laps_report__type_support.cpp
[19.566s] -- Installing: /ROEG/roeg_ws/install/deep_orange_msgs/include/deep_orange_msgs/msg/detail/rc_to_ct__type_support.cpp
[19.566s] -- Installing: /ROEG/roeg_ws/install/deep_orange_msgs/include/deep_orange_msgs/msg/detail/base_to_car_summary__rosidl_typesupport_introspection_cpp.hpp
[19.566s] -- Installing: /ROEG/roeg_ws/install/deep_orange_msgs/include/deep_orange_msgs/msg/detail/diagnostic_report__type_support.cpp
[19.566s] -- Installing: /ROEG/roeg_ws/install/deep_orange_msgs/include/deep_orange_msgs/msg/detail/tire_report__type_support.cpp
[19.567s] -- Installing: /ROEG/roeg_ws/install/deep_orange_msgs/include/deep_orange_msgs/msg/detail/base_to_car_summary__type_support.cpp
[19.567s] -- Installing: /ROEG/roeg_ws/install/deep_orange_msgs/include/deep_orange_msgs/msg/detail/tire_report__rosidl_typesupport_introspection_cpp.hpp
[19.567s] -- Installing: /ROEG/roeg_ws/install/deep_orange_msgs/include/deep_orange_msgs/msg/detail/marelli_report__type_support.cpp
[19.567s] -- Installing: /ROEG/roeg_ws/install/deep_orange_msgs/include/deep_orange_msgs/msg/detail/misc_report__type_support.cpp
[19.567s] -- Installing: /ROEG/roeg_ws/install/deep_orange_msgs/include/deep_orange_msgs/msg/detail/pt_report__type_support.cpp
[19.567s] -- Installing: /ROEG/roeg_ws/install/deep_orange_msgs/include/deep_orange_msgs/msg/detail/telemetry__type_support.cpp
[19.568s] -- Installing: /ROEG/roeg_ws/install/deep_orange_msgs/include/deep_orange_msgs/msg/detail/pt_report__rosidl_typesupport_introspection_cpp.hpp
[19.568s] -- Installing: /ROEG/roeg_ws/install/deep_orange_msgs/include/deep_orange_msgs/msg/detail/tire_temp_report__rosidl_typesupport_introspection_cpp.hpp
[19.568s] -- Installing: /ROEG/roeg_ws/install/deep_orange_msgs/include/deep_orange_msgs/msg/detail/joystick_command__type_support.cpp
[19.568s] -- Installing: /ROEG/roeg_ws/install/deep_orange_msgs/include/deep_orange_msgs/msg/detail/coordinates__rosidl_typesupport_introspection_cpp.hpp
[19.568s] -- Installing: /ROEG/roeg_ws/install/deep_orange_msgs/include/deep_orange_msgs/msg/detail/marelli_report__rosidl_typesupport_introspection_cpp.hpp
[19.568s] -- Installing: /ROEG/roeg_ws/install/deep_orange_msgs/include/deep_orange_msgs/msg/detail/joystick_command__rosidl_typesupport_introspection_cpp.hpp
[19.569s] -- Installing: /ROEG/roeg_ws/install/deep_orange_msgs/include/deep_orange_msgs/msg/detail/tire_temp_report__type_support.cpp
[19.569s] -- Installing: /ROEG/roeg_ws/install/deep_orange_msgs/include/deep_orange_msgs/msg/detail/race_control_report__type_support.cpp
[19.569s] -- Installing: /ROEG/roeg_ws/install/deep_orange_msgs/include/deep_orange_msgs/msg/detail/ct_report__rosidl_typesupport_introspection_cpp.hpp
[19.569s] -- Installing: /ROEG/roeg_ws/install/deep_orange_msgs/include/deep_orange_msgs/msg/detail/brake_temp_report__type_support.cpp
[19.569s] -- Installing: /ROEG/roeg_ws/install/deep_orange_msgs/include/deep_orange_msgs/msg/detail/brake_temp_report__rosidl_typesupport_introspection_cpp.hpp
[19.570s] -- Installing: /ROEG/roeg_ws/install/deep_orange_msgs/lib/libdeep_orange_msgs__rosidl_typesupport_introspection_cpp.so
[19.570s] -- Set runtime path of "/ROEG/roeg_ws/install/deep_orange_msgs/lib/libdeep_orange_msgs__rosidl_typesupport_introspection_cpp.so" to ""
[19.570s] -- Installing: /ROEG/roeg_ws/install/deep_orange_msgs/lib/libdeep_orange_msgs__rosidl_typesupport_cpp.so
[19.571s] -- Set runtime path of "/ROEG/roeg_ws/install/deep_orange_msgs/lib/libdeep_orange_msgs__rosidl_typesupport_cpp.so" to ""
[19.571s] -- Installing: /ROEG/roeg_ws/install/deep_orange_msgs/share/deep_orange_msgs/environment/pythonpath.sh
[19.571s] -- Installing: /ROEG/roeg_ws/install/deep_orange_msgs/share/deep_orange_msgs/environment/pythonpath.dsv
[19.572s] -- Installing: /ROEG/roeg_ws/install/deep_orange_msgs/lib/python3.8/site-packages/deep_orange_msgs/__init__.py
[19.602s] Compiling '/ROEG/roeg_ws/install/deep_orange_msgs/lib/python3.8/site-packages/deep_orange_msgs/__init__.py'...
[19.606s] -- Installing: /ROEG/roeg_ws/install/deep_orange_msgs/lib/python3.8/site-packages/deep_orange_msgs/msg
[19.607s] -- Installing: /ROEG/roeg_ws/install/deep_orange_msgs/lib/python3.8/site-packages/deep_orange_msgs/msg/_joystick_command.py
[19.607s] -- Installing: /ROEG/roeg_ws/install/deep_orange_msgs/lib/python3.8/site-packages/deep_orange_msgs/msg/_tire_report.py
[19.607s] -- Installing: /ROEG/roeg_ws/install/deep_orange_msgs/lib/python3.8/site-packages/deep_orange_msgs/msg/_tire_temp.py
[19.607s] -- Installing: /ROEG/roeg_ws/install/deep_orange_msgs/lib/python3.8/site-packages/deep_orange_msgs/msg/_lap_time_report_s.c
[19.607s] -- Installing: /ROEG/roeg_ws/install/deep_orange_msgs/lib/python3.8/site-packages/deep_orange_msgs/msg/_tire_report_s.c
[19.608s] -- Installing: /ROEG/roeg_ws/install/deep_orange_msgs/lib/python3.8/site-packages/deep_orange_msgs/msg/_pt_report.py
[19.608s] -- Installing: /ROEG/roeg_ws/install/deep_orange_msgs/lib/python3.8/site-packages/deep_orange_msgs/msg/_telemetry.py
[19.608s] -- Installing: /ROEG/roeg_ws/install/deep_orange_msgs/lib/python3.8/site-packages/deep_orange_msgs/msg/_ct_report.py
[19.608s] -- Installing: /ROEG/roeg_ws/install/deep_orange_msgs/lib/python3.8/site-packages/deep_orange_msgs/msg/_misc_report.py
[19.608s] -- Installing: /ROEG/roeg_ws/install/deep_orange_msgs/lib/python3.8/site-packages/deep_orange_msgs/msg/_base_to_car_summary.py
[19.609s] -- Installing: /ROEG/roeg_ws/install/deep_orange_msgs/lib/python3.8/site-packages/deep_orange_msgs/msg/_race_control_report_s.c
[19.609s] -- Installing: /ROEG/roeg_ws/install/deep_orange_msgs/lib/python3.8/site-packages/deep_orange_msgs/msg/_misc_report_s.c
[19.609s] -- Installing: /ROEG/roeg_ws/install/deep_orange_msgs/lib/python3.8/site-packages/deep_orange_msgs/msg/_tire_temp_s.c
[19.609s] -- Installing: /ROEG/roeg_ws/install/deep_orange_msgs/lib/python3.8/site-packages/deep_orange_msgs/msg/_rc_to_ct_s.c
[19.609s] -- Installing: /ROEG/roeg_ws/install/deep_orange_msgs/lib/python3.8/site-packages/deep_orange_msgs/msg/__init__.py
[19.610s] -- Installing: /ROEG/roeg_ws/install/deep_orange_msgs/lib/python3.8/site-packages/deep_orange_msgs/msg/_rc_to_ct.py
[19.610s] -- Installing: /ROEG/roeg_ws/install/deep_orange_msgs/lib/python3.8/site-packages/deep_orange_msgs/msg/_race_control_report.py
[19.610s] -- Installing: /ROEG/roeg_ws/install/deep_orange_msgs/lib/python3.8/site-packages/deep_orange_msgs/msg/_brake_temp_report.py
[19.610s] -- Installing: /ROEG/roeg_ws/install/deep_orange_msgs/lib/python3.8/site-packages/deep_orange_msgs/msg/_brake_temp_report_s.c
[19.610s] -- Installing: /ROEG/roeg_ws/install/deep_orange_msgs/lib/python3.8/site-packages/deep_orange_msgs/msg/_lap_time_report.py
[19.611s] -- Installing: /ROEG/roeg_ws/install/deep_orange_msgs/lib/python3.8/site-packages/deep_orange_msgs/msg/_marelli_report.py
[19.611s] -- Installing: /ROEG/roeg_ws/install/deep_orange_msgs/lib/python3.8/site-packages/deep_orange_msgs/msg/_marelli_report_s.c
[19.611s] -- Installing: /ROEG/roeg_ws/install/deep_orange_msgs/lib/python3.8/site-packages/deep_orange_msgs/msg/_tire_temp_report.py
[19.611s] -- Installing: /ROEG/roeg_ws/install/deep_orange_msgs/lib/python3.8/site-packages/deep_orange_msgs/msg/_ct_report_s.c
[19.611s] -- Installing: /ROEG/roeg_ws/install/deep_orange_msgs/lib/python3.8/site-packages/deep_orange_msgs/msg/_joystick_command_s.c
[19.612s] -- Installing: /ROEG/roeg_ws/install/deep_orange_msgs/lib/python3.8/site-packages/deep_orange_msgs/msg/_tire_temp_report_s.c
[19.612s] -- Installing: /ROEG/roeg_ws/install/deep_orange_msgs/lib/python3.8/site-packages/deep_orange_msgs/msg/_diagnostic_report_s.c
[19.612s] -- Installing: /ROEG/roeg_ws/install/deep_orange_msgs/lib/python3.8/site-packages/deep_orange_msgs/msg/_diagnostic_report.py
[19.612s] -- Installing: /ROEG/roeg_ws/install/deep_orange_msgs/lib/python3.8/site-packages/deep_orange_msgs/msg/_telemetry_s.c
[19.613s] -- Installing: /ROEG/roeg_ws/install/deep_orange_msgs/lib/python3.8/site-packages/deep_orange_msgs/msg/_pt_report_s.c
[19.613s] -- Installing: /ROEG/roeg_ws/install/deep_orange_msgs/lib/python3.8/site-packages/deep_orange_msgs/msg/_coordinates_s.c
[19.613s] -- Installing: /ROEG/roeg_ws/install/deep_orange_msgs/lib/python3.8/site-packages/deep_orange_msgs/msg/_base_to_car_summary_s.c
[19.613s] -- Installing: /ROEG/roeg_ws/install/deep_orange_msgs/lib/python3.8/site-packages/deep_orange_msgs/msg/_coordinates.py
[19.613s] -- Installing: /ROEG/roeg_ws/install/deep_orange_msgs/lib/python3.8/site-packages/deep_orange_msgs/msg/_my_laps_report_s.c
[19.614s] -- Installing: /ROEG/roeg_ws/install/deep_orange_msgs/lib/python3.8/site-packages/deep_orange_msgs/msg/_my_laps_report.py
[19.614s] -- Installing: /ROEG/roeg_ws/install/deep_orange_msgs/lib/python3.8/site-packages/deep_orange_msgs/deep_orange_msgs_s__rosidl_typesupport_fastrtps_c.cpython-38-x86_64-linux-gnu.so
[19.615s] -- Set runtime path of "/ROEG/roeg_ws/install/deep_orange_msgs/lib/python3.8/site-packages/deep_orange_msgs/deep_orange_msgs_s__rosidl_typesupport_fastrtps_c.cpython-38-x86_64-linux-gnu.so" to ""
[19.615s] -- Installing: /ROEG/roeg_ws/install/deep_orange_msgs/lib/python3.8/site-packages/deep_orange_msgs/deep_orange_msgs_s__rosidl_typesupport_introspection_c.cpython-38-x86_64-linux-gnu.so
[19.616s] -- Set runtime path of "/ROEG/roeg_ws/install/deep_orange_msgs/lib/python3.8/site-packages/deep_orange_msgs/deep_orange_msgs_s__rosidl_typesupport_introspection_c.cpython-38-x86_64-linux-gnu.so" to ""
[19.616s] -- Installing: /ROEG/roeg_ws/install/deep_orange_msgs/lib/python3.8/site-packages/deep_orange_msgs/deep_orange_msgs_s__rosidl_typesupport_c.cpython-38-x86_64-linux-gnu.so
[19.617s] -- Set runtime path of "/ROEG/roeg_ws/install/deep_orange_msgs/lib/python3.8/site-packages/deep_orange_msgs/deep_orange_msgs_s__rosidl_typesupport_c.cpython-38-x86_64-linux-gnu.so" to ""
[19.617s] -- Installing: /ROEG/roeg_ws/install/deep_orange_msgs/lib/libdeep_orange_msgs__python.so
[19.618s] -- Set runtime path of "/ROEG/roeg_ws/install/deep_orange_msgs/lib/libdeep_orange_msgs__python.so" to ""
[19.618s] -- Installing: /ROEG/roeg_ws/install/deep_orange_msgs/share/deep_orange_msgs/msg/BaseToCarSummary.idl
[19.618s] -- Installing: /ROEG/roeg_ws/install/deep_orange_msgs/share/deep_orange_msgs/msg/BrakeTempReport.idl
[19.619s] -- Installing: /ROEG/roeg_ws/install/deep_orange_msgs/share/deep_orange_msgs/msg/Coordinates.idl
[19.619s] -- Installing: /ROEG/roeg_ws/install/deep_orange_msgs/share/deep_orange_msgs/msg/CtReport.idl
[19.619s] -- Installing: /ROEG/roeg_ws/install/deep_orange_msgs/share/deep_orange_msgs/msg/MiscReport.idl
[19.619s] -- Installing: /ROEG/roeg_ws/install/deep_orange_msgs/share/deep_orange_msgs/msg/PtReport.idl
[19.620s] -- Installing: /ROEG/roeg_ws/install/deep_orange_msgs/share/deep_orange_msgs/msg/RcToCt.idl
[19.620s] -- Installing: /ROEG/roeg_ws/install/deep_orange_msgs/share/deep_orange_msgs/msg/TireReport.idl
[19.620s] -- Installing: /ROEG/roeg_ws/install/deep_orange_msgs/share/deep_orange_msgs/msg/TireTemp.idl
[19.620s] -- Installing: /ROEG/roeg_ws/install/deep_orange_msgs/share/deep_orange_msgs/msg/TireTempReport.idl
[19.620s] -- Installing: /ROEG/roeg_ws/install/deep_orange_msgs/share/deep_orange_msgs/msg/Telemetry.idl
[19.621s] -- Installing: /ROEG/roeg_ws/install/deep_orange_msgs/share/deep_orange_msgs/msg/JoystickCommand.idl
[19.621s] -- Installing: /ROEG/roeg_ws/install/deep_orange_msgs/share/deep_orange_msgs/msg/DiagnosticReport.idl
[19.621s] -- Installing: /ROEG/roeg_ws/install/deep_orange_msgs/share/deep_orange_msgs/msg/LapTimeReport.idl
[19.621s] -- Installing: /ROEG/roeg_ws/install/deep_orange_msgs/share/deep_orange_msgs/msg/MyLapsReport.idl
[19.622s] -- Installing: /ROEG/roeg_ws/install/deep_orange_msgs/share/deep_orange_msgs/msg/MarelliReport.idl
[19.622s] -- Installing: /ROEG/roeg_ws/install/deep_orange_msgs/share/deep_orange_msgs/msg/RaceControlReport.idl
[19.622s] -- Installing: /ROEG/roeg_ws/install/deep_orange_msgs/share/deep_orange_msgs/msg/BaseToCarSummary.msg
[19.622s] -- Installing: /ROEG/roeg_ws/install/deep_orange_msgs/share/deep_orange_msgs/msg/BrakeTempReport.msg
[19.623s] -- Installing: /ROEG/roeg_ws/install/deep_orange_msgs/share/deep_orange_msgs/msg/Coordinates.msg
[19.623s] -- Installing: /ROEG/roeg_ws/install/deep_orange_msgs/share/deep_orange_msgs/msg/CtReport.msg
[19.623s] -- Installing: /ROEG/roeg_ws/install/deep_orange_msgs/share/deep_orange_msgs/msg/MiscReport.msg
[19.623s] -- Installing: /ROEG/roeg_ws/install/deep_orange_msgs/share/deep_orange_msgs/msg/PtReport.msg
[19.624s] -- Installing: /ROEG/roeg_ws/install/deep_orange_msgs/share/deep_orange_msgs/msg/RcToCt.msg
[19.624s] -- Installing: /ROEG/roeg_ws/install/deep_orange_msgs/share/deep_orange_msgs/msg/TireReport.msg
[19.624s] -- Installing: /ROEG/roeg_ws/install/deep_orange_msgs/share/deep_orange_msgs/msg/TireTemp.msg
[19.624s] -- Installing: /ROEG/roeg_ws/install/deep_orange_msgs/share/deep_orange_msgs/msg/TireTempReport.msg
[19.624s] -- Installing: /ROEG/roeg_ws/install/deep_orange_msgs/share/deep_orange_msgs/msg/Telemetry.msg
[19.625s] -- Installing: /ROEG/roeg_ws/install/deep_orange_msgs/share/deep_orange_msgs/msg/JoystickCommand.msg
[19.625s] -- Installing: /ROEG/roeg_ws/install/deep_orange_msgs/share/deep_orange_msgs/msg/DiagnosticReport.msg
[19.625s] -- Installing: /ROEG/roeg_ws/install/deep_orange_msgs/share/deep_orange_msgs/msg/LapTimeReport.msg
[19.625s] -- Installing: /ROEG/roeg_ws/install/deep_orange_msgs/share/deep_orange_msgs/msg/MyLapsReport.msg
[19.626s] -- Installing: /ROEG/roeg_ws/install/deep_orange_msgs/share/deep_orange_msgs/msg/MarelliReport.msg
[19.626s] -- Installing: /ROEG/roeg_ws/install/deep_orange_msgs/share/deep_orange_msgs/msg/RaceControlReport.msg
[19.626s] -- Installing: /ROEG/roeg_ws/install/deep_orange_msgs/share/ament_index/resource_index/package_run_dependencies/deep_orange_msgs
[19.626s] -- Installing: /ROEG/roeg_ws/install/deep_orange_msgs/share/ament_index/resource_index/parent_prefix_path/deep_orange_msgs
[19.627s] -- Installing: /ROEG/roeg_ws/install/deep_orange_msgs/share/deep_orange_msgs/environment/ament_prefix_path.sh
[19.627s] -- Installing: /ROEG/roeg_ws/install/deep_orange_msgs/share/deep_orange_msgs/environment/ament_prefix_path.dsv
[19.627s] -- Installing: /ROEG/roeg_ws/install/deep_orange_msgs/share/deep_orange_msgs/environment/path.sh
[19.627s] -- Installing: /ROEG/roeg_ws/install/deep_orange_msgs/share/deep_orange_msgs/environment/path.dsv
[19.627s] -- Installing: /ROEG/roeg_ws/install/deep_orange_msgs/share/deep_orange_msgs/local_setup.bash
[19.628s] -- Installing: /ROEG/roeg_ws/install/deep_orange_msgs/share/deep_orange_msgs/local_setup.sh
[19.628s] -- Installing: /ROEG/roeg_ws/install/deep_orange_msgs/share/deep_orange_msgs/local_setup.zsh
[19.628s] -- Installing: /ROEG/roeg_ws/install/deep_orange_msgs/share/deep_orange_msgs/local_setup.dsv
[19.628s] -- Installing: /ROEG/roeg_ws/install/deep_orange_msgs/share/deep_orange_msgs/package.dsv
[19.628s] -- Installing: /ROEG/roeg_ws/install/deep_orange_msgs/share/ament_index/resource_index/packages/deep_orange_msgs
[19.629s] -- Installing: /ROEG/roeg_ws/install/deep_orange_msgs/share/deep_orange_msgs/cmake/deep_orange_msgs__rosidl_generator_cExport.cmake
[19.629s] -- Installing: /ROEG/roeg_ws/install/deep_orange_msgs/share/deep_orange_msgs/cmake/deep_orange_msgs__rosidl_generator_cExport-noconfig.cmake
[19.629s] -- Installing: /ROEG/roeg_ws/install/deep_orange_msgs/share/deep_orange_msgs/cmake/deep_orange_msgs__rosidl_typesupport_introspection_cExport.cmake
[19.630s] -- Installing: /ROEG/roeg_ws/install/deep_orange_msgs/share/deep_orange_msgs/cmake/deep_orange_msgs__rosidl_typesupport_introspection_cExport-noconfig.cmake
[19.630s] -- Installing: /ROEG/roeg_ws/install/deep_orange_msgs/share/deep_orange_msgs/cmake/deep_orange_msgs__rosidl_typesupport_cExport.cmake
[19.630s] -- Installing: /ROEG/roeg_ws/install/deep_orange_msgs/share/deep_orange_msgs/cmake/deep_orange_msgs__rosidl_typesupport_cExport-noconfig.cmake
[19.630s] -- Installing: /ROEG/roeg_ws/install/deep_orange_msgs/share/deep_orange_msgs/cmake/deep_orange_msgs__rosidl_generator_cppExport.cmake
[19.630s] -- Installing: /ROEG/roeg_ws/install/deep_orange_msgs/share/deep_orange_msgs/cmake/deep_orange_msgs__rosidl_typesupport_introspection_cppExport.cmake
[19.631s] -- Installing: /ROEG/roeg_ws/install/deep_orange_msgs/share/deep_orange_msgs/cmake/deep_orange_msgs__rosidl_typesupport_introspection_cppExport-noconfig.cmake
[19.631s] -- Installing: /ROEG/roeg_ws/install/deep_orange_msgs/share/deep_orange_msgs/cmake/deep_orange_msgs__rosidl_typesupport_cppExport.cmake
[19.631s] -- Installing: /ROEG/roeg_ws/install/deep_orange_msgs/share/deep_orange_msgs/cmake/deep_orange_msgs__rosidl_typesupport_cppExport-noconfig.cmake
[19.631s] -- Installing: /ROEG/roeg_ws/install/deep_orange_msgs/share/deep_orange_msgs/cmake/rosidl_cmake-extras.cmake
[19.632s] -- Installing: /ROEG/roeg_ws/install/deep_orange_msgs/share/deep_orange_msgs/cmake/ament_cmake_export_dependencies-extras.cmake
[19.632s] -- Installing: /ROEG/roeg_ws/install/deep_orange_msgs/share/deep_orange_msgs/cmake/ament_cmake_export_libraries-extras.cmake
[19.632s] -- Installing: /ROEG/roeg_ws/install/deep_orange_msgs/share/deep_orange_msgs/cmake/ament_cmake_export_targets-extras.cmake
[19.632s] -- Installing: /ROEG/roeg_ws/install/deep_orange_msgs/share/deep_orange_msgs/cmake/ament_cmake_export_include_directories-extras.cmake
[19.632s] -- Installing: /ROEG/roeg_ws/install/deep_orange_msgs/share/deep_orange_msgs/cmake/rosidl_cmake_export_typesupport_libraries-extras.cmake
[19.633s] -- Installing: /ROEG/roeg_ws/install/deep_orange_msgs/share/deep_orange_msgs/cmake/rosidl_cmake_export_typesupport_targets-extras.cmake
[19.633s] -- Installing: /ROEG/roeg_ws/install/deep_orange_msgs/share/deep_orange_msgs/cmake/deep_orange_msgsConfig.cmake
[19.633s] -- Installing: /ROEG/roeg_ws/install/deep_orange_msgs/share/deep_orange_msgs/cmake/deep_orange_msgsConfig-version.cmake
[19.633s] -- Installing: /ROEG/roeg_ws/install/deep_orange_msgs/share/deep_orange_msgs/package.xml
[19.641s] Invoked command in '/ROEG/roeg_ws/build/deep_orange_msgs' returned '0': CMAKE_PREFIX_PATH=${CMAKE_PREFIX_PATH}:/ROEG/roeg_ws/install/roeg:/opt/ros/galactic /usr/bin/cmake --install /ROEG/roeg_ws/build/deep_orange_msgs
