-- The C compiler identification is GNU 9.4.0
-- The CXX compiler identification is GNU 9.4.0
-- Check for working C compiler: /usr/bin/cc
-- Check for working C compiler: /usr/bin/cc -- works
-- Detecting C compiler ABI info
-- Detecting C compiler ABI info - done
-- Detecting C compile features
-- Detecting C compile features - done
-- Check for working CXX compiler: /usr/bin/c++
-- Check for working CXX compiler: /usr/bin/c++ -- works
-- Detecting CXX compiler ABI info
-- Detecting CXX compiler ABI info - done
-- Detecting CXX compile features
-- Detecting CXX compile features - done
-- Found ament_cmake: 1.1.6 (/opt/ros/galactic/share/ament_cmake/cmake)
-- Found PythonInterp: /usr/bin/python3 (found suitable version "3.8.10", minimum required is "3") 
-- Using PYTHON_EXECUTABLE: /usr/bin/python3
-- Found builtin_interfaces: 1.0.3 (/opt/ros/galactic/share/builtin_interfaces/cmake)
-- Using all available rosidl_typesupport_c: rosidl_typesupport_fastrtps_c;rosidl_typesupport_introspection_c
-- Found rosidl_adapter: 2.2.3 (/opt/ros/galactic/share/rosidl_adapter/cmake)
-- Found OpenSSL: /usr/lib/x86_64-linux-gnu/libcrypto.so (found version "1.1.1f")  
-- Found FastRTPS: /opt/ros/galactic/include  
-- Using all available rosidl_typesupport_cpp: rosidl_typesupport_fastrtps_cpp;rosidl_typesupport_introspection_cpp
-- Found rosidl_default_generators: 1.1.1 (/opt/ros/galactic/share/rosidl_default_generators/cmake)
-- Found std_msgs: 2.2.4 (/opt/ros/galactic/share/std_msgs/cmake)
-- Found PythonInterp: /usr/bin/python3 (found version "3.8.10") 
-- Found ament_cmake_cppcheck: 0.10.7 (/opt/ros/galactic/share/ament_cmake_cppcheck/cmake)
-- Found ament_cmake_cpplint: 0.10.7 (/opt/ros/galactic/share/ament_cmake_cpplint/cmake)
-- Found ament_cmake_uncrustify: 0.10.7 (/opt/ros/galactic/share/ament_cmake_uncrustify/cmake)
-- Found ament_cmake_ros: 0.9.2 (/opt/ros/galactic/share/ament_cmake_ros/cmake)
-- Using all available rosidl_typesupport_c: rosidl_typesupport_fastrtps_c;rosidl_typesupport_introspection_c
-- Using all available rosidl_typesupport_cpp: rosidl_typesupport_fastrtps_cpp;rosidl_typesupport_introspection_cpp
-- Found PythonInterp: /usr/bin/python3 (found suitable version "3.8.10", minimum required is "3.5") 
-- Found python_cmake_module: 0.8.1 (/opt/ros/galactic/share/python_cmake_module/cmake)
-- Found PythonLibs: /usr/lib/x86_64-linux-gnu/libpython3.8.so (found suitable version "3.8.10", minimum required is "3.5") 
-- Using PYTHON_EXECUTABLE: /usr/bin/python3
-- Using PYTHON_INCLUDE_DIRS: /usr/include/python3.8
-- Using PYTHON_LIBRARIES: /usr/lib/x86_64-linux-gnu/libpython3.8.so
-- Found PythonExtra: .so  
-- Using numpy include directory: /usr/local/lib/python3.8/dist-packages/numpy/core/include
-- Found ament_cmake_flake8: 0.10.7 (/opt/ros/galactic/share/ament_cmake_flake8/cmake)
-- Found ament_cmake_pep257: 0.10.7 (/opt/ros/galactic/share/ament_cmake_pep257/cmake)
-- Found ament_lint_auto: 0.10.7 (/opt/ros/galactic/share/ament_lint_auto/cmake)
-- Added test 'copyright' to check source files copyright and LICENSE
-- Added test 'lint_cmake' to check CMake code style
-- Added test 'xmllint' to check XML markup files
-- Configuring done
-- Generating done
-- Build files have been written to: /ROEG/roeg_ws/build/deep_orange_msgs
[  1%] [34m[1mGenerating C code for ROS interfaces[0m
[35m[1mScanning dependencies of target deep_orange_msgs__cpp[0m
[  1%] [34m[1mGenerating C++ code for ROS interfaces[0m
[  1%] Built target deep_orange_msgs__cpp
[  2%] [34m[1mGenerating C++ type support dispatch for ROS interfaces[0m
[  3%] [34m[1mGenerating C++ type support for eProsima Fast-RTPS[0m
[  3%] [34m[1mGenerating C++ introspection for ROS interfaces[0m
[35m[1mScanning dependencies of target deep_orange_msgs__rosidl_generator_c[0m
[  4%] [32mBuilding C object CMakeFiles/deep_orange_msgs__rosidl_generator_c.dir/rosidl_generator_c/deep_orange_msgs/msg/detail/brake_temp_report__functions.c.o[0m
[  4%] [32mBuilding C object CMakeFiles/deep_orange_msgs__rosidl_generator_c.dir/rosidl_generator_c/deep_orange_msgs/msg/detail/base_to_car_summary__functions.c.o[0m
[  5%] [32mBuilding C object CMakeFiles/deep_orange_msgs__rosidl_generator_c.dir/rosidl_generator_c/deep_orange_msgs/msg/detail/coordinates__functions.c.o[0m
[  5%] [32mBuilding C object CMakeFiles/deep_orange_msgs__rosidl_generator_c.dir/rosidl_generator_c/deep_orange_msgs/msg/detail/ct_report__functions.c.o[0m
[  6%] [32mBuilding C object CMakeFiles/deep_orange_msgs__rosidl_generator_c.dir/rosidl_generator_c/deep_orange_msgs/msg/detail/misc_report__functions.c.o[0m
[  6%] [32mBuilding C object CMakeFiles/deep_orange_msgs__rosidl_generator_c.dir/rosidl_generator_c/deep_orange_msgs/msg/detail/pt_report__functions.c.o[0m
[  7%] [32mBuilding C object CMakeFiles/deep_orange_msgs__rosidl_generator_c.dir/rosidl_generator_c/deep_orange_msgs/msg/detail/rc_to_ct__functions.c.o[0m
[  7%] [32mBuilding C object CMakeFiles/deep_orange_msgs__rosidl_generator_c.dir/rosidl_generator_c/deep_orange_msgs/msg/detail/tire_temp__functions.c.o[0m
[  8%] [32mBuilding C object CMakeFiles/deep_orange_msgs__rosidl_generator_c.dir/rosidl_generator_c/deep_orange_msgs/msg/detail/tire_report__functions.c.o[0m
[  9%] [32mBuilding C object CMakeFiles/deep_orange_msgs__rosidl_generator_c.dir/rosidl_generator_c/deep_orange_msgs/msg/detail/tire_temp_report__functions.c.o[0m
[ 10%] [32mBuilding C object CMakeFiles/deep_orange_msgs__rosidl_generator_c.dir/rosidl_generator_c/deep_orange_msgs/msg/detail/telemetry__functions.c.o[0m
[ 10%] [32mBuilding C object CMakeFiles/deep_orange_msgs__rosidl_generator_c.dir/rosidl_generator_c/deep_orange_msgs/msg/detail/joystick_command__functions.c.o[0m
[ 10%] [32mBuilding C object CMakeFiles/deep_orange_msgs__rosidl_generator_c.dir/rosidl_generator_c/deep_orange_msgs/msg/detail/my_laps_report__functions.c.o[0m
[ 12%] [32mBuilding C object CMakeFiles/deep_orange_msgs__rosidl_generator_c.dir/rosidl_generator_c/deep_orange_msgs/msg/detail/diagnostic_report__functions.c.o[0m
[ 11%] [32mBuilding C object CMakeFiles/deep_orange_msgs__rosidl_generator_c.dir/rosidl_generator_c/deep_orange_msgs/msg/detail/lap_time_report__functions.c.o[0m
[ 12%] [32mBuilding C object CMakeFiles/deep_orange_msgs__rosidl_generator_c.dir/rosidl_generator_c/deep_orange_msgs/msg/detail/race_control_report__functions.c.o[0m
[ 13%] [32mBuilding C object CMakeFiles/deep_orange_msgs__rosidl_generator_c.dir/rosidl_generator_c/deep_orange_msgs/msg/detail/marelli_report__functions.c.o[0m
[ 14%] [32m[1mLinking C shared library libdeep_orange_msgs__rosidl_generator_c.so[0m
[ 14%] Built target deep_orange_msgs__rosidl_generator_c
[ 15%] [34m[1mGenerating C type support dispatch for ROS interfaces[0m
[ 16%] [34m[1mGenerating C introspection for ROS interfaces[0m
[35m[1mScanning dependencies of target deep_orange_msgs__rosidl_typesupport_cpp[0m
[ 17%] [32mBuilding CXX object CMakeFiles/deep_orange_msgs__rosidl_typesupport_cpp.dir/rosidl_typesupport_cpp/deep_orange_msgs/msg/pt_report__type_support.cpp.o[0m
[ 19%] [32mBuilding CXX object CMakeFiles/deep_orange_msgs__rosidl_typesupport_cpp.dir/rosidl_typesupport_cpp/deep_orange_msgs/msg/rc_to_ct__type_support.cpp.o[0m
[ 21%] [32mBuilding CXX object CMakeFiles/deep_orange_msgs__rosidl_typesupport_cpp.dir/rosidl_typesupport_cpp/deep_orange_msgs/msg/misc_report__type_support.cpp.o[0m
[ 18%] [32mBuilding CXX object CMakeFiles/deep_orange_msgs__rosidl_typesupport_cpp.dir/rosidl_typesupport_cpp/deep_orange_msgs/msg/coordinates__type_support.cpp.o[0m
[ 18%] [32mBuilding CXX object CMakeFiles/deep_orange_msgs__rosidl_typesupport_cpp.dir/rosidl_typesupport_cpp/deep_orange_msgs/msg/ct_report__type_support.cpp.o[0m
[ 22%] [32mBuilding CXX object CMakeFiles/deep_orange_msgs__rosidl_typesupport_cpp.dir/rosidl_typesupport_cpp/deep_orange_msgs/msg/tire_report__type_support.cpp.o[0m
[ 19%] [32mBuilding CXX object CMakeFiles/deep_orange_msgs__rosidl_typesupport_cpp.dir/rosidl_typesupport_cpp/deep_orange_msgs/msg/tire_temp__type_support.cpp.o[0m
[ 21%] [32mBuilding CXX object CMakeFiles/deep_orange_msgs__rosidl_typesupport_cpp.dir/rosidl_typesupport_cpp/deep_orange_msgs/msg/brake_temp_report__type_support.cpp.o[0m
[ 21%] [32mBuilding CXX object CMakeFiles/deep_orange_msgs__rosidl_typesupport_cpp.dir/rosidl_typesupport_cpp/deep_orange_msgs/msg/base_to_car_summary__type_support.cpp.o[0m
[ 22%] [32mBuilding CXX object CMakeFiles/deep_orange_msgs__rosidl_typesupport_cpp.dir/rosidl_typesupport_cpp/deep_orange_msgs/msg/tire_temp_report__type_support.cpp.o[0m
[ 22%] [32mBuilding CXX object CMakeFiles/deep_orange_msgs__rosidl_typesupport_cpp.dir/rosidl_typesupport_cpp/deep_orange_msgs/msg/joystick_command__type_support.cpp.o[0m
[ 23%] [32mBuilding CXX object CMakeFiles/deep_orange_msgs__rosidl_typesupport_cpp.dir/rosidl_typesupport_cpp/deep_orange_msgs/msg/telemetry__type_support.cpp.o[0m
[ 24%] [32mBuilding CXX object CMakeFiles/deep_orange_msgs__rosidl_typesupport_cpp.dir/rosidl_typesupport_cpp/deep_orange_msgs/msg/diagnostic_report__type_support.cpp.o[0m
[ 24%] [32mBuilding CXX object CMakeFiles/deep_orange_msgs__rosidl_typesupport_cpp.dir/rosidl_typesupport_cpp/deep_orange_msgs/msg/my_laps_report__type_support.cpp.o[0m
[ 25%] [32mBuilding CXX object CMakeFiles/deep_orange_msgs__rosidl_typesupport_cpp.dir/rosidl_typesupport_cpp/deep_orange_msgs/msg/lap_time_report__type_support.cpp.o[0m
[ 26%] [32mBuilding CXX object CMakeFiles/deep_orange_msgs__rosidl_typesupport_cpp.dir/rosidl_typesupport_cpp/deep_orange_msgs/msg/marelli_report__type_support.cpp.o[0m
[ 27%] [32mBuilding CXX object CMakeFiles/deep_orange_msgs__rosidl_typesupport_cpp.dir/rosidl_typesupport_cpp/deep_orange_msgs/msg/race_control_report__type_support.cpp.o[0m
[35m[1mScanning dependencies of target deep_orange_msgs__rosidl_typesupport_introspection_cpp[0m
[35m[1mScanning dependencies of target deep_orange_msgs__rosidl_typesupport_fastrtps_cpp[0m
[ 28%] [32mBuilding CXX object CMakeFiles/deep_orange_msgs__rosidl_typesupport_fastrtps_cpp.dir/rosidl_typesupport_fastrtps_cpp/deep_orange_msgs/msg/detail/dds_fastrtps/base_to_car_summary__type_support.cpp.o[0m
[ 29%] [32mBuilding CXX object CMakeFiles/deep_orange_msgs__rosidl_typesupport_fastrtps_cpp.dir/rosidl_typesupport_fastrtps_cpp/deep_orange_msgs/msg/detail/dds_fastrtps/coordinates__type_support.cpp.o[0m
[ 28%] [32mBuilding CXX object CMakeFiles/deep_orange_msgs__rosidl_typesupport_fastrtps_cpp.dir/rosidl_typesupport_fastrtps_cpp/deep_orange_msgs/msg/detail/dds_fastrtps/brake_temp_report__type_support.cpp.o[0m
[ 30%] [32mBuilding CXX object CMakeFiles/deep_orange_msgs__rosidl_typesupport_fastrtps_cpp.dir/rosidl_typesupport_fastrtps_cpp/deep_orange_msgs/msg/detail/dds_fastrtps/ct_report__type_support.cpp.o[0m
[ 30%] [32mBuilding CXX object CMakeFiles/deep_orange_msgs__rosidl_typesupport_fastrtps_cpp.dir/rosidl_typesupport_fastrtps_cpp/deep_orange_msgs/msg/detail/dds_fastrtps/misc_report__type_support.cpp.o[0m
[ 30%] [32mBuilding CXX object CMakeFiles/deep_orange_msgs__rosidl_typesupport_introspection_cpp.dir/rosidl_typesupport_introspection_cpp/deep_orange_msgs/msg/detail/brake_temp_report__type_support.cpp.o[0m
[ 31%] [32mBuilding CXX object CMakeFiles/deep_orange_msgs__rosidl_typesupport_introspection_cpp.dir/rosidl_typesupport_introspection_cpp/deep_orange_msgs/msg/detail/coordinates__type_support.cpp.o[0m
[ 32%] [32mBuilding CXX object CMakeFiles/deep_orange_msgs__rosidl_typesupport_introspection_cpp.dir/rosidl_typesupport_introspection_cpp/deep_orange_msgs/msg/detail/base_to_car_summary__type_support.cpp.o[0m
[ 33%] [32mBuilding CXX object CMakeFiles/deep_orange_msgs__rosidl_typesupport_fastrtps_cpp.dir/rosidl_typesupport_fastrtps_cpp/deep_orange_msgs/msg/detail/dds_fastrtps/pt_report__type_support.cpp.o[0m
[ 33%] [32mBuilding CXX object CMakeFiles/deep_orange_msgs__rosidl_typesupport_fastrtps_cpp.dir/rosidl_typesupport_fastrtps_cpp/deep_orange_msgs/msg/detail/dds_fastrtps/rc_to_ct__type_support.cpp.o[0m
[ 34%] [32mBuilding CXX object CMakeFiles/deep_orange_msgs__rosidl_typesupport_fastrtps_cpp.dir/rosidl_typesupport_fastrtps_cpp/deep_orange_msgs/msg/detail/dds_fastrtps/tire_temp__type_support.cpp.o[0m
[ 35%] [32mBuilding CXX object CMakeFiles/deep_orange_msgs__rosidl_typesupport_fastrtps_cpp.dir/rosidl_typesupport_fastrtps_cpp/deep_orange_msgs/msg/detail/dds_fastrtps/tire_report__type_support.cpp.o[0m
[ 35%] [32m[1mLinking CXX shared library libdeep_orange_msgs__rosidl_typesupport_cpp.so[0m
[35m[1mScanning dependencies of target deep_orange_msgs__rosidl_typesupport_c[0m
[ 35%] [32mBuilding CXX object CMakeFiles/deep_orange_msgs__rosidl_typesupport_fastrtps_cpp.dir/rosidl_typesupport_fastrtps_cpp/deep_orange_msgs/msg/detail/dds_fastrtps/tire_temp_report__type_support.cpp.o[0m
[ 35%] [32mBuilding CXX object CMakeFiles/deep_orange_msgs__rosidl_typesupport_c.dir/rosidl_typesupport_c/deep_orange_msgs/msg/base_to_car_summary__type_support.cpp.o[0m
[ 35%] Built target deep_orange_msgs__rosidl_typesupport_cpp
[ 36%] [32mBuilding CXX object CMakeFiles/deep_orange_msgs__rosidl_typesupport_fastrtps_cpp.dir/rosidl_typesupport_fastrtps_cpp/deep_orange_msgs/msg/detail/dds_fastrtps/telemetry__type_support.cpp.o[0m
[ 37%] [32mBuilding CXX object CMakeFiles/deep_orange_msgs__rosidl_typesupport_introspection_cpp.dir/rosidl_typesupport_introspection_cpp/deep_orange_msgs/msg/detail/ct_report__type_support.cpp.o[0m
[ 37%] [32mBuilding CXX object CMakeFiles/deep_orange_msgs__rosidl_typesupport_introspection_cpp.dir/rosidl_typesupport_introspection_cpp/deep_orange_msgs/msg/detail/misc_report__type_support.cpp.o[0m
[ 38%] [32mBuilding CXX object CMakeFiles/deep_orange_msgs__rosidl_typesupport_c.dir/rosidl_typesupport_c/deep_orange_msgs/msg/brake_temp_report__type_support.cpp.o[0m
[ 39%] [32mBuilding CXX object CMakeFiles/deep_orange_msgs__rosidl_typesupport_c.dir/rosidl_typesupport_c/deep_orange_msgs/msg/coordinates__type_support.cpp.o[0m
[ 40%] [32mBuilding CXX object CMakeFiles/deep_orange_msgs__rosidl_typesupport_introspection_cpp.dir/rosidl_typesupport_introspection_cpp/deep_orange_msgs/msg/detail/pt_report__type_support.cpp.o[0m
[ 41%] [32mBuilding CXX object CMakeFiles/deep_orange_msgs__rosidl_typesupport_introspection_cpp.dir/rosidl_typesupport_introspection_cpp/deep_orange_msgs/msg/detail/rc_to_ct__type_support.cpp.o[0m
[ 42%] [32mBuilding CXX object CMakeFiles/deep_orange_msgs__rosidl_typesupport_fastrtps_cpp.dir/rosidl_typesupport_fastrtps_cpp/deep_orange_msgs/msg/detail/dds_fastrtps/joystick_command__type_support.cpp.o[0m
[ 42%] [32mBuilding CXX object CMakeFiles/deep_orange_msgs__rosidl_typesupport_c.dir/rosidl_typesupport_c/deep_orange_msgs/msg/ct_report__type_support.cpp.o[0m
[ 43%] [32mBuilding CXX object CMakeFiles/deep_orange_msgs__rosidl_typesupport_c.dir/rosidl_typesupport_c/deep_orange_msgs/msg/misc_report__type_support.cpp.o[0m
[ 43%] [32mBuilding CXX object CMakeFiles/deep_orange_msgs__rosidl_typesupport_fastrtps_cpp.dir/rosidl_typesupport_fastrtps_cpp/deep_orange_msgs/msg/detail/dds_fastrtps/diagnostic_report__type_support.cpp.o[0m
[ 43%] [32mBuilding CXX object CMakeFiles/deep_orange_msgs__rosidl_typesupport_c.dir/rosidl_typesupport_c/deep_orange_msgs/msg/pt_report__type_support.cpp.o[0m
[ 44%] [32mBuilding CXX object CMakeFiles/deep_orange_msgs__rosidl_typesupport_fastrtps_cpp.dir/rosidl_typesupport_fastrtps_cpp/deep_orange_msgs/msg/detail/dds_fastrtps/lap_time_report__type_support.cpp.o[0m
[ 44%] [32mBuilding CXX object CMakeFiles/deep_orange_msgs__rosidl_typesupport_introspection_cpp.dir/rosidl_typesupport_introspection_cpp/deep_orange_msgs/msg/detail/tire_report__type_support.cpp.o[0m
[ 45%] [32mBuilding CXX object CMakeFiles/deep_orange_msgs__rosidl_typesupport_introspection_cpp.dir/rosidl_typesupport_introspection_cpp/deep_orange_msgs/msg/detail/tire_temp__type_support.cpp.o[0m
[ 45%] [32mBuilding CXX object CMakeFiles/deep_orange_msgs__rosidl_typesupport_introspection_cpp.dir/rosidl_typesupport_introspection_cpp/deep_orange_msgs/msg/detail/tire_temp_report__type_support.cpp.o[0m
[ 45%] [32mBuilding CXX object CMakeFiles/deep_orange_msgs__rosidl_typesupport_fastrtps_cpp.dir/rosidl_typesupport_fastrtps_cpp/deep_orange_msgs/msg/detail/dds_fastrtps/my_laps_report__type_support.cpp.o[0m
[ 46%] [32mBuilding CXX object CMakeFiles/deep_orange_msgs__rosidl_typesupport_c.dir/rosidl_typesupport_c/deep_orange_msgs/msg/rc_to_ct__type_support.cpp.o[0m
[ 47%] [32mBuilding CXX object CMakeFiles/deep_orange_msgs__rosidl_typesupport_c.dir/rosidl_typesupport_c/deep_orange_msgs/msg/tire_report__type_support.cpp.o[0m
[ 48%] [32mBuilding CXX object CMakeFiles/deep_orange_msgs__rosidl_typesupport_introspection_cpp.dir/rosidl_typesupport_introspection_cpp/deep_orange_msgs/msg/detail/telemetry__type_support.cpp.o[0m
[ 48%] [32mBuilding CXX object CMakeFiles/deep_orange_msgs__rosidl_typesupport_c.dir/rosidl_typesupport_c/deep_orange_msgs/msg/tire_temp__type_support.cpp.o[0m
[ 49%] [32mBuilding CXX object CMakeFiles/deep_orange_msgs__rosidl_typesupport_c.dir/rosidl_typesupport_c/deep_orange_msgs/msg/tire_temp_report__type_support.cpp.o[0m
[ 50%] [32mBuilding CXX object CMakeFiles/deep_orange_msgs__rosidl_typesupport_fastrtps_cpp.dir/rosidl_typesupport_fastrtps_cpp/deep_orange_msgs/msg/detail/dds_fastrtps/race_control_report__type_support.cpp.o[0m
[ 51%] [32mBuilding CXX object CMakeFiles/deep_orange_msgs__rosidl_typesupport_fastrtps_cpp.dir/rosidl_typesupport_fastrtps_cpp/deep_orange_msgs/msg/detail/dds_fastrtps/marelli_report__type_support.cpp.o[0m
[ 52%] [32mBuilding CXX object CMakeFiles/deep_orange_msgs__rosidl_typesupport_c.dir/rosidl_typesupport_c/deep_orange_msgs/msg/telemetry__type_support.cpp.o[0m
[ 52%] [32mBuilding CXX object CMakeFiles/deep_orange_msgs__rosidl_typesupport_c.dir/rosidl_typesupport_c/deep_orange_msgs/msg/joystick_command__type_support.cpp.o[0m
[ 53%] [32mBuilding CXX object CMakeFiles/deep_orange_msgs__rosidl_typesupport_introspection_cpp.dir/rosidl_typesupport_introspection_cpp/deep_orange_msgs/msg/detail/joystick_command__type_support.cpp.o[0m
[ 53%] [32mBuilding CXX object CMakeFiles/deep_orange_msgs__rosidl_typesupport_introspection_cpp.dir/rosidl_typesupport_introspection_cpp/deep_orange_msgs/msg/detail/diagnostic_report__type_support.cpp.o[0m
[ 54%] [32mBuilding CXX object CMakeFiles/deep_orange_msgs__rosidl_typesupport_c.dir/rosidl_typesupport_c/deep_orange_msgs/msg/diagnostic_report__type_support.cpp.o[0m
[35m[1mScanning dependencies of target deep_orange_msgs__rosidl_typesupport_introspection_c[0m
[ 54%] [32mBuilding CXX object CMakeFiles/deep_orange_msgs__rosidl_typesupport_c.dir/rosidl_typesupport_c/deep_orange_msgs/msg/lap_time_report__type_support.cpp.o[0m
[ 55%] [32mBuilding CXX object CMakeFiles/deep_orange_msgs__rosidl_typesupport_introspection_cpp.dir/rosidl_typesupport_introspection_cpp/deep_orange_msgs/msg/detail/lap_time_report__type_support.cpp.o[0m
[ 56%] [32mBuilding CXX object CMakeFiles/deep_orange_msgs__rosidl_typesupport_introspection_cpp.dir/rosidl_typesupport_introspection_cpp/deep_orange_msgs/msg/detail/my_laps_report__type_support.cpp.o[0m
[ 57%] [32mBuilding C object CMakeFiles/deep_orange_msgs__rosidl_typesupport_introspection_c.dir/rosidl_typesupport_introspection_c/deep_orange_msgs/msg/detail/base_to_car_summary__type_support.c.o[0m
[ 58%] [32mBuilding CXX object CMakeFiles/deep_orange_msgs__rosidl_typesupport_c.dir/rosidl_typesupport_c/deep_orange_msgs/msg/my_laps_report__type_support.cpp.o[0m
[ 59%] [32mBuilding CXX object CMakeFiles/deep_orange_msgs__rosidl_typesupport_c.dir/rosidl_typesupport_c/deep_orange_msgs/msg/marelli_report__type_support.cpp.o[0m
[ 59%] [32mBuilding CXX object CMakeFiles/deep_orange_msgs__rosidl_typesupport_c.dir/rosidl_typesupport_c/deep_orange_msgs/msg/race_control_report__type_support.cpp.o[0m
[ 59%] [32mBuilding C object CMakeFiles/deep_orange_msgs__rosidl_typesupport_introspection_c.dir/rosidl_typesupport_introspection_c/deep_orange_msgs/msg/detail/brake_temp_report__type_support.c.o[0m
[ 59%] [32mBuilding C object CMakeFiles/deep_orange_msgs__rosidl_typesupport_introspection_c.dir/rosidl_typesupport_introspection_c/deep_orange_msgs/msg/detail/ct_report__type_support.c.o[0m
[ 60%] [32mBuilding C object CMakeFiles/deep_orange_msgs__rosidl_typesupport_introspection_c.dir/rosidl_typesupport_introspection_c/deep_orange_msgs/msg/detail/coordinates__type_support.c.o[0m
[ 61%] [32mBuilding C object CMakeFiles/deep_orange_msgs__rosidl_typesupport_introspection_c.dir/rosidl_typesupport_introspection_c/deep_orange_msgs/msg/detail/misc_report__type_support.c.o[0m
[ 61%] [32mBuilding CXX object CMakeFiles/deep_orange_msgs__rosidl_typesupport_introspection_cpp.dir/rosidl_typesupport_introspection_cpp/deep_orange_msgs/msg/detail/marelli_report__type_support.cpp.o[0m
[ 62%] [32mBuilding C object CMakeFiles/deep_orange_msgs__rosidl_typesupport_introspection_c.dir/rosidl_typesupport_introspection_c/deep_orange_msgs/msg/detail/pt_report__type_support.c.o[0m
[ 63%] [32m[1mLinking CXX shared library libdeep_orange_msgs__rosidl_typesupport_c.so[0m
[ 63%] [32mBuilding C object CMakeFiles/deep_orange_msgs__rosidl_typesupport_introspection_c.dir/rosidl_typesupport_introspection_c/deep_orange_msgs/msg/detail/rc_to_ct__type_support.c.o[0m
[ 64%] [32mBuilding C object CMakeFiles/deep_orange_msgs__rosidl_typesupport_introspection_c.dir/rosidl_typesupport_introspection_c/deep_orange_msgs/msg/detail/tire_report__type_support.c.o[0m
[ 65%] [32mBuilding CXX object CMakeFiles/deep_orange_msgs__rosidl_typesupport_introspection_cpp.dir/rosidl_typesupport_introspection_cpp/deep_orange_msgs/msg/detail/race_control_report__type_support.cpp.o[0m
[ 66%] [32mBuilding C object CMakeFiles/deep_orange_msgs__rosidl_typesupport_introspection_c.dir/rosidl_typesupport_introspection_c/deep_orange_msgs/msg/detail/tire_temp__type_support.c.o[0m
[ 66%] [32mBuilding C object CMakeFiles/deep_orange_msgs__rosidl_typesupport_introspection_c.dir/rosidl_typesupport_introspection_c/deep_orange_msgs/msg/detail/tire_temp_report__type_support.c.o[0m
[ 67%] [32mBuilding C object CMakeFiles/deep_orange_msgs__rosidl_typesupport_introspection_c.dir/rosidl_typesupport_introspection_c/deep_orange_msgs/msg/detail/telemetry__type_support.c.o[0m
[ 68%] [32mBuilding C object CMakeFiles/deep_orange_msgs__rosidl_typesupport_introspection_c.dir/rosidl_typesupport_introspection_c/deep_orange_msgs/msg/detail/joystick_command__type_support.c.o[0m
[ 68%] [32mBuilding C object CMakeFiles/deep_orange_msgs__rosidl_typesupport_introspection_c.dir/rosidl_typesupport_introspection_c/deep_orange_msgs/msg/detail/diagnostic_report__type_support.c.o[0m
[ 69%] [32mBuilding C object CMakeFiles/deep_orange_msgs__rosidl_typesupport_introspection_c.dir/rosidl_typesupport_introspection_c/deep_orange_msgs/msg/detail/lap_time_report__type_support.c.o[0m
[ 69%] Built target deep_orange_msgs__rosidl_typesupport_c
[ 69%] [32mBuilding C object CMakeFiles/deep_orange_msgs__rosidl_typesupport_introspection_c.dir/rosidl_typesupport_introspection_c/deep_orange_msgs/msg/detail/my_laps_report__type_support.c.o[0m
[ 70%] [32mBuilding C object CMakeFiles/deep_orange_msgs__rosidl_typesupport_introspection_c.dir/rosidl_typesupport_introspection_c/deep_orange_msgs/msg/detail/marelli_report__type_support.c.o[0m
[ 71%] [32mBuilding C object CMakeFiles/deep_orange_msgs__rosidl_typesupport_introspection_c.dir/rosidl_typesupport_introspection_c/deep_orange_msgs/msg/detail/race_control_report__type_support.c.o[0m
[ 71%] [32m[1mLinking C shared library libdeep_orange_msgs__rosidl_typesupport_introspection_c.so[0m
[ 71%] [32m[1mLinking CXX shared library libdeep_orange_msgs__rosidl_typesupport_fastrtps_cpp.so[0m
[ 71%] Built target deep_orange_msgs__rosidl_typesupport_introspection_c
[ 72%] [32m[1mLinking CXX shared library libdeep_orange_msgs__rosidl_typesupport_introspection_cpp.so[0m
[ 72%] Built target deep_orange_msgs__rosidl_typesupport_fastrtps_cpp
[ 73%] [34m[1mGenerating C type support for eProsima Fast-RTPS[0m
[ 73%] Built target deep_orange_msgs__rosidl_typesupport_introspection_cpp
[35m[1mScanning dependencies of target deep_orange_msgs__rosidl_typesupport_fastrtps_c[0m
[ 75%] [32mBuilding CXX object CMakeFiles/deep_orange_msgs__rosidl_typesupport_fastrtps_c.dir/rosidl_typesupport_fastrtps_c/deep_orange_msgs/msg/detail/pt_report__type_support_c.cpp.o[0m
[ 75%] [32mBuilding CXX object CMakeFiles/deep_orange_msgs__rosidl_typesupport_fastrtps_c.dir/rosidl_typesupport_fastrtps_c/deep_orange_msgs/msg/detail/brake_temp_report__type_support_c.cpp.o[0m
[ 75%] [32mBuilding CXX object CMakeFiles/deep_orange_msgs__rosidl_typesupport_fastrtps_c.dir/rosidl_typesupport_fastrtps_c/deep_orange_msgs/msg/detail/ct_report__type_support_c.cpp.o[0m
[ 78%] [32mBuilding CXX object CMakeFiles/deep_orange_msgs__rosidl_typesupport_fastrtps_c.dir/rosidl_typesupport_fastrtps_c/deep_orange_msgs/msg/detail/telemetry__type_support_c.cpp.o[0m
[ 80%] [32mBuilding CXX object CMakeFiles/deep_orange_msgs__rosidl_typesupport_fastrtps_c.dir/rosidl_typesupport_fastrtps_c/deep_orange_msgs/msg/detail/misc_report__type_support_c.cpp.o[0m
[ 80%] [32mBuilding CXX object CMakeFiles/deep_orange_msgs__rosidl_typesupport_fastrtps_c.dir/rosidl_typesupport_fastrtps_c/deep_orange_msgs/msg/detail/marelli_report__type_support_c.cpp.o[0m
[ 76%] [32mBuilding CXX object CMakeFiles/deep_orange_msgs__rosidl_typesupport_fastrtps_c.dir/rosidl_typesupport_fastrtps_c/deep_orange_msgs/msg/detail/tire_temp_report__type_support_c.cpp.o[0m
[ 77%] [32mBuilding CXX object CMakeFiles/deep_orange_msgs__rosidl_typesupport_fastrtps_c.dir/rosidl_typesupport_fastrtps_c/deep_orange_msgs/msg/detail/coordinates__type_support_c.cpp.o[0m
[ 77%] [32mBuilding CXX object CMakeFiles/deep_orange_msgs__rosidl_typesupport_fastrtps_c.dir/rosidl_typesupport_fastrtps_c/deep_orange_msgs/msg/detail/base_to_car_summary__type_support_c.cpp.o[0m
[ 81%] [32mBuilding CXX object CMakeFiles/deep_orange_msgs__rosidl_typesupport_fastrtps_c.dir/rosidl_typesupport_fastrtps_c/deep_orange_msgs/msg/detail/tire_report__type_support_c.cpp.o[0m
[ 81%] [32mBuilding CXX object CMakeFiles/deep_orange_msgs__rosidl_typesupport_fastrtps_c.dir/rosidl_typesupport_fastrtps_c/deep_orange_msgs/msg/detail/my_laps_report__type_support_c.cpp.o[0m
[ 77%] [32mBuilding CXX object CMakeFiles/deep_orange_msgs__rosidl_typesupport_fastrtps_c.dir/rosidl_typesupport_fastrtps_c/deep_orange_msgs/msg/detail/rc_to_ct__type_support_c.cpp.o[0m
[ 82%] [32mBuilding CXX object CMakeFiles/deep_orange_msgs__rosidl_typesupport_fastrtps_c.dir/rosidl_typesupport_fastrtps_c/deep_orange_msgs/msg/detail/diagnostic_report__type_support_c.cpp.o[0m
[ 82%] [32mBuilding CXX object CMakeFiles/deep_orange_msgs__rosidl_typesupport_fastrtps_c.dir/rosidl_typesupport_fastrtps_c/deep_orange_msgs/msg/detail/tire_temp__type_support_c.cpp.o[0m
[ 82%] [32mBuilding CXX object CMakeFiles/deep_orange_msgs__rosidl_typesupport_fastrtps_c.dir/rosidl_typesupport_fastrtps_c/deep_orange_msgs/msg/detail/joystick_command__type_support_c.cpp.o[0m
[ 83%] [32mBuilding CXX object CMakeFiles/deep_orange_msgs__rosidl_typesupport_fastrtps_c.dir/rosidl_typesupport_fastrtps_c/deep_orange_msgs/msg/detail/lap_time_report__type_support_c.cpp.o[0m
[ 84%] [32mBuilding CXX object CMakeFiles/deep_orange_msgs__rosidl_typesupport_fastrtps_c.dir/rosidl_typesupport_fastrtps_c/deep_orange_msgs/msg/detail/race_control_report__type_support_c.cpp.o[0m
[ 84%] [32m[1mLinking CXX shared library libdeep_orange_msgs__rosidl_typesupport_fastrtps_c.so[0m
[ 84%] Built target deep_orange_msgs__rosidl_typesupport_fastrtps_c
[35m[1mScanning dependencies of target deep_orange_msgs[0m
[ 84%] Built target deep_orange_msgs
[35m[1mScanning dependencies of target deep_orange_msgs__py[0m
[ 85%] [34m[1mGenerating Python code for ROS interfaces[0m
[ 85%] Built target deep_orange_msgs__py
[35m[1mScanning dependencies of target deep_orange_msgs__python[0m
[ 85%] [32mBuilding C object CMakeFiles/deep_orange_msgs__python.dir/rosidl_generator_py/deep_orange_msgs/msg/_ct_report_s.c.o[0m
[ 86%] [32mBuilding C object CMakeFiles/deep_orange_msgs__python.dir/rosidl_generator_py/deep_orange_msgs/msg/_brake_temp_report_s.c.o[0m
[ 86%] [32mBuilding C object CMakeFiles/deep_orange_msgs__python.dir/rosidl_generator_py/deep_orange_msgs/msg/_base_to_car_summary_s.c.o[0m
[ 87%] [32mBuilding C object CMakeFiles/deep_orange_msgs__python.dir/rosidl_generator_py/deep_orange_msgs/msg/_coordinates_s.c.o[0m
[ 88%] [32mBuilding C object CMakeFiles/deep_orange_msgs__python.dir/rosidl_generator_py/deep_orange_msgs/msg/_pt_report_s.c.o[0m
[ 89%] [32mBuilding C object CMakeFiles/deep_orange_msgs__python.dir/rosidl_generator_py/deep_orange_msgs/msg/_misc_report_s.c.o[0m
[ 89%] [32mBuilding C object CMakeFiles/deep_orange_msgs__python.dir/rosidl_generator_py/deep_orange_msgs/msg/_rc_to_ct_s.c.o[0m
[ 90%] [32mBuilding C object CMakeFiles/deep_orange_msgs__python.dir/rosidl_generator_py/deep_orange_msgs/msg/_tire_report_s.c.o[0m
[ 91%] [32mBuilding C object CMakeFiles/deep_orange_msgs__python.dir/rosidl_generator_py/deep_orange_msgs/msg/_tire_temp_s.c.o[0m
[ 91%] [32mBuilding C object CMakeFiles/deep_orange_msgs__python.dir/rosidl_generator_py/deep_orange_msgs/msg/_tire_temp_report_s.c.o[0m
[ 92%] [32mBuilding C object CMakeFiles/deep_orange_msgs__python.dir/rosidl_generator_py/deep_orange_msgs/msg/_diagnostic_report_s.c.o[0m
[ 93%] [32mBuilding C object CMakeFiles/deep_orange_msgs__python.dir/rosidl_generator_py/deep_orange_msgs/msg/_telemetry_s.c.o[0m
[ 93%] [32mBuilding C object CMakeFiles/deep_orange_msgs__python.dir/rosidl_generator_py/deep_orange_msgs/msg/_joystick_command_s.c.o[0m
[ 94%] [32mBuilding C object CMakeFiles/deep_orange_msgs__python.dir/rosidl_generator_py/deep_orange_msgs/msg/_lap_time_report_s.c.o[0m
[ 94%] [32mBuilding C object CMakeFiles/deep_orange_msgs__python.dir/rosidl_generator_py/deep_orange_msgs/msg/_my_laps_report_s.c.o[0m
[ 94%] [32mBuilding C object CMakeFiles/deep_orange_msgs__python.dir/rosidl_generator_py/deep_orange_msgs/msg/_race_control_report_s.c.o[0m
[ 95%] [32mBuilding C object CMakeFiles/deep_orange_msgs__python.dir/rosidl_generator_py/deep_orange_msgs/msg/_marelli_report_s.c.o[0m
[ 96%] [32m[1mLinking C shared library rosidl_generator_py/deep_orange_msgs/libdeep_orange_msgs__python.so[0m
[ 96%] Built target deep_orange_msgs__python
[35m[1mScanning dependencies of target deep_orange_msgs__rosidl_typesupport_fastrtps_c__pyext[0m
[35m[1mScanning dependencies of target deep_orange_msgs__rosidl_typesupport_introspection_c__pyext[0m
[35m[1mScanning dependencies of target deep_orange_msgs__rosidl_typesupport_c__pyext[0m
[ 98%] [32mBuilding C object CMakeFiles/deep_orange_msgs__rosidl_typesupport_introspection_c__pyext.dir/rosidl_generator_py/deep_orange_msgs/_deep_orange_msgs_s.ep.rosidl_typesupport_introspection_c.c.o[0m
[ 98%] [32mBuilding C object CMakeFiles/deep_orange_msgs__rosidl_typesupport_fastrtps_c__pyext.dir/rosidl_generator_py/deep_orange_msgs/_deep_orange_msgs_s.ep.rosidl_typesupport_fastrtps_c.c.o[0m
[ 99%] [32mBuilding C object CMakeFiles/deep_orange_msgs__rosidl_typesupport_c__pyext.dir/rosidl_generator_py/deep_orange_msgs/_deep_orange_msgs_s.ep.rosidl_typesupport_c.c.o[0m
[100%] [32m[1mLinking C shared library rosidl_generator_py/deep_orange_msgs/deep_orange_msgs_s__rosidl_typesupport_introspection_c.cpython-38-x86_64-linux-gnu.so[0m
[ 99%] [32m[1mLinking C shared library rosidl_generator_py/deep_orange_msgs/deep_orange_msgs_s__rosidl_typesupport_c.cpython-38-x86_64-linux-gnu.so[0m
[100%] Built target deep_orange_msgs__rosidl_typesupport_c__pyext
[100%] [32m[1mLinking CXX shared library rosidl_generator_py/deep_orange_msgs/deep_orange_msgs_s__rosidl_typesupport_fastrtps_c.cpython-38-x86_64-linux-gnu.so[0m
[100%] Built target deep_orange_msgs__rosidl_typesupport_introspection_c__pyext
[100%] Built target deep_orange_msgs__rosidl_typesupport_fastrtps_c__pyext
-- Install configuration: ""
-- Installing: /ROEG/roeg_ws/install/deep_orange_msgs/share/ament_index/resource_index/rosidl_interfaces/deep_orange_msgs
-- Installing: /ROEG/roeg_ws/install/deep_orange_msgs/include/deep_orange_msgs
-- Installing: /ROEG/roeg_ws/install/deep_orange_msgs/include/deep_orange_msgs/msg
-- Installing: /ROEG/roeg_ws/install/deep_orange_msgs/include/deep_orange_msgs/msg/rc_to_ct.h
-- Installing: /ROEG/roeg_ws/install/deep_orange_msgs/include/deep_orange_msgs/msg/joystick_command.h
-- Installing: /ROEG/roeg_ws/install/deep_orange_msgs/include/deep_orange_msgs/msg/my_laps_report.h
-- Installing: /ROEG/roeg_ws/install/deep_orange_msgs/include/deep_orange_msgs/msg/brake_temp_report.h
-- Installing: /ROEG/roeg_ws/install/deep_orange_msgs/include/deep_orange_msgs/msg/race_control_report.h
-- Installing: /ROEG/roeg_ws/install/deep_orange_msgs/include/deep_orange_msgs/msg/diagnostic_report.h
-- Installing: /ROEG/roeg_ws/install/deep_orange_msgs/include/deep_orange_msgs/msg/pt_report.h
-- Installing: /ROEG/roeg_ws/install/deep_orange_msgs/include/deep_orange_msgs/msg/misc_report.h
-- Installing: /ROEG/roeg_ws/install/deep_orange_msgs/include/deep_orange_msgs/msg/rosidl_generator_c__visibility_control.h
-- Installing: /ROEG/roeg_ws/install/deep_orange_msgs/include/deep_orange_msgs/msg/base_to_car_summary.h
-- Installing: /ROEG/roeg_ws/install/deep_orange_msgs/include/deep_orange_msgs/msg/marelli_report.h
-- Installing: /ROEG/roeg_ws/install/deep_orange_msgs/include/deep_orange_msgs/msg/coordinates.h
-- Installing: /ROEG/roeg_ws/install/deep_orange_msgs/include/deep_orange_msgs/msg/ct_report.h
-- Installing: /ROEG/roeg_ws/install/deep_orange_msgs/include/deep_orange_msgs/msg/tire_temp_report.h
-- Installing: /ROEG/roeg_ws/install/deep_orange_msgs/include/deep_orange_msgs/msg/detail
-- Installing: /ROEG/roeg_ws/install/deep_orange_msgs/include/deep_orange_msgs/msg/detail/misc_report__functions.h
-- Installing: /ROEG/roeg_ws/install/deep_orange_msgs/include/deep_orange_msgs/msg/detail/rc_to_ct__functions.h
-- Installing: /ROEG/roeg_ws/install/deep_orange_msgs/include/deep_orange_msgs/msg/detail/race_control_report__functions.h
-- Installing: /ROEG/roeg_ws/install/deep_orange_msgs/include/deep_orange_msgs/msg/detail/lap_time_report__functions.c
-- Installing: /ROEG/roeg_ws/install/deep_orange_msgs/include/deep_orange_msgs/msg/detail/lap_time_report__type_support.h
-- Installing: /ROEG/roeg_ws/install/deep_orange_msgs/include/deep_orange_msgs/msg/detail/misc_report__type_support.h
-- Installing: /ROEG/roeg_ws/install/deep_orange_msgs/include/deep_orange_msgs/msg/detail/joystick_command__functions.c
-- Installing: /ROEG/roeg_ws/install/deep_orange_msgs/include/deep_orange_msgs/msg/detail/diagnostic_report__functions.c
-- Installing: /ROEG/roeg_ws/install/deep_orange_msgs/include/deep_orange_msgs/msg/detail/tire_temp__functions.c
-- Installing: /ROEG/roeg_ws/install/deep_orange_msgs/include/deep_orange_msgs/msg/detail/tire_temp_report__type_support.h
-- Installing: /ROEG/roeg_ws/install/deep_orange_msgs/include/deep_orange_msgs/msg/detail/tire_temp__functions.h
-- Installing: /ROEG/roeg_ws/install/deep_orange_msgs/include/deep_orange_msgs/msg/detail/brake_temp_report__struct.h
-- Installing: /ROEG/roeg_ws/install/deep_orange_msgs/include/deep_orange_msgs/msg/detail/my_laps_report__struct.h
-- Installing: /ROEG/roeg_ws/install/deep_orange_msgs/include/deep_orange_msgs/msg/detail/tire_temp__type_support.h
-- Installing: /ROEG/roeg_ws/install/deep_orange_msgs/include/deep_orange_msgs/msg/detail/telemetry__type_support.h
-- Installing: /ROEG/roeg_ws/install/deep_orange_msgs/include/deep_orange_msgs/msg/detail/telemetry__functions.h
-- Installing: /ROEG/roeg_ws/install/deep_orange_msgs/include/deep_orange_msgs/msg/detail/coordinates__functions.h
-- Installing: /ROEG/roeg_ws/install/deep_orange_msgs/include/deep_orange_msgs/msg/detail/telemetry__struct.h
-- Installing: /ROEG/roeg_ws/install/deep_orange_msgs/include/deep_orange_msgs/msg/detail/race_control_report__type_support.h
-- Installing: /ROEG/roeg_ws/install/deep_orange_msgs/include/deep_orange_msgs/msg/detail/brake_temp_report__type_support.h
-- Installing: /ROEG/roeg_ws/install/deep_orange_msgs/include/deep_orange_msgs/msg/detail/base_to_car_summary__functions.h
-- Installing: /ROEG/roeg_ws/install/deep_orange_msgs/include/deep_orange_msgs/msg/detail/my_laps_report__type_support.h
-- Installing: /ROEG/roeg_ws/install/deep_orange_msgs/include/deep_orange_msgs/msg/detail/ct_report__struct.h
-- Installing: /ROEG/roeg_ws/install/deep_orange_msgs/include/deep_orange_msgs/msg/detail/tire_temp_report__functions.h
-- Installing: /ROEG/roeg_ws/install/deep_orange_msgs/include/deep_orange_msgs/msg/detail/tire_report__type_support.h
-- Installing: /ROEG/roeg_ws/install/deep_orange_msgs/include/deep_orange_msgs/msg/detail/misc_report__struct.h
-- Installing: /ROEG/roeg_ws/install/deep_orange_msgs/include/deep_orange_msgs/msg/detail/diagnostic_report__functions.h
-- Installing: /ROEG/roeg_ws/install/deep_orange_msgs/include/deep_orange_msgs/msg/detail/brake_temp_report__functions.h
-- Installing: /ROEG/roeg_ws/install/deep_orange_msgs/include/deep_orange_msgs/msg/detail/telemetry__functions.c
-- Installing: /ROEG/roeg_ws/install/deep_orange_msgs/include/deep_orange_msgs/msg/detail/ct_report__functions.h
-- Installing: /ROEG/roeg_ws/install/deep_orange_msgs/include/deep_orange_msgs/msg/detail/coordinates__struct.h
-- Installing: /ROEG/roeg_ws/install/deep_orange_msgs/include/deep_orange_msgs/msg/detail/coordinates__type_support.h
-- Installing: /ROEG/roeg_ws/install/deep_orange_msgs/include/deep_orange_msgs/msg/detail/marelli_report__functions.h
-- Installing: /ROEG/roeg_ws/install/deep_orange_msgs/include/deep_orange_msgs/msg/detail/pt_report__struct.h
-- Installing: /ROEG/roeg_ws/install/deep_orange_msgs/include/deep_orange_msgs/msg/detail/pt_report__type_support.h
-- Installing: /ROEG/roeg_ws/install/deep_orange_msgs/include/deep_orange_msgs/msg/detail/tire_temp__struct.h
-- Installing: /ROEG/roeg_ws/install/deep_orange_msgs/include/deep_orange_msgs/msg/detail/tire_report__functions.c
-- Installing: /ROEG/roeg_ws/install/deep_orange_msgs/include/deep_orange_msgs/msg/detail/race_control_report__functions.c
-- Installing: /ROEG/roeg_ws/install/deep_orange_msgs/include/deep_orange_msgs/msg/detail/rc_to_ct__type_support.h
-- Installing: /ROEG/roeg_ws/install/deep_orange_msgs/include/deep_orange_msgs/msg/detail/coordinates__functions.c
-- Installing: /ROEG/roeg_ws/install/deep_orange_msgs/include/deep_orange_msgs/msg/detail/joystick_command__functions.h
-- Installing: /ROEG/roeg_ws/install/deep_orange_msgs/include/deep_orange_msgs/msg/detail/marelli_report__functions.c
-- Installing: /ROEG/roeg_ws/install/deep_orange_msgs/include/deep_orange_msgs/msg/detail/base_to_car_summary__functions.c
-- Installing: /ROEG/roeg_ws/install/deep_orange_msgs/include/deep_orange_msgs/msg/detail/my_laps_report__functions.c
-- Installing: /ROEG/roeg_ws/install/deep_orange_msgs/include/deep_orange_msgs/msg/detail/marelli_report__struct.h
-- Installing: /ROEG/roeg_ws/install/deep_orange_msgs/include/deep_orange_msgs/msg/detail/misc_report__functions.c
-- Installing: /ROEG/roeg_ws/install/deep_orange_msgs/include/deep_orange_msgs/msg/detail/ct_report__type_support.h
-- Installing: /ROEG/roeg_ws/install/deep_orange_msgs/include/deep_orange_msgs/msg/detail/tire_report__struct.h
-- Installing: /ROEG/roeg_ws/install/deep_orange_msgs/include/deep_orange_msgs/msg/detail/diagnostic_report__type_support.h
-- Installing: /ROEG/roeg_ws/install/deep_orange_msgs/include/deep_orange_msgs/msg/detail/rc_to_ct__struct.h
-- Installing: /ROEG/roeg_ws/install/deep_orange_msgs/include/deep_orange_msgs/msg/detail/tire_temp_report__struct.h
-- Installing: /ROEG/roeg_ws/install/deep_orange_msgs/include/deep_orange_msgs/msg/detail/lap_time_report__functions.h
-- Installing: /ROEG/roeg_ws/install/deep_orange_msgs/include/deep_orange_msgs/msg/detail/my_laps_report__functions.h
-- Installing: /ROEG/roeg_ws/install/deep_orange_msgs/include/deep_orange_msgs/msg/detail/base_to_car_summary__struct.h
-- Installing: /ROEG/roeg_ws/install/deep_orange_msgs/include/deep_orange_msgs/msg/detail/rc_to_ct__functions.c
-- Installing: /ROEG/roeg_ws/install/deep_orange_msgs/include/deep_orange_msgs/msg/detail/marelli_report__type_support.h
-- Installing: /ROEG/roeg_ws/install/deep_orange_msgs/include/deep_orange_msgs/msg/detail/joystick_command__type_support.h
-- Installing: /ROEG/roeg_ws/install/deep_orange_msgs/include/deep_orange_msgs/msg/detail/tire_report__functions.h
-- Installing: /ROEG/roeg_ws/install/deep_orange_msgs/include/deep_orange_msgs/msg/detail/race_control_report__struct.h
-- Installing: /ROEG/roeg_ws/install/deep_orange_msgs/include/deep_orange_msgs/msg/detail/brake_temp_report__functions.c
-- Installing: /ROEG/roeg_ws/install/deep_orange_msgs/include/deep_orange_msgs/msg/detail/pt_report__functions.c
-- Installing: /ROEG/roeg_ws/install/deep_orange_msgs/include/deep_orange_msgs/msg/detail/base_to_car_summary__type_support.h
-- Installing: /ROEG/roeg_ws/install/deep_orange_msgs/include/deep_orange_msgs/msg/detail/tire_temp_report__functions.c
-- Installing: /ROEG/roeg_ws/install/deep_orange_msgs/include/deep_orange_msgs/msg/detail/pt_report__functions.h
-- Installing: /ROEG/roeg_ws/install/deep_orange_msgs/include/deep_orange_msgs/msg/detail/diagnostic_report__struct.h
-- Installing: /ROEG/roeg_ws/install/deep_orange_msgs/include/deep_orange_msgs/msg/detail/joystick_command__struct.h
-- Installing: /ROEG/roeg_ws/install/deep_orange_msgs/include/deep_orange_msgs/msg/detail/lap_time_report__struct.h
-- Installing: /ROEG/roeg_ws/install/deep_orange_msgs/include/deep_orange_msgs/msg/detail/ct_report__functions.c
-- Installing: /ROEG/roeg_ws/install/deep_orange_msgs/include/deep_orange_msgs/msg/lap_time_report.h
-- Installing: /ROEG/roeg_ws/install/deep_orange_msgs/include/deep_orange_msgs/msg/tire_temp.h
-- Installing: /ROEG/roeg_ws/install/deep_orange_msgs/include/deep_orange_msgs/msg/tire_report.h
-- Installing: /ROEG/roeg_ws/install/deep_orange_msgs/include/deep_orange_msgs/msg/telemetry.h
-- Installing: /ROEG/roeg_ws/install/deep_orange_msgs/share/deep_orange_msgs/environment/library_path.sh
-- Installing: /ROEG/roeg_ws/install/deep_orange_msgs/share/deep_orange_msgs/environment/library_path.dsv
-- Installing: /ROEG/roeg_ws/install/deep_orange_msgs/lib/libdeep_orange_msgs__rosidl_generator_c.so
-- Set runtime path of "/ROEG/roeg_ws/install/deep_orange_msgs/lib/libdeep_orange_msgs__rosidl_generator_c.so" to ""
-- Up-to-date: /ROEG/roeg_ws/install/deep_orange_msgs/include/deep_orange_msgs
-- Up-to-date: /ROEG/roeg_ws/install/deep_orange_msgs/include/deep_orange_msgs/msg
-- Up-to-date: /ROEG/roeg_ws/install/deep_orange_msgs/include/deep_orange_msgs/msg/detail
-- Installing: /ROEG/roeg_ws/install/deep_orange_msgs/include/deep_orange_msgs/msg/detail/ct_report__rosidl_typesupport_fastrtps_c.h
-- Installing: /ROEG/roeg_ws/install/deep_orange_msgs/include/deep_orange_msgs/msg/detail/rc_to_ct__rosidl_typesupport_fastrtps_c.h
-- Installing: /ROEG/roeg_ws/install/deep_orange_msgs/include/deep_orange_msgs/msg/detail/base_to_car_summary__rosidl_typesupport_fastrtps_c.h
-- Installing: /ROEG/roeg_ws/install/deep_orange_msgs/include/deep_orange_msgs/msg/detail/my_laps_report__rosidl_typesupport_fastrtps_c.h
-- Installing: /ROEG/roeg_ws/install/deep_orange_msgs/include/deep_orange_msgs/msg/detail/pt_report__rosidl_typesupport_fastrtps_c.h
-- Installing: /ROEG/roeg_ws/install/deep_orange_msgs/include/deep_orange_msgs/msg/detail/tire_temp__rosidl_typesupport_fastrtps_c.h
-- Installing: /ROEG/roeg_ws/install/deep_orange_msgs/include/deep_orange_msgs/msg/detail/lap_time_report__rosidl_typesupport_fastrtps_c.h
-- Installing: /ROEG/roeg_ws/install/deep_orange_msgs/include/deep_orange_msgs/msg/detail/misc_report__rosidl_typesupport_fastrtps_c.h
-- Installing: /ROEG/roeg_ws/install/deep_orange_msgs/include/deep_orange_msgs/msg/detail/joystick_command__rosidl_typesupport_fastrtps_c.h
-- Installing: /ROEG/roeg_ws/install/deep_orange_msgs/include/deep_orange_msgs/msg/detail/marelli_report__rosidl_typesupport_fastrtps_c.h
-- Installing: /ROEG/roeg_ws/install/deep_orange_msgs/include/deep_orange_msgs/msg/detail/tire_report__rosidl_typesupport_fastrtps_c.h
-- Installing: /ROEG/roeg_ws/install/deep_orange_msgs/include/deep_orange_msgs/msg/detail/tire_temp_report__rosidl_typesupport_fastrtps_c.h
-- Installing: /ROEG/roeg_ws/install/deep_orange_msgs/include/deep_orange_msgs/msg/detail/diagnostic_report__rosidl_typesupport_fastrtps_c.h
-- Installing: /ROEG/roeg_ws/install/deep_orange_msgs/include/deep_orange_msgs/msg/detail/brake_temp_report__rosidl_typesupport_fastrtps_c.h
-- Installing: /ROEG/roeg_ws/install/deep_orange_msgs/include/deep_orange_msgs/msg/detail/coordinates__rosidl_typesupport_fastrtps_c.h
-- Installing: /ROEG/roeg_ws/install/deep_orange_msgs/include/deep_orange_msgs/msg/detail/race_control_report__rosidl_typesupport_fastrtps_c.h
-- Installing: /ROEG/roeg_ws/install/deep_orange_msgs/include/deep_orange_msgs/msg/detail/telemetry__rosidl_typesupport_fastrtps_c.h
-- Installing: /ROEG/roeg_ws/install/deep_orange_msgs/include/deep_orange_msgs/msg/rosidl_typesupport_fastrtps_c__visibility_control.h
-- Installing: /ROEG/roeg_ws/install/deep_orange_msgs/lib/libdeep_orange_msgs__rosidl_typesupport_fastrtps_c.so
-- Set runtime path of "/ROEG/roeg_ws/install/deep_orange_msgs/lib/libdeep_orange_msgs__rosidl_typesupport_fastrtps_c.so" to ""
-- Up-to-date: /ROEG/roeg_ws/install/deep_orange_msgs/include/deep_orange_msgs
-- Up-to-date: /ROEG/roeg_ws/install/deep_orange_msgs/include/deep_orange_msgs/msg
-- Installing: /ROEG/roeg_ws/install/deep_orange_msgs/include/deep_orange_msgs/msg/rosidl_typesupport_fastrtps_cpp__visibility_control.h
-- Up-to-date: /ROEG/roeg_ws/install/deep_orange_msgs/include/deep_orange_msgs/msg/detail
-- Installing: /ROEG/roeg_ws/install/deep_orange_msgs/include/deep_orange_msgs/msg/detail/ct_report__rosidl_typesupport_fastrtps_cpp.hpp
-- Installing: /ROEG/roeg_ws/install/deep_orange_msgs/include/deep_orange_msgs/msg/detail/telemetry__rosidl_typesupport_fastrtps_cpp.hpp
-- Installing: /ROEG/roeg_ws/install/deep_orange_msgs/include/deep_orange_msgs/msg/detail/misc_report__rosidl_typesupport_fastrtps_cpp.hpp
-- Installing: /ROEG/roeg_ws/install/deep_orange_msgs/include/deep_orange_msgs/msg/detail/brake_temp_report__rosidl_typesupport_fastrtps_cpp.hpp
-- Installing: /ROEG/roeg_ws/install/deep_orange_msgs/include/deep_orange_msgs/msg/detail/diagnostic_report__rosidl_typesupport_fastrtps_cpp.hpp
-- Installing: /ROEG/roeg_ws/install/deep_orange_msgs/include/deep_orange_msgs/msg/detail/tire_temp_report__rosidl_typesupport_fastrtps_cpp.hpp
-- Installing: /ROEG/roeg_ws/install/deep_orange_msgs/include/deep_orange_msgs/msg/detail/race_control_report__rosidl_typesupport_fastrtps_cpp.hpp
-- Installing: /ROEG/roeg_ws/install/deep_orange_msgs/include/deep_orange_msgs/msg/detail/base_to_car_summary__rosidl_typesupport_fastrtps_cpp.hpp
-- Installing: /ROEG/roeg_ws/install/deep_orange_msgs/include/deep_orange_msgs/msg/detail/joystick_command__rosidl_typesupport_fastrtps_cpp.hpp
-- Installing: /ROEG/roeg_ws/install/deep_orange_msgs/include/deep_orange_msgs/msg/detail/tire_temp__rosidl_typesupport_fastrtps_cpp.hpp
-- Installing: /ROEG/roeg_ws/install/deep_orange_msgs/include/deep_orange_msgs/msg/detail/tire_report__rosidl_typesupport_fastrtps_cpp.hpp
-- Installing: /ROEG/roeg_ws/install/deep_orange_msgs/include/deep_orange_msgs/msg/detail/pt_report__rosidl_typesupport_fastrtps_cpp.hpp
-- Installing: /ROEG/roeg_ws/install/deep_orange_msgs/include/deep_orange_msgs/msg/detail/dds_fastrtps
-- Installing: /ROEG/roeg_ws/install/deep_orange_msgs/include/deep_orange_msgs/msg/detail/coordinates__rosidl_typesupport_fastrtps_cpp.hpp
-- Installing: /ROEG/roeg_ws/install/deep_orange_msgs/include/deep_orange_msgs/msg/detail/marelli_report__rosidl_typesupport_fastrtps_cpp.hpp
-- Installing: /ROEG/roeg_ws/install/deep_orange_msgs/include/deep_orange_msgs/msg/detail/lap_time_report__rosidl_typesupport_fastrtps_cpp.hpp
-- Installing: /ROEG/roeg_ws/install/deep_orange_msgs/include/deep_orange_msgs/msg/detail/rc_to_ct__rosidl_typesupport_fastrtps_cpp.hpp
-- Installing: /ROEG/roeg_ws/install/deep_orange_msgs/include/deep_orange_msgs/msg/detail/my_laps_report__rosidl_typesupport_fastrtps_cpp.hpp
-- Installing: /ROEG/roeg_ws/install/deep_orange_msgs/lib/libdeep_orange_msgs__rosidl_typesupport_fastrtps_cpp.so
-- Set runtime path of "/ROEG/roeg_ws/install/deep_orange_msgs/lib/libdeep_orange_msgs__rosidl_typesupport_fastrtps_cpp.so" to ""
-- Up-to-date: /ROEG/roeg_ws/install/deep_orange_msgs/include/deep_orange_msgs
-- Up-to-date: /ROEG/roeg_ws/install/deep_orange_msgs/include/deep_orange_msgs/msg
-- Installing: /ROEG/roeg_ws/install/deep_orange_msgs/include/deep_orange_msgs/msg/rosidl_typesupport_introspection_c__visibility_control.h
-- Up-to-date: /ROEG/roeg_ws/install/deep_orange_msgs/include/deep_orange_msgs/msg/detail
-- Installing: /ROEG/roeg_ws/install/deep_orange_msgs/include/deep_orange_msgs/msg/detail/tire_report__rosidl_typesupport_introspection_c.h
-- Installing: /ROEG/roeg_ws/install/deep_orange_msgs/include/deep_orange_msgs/msg/detail/ct_report__type_support.c
-- Installing: /ROEG/roeg_ws/install/deep_orange_msgs/include/deep_orange_msgs/msg/detail/tire_temp_report__rosidl_typesupport_introspection_c.h
-- Installing: /ROEG/roeg_ws/install/deep_orange_msgs/include/deep_orange_msgs/msg/detail/coordinates__rosidl_typesupport_introspection_c.h
-- Installing: /ROEG/roeg_ws/install/deep_orange_msgs/include/deep_orange_msgs/msg/detail/race_control_report__rosidl_typesupport_introspection_c.h
-- Installing: /ROEG/roeg_ws/install/deep_orange_msgs/include/deep_orange_msgs/msg/detail/lap_time_report__rosidl_typesupport_introspection_c.h
-- Installing: /ROEG/roeg_ws/install/deep_orange_msgs/include/deep_orange_msgs/msg/detail/lap_time_report__type_support.c
-- Installing: /ROEG/roeg_ws/install/deep_orange_msgs/include/deep_orange_msgs/msg/detail/tire_report__type_support.c
-- Installing: /ROEG/roeg_ws/install/deep_orange_msgs/include/deep_orange_msgs/msg/detail/joystick_command__rosidl_typesupport_introspection_c.h
-- Installing: /ROEG/roeg_ws/install/deep_orange_msgs/include/deep_orange_msgs/msg/detail/telemetry__rosidl_typesupport_introspection_c.h
-- Installing: /ROEG/roeg_ws/install/deep_orange_msgs/include/deep_orange_msgs/msg/detail/diagnostic_report__type_support.c
-- Installing: /ROEG/roeg_ws/install/deep_orange_msgs/include/deep_orange_msgs/msg/detail/ct_report__rosidl_typesupport_introspection_c.h
-- Installing: /ROEG/roeg_ws/install/deep_orange_msgs/include/deep_orange_msgs/msg/detail/joystick_command__type_support.c
-- Installing: /ROEG/roeg_ws/install/deep_orange_msgs/include/deep_orange_msgs/msg/detail/my_laps_report__rosidl_typesupport_introspection_c.h
-- Installing: /ROEG/roeg_ws/install/deep_orange_msgs/include/deep_orange_msgs/msg/detail/misc_report__rosidl_typesupport_introspection_c.h
-- Installing: /ROEG/roeg_ws/install/deep_orange_msgs/include/deep_orange_msgs/msg/detail/pt_report__rosidl_typesupport_introspection_c.h
-- Installing: /ROEG/roeg_ws/install/deep_orange_msgs/include/deep_orange_msgs/msg/detail/marelli_report__rosidl_typesupport_introspection_c.h
-- Installing: /ROEG/roeg_ws/install/deep_orange_msgs/include/deep_orange_msgs/msg/detail/rc_to_ct__rosidl_typesupport_introspection_c.h
-- Installing: /ROEG/roeg_ws/install/deep_orange_msgs/include/deep_orange_msgs/msg/detail/tire_temp__rosidl_typesupport_introspection_c.h
-- Installing: /ROEG/roeg_ws/install/deep_orange_msgs/include/deep_orange_msgs/msg/detail/my_laps_report__type_support.c
-- Installing: /ROEG/roeg_ws/install/deep_orange_msgs/include/deep_orange_msgs/msg/detail/base_to_car_summary__rosidl_typesupport_introspection_c.h
-- Installing: /ROEG/roeg_ws/install/deep_orange_msgs/include/deep_orange_msgs/msg/detail/brake_temp_report__rosidl_typesupport_introspection_c.h
-- Installing: /ROEG/roeg_ws/install/deep_orange_msgs/include/deep_orange_msgs/msg/detail/diagnostic_report__rosidl_typesupport_introspection_c.h
-- Installing: /ROEG/roeg_ws/install/deep_orange_msgs/include/deep_orange_msgs/msg/detail/pt_report__type_support.c
-- Installing: /ROEG/roeg_ws/install/deep_orange_msgs/include/deep_orange_msgs/msg/detail/misc_report__type_support.c
-- Installing: /ROEG/roeg_ws/install/deep_orange_msgs/include/deep_orange_msgs/msg/detail/brake_temp_report__type_support.c
-- Installing: /ROEG/roeg_ws/install/deep_orange_msgs/include/deep_orange_msgs/msg/detail/tire_temp_report__type_support.c
-- Installing: /ROEG/roeg_ws/install/deep_orange_msgs/include/deep_orange_msgs/msg/detail/base_to_car_summary__type_support.c
-- Installing: /ROEG/roeg_ws/install/deep_orange_msgs/include/deep_orange_msgs/msg/detail/rc_to_ct__type_support.c
-- Installing: /ROEG/roeg_ws/install/deep_orange_msgs/include/deep_orange_msgs/msg/detail/marelli_report__type_support.c
-- Installing: /ROEG/roeg_ws/install/deep_orange_msgs/include/deep_orange_msgs/msg/detail/telemetry__type_support.c
-- Installing: /ROEG/roeg_ws/install/deep_orange_msgs/include/deep_orange_msgs/msg/detail/tire_temp__type_support.c
-- Installing: /ROEG/roeg_ws/install/deep_orange_msgs/include/deep_orange_msgs/msg/detail/race_control_report__type_support.c
-- Installing: /ROEG/roeg_ws/install/deep_orange_msgs/include/deep_orange_msgs/msg/detail/coordinates__type_support.c
-- Installing: /ROEG/roeg_ws/install/deep_orange_msgs/lib/libdeep_orange_msgs__rosidl_typesupport_introspection_c.so
-- Set runtime path of "/ROEG/roeg_ws/install/deep_orange_msgs/lib/libdeep_orange_msgs__rosidl_typesupport_introspection_c.so" to ""
-- Installing: /ROEG/roeg_ws/install/deep_orange_msgs/lib/libdeep_orange_msgs__rosidl_typesupport_c.so
-- Set runtime path of "/ROEG/roeg_ws/install/deep_orange_msgs/lib/libdeep_orange_msgs__rosidl_typesupport_c.so" to ""
-- Up-to-date: /ROEG/roeg_ws/install/deep_orange_msgs/include/deep_orange_msgs
-- Up-to-date: /ROEG/roeg_ws/install/deep_orange_msgs/include/deep_orange_msgs/msg
-- Installing: /ROEG/roeg_ws/install/deep_orange_msgs/include/deep_orange_msgs/msg/joystick_command.hpp
-- Installing: /ROEG/roeg_ws/install/deep_orange_msgs/include/deep_orange_msgs/msg/my_laps_report.hpp
-- Installing: /ROEG/roeg_ws/install/deep_orange_msgs/include/deep_orange_msgs/msg/lap_time_report.hpp
-- Installing: /ROEG/roeg_ws/install/deep_orange_msgs/include/deep_orange_msgs/msg/race_control_report.hpp
-- Installing: /ROEG/roeg_ws/install/deep_orange_msgs/include/deep_orange_msgs/msg/tire_temp_report.hpp
-- Installing: /ROEG/roeg_ws/install/deep_orange_msgs/include/deep_orange_msgs/msg/ct_report.hpp
-- Installing: /ROEG/roeg_ws/install/deep_orange_msgs/include/deep_orange_msgs/msg/rc_to_ct.hpp
-- Installing: /ROEG/roeg_ws/install/deep_orange_msgs/include/deep_orange_msgs/msg/coordinates.hpp
-- Installing: /ROEG/roeg_ws/install/deep_orange_msgs/include/deep_orange_msgs/msg/base_to_car_summary.hpp
-- Installing: /ROEG/roeg_ws/install/deep_orange_msgs/include/deep_orange_msgs/msg/misc_report.hpp
-- Installing: /ROEG/roeg_ws/install/deep_orange_msgs/include/deep_orange_msgs/msg/marelli_report.hpp
-- Installing: /ROEG/roeg_ws/install/deep_orange_msgs/include/deep_orange_msgs/msg/telemetry.hpp
-- Installing: /ROEG/roeg_ws/install/deep_orange_msgs/include/deep_orange_msgs/msg/brake_temp_report.hpp
-- Installing: /ROEG/roeg_ws/install/deep_orange_msgs/include/deep_orange_msgs/msg/pt_report.hpp
-- Up-to-date: /ROEG/roeg_ws/install/deep_orange_msgs/include/deep_orange_msgs/msg/detail
-- Installing: /ROEG/roeg_ws/install/deep_orange_msgs/include/deep_orange_msgs/msg/detail/misc_report__builder.hpp
-- Installing: /ROEG/roeg_ws/install/deep_orange_msgs/include/deep_orange_msgs/msg/detail/brake_temp_report__builder.hpp
-- Installing: /ROEG/roeg_ws/install/deep_orange_msgs/include/deep_orange_msgs/msg/detail/my_laps_report__traits.hpp
-- Installing: /ROEG/roeg_ws/install/deep_orange_msgs/include/deep_orange_msgs/msg/detail/telemetry__struct.hpp
-- Installing: /ROEG/roeg_ws/install/deep_orange_msgs/include/deep_orange_msgs/msg/detail/tire_temp__traits.hpp
-- Installing: /ROEG/roeg_ws/install/deep_orange_msgs/include/deep_orange_msgs/msg/detail/pt_report__struct.hpp
-- Installing: /ROEG/roeg_ws/install/deep_orange_msgs/include/deep_orange_msgs/msg/detail/rc_to_ct__struct.hpp
-- Installing: /ROEG/roeg_ws/install/deep_orange_msgs/include/deep_orange_msgs/msg/detail/tire_temp_report__builder.hpp
-- Installing: /ROEG/roeg_ws/install/deep_orange_msgs/include/deep_orange_msgs/msg/detail/tire_temp__struct.hpp
-- Installing: /ROEG/roeg_ws/install/deep_orange_msgs/include/deep_orange_msgs/msg/detail/tire_temp_report__traits.hpp
-- Installing: /ROEG/roeg_ws/install/deep_orange_msgs/include/deep_orange_msgs/msg/detail/ct_report__traits.hpp
-- Installing: /ROEG/roeg_ws/install/deep_orange_msgs/include/deep_orange_msgs/msg/detail/misc_report__traits.hpp
-- Installing: /ROEG/roeg_ws/install/deep_orange_msgs/include/deep_orange_msgs/msg/detail/joystick_command__traits.hpp
-- Installing: /ROEG/roeg_ws/install/deep_orange_msgs/include/deep_orange_msgs/msg/detail/coordinates__struct.hpp
-- Installing: /ROEG/roeg_ws/install/deep_orange_msgs/include/deep_orange_msgs/msg/detail/joystick_command__builder.hpp
-- Installing: /ROEG/roeg_ws/install/deep_orange_msgs/include/deep_orange_msgs/msg/detail/base_to_car_summary__builder.hpp
-- Installing: /ROEG/roeg_ws/install/deep_orange_msgs/include/deep_orange_msgs/msg/detail/lap_time_report__traits.hpp
-- Installing: /ROEG/roeg_ws/install/deep_orange_msgs/include/deep_orange_msgs/msg/detail/diagnostic_report__builder.hpp
-- Installing: /ROEG/roeg_ws/install/deep_orange_msgs/include/deep_orange_msgs/msg/detail/marelli_report__builder.hpp
-- Installing: /ROEG/roeg_ws/install/deep_orange_msgs/include/deep_orange_msgs/msg/detail/telemetry__traits.hpp
-- Installing: /ROEG/roeg_ws/install/deep_orange_msgs/include/deep_orange_msgs/msg/detail/brake_temp_report__struct.hpp
-- Installing: /ROEG/roeg_ws/install/deep_orange_msgs/include/deep_orange_msgs/msg/detail/diagnostic_report__struct.hpp
-- Installing: /ROEG/roeg_ws/install/deep_orange_msgs/include/deep_orange_msgs/msg/detail/tire_temp__builder.hpp
-- Installing: /ROEG/roeg_ws/install/deep_orange_msgs/include/deep_orange_msgs/msg/detail/marelli_report__traits.hpp
-- Installing: /ROEG/roeg_ws/install/deep_orange_msgs/include/deep_orange_msgs/msg/detail/diagnostic_report__traits.hpp
-- Installing: /ROEG/roeg_ws/install/deep_orange_msgs/include/deep_orange_msgs/msg/detail/misc_report__struct.hpp
-- Installing: /ROEG/roeg_ws/install/deep_orange_msgs/include/deep_orange_msgs/msg/detail/my_laps_report__struct.hpp
-- Installing: /ROEG/roeg_ws/install/deep_orange_msgs/include/deep_orange_msgs/msg/detail/race_control_report__struct.hpp
-- Installing: /ROEG/roeg_ws/install/deep_orange_msgs/include/deep_orange_msgs/msg/detail/pt_report__builder.hpp
-- Installing: /ROEG/roeg_ws/install/deep_orange_msgs/include/deep_orange_msgs/msg/detail/marelli_report__struct.hpp
-- Installing: /ROEG/roeg_ws/install/deep_orange_msgs/include/deep_orange_msgs/msg/detail/race_control_report__traits.hpp
-- Installing: /ROEG/roeg_ws/install/deep_orange_msgs/include/deep_orange_msgs/msg/detail/base_to_car_summary__traits.hpp
-- Installing: /ROEG/roeg_ws/install/deep_orange_msgs/include/deep_orange_msgs/msg/detail/ct_report__builder.hpp
-- Installing: /ROEG/roeg_ws/install/deep_orange_msgs/include/deep_orange_msgs/msg/detail/lap_time_report__struct.hpp
-- Installing: /ROEG/roeg_ws/install/deep_orange_msgs/include/deep_orange_msgs/msg/detail/pt_report__traits.hpp
-- Installing: /ROEG/roeg_ws/install/deep_orange_msgs/include/deep_orange_msgs/msg/detail/tire_temp_report__struct.hpp
-- Installing: /ROEG/roeg_ws/install/deep_orange_msgs/include/deep_orange_msgs/msg/detail/rc_to_ct__builder.hpp
-- Installing: /ROEG/roeg_ws/install/deep_orange_msgs/include/deep_orange_msgs/msg/detail/joystick_command__struct.hpp
-- Installing: /ROEG/roeg_ws/install/deep_orange_msgs/include/deep_orange_msgs/msg/detail/tire_report__traits.hpp
-- Installing: /ROEG/roeg_ws/install/deep_orange_msgs/include/deep_orange_msgs/msg/detail/ct_report__struct.hpp
-- Installing: /ROEG/roeg_ws/install/deep_orange_msgs/include/deep_orange_msgs/msg/detail/rc_to_ct__traits.hpp
-- Installing: /ROEG/roeg_ws/install/deep_orange_msgs/include/deep_orange_msgs/msg/detail/lap_time_report__builder.hpp
-- Installing: /ROEG/roeg_ws/install/deep_orange_msgs/include/deep_orange_msgs/msg/detail/my_laps_report__builder.hpp
-- Installing: /ROEG/roeg_ws/install/deep_orange_msgs/include/deep_orange_msgs/msg/detail/base_to_car_summary__struct.hpp
-- Installing: /ROEG/roeg_ws/install/deep_orange_msgs/include/deep_orange_msgs/msg/detail/race_control_report__builder.hpp
-- Installing: /ROEG/roeg_ws/install/deep_orange_msgs/include/deep_orange_msgs/msg/detail/coordinates__builder.hpp
-- Installing: /ROEG/roeg_ws/install/deep_orange_msgs/include/deep_orange_msgs/msg/detail/tire_report__builder.hpp
-- Installing: /ROEG/roeg_ws/install/deep_orange_msgs/include/deep_orange_msgs/msg/detail/tire_report__struct.hpp
-- Installing: /ROEG/roeg_ws/install/deep_orange_msgs/include/deep_orange_msgs/msg/detail/telemetry__builder.hpp
-- Installing: /ROEG/roeg_ws/install/deep_orange_msgs/include/deep_orange_msgs/msg/detail/brake_temp_report__traits.hpp
-- Installing: /ROEG/roeg_ws/install/deep_orange_msgs/include/deep_orange_msgs/msg/detail/coordinates__traits.hpp
-- Installing: /ROEG/roeg_ws/install/deep_orange_msgs/include/deep_orange_msgs/msg/tire_temp.hpp
-- Installing: /ROEG/roeg_ws/install/deep_orange_msgs/include/deep_orange_msgs/msg/tire_report.hpp
-- Installing: /ROEG/roeg_ws/install/deep_orange_msgs/include/deep_orange_msgs/msg/diagnostic_report.hpp
-- Up-to-date: /ROEG/roeg_ws/install/deep_orange_msgs/include/deep_orange_msgs
-- Up-to-date: /ROEG/roeg_ws/install/deep_orange_msgs/include/deep_orange_msgs/msg
-- Up-to-date: /ROEG/roeg_ws/install/deep_orange_msgs/include/deep_orange_msgs/msg/detail
-- Installing: /ROEG/roeg_ws/install/deep_orange_msgs/include/deep_orange_msgs/msg/detail/diagnostic_report__rosidl_typesupport_introspection_cpp.hpp
-- Installing: /ROEG/roeg_ws/install/deep_orange_msgs/include/deep_orange_msgs/msg/detail/lap_time_report__type_support.cpp
-- Installing: /ROEG/roeg_ws/install/deep_orange_msgs/include/deep_orange_msgs/msg/detail/misc_report__rosidl_typesupport_introspection_cpp.hpp
-- Installing: /ROEG/roeg_ws/install/deep_orange_msgs/include/deep_orange_msgs/msg/detail/my_laps_report__rosidl_typesupport_introspection_cpp.hpp
-- Installing: /ROEG/roeg_ws/install/deep_orange_msgs/include/deep_orange_msgs/msg/detail/lap_time_report__rosidl_typesupport_introspection_cpp.hpp
-- Installing: /ROEG/roeg_ws/install/deep_orange_msgs/include/deep_orange_msgs/msg/detail/tire_temp__type_support.cpp
-- Installing: /ROEG/roeg_ws/install/deep_orange_msgs/include/deep_orange_msgs/msg/detail/coordinates__type_support.cpp
-- Installing: /ROEG/roeg_ws/install/deep_orange_msgs/include/deep_orange_msgs/msg/detail/telemetry__rosidl_typesupport_introspection_cpp.hpp
-- Installing: /ROEG/roeg_ws/install/deep_orange_msgs/include/deep_orange_msgs/msg/detail/race_control_report__rosidl_typesupport_introspection_cpp.hpp
-- Installing: /ROEG/roeg_ws/install/deep_orange_msgs/include/deep_orange_msgs/msg/detail/ct_report__type_support.cpp
-- Installing: /ROEG/roeg_ws/install/deep_orange_msgs/include/deep_orange_msgs/msg/detail/tire_temp__rosidl_typesupport_introspection_cpp.hpp
-- Installing: /ROEG/roeg_ws/install/deep_orange_msgs/include/deep_orange_msgs/msg/detail/rc_to_ct__rosidl_typesupport_introspection_cpp.hpp
-- Installing: /ROEG/roeg_ws/install/deep_orange_msgs/include/deep_orange_msgs/msg/detail/my_laps_report__type_support.cpp
-- Installing: /ROEG/roeg_ws/install/deep_orange_msgs/include/deep_orange_msgs/msg/detail/rc_to_ct__type_support.cpp
-- Installing: /ROEG/roeg_ws/install/deep_orange_msgs/include/deep_orange_msgs/msg/detail/base_to_car_summary__rosidl_typesupport_introspection_cpp.hpp
-- Installing: /ROEG/roeg_ws/install/deep_orange_msgs/include/deep_orange_msgs/msg/detail/diagnostic_report__type_support.cpp
-- Installing: /ROEG/roeg_ws/install/deep_orange_msgs/include/deep_orange_msgs/msg/detail/tire_report__type_support.cpp
-- Installing: /ROEG/roeg_ws/install/deep_orange_msgs/include/deep_orange_msgs/msg/detail/base_to_car_summary__type_support.cpp
-- Installing: /ROEG/roeg_ws/install/deep_orange_msgs/include/deep_orange_msgs/msg/detail/tire_report__rosidl_typesupport_introspection_cpp.hpp
-- Installing: /ROEG/roeg_ws/install/deep_orange_msgs/include/deep_orange_msgs/msg/detail/marelli_report__type_support.cpp
-- Installing: /ROEG/roeg_ws/install/deep_orange_msgs/include/deep_orange_msgs/msg/detail/misc_report__type_support.cpp
-- Installing: /ROEG/roeg_ws/install/deep_orange_msgs/include/deep_orange_msgs/msg/detail/pt_report__type_support.cpp
-- Installing: /ROEG/roeg_ws/install/deep_orange_msgs/include/deep_orange_msgs/msg/detail/telemetry__type_support.cpp
-- Installing: /ROEG/roeg_ws/install/deep_orange_msgs/include/deep_orange_msgs/msg/detail/pt_report__rosidl_typesupport_introspection_cpp.hpp
-- Installing: /ROEG/roeg_ws/install/deep_orange_msgs/include/deep_orange_msgs/msg/detail/tire_temp_report__rosidl_typesupport_introspection_cpp.hpp
-- Installing: /ROEG/roeg_ws/install/deep_orange_msgs/include/deep_orange_msgs/msg/detail/joystick_command__type_support.cpp
-- Installing: /ROEG/roeg_ws/install/deep_orange_msgs/include/deep_orange_msgs/msg/detail/coordinates__rosidl_typesupport_introspection_cpp.hpp
-- Installing: /ROEG/roeg_ws/install/deep_orange_msgs/include/deep_orange_msgs/msg/detail/marelli_report__rosidl_typesupport_introspection_cpp.hpp
-- Installing: /ROEG/roeg_ws/install/deep_orange_msgs/include/deep_orange_msgs/msg/detail/joystick_command__rosidl_typesupport_introspection_cpp.hpp
-- Installing: /ROEG/roeg_ws/install/deep_orange_msgs/include/deep_orange_msgs/msg/detail/tire_temp_report__type_support.cpp
-- Installing: /ROEG/roeg_ws/install/deep_orange_msgs/include/deep_orange_msgs/msg/detail/race_control_report__type_support.cpp
-- Installing: /ROEG/roeg_ws/install/deep_orange_msgs/include/deep_orange_msgs/msg/detail/ct_report__rosidl_typesupport_introspection_cpp.hpp
-- Installing: /ROEG/roeg_ws/install/deep_orange_msgs/include/deep_orange_msgs/msg/detail/brake_temp_report__type_support.cpp
-- Installing: /ROEG/roeg_ws/install/deep_orange_msgs/include/deep_orange_msgs/msg/detail/brake_temp_report__rosidl_typesupport_introspection_cpp.hpp
-- Installing: /ROEG/roeg_ws/install/deep_orange_msgs/lib/libdeep_orange_msgs__rosidl_typesupport_introspection_cpp.so
-- Set runtime path of "/ROEG/roeg_ws/install/deep_orange_msgs/lib/libdeep_orange_msgs__rosidl_typesupport_introspection_cpp.so" to ""
-- Installing: /ROEG/roeg_ws/install/deep_orange_msgs/lib/libdeep_orange_msgs__rosidl_typesupport_cpp.so
-- Set runtime path of "/ROEG/roeg_ws/install/deep_orange_msgs/lib/libdeep_orange_msgs__rosidl_typesupport_cpp.so" to ""
-- Installing: /ROEG/roeg_ws/install/deep_orange_msgs/share/deep_orange_msgs/environment/pythonpath.sh
-- Installing: /ROEG/roeg_ws/install/deep_orange_msgs/share/deep_orange_msgs/environment/pythonpath.dsv
-- Installing: /ROEG/roeg_ws/install/deep_orange_msgs/lib/python3.8/site-packages/deep_orange_msgs/__init__.py
Compiling '/ROEG/roeg_ws/install/deep_orange_msgs/lib/python3.8/site-packages/deep_orange_msgs/__init__.py'...
-- Installing: /ROEG/roeg_ws/install/deep_orange_msgs/lib/python3.8/site-packages/deep_orange_msgs/msg
-- Installing: /ROEG/roeg_ws/install/deep_orange_msgs/lib/python3.8/site-packages/deep_orange_msgs/msg/_joystick_command.py
-- Installing: /ROEG/roeg_ws/install/deep_orange_msgs/lib/python3.8/site-packages/deep_orange_msgs/msg/_tire_report.py
-- Installing: /ROEG/roeg_ws/install/deep_orange_msgs/lib/python3.8/site-packages/deep_orange_msgs/msg/_tire_temp.py
-- Installing: /ROEG/roeg_ws/install/deep_orange_msgs/lib/python3.8/site-packages/deep_orange_msgs/msg/_lap_time_report_s.c
-- Installing: /ROEG/roeg_ws/install/deep_orange_msgs/lib/python3.8/site-packages/deep_orange_msgs/msg/_tire_report_s.c
-- Installing: /ROEG/roeg_ws/install/deep_orange_msgs/lib/python3.8/site-packages/deep_orange_msgs/msg/_pt_report.py
-- Installing: /ROEG/roeg_ws/install/deep_orange_msgs/lib/python3.8/site-packages/deep_orange_msgs/msg/_telemetry.py
-- Installing: /ROEG/roeg_ws/install/deep_orange_msgs/lib/python3.8/site-packages/deep_orange_msgs/msg/_ct_report.py
-- Installing: /ROEG/roeg_ws/install/deep_orange_msgs/lib/python3.8/site-packages/deep_orange_msgs/msg/_misc_report.py
-- Installing: /ROEG/roeg_ws/install/deep_orange_msgs/lib/python3.8/site-packages/deep_orange_msgs/msg/_base_to_car_summary.py
-- Installing: /ROEG/roeg_ws/install/deep_orange_msgs/lib/python3.8/site-packages/deep_orange_msgs/msg/_race_control_report_s.c
-- Installing: /ROEG/roeg_ws/install/deep_orange_msgs/lib/python3.8/site-packages/deep_orange_msgs/msg/_misc_report_s.c
-- Installing: /ROEG/roeg_ws/install/deep_orange_msgs/lib/python3.8/site-packages/deep_orange_msgs/msg/_tire_temp_s.c
-- Installing: /ROEG/roeg_ws/install/deep_orange_msgs/lib/python3.8/site-packages/deep_orange_msgs/msg/_rc_to_ct_s.c
-- Installing: /ROEG/roeg_ws/install/deep_orange_msgs/lib/python3.8/site-packages/deep_orange_msgs/msg/__init__.py
-- Installing: /ROEG/roeg_ws/install/deep_orange_msgs/lib/python3.8/site-packages/deep_orange_msgs/msg/_rc_to_ct.py
-- Installing: /ROEG/roeg_ws/install/deep_orange_msgs/lib/python3.8/site-packages/deep_orange_msgs/msg/_race_control_report.py
-- Installing: /ROEG/roeg_ws/install/deep_orange_msgs/lib/python3.8/site-packages/deep_orange_msgs/msg/_brake_temp_report.py
-- Installing: /ROEG/roeg_ws/install/deep_orange_msgs/lib/python3.8/site-packages/deep_orange_msgs/msg/_brake_temp_report_s.c
-- Installing: /ROEG/roeg_ws/install/deep_orange_msgs/lib/python3.8/site-packages/deep_orange_msgs/msg/_lap_time_report.py
-- Installing: /ROEG/roeg_ws/install/deep_orange_msgs/lib/python3.8/site-packages/deep_orange_msgs/msg/_marelli_report.py
-- Installing: /ROEG/roeg_ws/install/deep_orange_msgs/lib/python3.8/site-packages/deep_orange_msgs/msg/_marelli_report_s.c
-- Installing: /ROEG/roeg_ws/install/deep_orange_msgs/lib/python3.8/site-packages/deep_orange_msgs/msg/_tire_temp_report.py
-- Installing: /ROEG/roeg_ws/install/deep_orange_msgs/lib/python3.8/site-packages/deep_orange_msgs/msg/_ct_report_s.c
-- Installing: /ROEG/roeg_ws/install/deep_orange_msgs/lib/python3.8/site-packages/deep_orange_msgs/msg/_joystick_command_s.c
-- Installing: /ROEG/roeg_ws/install/deep_orange_msgs/lib/python3.8/site-packages/deep_orange_msgs/msg/_tire_temp_report_s.c
-- Installing: /ROEG/roeg_ws/install/deep_orange_msgs/lib/python3.8/site-packages/deep_orange_msgs/msg/_diagnostic_report_s.c
-- Installing: /ROEG/roeg_ws/install/deep_orange_msgs/lib/python3.8/site-packages/deep_orange_msgs/msg/_diagnostic_report.py
-- Installing: /ROEG/roeg_ws/install/deep_orange_msgs/lib/python3.8/site-packages/deep_orange_msgs/msg/_telemetry_s.c
-- Installing: /ROEG/roeg_ws/install/deep_orange_msgs/lib/python3.8/site-packages/deep_orange_msgs/msg/_pt_report_s.c
-- Installing: /ROEG/roeg_ws/install/deep_orange_msgs/lib/python3.8/site-packages/deep_orange_msgs/msg/_coordinates_s.c
-- Installing: /ROEG/roeg_ws/install/deep_orange_msgs/lib/python3.8/site-packages/deep_orange_msgs/msg/_base_to_car_summary_s.c
-- Installing: /ROEG/roeg_ws/install/deep_orange_msgs/lib/python3.8/site-packages/deep_orange_msgs/msg/_coordinates.py
-- Installing: /ROEG/roeg_ws/install/deep_orange_msgs/lib/python3.8/site-packages/deep_orange_msgs/msg/_my_laps_report_s.c
-- Installing: /ROEG/roeg_ws/install/deep_orange_msgs/lib/python3.8/site-packages/deep_orange_msgs/msg/_my_laps_report.py
-- Installing: /ROEG/roeg_ws/install/deep_orange_msgs/lib/python3.8/site-packages/deep_orange_msgs/deep_orange_msgs_s__rosidl_typesupport_fastrtps_c.cpython-38-x86_64-linux-gnu.so
-- Set runtime path of "/ROEG/roeg_ws/install/deep_orange_msgs/lib/python3.8/site-packages/deep_orange_msgs/deep_orange_msgs_s__rosidl_typesupport_fastrtps_c.cpython-38-x86_64-linux-gnu.so" to ""
-- Installing: /ROEG/roeg_ws/install/deep_orange_msgs/lib/python3.8/site-packages/deep_orange_msgs/deep_orange_msgs_s__rosidl_typesupport_introspection_c.cpython-38-x86_64-linux-gnu.so
-- Set runtime path of "/ROEG/roeg_ws/install/deep_orange_msgs/lib/python3.8/site-packages/deep_orange_msgs/deep_orange_msgs_s__rosidl_typesupport_introspection_c.cpython-38-x86_64-linux-gnu.so" to ""
-- Installing: /ROEG/roeg_ws/install/deep_orange_msgs/lib/python3.8/site-packages/deep_orange_msgs/deep_orange_msgs_s__rosidl_typesupport_c.cpython-38-x86_64-linux-gnu.so
-- Set runtime path of "/ROEG/roeg_ws/install/deep_orange_msgs/lib/python3.8/site-packages/deep_orange_msgs/deep_orange_msgs_s__rosidl_typesupport_c.cpython-38-x86_64-linux-gnu.so" to ""
-- Installing: /ROEG/roeg_ws/install/deep_orange_msgs/lib/libdeep_orange_msgs__python.so
-- Set runtime path of "/ROEG/roeg_ws/install/deep_orange_msgs/lib/libdeep_orange_msgs__python.so" to ""
-- Installing: /ROEG/roeg_ws/install/deep_orange_msgs/share/deep_orange_msgs/msg/BaseToCarSummary.idl
-- Installing: /ROEG/roeg_ws/install/deep_orange_msgs/share/deep_orange_msgs/msg/BrakeTempReport.idl
-- Installing: /ROEG/roeg_ws/install/deep_orange_msgs/share/deep_orange_msgs/msg/Coordinates.idl
-- Installing: /ROEG/roeg_ws/install/deep_orange_msgs/share/deep_orange_msgs/msg/CtReport.idl
-- Installing: /ROEG/roeg_ws/install/deep_orange_msgs/share/deep_orange_msgs/msg/MiscReport.idl
-- Installing: /ROEG/roeg_ws/install/deep_orange_msgs/share/deep_orange_msgs/msg/PtReport.idl
-- Installing: /ROEG/roeg_ws/install/deep_orange_msgs/share/deep_orange_msgs/msg/RcToCt.idl
-- Installing: /ROEG/roeg_ws/install/deep_orange_msgs/share/deep_orange_msgs/msg/TireReport.idl
-- Installing: /ROEG/roeg_ws/install/deep_orange_msgs/share/deep_orange_msgs/msg/TireTemp.idl
-- Installing: /ROEG/roeg_ws/install/deep_orange_msgs/share/deep_orange_msgs/msg/TireTempReport.idl
-- Installing: /ROEG/roeg_ws/install/deep_orange_msgs/share/deep_orange_msgs/msg/Telemetry.idl
-- Installing: /ROEG/roeg_ws/install/deep_orange_msgs/share/deep_orange_msgs/msg/JoystickCommand.idl
-- Installing: /ROEG/roeg_ws/install/deep_orange_msgs/share/deep_orange_msgs/msg/DiagnosticReport.idl
-- Installing: /ROEG/roeg_ws/install/deep_orange_msgs/share/deep_orange_msgs/msg/LapTimeReport.idl
-- Installing: /ROEG/roeg_ws/install/deep_orange_msgs/share/deep_orange_msgs/msg/MyLapsReport.idl
-- Installing: /ROEG/roeg_ws/install/deep_orange_msgs/share/deep_orange_msgs/msg/MarelliReport.idl
-- Installing: /ROEG/roeg_ws/install/deep_orange_msgs/share/deep_orange_msgs/msg/RaceControlReport.idl
-- Installing: /ROEG/roeg_ws/install/deep_orange_msgs/share/deep_orange_msgs/msg/BaseToCarSummary.msg
-- Installing: /ROEG/roeg_ws/install/deep_orange_msgs/share/deep_orange_msgs/msg/BrakeTempReport.msg
-- Installing: /ROEG/roeg_ws/install/deep_orange_msgs/share/deep_orange_msgs/msg/Coordinates.msg
-- Installing: /ROEG/roeg_ws/install/deep_orange_msgs/share/deep_orange_msgs/msg/CtReport.msg
-- Installing: /ROEG/roeg_ws/install/deep_orange_msgs/share/deep_orange_msgs/msg/MiscReport.msg
-- Installing: /ROEG/roeg_ws/install/deep_orange_msgs/share/deep_orange_msgs/msg/PtReport.msg
-- Installing: /ROEG/roeg_ws/install/deep_orange_msgs/share/deep_orange_msgs/msg/RcToCt.msg
-- Installing: /ROEG/roeg_ws/install/deep_orange_msgs/share/deep_orange_msgs/msg/TireReport.msg
-- Installing: /ROEG/roeg_ws/install/deep_orange_msgs/share/deep_orange_msgs/msg/TireTemp.msg
-- Installing: /ROEG/roeg_ws/install/deep_orange_msgs/share/deep_orange_msgs/msg/TireTempReport.msg
-- Installing: /ROEG/roeg_ws/install/deep_orange_msgs/share/deep_orange_msgs/msg/Telemetry.msg
-- Installing: /ROEG/roeg_ws/install/deep_orange_msgs/share/deep_orange_msgs/msg/JoystickCommand.msg
-- Installing: /ROEG/roeg_ws/install/deep_orange_msgs/share/deep_orange_msgs/msg/DiagnosticReport.msg
-- Installing: /ROEG/roeg_ws/install/deep_orange_msgs/share/deep_orange_msgs/msg/LapTimeReport.msg
-- Installing: /ROEG/roeg_ws/install/deep_orange_msgs/share/deep_orange_msgs/msg/MyLapsReport.msg
-- Installing: /ROEG/roeg_ws/install/deep_orange_msgs/share/deep_orange_msgs/msg/MarelliReport.msg
-- Installing: /ROEG/roeg_ws/install/deep_orange_msgs/share/deep_orange_msgs/msg/RaceControlReport.msg
-- Installing: /ROEG/roeg_ws/install/deep_orange_msgs/share/ament_index/resource_index/package_run_dependencies/deep_orange_msgs
-- Installing: /ROEG/roeg_ws/install/deep_orange_msgs/share/ament_index/resource_index/parent_prefix_path/deep_orange_msgs
-- Installing: /ROEG/roeg_ws/install/deep_orange_msgs/share/deep_orange_msgs/environment/ament_prefix_path.sh
-- Installing: /ROEG/roeg_ws/install/deep_orange_msgs/share/deep_orange_msgs/environment/ament_prefix_path.dsv
-- Installing: /ROEG/roeg_ws/install/deep_orange_msgs/share/deep_orange_msgs/environment/path.sh
-- Installing: /ROEG/roeg_ws/install/deep_orange_msgs/share/deep_orange_msgs/environment/path.dsv
-- Installing: /ROEG/roeg_ws/install/deep_orange_msgs/share/deep_orange_msgs/local_setup.bash
-- Installing: /ROEG/roeg_ws/install/deep_orange_msgs/share/deep_orange_msgs/local_setup.sh
-- Installing: /ROEG/roeg_ws/install/deep_orange_msgs/share/deep_orange_msgs/local_setup.zsh
-- Installing: /ROEG/roeg_ws/install/deep_orange_msgs/share/deep_orange_msgs/local_setup.dsv
-- Installing: /ROEG/roeg_ws/install/deep_orange_msgs/share/deep_orange_msgs/package.dsv
-- Installing: /ROEG/roeg_ws/install/deep_orange_msgs/share/ament_index/resource_index/packages/deep_orange_msgs
-- Installing: /ROEG/roeg_ws/install/deep_orange_msgs/share/deep_orange_msgs/cmake/deep_orange_msgs__rosidl_generator_cExport.cmake
-- Installing: /ROEG/roeg_ws/install/deep_orange_msgs/share/deep_orange_msgs/cmake/deep_orange_msgs__rosidl_generator_cExport-noconfig.cmake
-- Installing: /ROEG/roeg_ws/install/deep_orange_msgs/share/deep_orange_msgs/cmake/deep_orange_msgs__rosidl_typesupport_introspection_cExport.cmake
-- Installing: /ROEG/roeg_ws/install/deep_orange_msgs/share/deep_orange_msgs/cmake/deep_orange_msgs__rosidl_typesupport_introspection_cExport-noconfig.cmake
-- Installing: /ROEG/roeg_ws/install/deep_orange_msgs/share/deep_orange_msgs/cmake/deep_orange_msgs__rosidl_typesupport_cExport.cmake
-- Installing: /ROEG/roeg_ws/install/deep_orange_msgs/share/deep_orange_msgs/cmake/deep_orange_msgs__rosidl_typesupport_cExport-noconfig.cmake
-- Installing: /ROEG/roeg_ws/install/deep_orange_msgs/share/deep_orange_msgs/cmake/deep_orange_msgs__rosidl_generator_cppExport.cmake
-- Installing: /ROEG/roeg_ws/install/deep_orange_msgs/share/deep_orange_msgs/cmake/deep_orange_msgs__rosidl_typesupport_introspection_cppExport.cmake
-- Installing: /ROEG/roeg_ws/install/deep_orange_msgs/share/deep_orange_msgs/cmake/deep_orange_msgs__rosidl_typesupport_introspection_cppExport-noconfig.cmake
-- Installing: /ROEG/roeg_ws/install/deep_orange_msgs/share/deep_orange_msgs/cmake/deep_orange_msgs__rosidl_typesupport_cppExport.cmake
-- Installing: /ROEG/roeg_ws/install/deep_orange_msgs/share/deep_orange_msgs/cmake/deep_orange_msgs__rosidl_typesupport_cppExport-noconfig.cmake
-- Installing: /ROEG/roeg_ws/install/deep_orange_msgs/share/deep_orange_msgs/cmake/rosidl_cmake-extras.cmake
-- Installing: /ROEG/roeg_ws/install/deep_orange_msgs/share/deep_orange_msgs/cmake/ament_cmake_export_dependencies-extras.cmake
-- Installing: /ROEG/roeg_ws/install/deep_orange_msgs/share/deep_orange_msgs/cmake/ament_cmake_export_libraries-extras.cmake
-- Installing: /ROEG/roeg_ws/install/deep_orange_msgs/share/deep_orange_msgs/cmake/ament_cmake_export_targets-extras.cmake
-- Installing: /ROEG/roeg_ws/install/deep_orange_msgs/share/deep_orange_msgs/cmake/ament_cmake_export_include_directories-extras.cmake
-- Installing: /ROEG/roeg_ws/install/deep_orange_msgs/share/deep_orange_msgs/cmake/rosidl_cmake_export_typesupport_libraries-extras.cmake
-- Installing: /ROEG/roeg_ws/install/deep_orange_msgs/share/deep_orange_msgs/cmake/rosidl_cmake_export_typesupport_targets-extras.cmake
-- Installing: /ROEG/roeg_ws/install/deep_orange_msgs/share/deep_orange_msgs/cmake/deep_orange_msgsConfig.cmake
-- Installing: /ROEG/roeg_ws/install/deep_orange_msgs/share/deep_orange_msgs/cmake/deep_orange_msgsConfig-version.cmake
-- Installing: /ROEG/roeg_ws/install/deep_orange_msgs/share/deep_orange_msgs/package.xml
