[0.047s] Invoking command in '/ROEG/roeg_ws/build/deep_orange_msgs': CMAKE_PREFIX_PATH=${CMAKE_PREFIX_PATH}:/ROEG/roeg_ws/install/roeg:/opt/ros/galactic /usr/bin/cmake /ROEG/roeg_ws/src/deep_orange_msgs -DCMAKE_INSTALL_PREFIX=/ROEG/roeg_ws/install/deep_orange_msgs
[0.147s] -- The C compiler identification is GNU 9.4.0
[0.247s] -- The CXX compiler identification is GNU 9.4.0
[0.252s] -- Check for working C compiler: /usr/bin/cc
[0.393s] -- Check for working C compiler: /usr/bin/cc -- works
[0.394s] -- Detecting C compiler ABI info
[0.539s] -- Detecting C compiler ABI info - done
[0.555s] -- Detecting C compile features
[0.555s] -- Detecting C compile features - done
[0.559s] -- Check for working CXX compiler: /usr/bin/c++
[0.717s] -- Check for working CXX compiler: /usr/bin/c++ -- works
[0.718s] -- Detecting CXX compiler ABI info
[0.863s] -- Detecting CXX compiler ABI info - done
[0.880s] -- Detecting CXX compile features
[0.881s] -- Detecting CXX compile features - done
[0.885s] -- Found ament_cmake: 1.1.6 (/opt/ros/galactic/share/ament_cmake/cmake)
[0.926s] -- Found PythonInterp: /usr/bin/python3 (found suitable version "3.8.10", minimum required is "3") 
[0.926s] -- Using PYTHON_EXECUTABLE: /usr/bin/python3
[1.071s] -- Found builtin_interfaces: 1.0.3 (/opt/ros/galactic/share/builtin_interfaces/cmake)
[1.111s] -- Using all available rosidl_typesupport_c: rosidl_typesupport_fastrtps_c;rosidl_typesupport_introspection_c
[1.122s] -- Found rosidl_adapter: 2.2.3 (/opt/ros/galactic/share/rosidl_adapter/cmake)
[1.271s] -- Found OpenSSL: /usr/lib/x86_64-linux-gnu/libcrypto.so (found version "1.1.1f")  
[1.310s] -- Found FastRTPS: /opt/ros/galactic/include  
[1.418s] -- Using all available rosidl_typesupport_cpp: rosidl_typesupport_fastrtps_cpp;rosidl_typesupport_introspection_cpp
[1.444s] -- Found rosidl_default_generators: 1.1.1 (/opt/ros/galactic/share/rosidl_default_generators/cmake)
[1.456s] -- Found std_msgs: 2.2.4 (/opt/ros/galactic/share/std_msgs/cmake)
[1.499s] -- Found PythonInterp: /usr/bin/python3 (found version "3.8.10") 
[1.736s] -- Found ament_cmake_cppcheck: 0.10.7 (/opt/ros/galactic/share/ament_cmake_cppcheck/cmake)
[1.739s] -- Found ament_cmake_cpplint: 0.10.7 (/opt/ros/galactic/share/ament_cmake_cpplint/cmake)
[1.744s] -- Found ament_cmake_uncrustify: 0.10.7 (/opt/ros/galactic/share/ament_cmake_uncrustify/cmake)
[1.748s] -- Found ament_cmake_ros: 0.9.2 (/opt/ros/galactic/share/ament_cmake_ros/cmake)
[2.043s] -- Using all available rosidl_typesupport_c: rosidl_typesupport_fastrtps_c;rosidl_typesupport_introspection_c
[2.118s] -- Using all available rosidl_typesupport_cpp: rosidl_typesupport_fastrtps_cpp;rosidl_typesupport_introspection_cpp
[2.156s] -- Found PythonInterp: /usr/bin/python3 (found suitable version "3.8.10", minimum required is "3.5") 
[2.159s] -- Found python_cmake_module: 0.8.1 (/opt/ros/galactic/share/python_cmake_module/cmake)
[2.206s] -- Found PythonLibs: /usr/lib/x86_64-linux-gnu/libpython3.8.so (found suitable version "3.8.10", minimum required is "3.5") 
[2.206s] -- Using PYTHON_EXECUTABLE: /usr/bin/python3
[2.206s] -- Using PYTHON_INCLUDE_DIRS: /usr/include/python3.8
[2.207s] -- Using PYTHON_LIBRARIES: /usr/lib/x86_64-linux-gnu/libpython3.8.so
[2.237s] -- Found PythonExtra: .so  
[2.509s] -- Using numpy include directory: /usr/local/lib/python3.8/dist-packages/numpy/core/include
[2.535s] -- Found ament_cmake_flake8: 0.10.7 (/opt/ros/galactic/share/ament_cmake_flake8/cmake)
[2.539s] -- Found ament_cmake_pep257: 0.10.7 (/opt/ros/galactic/share/ament_cmake_pep257/cmake)
[2.546s] -- Found ament_lint_auto: 0.10.7 (/opt/ros/galactic/share/ament_lint_auto/cmake)
[2.594s] -- Added test 'copyright' to check source files copyright and LICENSE
[2.596s] -- Added test 'lint_cmake' to check CMake code style
[2.598s] -- Added test 'xmllint' to check XML markup files
[2.609s] -- Configuring done
[2.703s] -- Generating done
[2.708s] -- Build files have been written to: /ROEG/roeg_ws/build/deep_orange_msgs
[2.736s] Invoked command in '/ROEG/roeg_ws/build/deep_orange_msgs' returned '0': CMAKE_PREFIX_PATH=${CMAKE_PREFIX_PATH}:/ROEG/roeg_ws/install/roeg:/opt/ros/galactic /usr/bin/cmake /ROEG/roeg_ws/src/deep_orange_msgs -DCMAKE_INSTALL_PREFIX=/ROEG/roeg_ws/install/deep_orange_msgs
[2.740s] Invoking command in '/ROEG/roeg_ws/build/deep_orange_msgs': CMAKE_PREFIX_PATH=${CMAKE_PREFIX_PATH}:/ROEG/roeg_ws/install/roeg:/opt/ros/galactic /usr/bin/cmake --build /ROEG/roeg_ws/build/deep_orange_msgs -- -j16 -l16
[2.818s] [  1%] [34m[1mGenerating C code for ROS interfaces[0m
[2.819s] [35m[1mScanning dependencies of target deep_orange_msgs__cpp[0m
[2.842s] [  1%] [34m[1mGenerating C++ code for ROS interfaces[0m
[4.940s] [  1%] Built target deep_orange_msgs__cpp
[4.980s] [  2%] [34m[1mGenerating C++ type support dispatch for ROS interfaces[0m
[4.997s] [  3%] [34m[1mGenerating C++ type support for eProsima Fast-RTPS[0m
[5.024s] [  3%] [34m[1mGenerating C++ introspection for ROS interfaces[0m
[5.314s] [35m[1mScanning dependencies of target deep_orange_msgs__rosidl_generator_c[0m
[5.416s] [  4%] [32mBuilding C object CMakeFiles/deep_orange_msgs__rosidl_generator_c.dir/rosidl_generator_c/deep_orange_msgs/msg/detail/brake_temp_report__functions.c.o[0m
[5.420s] [  4%] [32mBuilding C object CMakeFiles/deep_orange_msgs__rosidl_generator_c.dir/rosidl_generator_c/deep_orange_msgs/msg/detail/base_to_car_summary__functions.c.o[0m
[5.425s] [  5%] [32mBuilding C object CMakeFiles/deep_orange_msgs__rosidl_generator_c.dir/rosidl_generator_c/deep_orange_msgs/msg/detail/coordinates__functions.c.o[0m
[5.444s] [  5%] [32mBuilding C object CMakeFiles/deep_orange_msgs__rosidl_generator_c.dir/rosidl_generator_c/deep_orange_msgs/msg/detail/ct_report__functions.c.o[0m
[5.476s] [  6%] [32mBuilding C object CMakeFiles/deep_orange_msgs__rosidl_generator_c.dir/rosidl_generator_c/deep_orange_msgs/msg/detail/misc_report__functions.c.o[0m
[5.541s] [  6%] [32mBuilding C object CMakeFiles/deep_orange_msgs__rosidl_generator_c.dir/rosidl_generator_c/deep_orange_msgs/msg/detail/pt_report__functions.c.o[0m
[5.546s] [  7%] [32mBuilding C object CMakeFiles/deep_orange_msgs__rosidl_generator_c.dir/rosidl_generator_c/deep_orange_msgs/msg/detail/rc_to_ct__functions.c.o[0m
[5.577s] [  7%] [32mBuilding C object CMakeFiles/deep_orange_msgs__rosidl_generator_c.dir/rosidl_generator_c/deep_orange_msgs/msg/detail/tire_temp__functions.c.o[0m
[5.582s] [  8%] [32mBuilding C object CMakeFiles/deep_orange_msgs__rosidl_generator_c.dir/rosidl_generator_c/deep_orange_msgs/msg/detail/tire_report__functions.c.o[0m
[5.654s] [  9%] [32mBuilding C object CMakeFiles/deep_orange_msgs__rosidl_generator_c.dir/rosidl_generator_c/deep_orange_msgs/msg/detail/tire_temp_report__functions.c.o[0m
[5.683s] [ 10%] [32mBuilding C object CMakeFiles/deep_orange_msgs__rosidl_generator_c.dir/rosidl_generator_c/deep_orange_msgs/msg/detail/telemetry__functions.c.o[0m
[5.684s] [ 10%] [32mBuilding C object CMakeFiles/deep_orange_msgs__rosidl_generator_c.dir/rosidl_generator_c/deep_orange_msgs/msg/detail/joystick_command__functions.c.o[0m
[5.757s] [ 10%] [32mBuilding C object CMakeFiles/deep_orange_msgs__rosidl_generator_c.dir/rosidl_generator_c/deep_orange_msgs/msg/detail/my_laps_report__functions.c.o[0m
[5.758s] [ 12%] [32mBuilding C object CMakeFiles/deep_orange_msgs__rosidl_generator_c.dir/rosidl_generator_c/deep_orange_msgs/msg/detail/diagnostic_report__functions.c.o[0m
[5.762s] [ 11%] [32mBuilding C object CMakeFiles/deep_orange_msgs__rosidl_generator_c.dir/rosidl_generator_c/deep_orange_msgs/msg/detail/lap_time_report__functions.c.o[0m
[5.790s] [ 12%] [32mBuilding C object CMakeFiles/deep_orange_msgs__rosidl_generator_c.dir/rosidl_generator_c/deep_orange_msgs/msg/detail/race_control_report__functions.c.o[0m
[5.802s] [ 13%] [32mBuilding C object CMakeFiles/deep_orange_msgs__rosidl_generator_c.dir/rosidl_generator_c/deep_orange_msgs/msg/detail/marelli_report__functions.c.o[0m
[5.988s] [ 14%] [32m[1mLinking C shared library libdeep_orange_msgs__rosidl_generator_c.so[0m
[6.118s] [ 14%] Built target deep_orange_msgs__rosidl_generator_c
[6.168s] [ 15%] [34m[1mGenerating C type support dispatch for ROS interfaces[0m
[6.173s] [ 16%] [34m[1mGenerating C introspection for ROS interfaces[0m
[6.546s] [35m[1mScanning dependencies of target deep_orange_msgs__rosidl_typesupport_cpp[0m
[6.582s] [ 17%] [32mBuilding CXX object CMakeFiles/deep_orange_msgs__rosidl_typesupport_cpp.dir/rosidl_typesupport_cpp/deep_orange_msgs/msg/pt_report__type_support.cpp.o[0m
[6.583s] [ 19%] [32mBuilding CXX object CMakeFiles/deep_orange_msgs__rosidl_typesupport_cpp.dir/rosidl_typesupport_cpp/deep_orange_msgs/msg/rc_to_ct__type_support.cpp.o[0m
[6.586s] [ 21%] [32mBuilding CXX object CMakeFiles/deep_orange_msgs__rosidl_typesupport_cpp.dir/rosidl_typesupport_cpp/deep_orange_msgs/msg/misc_report__type_support.cpp.o[0m
[6.590s] [ 18%] [32mBuilding CXX object CMakeFiles/deep_orange_msgs__rosidl_typesupport_cpp.dir/rosidl_typesupport_cpp/deep_orange_msgs/msg/coordinates__type_support.cpp.o[0m
[6.590s] [ 18%] [32mBuilding CXX object CMakeFiles/deep_orange_msgs__rosidl_typesupport_cpp.dir/rosidl_typesupport_cpp/deep_orange_msgs/msg/ct_report__type_support.cpp.o[0m
[6.590s] [ 22%] [32mBuilding CXX object CMakeFiles/deep_orange_msgs__rosidl_typesupport_cpp.dir/rosidl_typesupport_cpp/deep_orange_msgs/msg/tire_report__type_support.cpp.o[0m
[6.592s] [ 19%] [32mBuilding CXX object CMakeFiles/deep_orange_msgs__rosidl_typesupport_cpp.dir/rosidl_typesupport_cpp/deep_orange_msgs/msg/tire_temp__type_support.cpp.o[0m
[6.592s] [ 21%] [32mBuilding CXX object CMakeFiles/deep_orange_msgs__rosidl_typesupport_cpp.dir/rosidl_typesupport_cpp/deep_orange_msgs/msg/brake_temp_report__type_support.cpp.o[0m
[6.592s] [ 21%] [32mBuilding CXX object CMakeFiles/deep_orange_msgs__rosidl_typesupport_cpp.dir/rosidl_typesupport_cpp/deep_orange_msgs/msg/base_to_car_summary__type_support.cpp.o[0m
[6.595s] [ 22%] [32mBuilding CXX object CMakeFiles/deep_orange_msgs__rosidl_typesupport_cpp.dir/rosidl_typesupport_cpp/deep_orange_msgs/msg/tire_temp_report__type_support.cpp.o[0m
[6.596s] [ 22%] [32mBuilding CXX object CMakeFiles/deep_orange_msgs__rosidl_typesupport_cpp.dir/rosidl_typesupport_cpp/deep_orange_msgs/msg/joystick_command__type_support.cpp.o[0m
[6.602s] [ 23%] [32mBuilding CXX object CMakeFiles/deep_orange_msgs__rosidl_typesupport_cpp.dir/rosidl_typesupport_cpp/deep_orange_msgs/msg/telemetry__type_support.cpp.o[0m
[7.224s] [ 24%] [32mBuilding CXX object CMakeFiles/deep_orange_msgs__rosidl_typesupport_cpp.dir/rosidl_typesupport_cpp/deep_orange_msgs/msg/diagnostic_report__type_support.cpp.o[0m
[7.262s] [ 24%] [32mBuilding CXX object CMakeFiles/deep_orange_msgs__rosidl_typesupport_cpp.dir/rosidl_typesupport_cpp/deep_orange_msgs/msg/my_laps_report__type_support.cpp.o[0m
[7.268s] [ 25%] [32mBuilding CXX object CMakeFiles/deep_orange_msgs__rosidl_typesupport_cpp.dir/rosidl_typesupport_cpp/deep_orange_msgs/msg/lap_time_report__type_support.cpp.o[0m
[7.318s] [ 26%] [32mBuilding CXX object CMakeFiles/deep_orange_msgs__rosidl_typesupport_cpp.dir/rosidl_typesupport_cpp/deep_orange_msgs/msg/marelli_report__type_support.cpp.o[0m
[7.334s] [ 27%] [32mBuilding CXX object CMakeFiles/deep_orange_msgs__rosidl_typesupport_cpp.dir/rosidl_typesupport_cpp/deep_orange_msgs/msg/race_control_report__type_support.cpp.o[0m
[7.488s] [35m[1mScanning dependencies of target deep_orange_msgs__rosidl_typesupport_introspection_cpp[0m
[7.488s] [35m[1mScanning dependencies of target deep_orange_msgs__rosidl_typesupport_fastrtps_cpp[0m
[7.529s] [ 28%] [32mBuilding CXX object CMakeFiles/deep_orange_msgs__rosidl_typesupport_fastrtps_cpp.dir/rosidl_typesupport_fastrtps_cpp/deep_orange_msgs/msg/detail/dds_fastrtps/base_to_car_summary__type_support.cpp.o[0m
[7.529s] [ 29%] [32mBuilding CXX object CMakeFiles/deep_orange_msgs__rosidl_typesupport_fastrtps_cpp.dir/rosidl_typesupport_fastrtps_cpp/deep_orange_msgs/msg/detail/dds_fastrtps/coordinates__type_support.cpp.o[0m
[7.530s] [ 28%] [32mBuilding CXX object CMakeFiles/deep_orange_msgs__rosidl_typesupport_fastrtps_cpp.dir/rosidl_typesupport_fastrtps_cpp/deep_orange_msgs/msg/detail/dds_fastrtps/brake_temp_report__type_support.cpp.o[0m
[7.548s] [ 30%] [32mBuilding CXX object CMakeFiles/deep_orange_msgs__rosidl_typesupport_fastrtps_cpp.dir/rosidl_typesupport_fastrtps_cpp/deep_orange_msgs/msg/detail/dds_fastrtps/ct_report__type_support.cpp.o[0m
[7.548s] [ 30%] [32mBuilding CXX object CMakeFiles/deep_orange_msgs__rosidl_typesupport_fastrtps_cpp.dir/rosidl_typesupport_fastrtps_cpp/deep_orange_msgs/msg/detail/dds_fastrtps/misc_report__type_support.cpp.o[0m
[7.563s] [ 30%] [32mBuilding CXX object CMakeFiles/deep_orange_msgs__rosidl_typesupport_introspection_cpp.dir/rosidl_typesupport_introspection_cpp/deep_orange_msgs/msg/detail/brake_temp_report__type_support.cpp.o[0m
[7.570s] [ 31%] [32mBuilding CXX object CMakeFiles/deep_orange_msgs__rosidl_typesupport_introspection_cpp.dir/rosidl_typesupport_introspection_cpp/deep_orange_msgs/msg/detail/coordinates__type_support.cpp.o[0m
[7.571s] [ 32%] [32mBuilding CXX object CMakeFiles/deep_orange_msgs__rosidl_typesupport_introspection_cpp.dir/rosidl_typesupport_introspection_cpp/deep_orange_msgs/msg/detail/base_to_car_summary__type_support.cpp.o[0m
[7.586s] [ 33%] [32mBuilding CXX object CMakeFiles/deep_orange_msgs__rosidl_typesupport_fastrtps_cpp.dir/rosidl_typesupport_fastrtps_cpp/deep_orange_msgs/msg/detail/dds_fastrtps/pt_report__type_support.cpp.o[0m
[7.910s] [ 33%] [32mBuilding CXX object CMakeFiles/deep_orange_msgs__rosidl_typesupport_fastrtps_cpp.dir/rosidl_typesupport_fastrtps_cpp/deep_orange_msgs/msg/detail/dds_fastrtps/rc_to_ct__type_support.cpp.o[0m
[8.052s] [ 34%] [32mBuilding CXX object CMakeFiles/deep_orange_msgs__rosidl_typesupport_fastrtps_cpp.dir/rosidl_typesupport_fastrtps_cpp/deep_orange_msgs/msg/detail/dds_fastrtps/tire_temp__type_support.cpp.o[0m
[8.055s] [ 35%] [32mBuilding CXX object CMakeFiles/deep_orange_msgs__rosidl_typesupport_fastrtps_cpp.dir/rosidl_typesupport_fastrtps_cpp/deep_orange_msgs/msg/detail/dds_fastrtps/tire_report__type_support.cpp.o[0m
[8.108s] [ 35%] [32m[1mLinking CXX shared library libdeep_orange_msgs__rosidl_typesupport_cpp.so[0m
[8.196s] [35m[1mScanning dependencies of target deep_orange_msgs__rosidl_typesupport_c[0m
[8.226s] [ 35%] [32mBuilding CXX object CMakeFiles/deep_orange_msgs__rosidl_typesupport_fastrtps_cpp.dir/rosidl_typesupport_fastrtps_cpp/deep_orange_msgs/msg/detail/dds_fastrtps/tire_temp_report__type_support.cpp.o[0m
[8.291s] [ 35%] [32mBuilding CXX object CMakeFiles/deep_orange_msgs__rosidl_typesupport_c.dir/rosidl_typesupport_c/deep_orange_msgs/msg/base_to_car_summary__type_support.cpp.o[0m
[8.297s] [ 35%] Built target deep_orange_msgs__rosidl_typesupport_cpp
[8.344s] [ 36%] [32mBuilding CXX object CMakeFiles/deep_orange_msgs__rosidl_typesupport_fastrtps_cpp.dir/rosidl_typesupport_fastrtps_cpp/deep_orange_msgs/msg/detail/dds_fastrtps/telemetry__type_support.cpp.o[0m
[8.384s] [ 37%] [32mBuilding CXX object CMakeFiles/deep_orange_msgs__rosidl_typesupport_introspection_cpp.dir/rosidl_typesupport_introspection_cpp/deep_orange_msgs/msg/detail/ct_report__type_support.cpp.o[0m
[8.401s] [ 37%] [32mBuilding CXX object CMakeFiles/deep_orange_msgs__rosidl_typesupport_introspection_cpp.dir/rosidl_typesupport_introspection_cpp/deep_orange_msgs/msg/detail/misc_report__type_support.cpp.o[0m
[8.516s] [ 38%] [32mBuilding CXX object CMakeFiles/deep_orange_msgs__rosidl_typesupport_c.dir/rosidl_typesupport_c/deep_orange_msgs/msg/brake_temp_report__type_support.cpp.o[0m
[8.664s] [ 39%] [32mBuilding CXX object CMakeFiles/deep_orange_msgs__rosidl_typesupport_c.dir/rosidl_typesupport_c/deep_orange_msgs/msg/coordinates__type_support.cpp.o[0m
[8.691s] [ 40%] [32mBuilding CXX object CMakeFiles/deep_orange_msgs__rosidl_typesupport_introspection_cpp.dir/rosidl_typesupport_introspection_cpp/deep_orange_msgs/msg/detail/pt_report__type_support.cpp.o[0m
[8.805s] [ 41%] [32mBuilding CXX object CMakeFiles/deep_orange_msgs__rosidl_typesupport_introspection_cpp.dir/rosidl_typesupport_introspection_cpp/deep_orange_msgs/msg/detail/rc_to_ct__type_support.cpp.o[0m
[8.822s] [ 42%] [32mBuilding CXX object CMakeFiles/deep_orange_msgs__rosidl_typesupport_fastrtps_cpp.dir/rosidl_typesupport_fastrtps_cpp/deep_orange_msgs/msg/detail/dds_fastrtps/joystick_command__type_support.cpp.o[0m
[8.892s] [ 42%] [32mBuilding CXX object CMakeFiles/deep_orange_msgs__rosidl_typesupport_c.dir/rosidl_typesupport_c/deep_orange_msgs/msg/ct_report__type_support.cpp.o[0m
[8.915s] [ 43%] [32mBuilding CXX object CMakeFiles/deep_orange_msgs__rosidl_typesupport_c.dir/rosidl_typesupport_c/deep_orange_msgs/msg/misc_report__type_support.cpp.o[0m
[8.977s] [ 43%] [32mBuilding CXX object CMakeFiles/deep_orange_msgs__rosidl_typesupport_fastrtps_cpp.dir/rosidl_typesupport_fastrtps_cpp/deep_orange_msgs/msg/detail/dds_fastrtps/diagnostic_report__type_support.cpp.o[0m
[9.122s] [ 43%] [32mBuilding CXX object CMakeFiles/deep_orange_msgs__rosidl_typesupport_c.dir/rosidl_typesupport_c/deep_orange_msgs/msg/pt_report__type_support.cpp.o[0m
[9.126s] [ 44%] [32mBuilding CXX object CMakeFiles/deep_orange_msgs__rosidl_typesupport_fastrtps_cpp.dir/rosidl_typesupport_fastrtps_cpp/deep_orange_msgs/msg/detail/dds_fastrtps/lap_time_report__type_support.cpp.o[0m
[9.133s] [ 44%] [32mBuilding CXX object CMakeFiles/deep_orange_msgs__rosidl_typesupport_introspection_cpp.dir/rosidl_typesupport_introspection_cpp/deep_orange_msgs/msg/detail/tire_report__type_support.cpp.o[0m
[9.224s] [ 45%] [32mBuilding CXX object CMakeFiles/deep_orange_msgs__rosidl_typesupport_introspection_cpp.dir/rosidl_typesupport_introspection_cpp/deep_orange_msgs/msg/detail/tire_temp__type_support.cpp.o[0m
[9.225s] [ 45%] [32mBuilding CXX object CMakeFiles/deep_orange_msgs__rosidl_typesupport_introspection_cpp.dir/rosidl_typesupport_introspection_cpp/deep_orange_msgs/msg/detail/tire_temp_report__type_support.cpp.o[0m
[9.306s] [ 45%] [32mBuilding CXX object CMakeFiles/deep_orange_msgs__rosidl_typesupport_fastrtps_cpp.dir/rosidl_typesupport_fastrtps_cpp/deep_orange_msgs/msg/detail/dds_fastrtps/my_laps_report__type_support.cpp.o[0m
[9.385s] [ 46%] [32mBuilding CXX object CMakeFiles/deep_orange_msgs__rosidl_typesupport_c.dir/rosidl_typesupport_c/deep_orange_msgs/msg/rc_to_ct__type_support.cpp.o[0m
[9.416s] [ 47%] [32mBuilding CXX object CMakeFiles/deep_orange_msgs__rosidl_typesupport_c.dir/rosidl_typesupport_c/deep_orange_msgs/msg/tire_report__type_support.cpp.o[0m
[9.467s] [ 48%] [32mBuilding CXX object CMakeFiles/deep_orange_msgs__rosidl_typesupport_introspection_cpp.dir/rosidl_typesupport_introspection_cpp/deep_orange_msgs/msg/detail/telemetry__type_support.cpp.o[0m
[9.557s] [ 48%] [32mBuilding CXX object CMakeFiles/deep_orange_msgs__rosidl_typesupport_c.dir/rosidl_typesupport_c/deep_orange_msgs/msg/tire_temp__type_support.cpp.o[0m
[9.669s] [ 49%] [32mBuilding CXX object CMakeFiles/deep_orange_msgs__rosidl_typesupport_c.dir/rosidl_typesupport_c/deep_orange_msgs/msg/tire_temp_report__type_support.cpp.o[0m
[9.752s] [ 50%] [32mBuilding CXX object CMakeFiles/deep_orange_msgs__rosidl_typesupport_fastrtps_cpp.dir/rosidl_typesupport_fastrtps_cpp/deep_orange_msgs/msg/detail/dds_fastrtps/race_control_report__type_support.cpp.o[0m
[9.764s] [ 51%] [32mBuilding CXX object CMakeFiles/deep_orange_msgs__rosidl_typesupport_fastrtps_cpp.dir/rosidl_typesupport_fastrtps_cpp/deep_orange_msgs/msg/detail/dds_fastrtps/marelli_report__type_support.cpp.o[0m
[9.846s] [ 52%] [32mBuilding CXX object CMakeFiles/deep_orange_msgs__rosidl_typesupport_c.dir/rosidl_typesupport_c/deep_orange_msgs/msg/telemetry__type_support.cpp.o[0m
[9.872s] [ 52%] [32mBuilding CXX object CMakeFiles/deep_orange_msgs__rosidl_typesupport_c.dir/rosidl_typesupport_c/deep_orange_msgs/msg/joystick_command__type_support.cpp.o[0m
[9.931s] [ 53%] [32mBuilding CXX object CMakeFiles/deep_orange_msgs__rosidl_typesupport_introspection_cpp.dir/rosidl_typesupport_introspection_cpp/deep_orange_msgs/msg/detail/joystick_command__type_support.cpp.o[0m
[10.022s] [ 53%] [32mBuilding CXX object CMakeFiles/deep_orange_msgs__rosidl_typesupport_introspection_cpp.dir/rosidl_typesupport_introspection_cpp/deep_orange_msgs/msg/detail/diagnostic_report__type_support.cpp.o[0m
[10.030s] [ 54%] [32mBuilding CXX object CMakeFiles/deep_orange_msgs__rosidl_typesupport_c.dir/rosidl_typesupport_c/deep_orange_msgs/msg/diagnostic_report__type_support.cpp.o[0m
[10.038s] [35m[1mScanning dependencies of target deep_orange_msgs__rosidl_typesupport_introspection_c[0m
[10.109s] [ 54%] [32mBuilding CXX object CMakeFiles/deep_orange_msgs__rosidl_typesupport_c.dir/rosidl_typesupport_c/deep_orange_msgs/msg/lap_time_report__type_support.cpp.o[0m
[10.117s] [ 55%] [32mBuilding CXX object CMakeFiles/deep_orange_msgs__rosidl_typesupport_introspection_cpp.dir/rosidl_typesupport_introspection_cpp/deep_orange_msgs/msg/detail/lap_time_report__type_support.cpp.o[0m
[10.134s] [ 56%] [32mBuilding CXX object CMakeFiles/deep_orange_msgs__rosidl_typesupport_introspection_cpp.dir/rosidl_typesupport_introspection_cpp/deep_orange_msgs/msg/detail/my_laps_report__type_support.cpp.o[0m
[10.134s] [ 57%] [32mBuilding C object CMakeFiles/deep_orange_msgs__rosidl_typesupport_introspection_c.dir/rosidl_typesupport_introspection_c/deep_orange_msgs/msg/detail/base_to_car_summary__type_support.c.o[0m
[10.140s] [ 58%] [32mBuilding CXX object CMakeFiles/deep_orange_msgs__rosidl_typesupport_c.dir/rosidl_typesupport_c/deep_orange_msgs/msg/my_laps_report__type_support.cpp.o[0m
[10.181s] [ 59%] [32mBuilding CXX object CMakeFiles/deep_orange_msgs__rosidl_typesupport_c.dir/rosidl_typesupport_c/deep_orange_msgs/msg/marelli_report__type_support.cpp.o[0m
[10.224s] [ 59%] [32mBuilding CXX object CMakeFiles/deep_orange_msgs__rosidl_typesupport_c.dir/rosidl_typesupport_c/deep_orange_msgs/msg/race_control_report__type_support.cpp.o[0m
[10.224s] [ 59%] [32mBuilding C object CMakeFiles/deep_orange_msgs__rosidl_typesupport_introspection_c.dir/rosidl_typesupport_introspection_c/deep_orange_msgs/msg/detail/brake_temp_report__type_support.c.o[0m
[10.248s] [ 59%] [32mBuilding C object CMakeFiles/deep_orange_msgs__rosidl_typesupport_introspection_c.dir/rosidl_typesupport_introspection_c/deep_orange_msgs/msg/detail/ct_report__type_support.c.o[0m
[10.253s] [ 60%] [32mBuilding C object CMakeFiles/deep_orange_msgs__rosidl_typesupport_introspection_c.dir/rosidl_typesupport_introspection_c/deep_orange_msgs/msg/detail/coordinates__type_support.c.o[0m
[10.294s] [ 61%] [32mBuilding C object CMakeFiles/deep_orange_msgs__rosidl_typesupport_introspection_c.dir/rosidl_typesupport_introspection_c/deep_orange_msgs/msg/detail/misc_report__type_support.c.o[0m
[10.375s] [ 61%] [32mBuilding CXX object CMakeFiles/deep_orange_msgs__rosidl_typesupport_introspection_cpp.dir/rosidl_typesupport_introspection_cpp/deep_orange_msgs/msg/detail/marelli_report__type_support.cpp.o[0m
[10.377s] [ 62%] [32mBuilding C object CMakeFiles/deep_orange_msgs__rosidl_typesupport_introspection_c.dir/rosidl_typesupport_introspection_c/deep_orange_msgs/msg/detail/pt_report__type_support.c.o[0m
[10.407s] [ 63%] [32m[1mLinking CXX shared library libdeep_orange_msgs__rosidl_typesupport_c.so[0m
[10.420s] [ 63%] [32mBuilding C object CMakeFiles/deep_orange_msgs__rosidl_typesupport_introspection_c.dir/rosidl_typesupport_introspection_c/deep_orange_msgs/msg/detail/rc_to_ct__type_support.c.o[0m
[10.427s] [ 64%] [32mBuilding C object CMakeFiles/deep_orange_msgs__rosidl_typesupport_introspection_c.dir/rosidl_typesupport_introspection_c/deep_orange_msgs/msg/detail/tire_report__type_support.c.o[0m
[10.443s] [ 65%] [32mBuilding CXX object CMakeFiles/deep_orange_msgs__rosidl_typesupport_introspection_cpp.dir/rosidl_typesupport_introspection_cpp/deep_orange_msgs/msg/detail/race_control_report__type_support.cpp.o[0m
[10.468s] [ 66%] [32mBuilding C object CMakeFiles/deep_orange_msgs__rosidl_typesupport_introspection_c.dir/rosidl_typesupport_introspection_c/deep_orange_msgs/msg/detail/tire_temp__type_support.c.o[0m
[10.547s] [ 66%] [32mBuilding C object CMakeFiles/deep_orange_msgs__rosidl_typesupport_introspection_c.dir/rosidl_typesupport_introspection_c/deep_orange_msgs/msg/detail/tire_temp_report__type_support.c.o[0m
[10.556s] [ 67%] [32mBuilding C object CMakeFiles/deep_orange_msgs__rosidl_typesupport_introspection_c.dir/rosidl_typesupport_introspection_c/deep_orange_msgs/msg/detail/telemetry__type_support.c.o[0m
[10.575s] [ 68%] [32mBuilding C object CMakeFiles/deep_orange_msgs__rosidl_typesupport_introspection_c.dir/rosidl_typesupport_introspection_c/deep_orange_msgs/msg/detail/joystick_command__type_support.c.o[0m
[10.594s] [ 68%] [32mBuilding C object CMakeFiles/deep_orange_msgs__rosidl_typesupport_introspection_c.dir/rosidl_typesupport_introspection_c/deep_orange_msgs/msg/detail/diagnostic_report__type_support.c.o[0m
[10.624s] [ 69%] [32mBuilding C object CMakeFiles/deep_orange_msgs__rosidl_typesupport_introspection_c.dir/rosidl_typesupport_introspection_c/deep_orange_msgs/msg/detail/lap_time_report__type_support.c.o[0m
[10.643s] [ 69%] Built target deep_orange_msgs__rosidl_typesupport_c
[10.681s] [ 69%] [32mBuilding C object CMakeFiles/deep_orange_msgs__rosidl_typesupport_introspection_c.dir/rosidl_typesupport_introspection_c/deep_orange_msgs/msg/detail/my_laps_report__type_support.c.o[0m
[10.691s] [ 70%] [32mBuilding C object CMakeFiles/deep_orange_msgs__rosidl_typesupport_introspection_c.dir/rosidl_typesupport_introspection_c/deep_orange_msgs/msg/detail/marelli_report__type_support.c.o[0m
[10.693s] [ 71%] [32mBuilding C object CMakeFiles/deep_orange_msgs__rosidl_typesupport_introspection_c.dir/rosidl_typesupport_introspection_c/deep_orange_msgs/msg/detail/race_control_report__type_support.c.o[0m
[10.904s] [ 71%] [32m[1mLinking C shared library libdeep_orange_msgs__rosidl_typesupport_introspection_c.so[0m
[11.017s] [ 71%] [32m[1mLinking CXX shared library libdeep_orange_msgs__rosidl_typesupport_fastrtps_cpp.so[0m
[11.039s] [ 71%] Built target deep_orange_msgs__rosidl_typesupport_introspection_c
[11.229s] [ 72%] [32m[1mLinking CXX shared library libdeep_orange_msgs__rosidl_typesupport_introspection_cpp.so[0m
[11.467s] [ 72%] Built target deep_orange_msgs__rosidl_typesupport_fastrtps_cpp
[11.501s] [ 73%] [34m[1mGenerating C type support for eProsima Fast-RTPS[0m
[11.618s] [ 73%] Built target deep_orange_msgs__rosidl_typesupport_introspection_cpp
[13.346s] [35m[1mScanning dependencies of target deep_orange_msgs__rosidl_typesupport_fastrtps_c[0m
[13.419s] [ 75%] [32mBuilding CXX object CMakeFiles/deep_orange_msgs__rosidl_typesupport_fastrtps_c.dir/rosidl_typesupport_fastrtps_c/deep_orange_msgs/msg/detail/pt_report__type_support_c.cpp.o[0m
[13.419s] [ 75%] [32mBuilding CXX object CMakeFiles/deep_orange_msgs__rosidl_typesupport_fastrtps_c.dir/rosidl_typesupport_fastrtps_c/deep_orange_msgs/msg/detail/brake_temp_report__type_support_c.cpp.o[0m
[13.419s] [ 75%] [32mBuilding CXX object CMakeFiles/deep_orange_msgs__rosidl_typesupport_fastrtps_c.dir/rosidl_typesupport_fastrtps_c/deep_orange_msgs/msg/detail/ct_report__type_support_c.cpp.o[0m
[13.420s] [ 78%] [32mBuilding CXX object CMakeFiles/deep_orange_msgs__rosidl_typesupport_fastrtps_c.dir/rosidl_typesupport_fastrtps_c/deep_orange_msgs/msg/detail/telemetry__type_support_c.cpp.o[0m
[13.421s] [ 80%] [32mBuilding CXX object CMakeFiles/deep_orange_msgs__rosidl_typesupport_fastrtps_c.dir/rosidl_typesupport_fastrtps_c/deep_orange_msgs/msg/detail/misc_report__type_support_c.cpp.o[0m
[13.421s] [ 80%] [32mBuilding CXX object CMakeFiles/deep_orange_msgs__rosidl_typesupport_fastrtps_c.dir/rosidl_typesupport_fastrtps_c/deep_orange_msgs/msg/detail/marelli_report__type_support_c.cpp.o[0m
[13.425s] [ 76%] [32mBuilding CXX object CMakeFiles/deep_orange_msgs__rosidl_typesupport_fastrtps_c.dir/rosidl_typesupport_fastrtps_c/deep_orange_msgs/msg/detail/tire_temp_report__type_support_c.cpp.o[0m
[13.426s] [ 77%] [32mBuilding CXX object CMakeFiles/deep_orange_msgs__rosidl_typesupport_fastrtps_c.dir/rosidl_typesupport_fastrtps_c/deep_orange_msgs/msg/detail/coordinates__type_support_c.cpp.o[0m
[13.426s] [ 77%] [32mBuilding CXX object CMakeFiles/deep_orange_msgs__rosidl_typesupport_fastrtps_c.dir/rosidl_typesupport_fastrtps_c/deep_orange_msgs/msg/detail/base_to_car_summary__type_support_c.cpp.o[0m
[13.426s] [ 81%] [32mBuilding CXX object CMakeFiles/deep_orange_msgs__rosidl_typesupport_fastrtps_c.dir/rosidl_typesupport_fastrtps_c/deep_orange_msgs/msg/detail/tire_report__type_support_c.cpp.o[0m
[13.426s] [ 81%] [32mBuilding CXX object CMakeFiles/deep_orange_msgs__rosidl_typesupport_fastrtps_c.dir/rosidl_typesupport_fastrtps_c/deep_orange_msgs/msg/detail/my_laps_report__type_support_c.cpp.o[0m
[13.426s] [ 77%] [32mBuilding CXX object CMakeFiles/deep_orange_msgs__rosidl_typesupport_fastrtps_c.dir/rosidl_typesupport_fastrtps_c/deep_orange_msgs/msg/detail/rc_to_ct__type_support_c.cpp.o[0m
[13.428s] [ 82%] [32mBuilding CXX object CMakeFiles/deep_orange_msgs__rosidl_typesupport_fastrtps_c.dir/rosidl_typesupport_fastrtps_c/deep_orange_msgs/msg/detail/diagnostic_report__type_support_c.cpp.o[0m
[13.430s] [ 82%] [32mBuilding CXX object CMakeFiles/deep_orange_msgs__rosidl_typesupport_fastrtps_c.dir/rosidl_typesupport_fastrtps_c/deep_orange_msgs/msg/detail/tire_temp__type_support_c.cpp.o[0m
[13.437s] [ 82%] [32mBuilding CXX object CMakeFiles/deep_orange_msgs__rosidl_typesupport_fastrtps_c.dir/rosidl_typesupport_fastrtps_c/deep_orange_msgs/msg/detail/joystick_command__type_support_c.cpp.o[0m
[13.444s] [ 83%] [32mBuilding CXX object CMakeFiles/deep_orange_msgs__rosidl_typesupport_fastrtps_c.dir/rosidl_typesupport_fastrtps_c/deep_orange_msgs/msg/detail/lap_time_report__type_support_c.cpp.o[0m
[14.501s] [ 84%] [32mBuilding CXX object CMakeFiles/deep_orange_msgs__rosidl_typesupport_fastrtps_c.dir/rosidl_typesupport_fastrtps_c/deep_orange_msgs/msg/detail/race_control_report__type_support_c.cpp.o[0m
[15.144s] [ 84%] [32m[1mLinking CXX shared library libdeep_orange_msgs__rosidl_typesupport_fastrtps_c.so[0m
[15.259s] [ 84%] Built target deep_orange_msgs__rosidl_typesupport_fastrtps_c
[15.279s] [35m[1mScanning dependencies of target deep_orange_msgs[0m
[15.300s] [ 84%] Built target deep_orange_msgs
[15.317s] [35m[1mScanning dependencies of target deep_orange_msgs__py[0m
[15.336s] [ 85%] [34m[1mGenerating Python code for ROS interfaces[0m
[20.555s] [ 85%] Built target deep_orange_msgs__py
[20.609s] [35m[1mScanning dependencies of target deep_orange_msgs__python[0m
[20.828s] [ 85%] [32mBuilding C object CMakeFiles/deep_orange_msgs__python.dir/rosidl_generator_py/deep_orange_msgs/msg/_ct_report_s.c.o[0m
[20.830s] [ 86%] [32mBuilding C object CMakeFiles/deep_orange_msgs__python.dir/rosidl_generator_py/deep_orange_msgs/msg/_brake_temp_report_s.c.o[0m
[20.845s] [ 86%] [32mBuilding C object CMakeFiles/deep_orange_msgs__python.dir/rosidl_generator_py/deep_orange_msgs/msg/_base_to_car_summary_s.c.o[0m
[20.856s] [ 87%] [32mBuilding C object CMakeFiles/deep_orange_msgs__python.dir/rosidl_generator_py/deep_orange_msgs/msg/_coordinates_s.c.o[0m
[20.864s] [ 88%] [32mBuilding C object CMakeFiles/deep_orange_msgs__python.dir/rosidl_generator_py/deep_orange_msgs/msg/_pt_report_s.c.o[0m
[20.866s] [ 89%] [32mBuilding C object CMakeFiles/deep_orange_msgs__python.dir/rosidl_generator_py/deep_orange_msgs/msg/_misc_report_s.c.o[0m
[20.871s] [ 89%] [32mBuilding C object CMakeFiles/deep_orange_msgs__python.dir/rosidl_generator_py/deep_orange_msgs/msg/_rc_to_ct_s.c.o[0m
[21.005s] [ 90%] [32mBuilding C object CMakeFiles/deep_orange_msgs__python.dir/rosidl_generator_py/deep_orange_msgs/msg/_tire_report_s.c.o[0m
[21.040s] [ 91%] [32mBuilding C object CMakeFiles/deep_orange_msgs__python.dir/rosidl_generator_py/deep_orange_msgs/msg/_tire_temp_s.c.o[0m
[21.045s] [ 91%] [32mBuilding C object CMakeFiles/deep_orange_msgs__python.dir/rosidl_generator_py/deep_orange_msgs/msg/_tire_temp_report_s.c.o[0m
[21.056s] [ 92%] [32mBuilding C object CMakeFiles/deep_orange_msgs__python.dir/rosidl_generator_py/deep_orange_msgs/msg/_diagnostic_report_s.c.o[0m
[21.059s] [ 93%] [32mBuilding C object CMakeFiles/deep_orange_msgs__python.dir/rosidl_generator_py/deep_orange_msgs/msg/_telemetry_s.c.o[0m
[21.060s] [ 93%] [32mBuilding C object CMakeFiles/deep_orange_msgs__python.dir/rosidl_generator_py/deep_orange_msgs/msg/_joystick_command_s.c.o[0m
[21.085s] [ 94%] [32mBuilding C object CMakeFiles/deep_orange_msgs__python.dir/rosidl_generator_py/deep_orange_msgs/msg/_lap_time_report_s.c.o[0m
[21.128s] [ 94%] [32mBuilding C object CMakeFiles/deep_orange_msgs__python.dir/rosidl_generator_py/deep_orange_msgs/msg/_my_laps_report_s.c.o[0m
[21.263s] [ 94%] [32mBuilding C object CMakeFiles/deep_orange_msgs__python.dir/rosidl_generator_py/deep_orange_msgs/msg/_race_control_report_s.c.o[0m
[21.264s] [ 95%] [32mBuilding C object CMakeFiles/deep_orange_msgs__python.dir/rosidl_generator_py/deep_orange_msgs/msg/_marelli_report_s.c.o[0m
[21.711s] [ 96%] [32m[1mLinking C shared library rosidl_generator_py/deep_orange_msgs/libdeep_orange_msgs__python.so[0m
[22.059s] [ 96%] Built target deep_orange_msgs__python
[22.129s] [35m[1mScanning dependencies of target deep_orange_msgs__rosidl_typesupport_fastrtps_c__pyext[0m
[22.139s] [35m[1mScanning dependencies of target deep_orange_msgs__rosidl_typesupport_introspection_c__pyext[0m
[22.148s] [35m[1mScanning dependencies of target deep_orange_msgs__rosidl_typesupport_c__pyext[0m
[22.267s] [ 98%] [32mBuilding C object CMakeFiles/deep_orange_msgs__rosidl_typesupport_introspection_c__pyext.dir/rosidl_generator_py/deep_orange_msgs/_deep_orange_msgs_s.ep.rosidl_typesupport_introspection_c.c.o[0m
[22.267s] [ 98%] [32mBuilding C object CMakeFiles/deep_orange_msgs__rosidl_typesupport_fastrtps_c__pyext.dir/rosidl_generator_py/deep_orange_msgs/_deep_orange_msgs_s.ep.rosidl_typesupport_fastrtps_c.c.o[0m
[22.286s] [ 99%] [32mBuilding C object CMakeFiles/deep_orange_msgs__rosidl_typesupport_c__pyext.dir/rosidl_generator_py/deep_orange_msgs/_deep_orange_msgs_s.ep.rosidl_typesupport_c.c.o[0m
[22.648s] [100%] [32m[1mLinking C shared library rosidl_generator_py/deep_orange_msgs/deep_orange_msgs_s__rosidl_typesupport_introspection_c.cpython-38-x86_64-linux-gnu.so[0m
[22.651s] [ 99%] [32m[1mLinking C shared library rosidl_generator_py/deep_orange_msgs/deep_orange_msgs_s__rosidl_typesupport_c.cpython-38-x86_64-linux-gnu.so[0m
[22.848s] [100%] Built target deep_orange_msgs__rosidl_typesupport_c__pyext
[22.860s] [100%] [32m[1mLinking CXX shared library rosidl_generator_py/deep_orange_msgs/deep_orange_msgs_s__rosidl_typesupport_fastrtps_c.cpython-38-x86_64-linux-gnu.so[0m
[22.901s] [100%] Built target deep_orange_msgs__rosidl_typesupport_introspection_c__pyext
[23.108s] [100%] Built target deep_orange_msgs__rosidl_typesupport_fastrtps_c__pyext
[23.186s] Invoked command in '/ROEG/roeg_ws/build/deep_orange_msgs' returned '0': CMAKE_PREFIX_PATH=${CMAKE_PREFIX_PATH}:/ROEG/roeg_ws/install/roeg:/opt/ros/galactic /usr/bin/cmake --build /ROEG/roeg_ws/build/deep_orange_msgs -- -j16 -l16
[24.859s] Invoking command in '/ROEG/roeg_ws/build/deep_orange_msgs': CMAKE_PREFIX_PATH=${CMAKE_PREFIX_PATH}:/ROEG/roeg_ws/install/roeg:/opt/ros/galactic /usr/bin/cmake --install /ROEG/roeg_ws/build/deep_orange_msgs
[24.877s] -- Install configuration: ""
[24.878s] -- Installing: /ROEG/roeg_ws/install/deep_orange_msgs/share/ament_index/resource_index/rosidl_interfaces/deep_orange_msgs
[24.878s] -- Installing: /ROEG/roeg_ws/install/deep_orange_msgs/include/deep_orange_msgs
[24.878s] -- Installing: /ROEG/roeg_ws/install/deep_orange_msgs/include/deep_orange_msgs/msg
[24.879s] -- Installing: /ROEG/roeg_ws/install/deep_orange_msgs/include/deep_orange_msgs/msg/rc_to_ct.h
[24.879s] -- Installing: /ROEG/roeg_ws/install/deep_orange_msgs/include/deep_orange_msgs/msg/joystick_command.h
[24.879s] -- Installing: /ROEG/roeg_ws/install/deep_orange_msgs/include/deep_orange_msgs/msg/my_laps_report.h
[24.879s] -- Installing: /ROEG/roeg_ws/install/deep_orange_msgs/include/deep_orange_msgs/msg/brake_temp_report.h
[24.879s] -- Installing: /ROEG/roeg_ws/install/deep_orange_msgs/include/deep_orange_msgs/msg/race_control_report.h
[24.879s] -- Installing: /ROEG/roeg_ws/install/deep_orange_msgs/include/deep_orange_msgs/msg/diagnostic_report.h
[24.880s] -- Installing: /ROEG/roeg_ws/install/deep_orange_msgs/include/deep_orange_msgs/msg/pt_report.h
[24.880s] -- Installing: /ROEG/roeg_ws/install/deep_orange_msgs/include/deep_orange_msgs/msg/misc_report.h
[24.880s] -- Installing: /ROEG/roeg_ws/install/deep_orange_msgs/include/deep_orange_msgs/msg/rosidl_generator_c__visibility_control.h
[24.880s] -- Installing: /ROEG/roeg_ws/install/deep_orange_msgs/include/deep_orange_msgs/msg/base_to_car_summary.h
[24.880s] -- Installing: /ROEG/roeg_ws/install/deep_orange_msgs/include/deep_orange_msgs/msg/marelli_report.h
[24.880s] -- Installing: /ROEG/roeg_ws/install/deep_orange_msgs/include/deep_orange_msgs/msg/coordinates.h
[24.880s] -- Installing: /ROEG/roeg_ws/install/deep_orange_msgs/include/deep_orange_msgs/msg/ct_report.h
[24.880s] -- Installing: /ROEG/roeg_ws/install/deep_orange_msgs/include/deep_orange_msgs/msg/tire_temp_report.h
[24.880s] -- Installing: /ROEG/roeg_ws/install/deep_orange_msgs/include/deep_orange_msgs/msg/detail
[24.880s] -- Installing: /ROEG/roeg_ws/install/deep_orange_msgs/include/deep_orange_msgs/msg/detail/misc_report__functions.h
[24.881s] -- Installing: /ROEG/roeg_ws/install/deep_orange_msgs/include/deep_orange_msgs/msg/detail/rc_to_ct__functions.h
[24.881s] -- Installing: /ROEG/roeg_ws/install/deep_orange_msgs/include/deep_orange_msgs/msg/detail/race_control_report__functions.h
[24.881s] -- Installing: /ROEG/roeg_ws/install/deep_orange_msgs/include/deep_orange_msgs/msg/detail/lap_time_report__functions.c
[24.881s] -- Installing: /ROEG/roeg_ws/install/deep_orange_msgs/include/deep_orange_msgs/msg/detail/lap_time_report__type_support.h
[24.881s] -- Installing: /ROEG/roeg_ws/install/deep_orange_msgs/include/deep_orange_msgs/msg/detail/misc_report__type_support.h
[24.881s] -- Installing: /ROEG/roeg_ws/install/deep_orange_msgs/include/deep_orange_msgs/msg/detail/joystick_command__functions.c
[24.881s] -- Installing: /ROEG/roeg_ws/install/deep_orange_msgs/include/deep_orange_msgs/msg/detail/diagnostic_report__functions.c
[24.881s] -- Installing: /ROEG/roeg_ws/install/deep_orange_msgs/include/deep_orange_msgs/msg/detail/tire_temp__functions.c
[24.882s] -- Installing: /ROEG/roeg_ws/install/deep_orange_msgs/include/deep_orange_msgs/msg/detail/tire_temp_report__type_support.h
[24.882s] -- Installing: /ROEG/roeg_ws/install/deep_orange_msgs/include/deep_orange_msgs/msg/detail/tire_temp__functions.h
[24.882s] -- Installing: /ROEG/roeg_ws/install/deep_orange_msgs/include/deep_orange_msgs/msg/detail/brake_temp_report__struct.h
[24.882s] -- Installing: /ROEG/roeg_ws/install/deep_orange_msgs/include/deep_orange_msgs/msg/detail/my_laps_report__struct.h
[24.882s] -- Installing: /ROEG/roeg_ws/install/deep_orange_msgs/include/deep_orange_msgs/msg/detail/tire_temp__type_support.h
[24.882s] -- Installing: /ROEG/roeg_ws/install/deep_orange_msgs/include/deep_orange_msgs/msg/detail/telemetry__type_support.h
[24.882s] -- Installing: /ROEG/roeg_ws/install/deep_orange_msgs/include/deep_orange_msgs/msg/detail/telemetry__functions.h
[24.882s] -- Installing: /ROEG/roeg_ws/install/deep_orange_msgs/include/deep_orange_msgs/msg/detail/coordinates__functions.h
[24.883s] -- Installing: /ROEG/roeg_ws/install/deep_orange_msgs/include/deep_orange_msgs/msg/detail/telemetry__struct.h
[24.883s] -- Installing: /ROEG/roeg_ws/install/deep_orange_msgs/include/deep_orange_msgs/msg/detail/race_control_report__type_support.h
[24.883s] -- Installing: /ROEG/roeg_ws/install/deep_orange_msgs/include/deep_orange_msgs/msg/detail/brake_temp_report__type_support.h
[24.883s] -- Installing: /ROEG/roeg_ws/install/deep_orange_msgs/include/deep_orange_msgs/msg/detail/base_to_car_summary__functions.h
[24.883s] -- Installing: /ROEG/roeg_ws/install/deep_orange_msgs/include/deep_orange_msgs/msg/detail/my_laps_report__type_support.h
[24.883s] -- Installing: /ROEG/roeg_ws/install/deep_orange_msgs/include/deep_orange_msgs/msg/detail/ct_report__struct.h
[24.884s] -- Installing: /ROEG/roeg_ws/install/deep_orange_msgs/include/deep_orange_msgs/msg/detail/tire_temp_report__functions.h
[24.884s] -- Installing: /ROEG/roeg_ws/install/deep_orange_msgs/include/deep_orange_msgs/msg/detail/tire_report__type_support.h
[24.884s] -- Installing: /ROEG/roeg_ws/install/deep_orange_msgs/include/deep_orange_msgs/msg/detail/misc_report__struct.h
[24.884s] -- Installing: /ROEG/roeg_ws/install/deep_orange_msgs/include/deep_orange_msgs/msg/detail/diagnostic_report__functions.h
[24.884s] -- Installing: /ROEG/roeg_ws/install/deep_orange_msgs/include/deep_orange_msgs/msg/detail/brake_temp_report__functions.h
[24.884s] -- Installing: /ROEG/roeg_ws/install/deep_orange_msgs/include/deep_orange_msgs/msg/detail/telemetry__functions.c
[24.884s] -- Installing: /ROEG/roeg_ws/install/deep_orange_msgs/include/deep_orange_msgs/msg/detail/ct_report__functions.h
[24.885s] -- Installing: /ROEG/roeg_ws/install/deep_orange_msgs/include/deep_orange_msgs/msg/detail/coordinates__struct.h
[24.885s] -- Installing: /ROEG/roeg_ws/install/deep_orange_msgs/include/deep_orange_msgs/msg/detail/coordinates__type_support.h
[24.885s] -- Installing: /ROEG/roeg_ws/install/deep_orange_msgs/include/deep_orange_msgs/msg/detail/marelli_report__functions.h
[24.885s] -- Installing: /ROEG/roeg_ws/install/deep_orange_msgs/include/deep_orange_msgs/msg/detail/pt_report__struct.h
[24.885s] -- Installing: /ROEG/roeg_ws/install/deep_orange_msgs/include/deep_orange_msgs/msg/detail/pt_report__type_support.h
[24.885s] -- Installing: /ROEG/roeg_ws/install/deep_orange_msgs/include/deep_orange_msgs/msg/detail/tire_temp__struct.h
[24.886s] -- Installing: /ROEG/roeg_ws/install/deep_orange_msgs/include/deep_orange_msgs/msg/detail/tire_report__functions.c
[24.886s] -- Installing: /ROEG/roeg_ws/install/deep_orange_msgs/include/deep_orange_msgs/msg/detail/race_control_report__functions.c
[24.886s] -- Installing: /ROEG/roeg_ws/install/deep_orange_msgs/include/deep_orange_msgs/msg/detail/rc_to_ct__type_support.h
[24.886s] -- Installing: /ROEG/roeg_ws/install/deep_orange_msgs/include/deep_orange_msgs/msg/detail/coordinates__functions.c
[24.886s] -- Installing: /ROEG/roeg_ws/install/deep_orange_msgs/include/deep_orange_msgs/msg/detail/joystick_command__functions.h
[24.886s] -- Installing: /ROEG/roeg_ws/install/deep_orange_msgs/include/deep_orange_msgs/msg/detail/marelli_report__functions.c
[24.887s] -- Installing: /ROEG/roeg_ws/install/deep_orange_msgs/include/deep_orange_msgs/msg/detail/base_to_car_summary__functions.c
[24.887s] -- Installing: /ROEG/roeg_ws/install/deep_orange_msgs/include/deep_orange_msgs/msg/detail/my_laps_report__functions.c
[24.887s] -- Installing: /ROEG/roeg_ws/install/deep_orange_msgs/include/deep_orange_msgs/msg/detail/marelli_report__struct.h
[24.887s] -- Installing: /ROEG/roeg_ws/install/deep_orange_msgs/include/deep_orange_msgs/msg/detail/misc_report__functions.c
[24.887s] -- Installing: /ROEG/roeg_ws/install/deep_orange_msgs/include/deep_orange_msgs/msg/detail/ct_report__type_support.h
[24.888s] -- Installing: /ROEG/roeg_ws/install/deep_orange_msgs/include/deep_orange_msgs/msg/detail/tire_report__struct.h
[24.888s] -- Installing: /ROEG/roeg_ws/install/deep_orange_msgs/include/deep_orange_msgs/msg/detail/diagnostic_report__type_support.h
[24.888s] -- Installing: /ROEG/roeg_ws/install/deep_orange_msgs/include/deep_orange_msgs/msg/detail/rc_to_ct__struct.h
[24.888s] -- Installing: /ROEG/roeg_ws/install/deep_orange_msgs/include/deep_orange_msgs/msg/detail/tire_temp_report__struct.h
[24.888s] -- Installing: /ROEG/roeg_ws/install/deep_orange_msgs/include/deep_orange_msgs/msg/detail/lap_time_report__functions.h
[24.888s] -- Installing: /ROEG/roeg_ws/install/deep_orange_msgs/include/deep_orange_msgs/msg/detail/my_laps_report__functions.h
[24.889s] -- Installing: /ROEG/roeg_ws/install/deep_orange_msgs/include/deep_orange_msgs/msg/detail/base_to_car_summary__struct.h
[24.889s] -- Installing: /ROEG/roeg_ws/install/deep_orange_msgs/include/deep_orange_msgs/msg/detail/rc_to_ct__functions.c
[24.889s] -- Installing: /ROEG/roeg_ws/install/deep_orange_msgs/include/deep_orange_msgs/msg/detail/marelli_report__type_support.h
[24.889s] -- Installing: /ROEG/roeg_ws/install/deep_orange_msgs/include/deep_orange_msgs/msg/detail/joystick_command__type_support.h
[24.889s] -- Installing: /ROEG/roeg_ws/install/deep_orange_msgs/include/deep_orange_msgs/msg/detail/tire_report__functions.h
[24.889s] -- Installing: /ROEG/roeg_ws/install/deep_orange_msgs/include/deep_orange_msgs/msg/detail/race_control_report__struct.h
[24.890s] -- Installing: /ROEG/roeg_ws/install/deep_orange_msgs/include/deep_orange_msgs/msg/detail/brake_temp_report__functions.c
[24.890s] -- Installing: /ROEG/roeg_ws/install/deep_orange_msgs/include/deep_orange_msgs/msg/detail/pt_report__functions.c
[24.890s] -- Installing: /ROEG/roeg_ws/install/deep_orange_msgs/include/deep_orange_msgs/msg/detail/base_to_car_summary__type_support.h
[24.890s] -- Installing: /ROEG/roeg_ws/install/deep_orange_msgs/include/deep_orange_msgs/msg/detail/tire_temp_report__functions.c
[24.890s] -- Installing: /ROEG/roeg_ws/install/deep_orange_msgs/include/deep_orange_msgs/msg/detail/pt_report__functions.h
[24.890s] -- Installing: /ROEG/roeg_ws/install/deep_orange_msgs/include/deep_orange_msgs/msg/detail/diagnostic_report__struct.h
[24.891s] -- Installing: /ROEG/roeg_ws/install/deep_orange_msgs/include/deep_orange_msgs/msg/detail/joystick_command__struct.h
[24.891s] -- Installing: /ROEG/roeg_ws/install/deep_orange_msgs/include/deep_orange_msgs/msg/detail/lap_time_report__struct.h
[24.891s] -- Installing: /ROEG/roeg_ws/install/deep_orange_msgs/include/deep_orange_msgs/msg/detail/ct_report__functions.c
[24.891s] -- Installing: /ROEG/roeg_ws/install/deep_orange_msgs/include/deep_orange_msgs/msg/lap_time_report.h
[24.891s] -- Installing: /ROEG/roeg_ws/install/deep_orange_msgs/include/deep_orange_msgs/msg/tire_temp.h
[24.892s] -- Installing: /ROEG/roeg_ws/install/deep_orange_msgs/include/deep_orange_msgs/msg/tire_report.h
[24.892s] -- Installing: /ROEG/roeg_ws/install/deep_orange_msgs/include/deep_orange_msgs/msg/telemetry.h
[24.892s] -- Installing: /ROEG/roeg_ws/install/deep_orange_msgs/share/deep_orange_msgs/environment/library_path.sh
[24.892s] -- Installing: /ROEG/roeg_ws/install/deep_orange_msgs/share/deep_orange_msgs/environment/library_path.dsv
[24.893s] -- Installing: /ROEG/roeg_ws/install/deep_orange_msgs/lib/libdeep_orange_msgs__rosidl_generator_c.so
[24.893s] -- Set runtime path of "/ROEG/roeg_ws/install/deep_orange_msgs/lib/libdeep_orange_msgs__rosidl_generator_c.so" to ""
[24.893s] -- Up-to-date: /ROEG/roeg_ws/install/deep_orange_msgs/include/deep_orange_msgs
[24.894s] -- Up-to-date: /ROEG/roeg_ws/install/deep_orange_msgs/include/deep_orange_msgs/msg
[24.894s] -- Up-to-date: /ROEG/roeg_ws/install/deep_orange_msgs/include/deep_orange_msgs/msg/detail
[24.894s] -- Installing: /ROEG/roeg_ws/install/deep_orange_msgs/include/deep_orange_msgs/msg/detail/ct_report__rosidl_typesupport_fastrtps_c.h
[24.894s] -- Installing: /ROEG/roeg_ws/install/deep_orange_msgs/include/deep_orange_msgs/msg/detail/rc_to_ct__rosidl_typesupport_fastrtps_c.h
[24.894s] -- Installing: /ROEG/roeg_ws/install/deep_orange_msgs/include/deep_orange_msgs/msg/detail/base_to_car_summary__rosidl_typesupport_fastrtps_c.h
[24.894s] -- Installing: /ROEG/roeg_ws/install/deep_orange_msgs/include/deep_orange_msgs/msg/detail/my_laps_report__rosidl_typesupport_fastrtps_c.h
[24.894s] -- Installing: /ROEG/roeg_ws/install/deep_orange_msgs/include/deep_orange_msgs/msg/detail/pt_report__rosidl_typesupport_fastrtps_c.h
[24.894s] -- Installing: /ROEG/roeg_ws/install/deep_orange_msgs/include/deep_orange_msgs/msg/detail/tire_temp__rosidl_typesupport_fastrtps_c.h
[24.895s] -- Installing: /ROEG/roeg_ws/install/deep_orange_msgs/include/deep_orange_msgs/msg/detail/lap_time_report__rosidl_typesupport_fastrtps_c.h
[24.895s] -- Installing: /ROEG/roeg_ws/install/deep_orange_msgs/include/deep_orange_msgs/msg/detail/misc_report__rosidl_typesupport_fastrtps_c.h
[24.895s] -- Installing: /ROEG/roeg_ws/install/deep_orange_msgs/include/deep_orange_msgs/msg/detail/joystick_command__rosidl_typesupport_fastrtps_c.h
[24.895s] -- Installing: /ROEG/roeg_ws/install/deep_orange_msgs/include/deep_orange_msgs/msg/detail/marelli_report__rosidl_typesupport_fastrtps_c.h
[24.895s] -- Installing: /ROEG/roeg_ws/install/deep_orange_msgs/include/deep_orange_msgs/msg/detail/tire_report__rosidl_typesupport_fastrtps_c.h
[24.896s] -- Installing: /ROEG/roeg_ws/install/deep_orange_msgs/include/deep_orange_msgs/msg/detail/tire_temp_report__rosidl_typesupport_fastrtps_c.h
[24.896s] -- Installing: /ROEG/roeg_ws/install/deep_orange_msgs/include/deep_orange_msgs/msg/detail/diagnostic_report__rosidl_typesupport_fastrtps_c.h
[24.896s] -- Installing: /ROEG/roeg_ws/install/deep_orange_msgs/include/deep_orange_msgs/msg/detail/brake_temp_report__rosidl_typesupport_fastrtps_c.h
[24.896s] -- Installing: /ROEG/roeg_ws/install/deep_orange_msgs/include/deep_orange_msgs/msg/detail/coordinates__rosidl_typesupport_fastrtps_c.h
[24.896s] -- Installing: /ROEG/roeg_ws/install/deep_orange_msgs/include/deep_orange_msgs/msg/detail/race_control_report__rosidl_typesupport_fastrtps_c.h
[24.896s] -- Installing: /ROEG/roeg_ws/install/deep_orange_msgs/include/deep_orange_msgs/msg/detail/telemetry__rosidl_typesupport_fastrtps_c.h
[24.897s] -- Installing: /ROEG/roeg_ws/install/deep_orange_msgs/include/deep_orange_msgs/msg/rosidl_typesupport_fastrtps_c__visibility_control.h
[24.897s] -- Installing: /ROEG/roeg_ws/install/deep_orange_msgs/lib/libdeep_orange_msgs__rosidl_typesupport_fastrtps_c.so
[24.898s] -- Set runtime path of "/ROEG/roeg_ws/install/deep_orange_msgs/lib/libdeep_orange_msgs__rosidl_typesupport_fastrtps_c.so" to ""
[24.898s] -- Up-to-date: /ROEG/roeg_ws/install/deep_orange_msgs/include/deep_orange_msgs
[24.898s] -- Up-to-date: /ROEG/roeg_ws/install/deep_orange_msgs/include/deep_orange_msgs/msg
[24.898s] -- Installing: /ROEG/roeg_ws/install/deep_orange_msgs/include/deep_orange_msgs/msg/rosidl_typesupport_fastrtps_cpp__visibility_control.h
[24.898s] -- Up-to-date: /ROEG/roeg_ws/install/deep_orange_msgs/include/deep_orange_msgs/msg/detail
[24.898s] -- Installing: /ROEG/roeg_ws/install/deep_orange_msgs/include/deep_orange_msgs/msg/detail/ct_report__rosidl_typesupport_fastrtps_cpp.hpp
[24.898s] -- Installing: /ROEG/roeg_ws/install/deep_orange_msgs/include/deep_orange_msgs/msg/detail/telemetry__rosidl_typesupport_fastrtps_cpp.hpp
[24.898s] -- Installing: /ROEG/roeg_ws/install/deep_orange_msgs/include/deep_orange_msgs/msg/detail/misc_report__rosidl_typesupport_fastrtps_cpp.hpp
[24.898s] -- Installing: /ROEG/roeg_ws/install/deep_orange_msgs/include/deep_orange_msgs/msg/detail/brake_temp_report__rosidl_typesupport_fastrtps_cpp.hpp
[24.899s] -- Installing: /ROEG/roeg_ws/install/deep_orange_msgs/include/deep_orange_msgs/msg/detail/diagnostic_report__rosidl_typesupport_fastrtps_cpp.hpp
[24.899s] -- Installing: /ROEG/roeg_ws/install/deep_orange_msgs/include/deep_orange_msgs/msg/detail/tire_temp_report__rosidl_typesupport_fastrtps_cpp.hpp
[24.899s] -- Installing: /ROEG/roeg_ws/install/deep_orange_msgs/include/deep_orange_msgs/msg/detail/race_control_report__rosidl_typesupport_fastrtps_cpp.hpp
[24.899s] -- Installing: /ROEG/roeg_ws/install/deep_orange_msgs/include/deep_orange_msgs/msg/detail/base_to_car_summary__rosidl_typesupport_fastrtps_cpp.hpp
[24.899s] -- Installing: /ROEG/roeg_ws/install/deep_orange_msgs/include/deep_orange_msgs/msg/detail/joystick_command__rosidl_typesupport_fastrtps_cpp.hpp
[24.899s] -- Installing: /ROEG/roeg_ws/install/deep_orange_msgs/include/deep_orange_msgs/msg/detail/tire_temp__rosidl_typesupport_fastrtps_cpp.hpp
[24.900s] -- Installing: /ROEG/roeg_ws/install/deep_orange_msgs/include/deep_orange_msgs/msg/detail/tire_report__rosidl_typesupport_fastrtps_cpp.hpp
[24.900s] -- Installing: /ROEG/roeg_ws/install/deep_orange_msgs/include/deep_orange_msgs/msg/detail/pt_report__rosidl_typesupport_fastrtps_cpp.hpp
[24.900s] -- Installing: /ROEG/roeg_ws/install/deep_orange_msgs/include/deep_orange_msgs/msg/detail/dds_fastrtps
[24.900s] -- Installing: /ROEG/roeg_ws/install/deep_orange_msgs/include/deep_orange_msgs/msg/detail/coordinates__rosidl_typesupport_fastrtps_cpp.hpp
[24.900s] -- Installing: /ROEG/roeg_ws/install/deep_orange_msgs/include/deep_orange_msgs/msg/detail/marelli_report__rosidl_typesupport_fastrtps_cpp.hpp
[24.900s] -- Installing: /ROEG/roeg_ws/install/deep_orange_msgs/include/deep_orange_msgs/msg/detail/lap_time_report__rosidl_typesupport_fastrtps_cpp.hpp
[24.901s] -- Installing: /ROEG/roeg_ws/install/deep_orange_msgs/include/deep_orange_msgs/msg/detail/rc_to_ct__rosidl_typesupport_fastrtps_cpp.hpp
[24.901s] -- Installing: /ROEG/roeg_ws/install/deep_orange_msgs/include/deep_orange_msgs/msg/detail/my_laps_report__rosidl_typesupport_fastrtps_cpp.hpp
[24.901s] -- Installing: /ROEG/roeg_ws/install/deep_orange_msgs/lib/libdeep_orange_msgs__rosidl_typesupport_fastrtps_cpp.so
[24.902s] -- Set runtime path of "/ROEG/roeg_ws/install/deep_orange_msgs/lib/libdeep_orange_msgs__rosidl_typesupport_fastrtps_cpp.so" to ""
[24.902s] -- Up-to-date: /ROEG/roeg_ws/install/deep_orange_msgs/include/deep_orange_msgs
[24.902s] -- Up-to-date: /ROEG/roeg_ws/install/deep_orange_msgs/include/deep_orange_msgs/msg
[24.902s] -- Installing: /ROEG/roeg_ws/install/deep_orange_msgs/include/deep_orange_msgs/msg/rosidl_typesupport_introspection_c__visibility_control.h
[24.902s] -- Up-to-date: /ROEG/roeg_ws/install/deep_orange_msgs/include/deep_orange_msgs/msg/detail
[24.902s] -- Installing: /ROEG/roeg_ws/install/deep_orange_msgs/include/deep_orange_msgs/msg/detail/tire_report__rosidl_typesupport_introspection_c.h
[24.903s] -- Installing: /ROEG/roeg_ws/install/deep_orange_msgs/include/deep_orange_msgs/msg/detail/ct_report__type_support.c
[24.903s] -- Installing: /ROEG/roeg_ws/install/deep_orange_msgs/include/deep_orange_msgs/msg/detail/tire_temp_report__rosidl_typesupport_introspection_c.h
[24.903s] -- Installing: /ROEG/roeg_ws/install/deep_orange_msgs/include/deep_orange_msgs/msg/detail/coordinates__rosidl_typesupport_introspection_c.h
[24.903s] -- Installing: /ROEG/roeg_ws/install/deep_orange_msgs/include/deep_orange_msgs/msg/detail/race_control_report__rosidl_typesupport_introspection_c.h
[24.903s] -- Installing: /ROEG/roeg_ws/install/deep_orange_msgs/include/deep_orange_msgs/msg/detail/lap_time_report__rosidl_typesupport_introspection_c.h
[24.903s] -- Installing: /ROEG/roeg_ws/install/deep_orange_msgs/include/deep_orange_msgs/msg/detail/lap_time_report__type_support.c
[24.904s] -- Installing: /ROEG/roeg_ws/install/deep_orange_msgs/include/deep_orange_msgs/msg/detail/tire_report__type_support.c
[24.904s] -- Installing: /ROEG/roeg_ws/install/deep_orange_msgs/include/deep_orange_msgs/msg/detail/joystick_command__rosidl_typesupport_introspection_c.h
[24.904s] -- Installing: /ROEG/roeg_ws/install/deep_orange_msgs/include/deep_orange_msgs/msg/detail/telemetry__rosidl_typesupport_introspection_c.h
[24.904s] -- Installing: /ROEG/roeg_ws/install/deep_orange_msgs/include/deep_orange_msgs/msg/detail/diagnostic_report__type_support.c
[24.904s] -- Installing: /ROEG/roeg_ws/install/deep_orange_msgs/include/deep_orange_msgs/msg/detail/ct_report__rosidl_typesupport_introspection_c.h
[24.905s] -- Installing: /ROEG/roeg_ws/install/deep_orange_msgs/include/deep_orange_msgs/msg/detail/joystick_command__type_support.c
[24.905s] -- Installing: /ROEG/roeg_ws/install/deep_orange_msgs/include/deep_orange_msgs/msg/detail/my_laps_report__rosidl_typesupport_introspection_c.h
[24.905s] -- Installing: /ROEG/roeg_ws/install/deep_orange_msgs/include/deep_orange_msgs/msg/detail/misc_report__rosidl_typesupport_introspection_c.h
[24.905s] -- Installing: /ROEG/roeg_ws/install/deep_orange_msgs/include/deep_orange_msgs/msg/detail/pt_report__rosidl_typesupport_introspection_c.h
[24.905s] -- Installing: /ROEG/roeg_ws/install/deep_orange_msgs/include/deep_orange_msgs/msg/detail/marelli_report__rosidl_typesupport_introspection_c.h
[24.905s] -- Installing: /ROEG/roeg_ws/install/deep_orange_msgs/include/deep_orange_msgs/msg/detail/rc_to_ct__rosidl_typesupport_introspection_c.h
[24.906s] -- Installing: /ROEG/roeg_ws/install/deep_orange_msgs/include/deep_orange_msgs/msg/detail/tire_temp__rosidl_typesupport_introspection_c.h
[24.906s] -- Installing: /ROEG/roeg_ws/install/deep_orange_msgs/include/deep_orange_msgs/msg/detail/my_laps_report__type_support.c
[24.906s] -- Installing: /ROEG/roeg_ws/install/deep_orange_msgs/include/deep_orange_msgs/msg/detail/base_to_car_summary__rosidl_typesupport_introspection_c.h
[24.906s] -- Installing: /ROEG/roeg_ws/install/deep_orange_msgs/include/deep_orange_msgs/msg/detail/brake_temp_report__rosidl_typesupport_introspection_c.h
[24.906s] -- Installing: /ROEG/roeg_ws/install/deep_orange_msgs/include/deep_orange_msgs/msg/detail/diagnostic_report__rosidl_typesupport_introspection_c.h
[24.906s] -- Installing: /ROEG/roeg_ws/install/deep_orange_msgs/include/deep_orange_msgs/msg/detail/pt_report__type_support.c
[24.907s] -- Installing: /ROEG/roeg_ws/install/deep_orange_msgs/include/deep_orange_msgs/msg/detail/misc_report__type_support.c
[24.907s] -- Installing: /ROEG/roeg_ws/install/deep_orange_msgs/include/deep_orange_msgs/msg/detail/brake_temp_report__type_support.c
[24.907s] -- Installing: /ROEG/roeg_ws/install/deep_orange_msgs/include/deep_orange_msgs/msg/detail/tire_temp_report__type_support.c
[24.907s] -- Installing: /ROEG/roeg_ws/install/deep_orange_msgs/include/deep_orange_msgs/msg/detail/base_to_car_summary__type_support.c
[24.907s] -- Installing: /ROEG/roeg_ws/install/deep_orange_msgs/include/deep_orange_msgs/msg/detail/rc_to_ct__type_support.c
[24.908s] -- Installing: /ROEG/roeg_ws/install/deep_orange_msgs/include/deep_orange_msgs/msg/detail/marelli_report__type_support.c
[24.908s] -- Installing: /ROEG/roeg_ws/install/deep_orange_msgs/include/deep_orange_msgs/msg/detail/telemetry__type_support.c
[24.908s] -- Installing: /ROEG/roeg_ws/install/deep_orange_msgs/include/deep_orange_msgs/msg/detail/tire_temp__type_support.c
[24.908s] -- Installing: /ROEG/roeg_ws/install/deep_orange_msgs/include/deep_orange_msgs/msg/detail/race_control_report__type_support.c
[24.908s] -- Installing: /ROEG/roeg_ws/install/deep_orange_msgs/include/deep_orange_msgs/msg/detail/coordinates__type_support.c
[24.909s] -- Installing: /ROEG/roeg_ws/install/deep_orange_msgs/lib/libdeep_orange_msgs__rosidl_typesupport_introspection_c.so
[24.910s] -- Set runtime path of "/ROEG/roeg_ws/install/deep_orange_msgs/lib/libdeep_orange_msgs__rosidl_typesupport_introspection_c.so" to ""
[24.910s] -- Installing: /ROEG/roeg_ws/install/deep_orange_msgs/lib/libdeep_orange_msgs__rosidl_typesupport_c.so
[24.910s] -- Set runtime path of "/ROEG/roeg_ws/install/deep_orange_msgs/lib/libdeep_orange_msgs__rosidl_typesupport_c.so" to ""
[24.910s] -- Up-to-date: /ROEG/roeg_ws/install/deep_orange_msgs/include/deep_orange_msgs
[24.910s] -- Up-to-date: /ROEG/roeg_ws/install/deep_orange_msgs/include/deep_orange_msgs/msg
[24.911s] -- Installing: /ROEG/roeg_ws/install/deep_orange_msgs/include/deep_orange_msgs/msg/joystick_command.hpp
[24.911s] -- Installing: /ROEG/roeg_ws/install/deep_orange_msgs/include/deep_orange_msgs/msg/my_laps_report.hpp
[24.911s] -- Installing: /ROEG/roeg_ws/install/deep_orange_msgs/include/deep_orange_msgs/msg/lap_time_report.hpp
[24.911s] -- Installing: /ROEG/roeg_ws/install/deep_orange_msgs/include/deep_orange_msgs/msg/race_control_report.hpp
[24.911s] -- Installing: /ROEG/roeg_ws/install/deep_orange_msgs/include/deep_orange_msgs/msg/tire_temp_report.hpp
[24.911s] -- Installing: /ROEG/roeg_ws/install/deep_orange_msgs/include/deep_orange_msgs/msg/ct_report.hpp
[24.912s] -- Installing: /ROEG/roeg_ws/install/deep_orange_msgs/include/deep_orange_msgs/msg/rc_to_ct.hpp
[24.912s] -- Installing: /ROEG/roeg_ws/install/deep_orange_msgs/include/deep_orange_msgs/msg/coordinates.hpp
[24.912s] -- Installing: /ROEG/roeg_ws/install/deep_orange_msgs/include/deep_orange_msgs/msg/base_to_car_summary.hpp
[24.912s] -- Installing: /ROEG/roeg_ws/install/deep_orange_msgs/include/deep_orange_msgs/msg/misc_report.hpp
[24.912s] -- Installing: /ROEG/roeg_ws/install/deep_orange_msgs/include/deep_orange_msgs/msg/marelli_report.hpp
[24.912s] -- Installing: /ROEG/roeg_ws/install/deep_orange_msgs/include/deep_orange_msgs/msg/telemetry.hpp
[24.913s] -- Installing: /ROEG/roeg_ws/install/deep_orange_msgs/include/deep_orange_msgs/msg/brake_temp_report.hpp
[24.913s] -- Installing: /ROEG/roeg_ws/install/deep_orange_msgs/include/deep_orange_msgs/msg/pt_report.hpp
[24.913s] -- Up-to-date: /ROEG/roeg_ws/install/deep_orange_msgs/include/deep_orange_msgs/msg/detail
[24.913s] -- Installing: /ROEG/roeg_ws/install/deep_orange_msgs/include/deep_orange_msgs/msg/detail/misc_report__builder.hpp
[24.913s] -- Installing: /ROEG/roeg_ws/install/deep_orange_msgs/include/deep_orange_msgs/msg/detail/brake_temp_report__builder.hpp
[24.913s] -- Installing: /ROEG/roeg_ws/install/deep_orange_msgs/include/deep_orange_msgs/msg/detail/my_laps_report__traits.hpp
[24.913s] -- Installing: /ROEG/roeg_ws/install/deep_orange_msgs/include/deep_orange_msgs/msg/detail/telemetry__struct.hpp
[24.914s] -- Installing: /ROEG/roeg_ws/install/deep_orange_msgs/include/deep_orange_msgs/msg/detail/tire_temp__traits.hpp
[24.914s] -- Installing: /ROEG/roeg_ws/install/deep_orange_msgs/include/deep_orange_msgs/msg/detail/pt_report__struct.hpp
[24.914s] -- Installing: /ROEG/roeg_ws/install/deep_orange_msgs/include/deep_orange_msgs/msg/detail/rc_to_ct__struct.hpp
[24.914s] -- Installing: /ROEG/roeg_ws/install/deep_orange_msgs/include/deep_orange_msgs/msg/detail/tire_temp_report__builder.hpp
[24.914s] -- Installing: /ROEG/roeg_ws/install/deep_orange_msgs/include/deep_orange_msgs/msg/detail/tire_temp__struct.hpp
[24.915s] -- Installing: /ROEG/roeg_ws/install/deep_orange_msgs/include/deep_orange_msgs/msg/detail/tire_temp_report__traits.hpp
[24.915s] -- Installing: /ROEG/roeg_ws/install/deep_orange_msgs/include/deep_orange_msgs/msg/detail/ct_report__traits.hpp
[24.915s] -- Installing: /ROEG/roeg_ws/install/deep_orange_msgs/include/deep_orange_msgs/msg/detail/misc_report__traits.hpp
[24.915s] -- Installing: /ROEG/roeg_ws/install/deep_orange_msgs/include/deep_orange_msgs/msg/detail/joystick_command__traits.hpp
[24.915s] -- Installing: /ROEG/roeg_ws/install/deep_orange_msgs/include/deep_orange_msgs/msg/detail/coordinates__struct.hpp
[24.915s] -- Installing: /ROEG/roeg_ws/install/deep_orange_msgs/include/deep_orange_msgs/msg/detail/joystick_command__builder.hpp
[24.916s] -- Installing: /ROEG/roeg_ws/install/deep_orange_msgs/include/deep_orange_msgs/msg/detail/base_to_car_summary__builder.hpp
[24.916s] -- Installing: /ROEG/roeg_ws/install/deep_orange_msgs/include/deep_orange_msgs/msg/detail/lap_time_report__traits.hpp
[24.916s] -- Installing: /ROEG/roeg_ws/install/deep_orange_msgs/include/deep_orange_msgs/msg/detail/diagnostic_report__builder.hpp
[24.916s] -- Installing: /ROEG/roeg_ws/install/deep_orange_msgs/include/deep_orange_msgs/msg/detail/marelli_report__builder.hpp
[24.916s] -- Installing: /ROEG/roeg_ws/install/deep_orange_msgs/include/deep_orange_msgs/msg/detail/telemetry__traits.hpp
[24.917s] -- Installing: /ROEG/roeg_ws/install/deep_orange_msgs/include/deep_orange_msgs/msg/detail/brake_temp_report__struct.hpp
[24.917s] -- Installing: /ROEG/roeg_ws/install/deep_orange_msgs/include/deep_orange_msgs/msg/detail/diagnostic_report__struct.hpp
[24.917s] -- Installing: /ROEG/roeg_ws/install/deep_orange_msgs/include/deep_orange_msgs/msg/detail/tire_temp__builder.hpp
[24.918s] -- Installing: /ROEG/roeg_ws/install/deep_orange_msgs/include/deep_orange_msgs/msg/detail/marelli_report__traits.hpp
[24.918s] -- Installing: /ROEG/roeg_ws/install/deep_orange_msgs/include/deep_orange_msgs/msg/detail/diagnostic_report__traits.hpp
[24.918s] -- Installing: /ROEG/roeg_ws/install/deep_orange_msgs/include/deep_orange_msgs/msg/detail/misc_report__struct.hpp
[24.918s] -- Installing: /ROEG/roeg_ws/install/deep_orange_msgs/include/deep_orange_msgs/msg/detail/my_laps_report__struct.hpp
[24.918s] -- Installing: /ROEG/roeg_ws/install/deep_orange_msgs/include/deep_orange_msgs/msg/detail/race_control_report__struct.hpp
[24.918s] -- Installing: /ROEG/roeg_ws/install/deep_orange_msgs/include/deep_orange_msgs/msg/detail/pt_report__builder.hpp
[24.918s] -- Installing: /ROEG/roeg_ws/install/deep_orange_msgs/include/deep_orange_msgs/msg/detail/marelli_report__struct.hpp
[24.919s] -- Installing: /ROEG/roeg_ws/install/deep_orange_msgs/include/deep_orange_msgs/msg/detail/race_control_report__traits.hpp
[24.919s] -- Installing: /ROEG/roeg_ws/install/deep_orange_msgs/include/deep_orange_msgs/msg/detail/base_to_car_summary__traits.hpp
[24.919s] -- Installing: /ROEG/roeg_ws/install/deep_orange_msgs/include/deep_orange_msgs/msg/detail/ct_report__builder.hpp
[24.919s] -- Installing: /ROEG/roeg_ws/install/deep_orange_msgs/include/deep_orange_msgs/msg/detail/lap_time_report__struct.hpp
[24.920s] -- Installing: /ROEG/roeg_ws/install/deep_orange_msgs/include/deep_orange_msgs/msg/detail/pt_report__traits.hpp
[24.920s] -- Installing: /ROEG/roeg_ws/install/deep_orange_msgs/include/deep_orange_msgs/msg/detail/tire_temp_report__struct.hpp
[24.920s] -- Installing: /ROEG/roeg_ws/install/deep_orange_msgs/include/deep_orange_msgs/msg/detail/rc_to_ct__builder.hpp
[24.920s] -- Installing: /ROEG/roeg_ws/install/deep_orange_msgs/include/deep_orange_msgs/msg/detail/joystick_command__struct.hpp
[24.920s] -- Installing: /ROEG/roeg_ws/install/deep_orange_msgs/include/deep_orange_msgs/msg/detail/tire_report__traits.hpp
[24.920s] -- Installing: /ROEG/roeg_ws/install/deep_orange_msgs/include/deep_orange_msgs/msg/detail/ct_report__struct.hpp
[24.921s] -- Installing: /ROEG/roeg_ws/install/deep_orange_msgs/include/deep_orange_msgs/msg/detail/rc_to_ct__traits.hpp
[24.921s] -- Installing: /ROEG/roeg_ws/install/deep_orange_msgs/include/deep_orange_msgs/msg/detail/lap_time_report__builder.hpp
[24.921s] -- Installing: /ROEG/roeg_ws/install/deep_orange_msgs/include/deep_orange_msgs/msg/detail/my_laps_report__builder.hpp
[24.921s] -- Installing: /ROEG/roeg_ws/install/deep_orange_msgs/include/deep_orange_msgs/msg/detail/base_to_car_summary__struct.hpp
[24.921s] -- Installing: /ROEG/roeg_ws/install/deep_orange_msgs/include/deep_orange_msgs/msg/detail/race_control_report__builder.hpp
[24.921s] -- Installing: /ROEG/roeg_ws/install/deep_orange_msgs/include/deep_orange_msgs/msg/detail/coordinates__builder.hpp
[24.922s] -- Installing: /ROEG/roeg_ws/install/deep_orange_msgs/include/deep_orange_msgs/msg/detail/tire_report__builder.hpp
[24.922s] -- Installing: /ROEG/roeg_ws/install/deep_orange_msgs/include/deep_orange_msgs/msg/detail/tire_report__struct.hpp
[24.922s] -- Installing: /ROEG/roeg_ws/install/deep_orange_msgs/include/deep_orange_msgs/msg/detail/telemetry__builder.hpp
[24.922s] -- Installing: /ROEG/roeg_ws/install/deep_orange_msgs/include/deep_orange_msgs/msg/detail/brake_temp_report__traits.hpp
[24.923s] -- Installing: /ROEG/roeg_ws/install/deep_orange_msgs/include/deep_orange_msgs/msg/detail/coordinates__traits.hpp
[24.923s] -- Installing: /ROEG/roeg_ws/install/deep_orange_msgs/include/deep_orange_msgs/msg/tire_temp.hpp
[24.923s] -- Installing: /ROEG/roeg_ws/install/deep_orange_msgs/include/deep_orange_msgs/msg/tire_report.hpp
[24.923s] -- Installing: /ROEG/roeg_ws/install/deep_orange_msgs/include/deep_orange_msgs/msg/diagnostic_report.hpp
[24.924s] -- Up-to-date: /ROEG/roeg_ws/install/deep_orange_msgs/include/deep_orange_msgs
[24.924s] -- Up-to-date: /ROEG/roeg_ws/install/deep_orange_msgs/include/deep_orange_msgs/msg
[24.924s] -- Up-to-date: /ROEG/roeg_ws/install/deep_orange_msgs/include/deep_orange_msgs/msg/detail
[24.924s] -- Installing: /ROEG/roeg_ws/install/deep_orange_msgs/include/deep_orange_msgs/msg/detail/diagnostic_report__rosidl_typesupport_introspection_cpp.hpp
[24.924s] -- Installing: /ROEG/roeg_ws/install/deep_orange_msgs/include/deep_orange_msgs/msg/detail/lap_time_report__type_support.cpp
[24.924s] -- Installing: /ROEG/roeg_ws/install/deep_orange_msgs/include/deep_orange_msgs/msg/detail/misc_report__rosidl_typesupport_introspection_cpp.hpp
[24.924s] -- Installing: /ROEG/roeg_ws/install/deep_orange_msgs/include/deep_orange_msgs/msg/detail/my_laps_report__rosidl_typesupport_introspection_cpp.hpp
[24.925s] -- Installing: /ROEG/roeg_ws/install/deep_orange_msgs/include/deep_orange_msgs/msg/detail/lap_time_report__rosidl_typesupport_introspection_cpp.hpp
[24.925s] -- Installing: /ROEG/roeg_ws/install/deep_orange_msgs/include/deep_orange_msgs/msg/detail/tire_temp__type_support.cpp
[24.925s] -- Installing: /ROEG/roeg_ws/install/deep_orange_msgs/include/deep_orange_msgs/msg/detail/coordinates__type_support.cpp
[24.925s] -- Installing: /ROEG/roeg_ws/install/deep_orange_msgs/include/deep_orange_msgs/msg/detail/telemetry__rosidl_typesupport_introspection_cpp.hpp
[24.925s] -- Installing: /ROEG/roeg_ws/install/deep_orange_msgs/include/deep_orange_msgs/msg/detail/race_control_report__rosidl_typesupport_introspection_cpp.hpp
[24.926s] -- Installing: /ROEG/roeg_ws/install/deep_orange_msgs/include/deep_orange_msgs/msg/detail/ct_report__type_support.cpp
[24.926s] -- Installing: /ROEG/roeg_ws/install/deep_orange_msgs/include/deep_orange_msgs/msg/detail/tire_temp__rosidl_typesupport_introspection_cpp.hpp
[24.926s] -- Installing: /ROEG/roeg_ws/install/deep_orange_msgs/include/deep_orange_msgs/msg/detail/rc_to_ct__rosidl_typesupport_introspection_cpp.hpp
[24.926s] -- Installing: /ROEG/roeg_ws/install/deep_orange_msgs/include/deep_orange_msgs/msg/detail/my_laps_report__type_support.cpp
[24.926s] -- Installing: /ROEG/roeg_ws/install/deep_orange_msgs/include/deep_orange_msgs/msg/detail/rc_to_ct__type_support.cpp
[24.927s] -- Installing: /ROEG/roeg_ws/install/deep_orange_msgs/include/deep_orange_msgs/msg/detail/base_to_car_summary__rosidl_typesupport_introspection_cpp.hpp
[24.927s] -- Installing: /ROEG/roeg_ws/install/deep_orange_msgs/include/deep_orange_msgs/msg/detail/diagnostic_report__type_support.cpp
[24.927s] -- Installing: /ROEG/roeg_ws/install/deep_orange_msgs/include/deep_orange_msgs/msg/detail/tire_report__type_support.cpp
[24.927s] -- Installing: /ROEG/roeg_ws/install/deep_orange_msgs/include/deep_orange_msgs/msg/detail/base_to_car_summary__type_support.cpp
[24.927s] -- Installing: /ROEG/roeg_ws/install/deep_orange_msgs/include/deep_orange_msgs/msg/detail/tire_report__rosidl_typesupport_introspection_cpp.hpp
[24.927s] -- Installing: /ROEG/roeg_ws/install/deep_orange_msgs/include/deep_orange_msgs/msg/detail/marelli_report__type_support.cpp
[24.928s] -- Installing: /ROEG/roeg_ws/install/deep_orange_msgs/include/deep_orange_msgs/msg/detail/misc_report__type_support.cpp
[24.928s] -- Installing: /ROEG/roeg_ws/install/deep_orange_msgs/include/deep_orange_msgs/msg/detail/pt_report__type_support.cpp
[24.928s] -- Installing: /ROEG/roeg_ws/install/deep_orange_msgs/include/deep_orange_msgs/msg/detail/telemetry__type_support.cpp
[24.928s] -- Installing: /ROEG/roeg_ws/install/deep_orange_msgs/include/deep_orange_msgs/msg/detail/pt_report__rosidl_typesupport_introspection_cpp.hpp
[24.929s] -- Installing: /ROEG/roeg_ws/install/deep_orange_msgs/include/deep_orange_msgs/msg/detail/tire_temp_report__rosidl_typesupport_introspection_cpp.hpp
[24.929s] -- Installing: /ROEG/roeg_ws/install/deep_orange_msgs/include/deep_orange_msgs/msg/detail/joystick_command__type_support.cpp
[24.929s] -- Installing: /ROEG/roeg_ws/install/deep_orange_msgs/include/deep_orange_msgs/msg/detail/coordinates__rosidl_typesupport_introspection_cpp.hpp
[24.929s] -- Installing: /ROEG/roeg_ws/install/deep_orange_msgs/include/deep_orange_msgs/msg/detail/marelli_report__rosidl_typesupport_introspection_cpp.hpp
[24.929s] -- Installing: /ROEG/roeg_ws/install/deep_orange_msgs/include/deep_orange_msgs/msg/detail/joystick_command__rosidl_typesupport_introspection_cpp.hpp
[24.929s] -- Installing: /ROEG/roeg_ws/install/deep_orange_msgs/include/deep_orange_msgs/msg/detail/tire_temp_report__type_support.cpp
[24.930s] -- Installing: /ROEG/roeg_ws/install/deep_orange_msgs/include/deep_orange_msgs/msg/detail/race_control_report__type_support.cpp
[24.930s] -- Installing: /ROEG/roeg_ws/install/deep_orange_msgs/include/deep_orange_msgs/msg/detail/ct_report__rosidl_typesupport_introspection_cpp.hpp
[24.930s] -- Installing: /ROEG/roeg_ws/install/deep_orange_msgs/include/deep_orange_msgs/msg/detail/brake_temp_report__type_support.cpp
[24.930s] -- Installing: /ROEG/roeg_ws/install/deep_orange_msgs/include/deep_orange_msgs/msg/detail/brake_temp_report__rosidl_typesupport_introspection_cpp.hpp
[24.931s] -- Installing: /ROEG/roeg_ws/install/deep_orange_msgs/lib/libdeep_orange_msgs__rosidl_typesupport_introspection_cpp.so
[24.932s] -- Set runtime path of "/ROEG/roeg_ws/install/deep_orange_msgs/lib/libdeep_orange_msgs__rosidl_typesupport_introspection_cpp.so" to ""
[24.932s] -- Installing: /ROEG/roeg_ws/install/deep_orange_msgs/lib/libdeep_orange_msgs__rosidl_typesupport_cpp.so
[24.932s] -- Set runtime path of "/ROEG/roeg_ws/install/deep_orange_msgs/lib/libdeep_orange_msgs__rosidl_typesupport_cpp.so" to ""
[24.933s] -- Installing: /ROEG/roeg_ws/install/deep_orange_msgs/share/deep_orange_msgs/environment/pythonpath.sh
[24.933s] -- Installing: /ROEG/roeg_ws/install/deep_orange_msgs/share/deep_orange_msgs/environment/pythonpath.dsv
[24.933s] -- Installing: /ROEG/roeg_ws/install/deep_orange_msgs/lib/python3.8/site-packages/deep_orange_msgs/__init__.py
[24.974s] Compiling '/ROEG/roeg_ws/install/deep_orange_msgs/lib/python3.8/site-packages/deep_orange_msgs/__init__.py'...
[24.985s] -- Installing: /ROEG/roeg_ws/install/deep_orange_msgs/lib/python3.8/site-packages/deep_orange_msgs/msg
[24.985s] -- Installing: /ROEG/roeg_ws/install/deep_orange_msgs/lib/python3.8/site-packages/deep_orange_msgs/msg/_joystick_command.py
[24.985s] -- Installing: /ROEG/roeg_ws/install/deep_orange_msgs/lib/python3.8/site-packages/deep_orange_msgs/msg/_tire_report.py
[24.986s] -- Installing: /ROEG/roeg_ws/install/deep_orange_msgs/lib/python3.8/site-packages/deep_orange_msgs/msg/_tire_temp.py
[24.986s] -- Installing: /ROEG/roeg_ws/install/deep_orange_msgs/lib/python3.8/site-packages/deep_orange_msgs/msg/_lap_time_report_s.c
[24.986s] -- Installing: /ROEG/roeg_ws/install/deep_orange_msgs/lib/python3.8/site-packages/deep_orange_msgs/msg/_tire_report_s.c
[24.986s] -- Installing: /ROEG/roeg_ws/install/deep_orange_msgs/lib/python3.8/site-packages/deep_orange_msgs/msg/_pt_report.py
[24.986s] -- Installing: /ROEG/roeg_ws/install/deep_orange_msgs/lib/python3.8/site-packages/deep_orange_msgs/msg/_telemetry.py
[24.986s] -- Installing: /ROEG/roeg_ws/install/deep_orange_msgs/lib/python3.8/site-packages/deep_orange_msgs/msg/_ct_report.py
[24.987s] -- Installing: /ROEG/roeg_ws/install/deep_orange_msgs/lib/python3.8/site-packages/deep_orange_msgs/msg/_misc_report.py
[24.987s] -- Installing: /ROEG/roeg_ws/install/deep_orange_msgs/lib/python3.8/site-packages/deep_orange_msgs/msg/_base_to_car_summary.py
[24.987s] -- Installing: /ROEG/roeg_ws/install/deep_orange_msgs/lib/python3.8/site-packages/deep_orange_msgs/msg/_race_control_report_s.c
[24.987s] -- Installing: /ROEG/roeg_ws/install/deep_orange_msgs/lib/python3.8/site-packages/deep_orange_msgs/msg/_misc_report_s.c
[24.988s] -- Installing: /ROEG/roeg_ws/install/deep_orange_msgs/lib/python3.8/site-packages/deep_orange_msgs/msg/_tire_temp_s.c
[24.988s] -- Installing: /ROEG/roeg_ws/install/deep_orange_msgs/lib/python3.8/site-packages/deep_orange_msgs/msg/_rc_to_ct_s.c
[24.988s] -- Installing: /ROEG/roeg_ws/install/deep_orange_msgs/lib/python3.8/site-packages/deep_orange_msgs/msg/__init__.py
[24.988s] -- Installing: /ROEG/roeg_ws/install/deep_orange_msgs/lib/python3.8/site-packages/deep_orange_msgs/msg/_rc_to_ct.py
[24.988s] -- Installing: /ROEG/roeg_ws/install/deep_orange_msgs/lib/python3.8/site-packages/deep_orange_msgs/msg/_race_control_report.py
[24.989s] -- Installing: /ROEG/roeg_ws/install/deep_orange_msgs/lib/python3.8/site-packages/deep_orange_msgs/msg/_brake_temp_report.py
[24.989s] -- Installing: /ROEG/roeg_ws/install/deep_orange_msgs/lib/python3.8/site-packages/deep_orange_msgs/msg/_brake_temp_report_s.c
[24.989s] -- Installing: /ROEG/roeg_ws/install/deep_orange_msgs/lib/python3.8/site-packages/deep_orange_msgs/msg/_lap_time_report.py
[24.989s] -- Installing: /ROEG/roeg_ws/install/deep_orange_msgs/lib/python3.8/site-packages/deep_orange_msgs/msg/_marelli_report.py
[24.989s] -- Installing: /ROEG/roeg_ws/install/deep_orange_msgs/lib/python3.8/site-packages/deep_orange_msgs/msg/_marelli_report_s.c
[24.989s] -- Installing: /ROEG/roeg_ws/install/deep_orange_msgs/lib/python3.8/site-packages/deep_orange_msgs/msg/_tire_temp_report.py
[24.990s] -- Installing: /ROEG/roeg_ws/install/deep_orange_msgs/lib/python3.8/site-packages/deep_orange_msgs/msg/_ct_report_s.c
[24.990s] -- Installing: /ROEG/roeg_ws/install/deep_orange_msgs/lib/python3.8/site-packages/deep_orange_msgs/msg/_joystick_command_s.c
[24.990s] -- Installing: /ROEG/roeg_ws/install/deep_orange_msgs/lib/python3.8/site-packages/deep_orange_msgs/msg/_tire_temp_report_s.c
[24.990s] -- Installing: /ROEG/roeg_ws/install/deep_orange_msgs/lib/python3.8/site-packages/deep_orange_msgs/msg/_diagnostic_report_s.c
[24.990s] -- Installing: /ROEG/roeg_ws/install/deep_orange_msgs/lib/python3.8/site-packages/deep_orange_msgs/msg/_diagnostic_report.py
[24.990s] -- Installing: /ROEG/roeg_ws/install/deep_orange_msgs/lib/python3.8/site-packages/deep_orange_msgs/msg/_telemetry_s.c
[24.991s] -- Installing: /ROEG/roeg_ws/install/deep_orange_msgs/lib/python3.8/site-packages/deep_orange_msgs/msg/_pt_report_s.c
[24.991s] -- Installing: /ROEG/roeg_ws/install/deep_orange_msgs/lib/python3.8/site-packages/deep_orange_msgs/msg/_coordinates_s.c
[24.991s] -- Installing: /ROEG/roeg_ws/install/deep_orange_msgs/lib/python3.8/site-packages/deep_orange_msgs/msg/_base_to_car_summary_s.c
[24.991s] -- Installing: /ROEG/roeg_ws/install/deep_orange_msgs/lib/python3.8/site-packages/deep_orange_msgs/msg/_coordinates.py
[24.991s] -- Installing: /ROEG/roeg_ws/install/deep_orange_msgs/lib/python3.8/site-packages/deep_orange_msgs/msg/_my_laps_report_s.c
[24.991s] -- Installing: /ROEG/roeg_ws/install/deep_orange_msgs/lib/python3.8/site-packages/deep_orange_msgs/msg/_my_laps_report.py
[24.992s] -- Installing: /ROEG/roeg_ws/install/deep_orange_msgs/lib/python3.8/site-packages/deep_orange_msgs/deep_orange_msgs_s__rosidl_typesupport_fastrtps_c.cpython-38-x86_64-linux-gnu.so
[24.992s] -- Set runtime path of "/ROEG/roeg_ws/install/deep_orange_msgs/lib/python3.8/site-packages/deep_orange_msgs/deep_orange_msgs_s__rosidl_typesupport_fastrtps_c.cpython-38-x86_64-linux-gnu.so" to ""
[24.993s] -- Installing: /ROEG/roeg_ws/install/deep_orange_msgs/lib/python3.8/site-packages/deep_orange_msgs/deep_orange_msgs_s__rosidl_typesupport_introspection_c.cpython-38-x86_64-linux-gnu.so
[24.993s] -- Set runtime path of "/ROEG/roeg_ws/install/deep_orange_msgs/lib/python3.8/site-packages/deep_orange_msgs/deep_orange_msgs_s__rosidl_typesupport_introspection_c.cpython-38-x86_64-linux-gnu.so" to ""
[24.993s] -- Installing: /ROEG/roeg_ws/install/deep_orange_msgs/lib/python3.8/site-packages/deep_orange_msgs/deep_orange_msgs_s__rosidl_typesupport_c.cpython-38-x86_64-linux-gnu.so
[24.994s] -- Set runtime path of "/ROEG/roeg_ws/install/deep_orange_msgs/lib/python3.8/site-packages/deep_orange_msgs/deep_orange_msgs_s__rosidl_typesupport_c.cpython-38-x86_64-linux-gnu.so" to ""
[24.994s] -- Installing: /ROEG/roeg_ws/install/deep_orange_msgs/lib/libdeep_orange_msgs__python.so
[24.995s] -- Set runtime path of "/ROEG/roeg_ws/install/deep_orange_msgs/lib/libdeep_orange_msgs__python.so" to ""
[24.995s] -- Installing: /ROEG/roeg_ws/install/deep_orange_msgs/share/deep_orange_msgs/msg/BaseToCarSummary.idl
[24.995s] -- Installing: /ROEG/roeg_ws/install/deep_orange_msgs/share/deep_orange_msgs/msg/BrakeTempReport.idl
[24.995s] -- Installing: /ROEG/roeg_ws/install/deep_orange_msgs/share/deep_orange_msgs/msg/Coordinates.idl
[24.995s] -- Installing: /ROEG/roeg_ws/install/deep_orange_msgs/share/deep_orange_msgs/msg/CtReport.idl
[24.996s] -- Installing: /ROEG/roeg_ws/install/deep_orange_msgs/share/deep_orange_msgs/msg/MiscReport.idl
[24.996s] -- Installing: /ROEG/roeg_ws/install/deep_orange_msgs/share/deep_orange_msgs/msg/PtReport.idl
[24.996s] -- Installing: /ROEG/roeg_ws/install/deep_orange_msgs/share/deep_orange_msgs/msg/RcToCt.idl
[24.996s] -- Installing: /ROEG/roeg_ws/install/deep_orange_msgs/share/deep_orange_msgs/msg/TireReport.idl
[24.996s] -- Installing: /ROEG/roeg_ws/install/deep_orange_msgs/share/deep_orange_msgs/msg/TireTemp.idl
[24.997s] -- Installing: /ROEG/roeg_ws/install/deep_orange_msgs/share/deep_orange_msgs/msg/TireTempReport.idl
[24.997s] -- Installing: /ROEG/roeg_ws/install/deep_orange_msgs/share/deep_orange_msgs/msg/Telemetry.idl
[24.997s] -- Installing: /ROEG/roeg_ws/install/deep_orange_msgs/share/deep_orange_msgs/msg/JoystickCommand.idl
[24.997s] -- Installing: /ROEG/roeg_ws/install/deep_orange_msgs/share/deep_orange_msgs/msg/DiagnosticReport.idl
[24.997s] -- Installing: /ROEG/roeg_ws/install/deep_orange_msgs/share/deep_orange_msgs/msg/LapTimeReport.idl
[24.998s] -- Installing: /ROEG/roeg_ws/install/deep_orange_msgs/share/deep_orange_msgs/msg/MyLapsReport.idl
[24.998s] -- Installing: /ROEG/roeg_ws/install/deep_orange_msgs/share/deep_orange_msgs/msg/MarelliReport.idl
[24.998s] -- Installing: /ROEG/roeg_ws/install/deep_orange_msgs/share/deep_orange_msgs/msg/RaceControlReport.idl
[24.998s] -- Installing: /ROEG/roeg_ws/install/deep_orange_msgs/share/deep_orange_msgs/msg/BaseToCarSummary.msg
[24.998s] -- Installing: /ROEG/roeg_ws/install/deep_orange_msgs/share/deep_orange_msgs/msg/BrakeTempReport.msg
[24.998s] -- Installing: /ROEG/roeg_ws/install/deep_orange_msgs/share/deep_orange_msgs/msg/Coordinates.msg
[24.999s] -- Installing: /ROEG/roeg_ws/install/deep_orange_msgs/share/deep_orange_msgs/msg/CtReport.msg
[24.999s] -- Installing: /ROEG/roeg_ws/install/deep_orange_msgs/share/deep_orange_msgs/msg/MiscReport.msg
[24.999s] -- Installing: /ROEG/roeg_ws/install/deep_orange_msgs/share/deep_orange_msgs/msg/PtReport.msg
[24.999s] -- Installing: /ROEG/roeg_ws/install/deep_orange_msgs/share/deep_orange_msgs/msg/RcToCt.msg
[25.000s] -- Installing: /ROEG/roeg_ws/install/deep_orange_msgs/share/deep_orange_msgs/msg/TireReport.msg
[25.000s] -- Installing: /ROEG/roeg_ws/install/deep_orange_msgs/share/deep_orange_msgs/msg/TireTemp.msg
[25.000s] -- Installing: /ROEG/roeg_ws/install/deep_orange_msgs/share/deep_orange_msgs/msg/TireTempReport.msg
[25.000s] -- Installing: /ROEG/roeg_ws/install/deep_orange_msgs/share/deep_orange_msgs/msg/Telemetry.msg
[25.000s] -- Installing: /ROEG/roeg_ws/install/deep_orange_msgs/share/deep_orange_msgs/msg/JoystickCommand.msg
[25.000s] -- Installing: /ROEG/roeg_ws/install/deep_orange_msgs/share/deep_orange_msgs/msg/DiagnosticReport.msg
[25.001s] -- Installing: /ROEG/roeg_ws/install/deep_orange_msgs/share/deep_orange_msgs/msg/LapTimeReport.msg
[25.001s] -- Installing: /ROEG/roeg_ws/install/deep_orange_msgs/share/deep_orange_msgs/msg/MyLapsReport.msg
[25.001s] -- Installing: /ROEG/roeg_ws/install/deep_orange_msgs/share/deep_orange_msgs/msg/MarelliReport.msg
[25.001s] -- Installing: /ROEG/roeg_ws/install/deep_orange_msgs/share/deep_orange_msgs/msg/RaceControlReport.msg
[25.001s] -- Installing: /ROEG/roeg_ws/install/deep_orange_msgs/share/ament_index/resource_index/package_run_dependencies/deep_orange_msgs
[25.002s] -- Installing: /ROEG/roeg_ws/install/deep_orange_msgs/share/ament_index/resource_index/parent_prefix_path/deep_orange_msgs
[25.002s] -- Installing: /ROEG/roeg_ws/install/deep_orange_msgs/share/deep_orange_msgs/environment/ament_prefix_path.sh
[25.002s] -- Installing: /ROEG/roeg_ws/install/deep_orange_msgs/share/deep_orange_msgs/environment/ament_prefix_path.dsv
[25.002s] -- Installing: /ROEG/roeg_ws/install/deep_orange_msgs/share/deep_orange_msgs/environment/path.sh
[25.003s] -- Installing: /ROEG/roeg_ws/install/deep_orange_msgs/share/deep_orange_msgs/environment/path.dsv
[25.003s] -- Installing: /ROEG/roeg_ws/install/deep_orange_msgs/share/deep_orange_msgs/local_setup.bash
[25.003s] -- Installing: /ROEG/roeg_ws/install/deep_orange_msgs/share/deep_orange_msgs/local_setup.sh
[25.003s] -- Installing: /ROEG/roeg_ws/install/deep_orange_msgs/share/deep_orange_msgs/local_setup.zsh
[25.004s] -- Installing: /ROEG/roeg_ws/install/deep_orange_msgs/share/deep_orange_msgs/local_setup.dsv
[25.004s] -- Installing: /ROEG/roeg_ws/install/deep_orange_msgs/share/deep_orange_msgs/package.dsv
[25.004s] -- Installing: /ROEG/roeg_ws/install/deep_orange_msgs/share/ament_index/resource_index/packages/deep_orange_msgs
[25.004s] -- Installing: /ROEG/roeg_ws/install/deep_orange_msgs/share/deep_orange_msgs/cmake/deep_orange_msgs__rosidl_generator_cExport.cmake
[25.005s] -- Installing: /ROEG/roeg_ws/install/deep_orange_msgs/share/deep_orange_msgs/cmake/deep_orange_msgs__rosidl_generator_cExport-noconfig.cmake
[25.005s] -- Installing: /ROEG/roeg_ws/install/deep_orange_msgs/share/deep_orange_msgs/cmake/deep_orange_msgs__rosidl_typesupport_introspection_cExport.cmake
[25.005s] -- Installing: /ROEG/roeg_ws/install/deep_orange_msgs/share/deep_orange_msgs/cmake/deep_orange_msgs__rosidl_typesupport_introspection_cExport-noconfig.cmake
[25.005s] -- Installing: /ROEG/roeg_ws/install/deep_orange_msgs/share/deep_orange_msgs/cmake/deep_orange_msgs__rosidl_typesupport_cExport.cmake
[25.005s] -- Installing: /ROEG/roeg_ws/install/deep_orange_msgs/share/deep_orange_msgs/cmake/deep_orange_msgs__rosidl_typesupport_cExport-noconfig.cmake
[25.006s] -- Installing: /ROEG/roeg_ws/install/deep_orange_msgs/share/deep_orange_msgs/cmake/deep_orange_msgs__rosidl_generator_cppExport.cmake
[25.006s] -- Installing: /ROEG/roeg_ws/install/deep_orange_msgs/share/deep_orange_msgs/cmake/deep_orange_msgs__rosidl_typesupport_introspection_cppExport.cmake
[25.006s] -- Installing: /ROEG/roeg_ws/install/deep_orange_msgs/share/deep_orange_msgs/cmake/deep_orange_msgs__rosidl_typesupport_introspection_cppExport-noconfig.cmake
[25.006s] -- Installing: /ROEG/roeg_ws/install/deep_orange_msgs/share/deep_orange_msgs/cmake/deep_orange_msgs__rosidl_typesupport_cppExport.cmake
[25.007s] -- Installing: /ROEG/roeg_ws/install/deep_orange_msgs/share/deep_orange_msgs/cmake/deep_orange_msgs__rosidl_typesupport_cppExport-noconfig.cmake
[25.007s] -- Installing: /ROEG/roeg_ws/install/deep_orange_msgs/share/deep_orange_msgs/cmake/rosidl_cmake-extras.cmake
[25.007s] -- Installing: /ROEG/roeg_ws/install/deep_orange_msgs/share/deep_orange_msgs/cmake/ament_cmake_export_dependencies-extras.cmake
[25.007s] -- Installing: /ROEG/roeg_ws/install/deep_orange_msgs/share/deep_orange_msgs/cmake/ament_cmake_export_libraries-extras.cmake
[25.007s] -- Installing: /ROEG/roeg_ws/install/deep_orange_msgs/share/deep_orange_msgs/cmake/ament_cmake_export_targets-extras.cmake
[25.008s] -- Installing: /ROEG/roeg_ws/install/deep_orange_msgs/share/deep_orange_msgs/cmake/ament_cmake_export_include_directories-extras.cmake
[25.008s] -- Installing: /ROEG/roeg_ws/install/deep_orange_msgs/share/deep_orange_msgs/cmake/rosidl_cmake_export_typesupport_libraries-extras.cmake
[25.008s] -- Installing: /ROEG/roeg_ws/install/deep_orange_msgs/share/deep_orange_msgs/cmake/rosidl_cmake_export_typesupport_targets-extras.cmake
[25.008s] -- Installing: /ROEG/roeg_ws/install/deep_orange_msgs/share/deep_orange_msgs/cmake/deep_orange_msgsConfig.cmake
[25.008s] -- Installing: /ROEG/roeg_ws/install/deep_orange_msgs/share/deep_orange_msgs/cmake/deep_orange_msgsConfig-version.cmake
[25.009s] -- Installing: /ROEG/roeg_ws/install/deep_orange_msgs/share/deep_orange_msgs/package.xml
[25.015s] Invoked command in '/ROEG/roeg_ws/build/deep_orange_msgs' returned '0': CMAKE_PREFIX_PATH=${CMAKE_PREFIX_PATH}:/ROEG/roeg_ws/install/roeg:/opt/ros/galactic /usr/bin/cmake --install /ROEG/roeg_ws/build/deep_orange_msgs
