[0.050s] Invoking command in '/ROEG/roeg_ws/build/can_dbc_parser': CMAKE_PREFIX_PATH=${CMAKE_PREFIX_PATH}:/ROEG/roeg_ws/install/roeg:/opt/ros/galactic /usr/bin/cmake /ROEG/roeg_ws/src/raptor-dbw-ros2/can_dbc_parser -DCMAKE_INSTALL_PREFIX=/ROEG/roeg_ws/install/can_dbc_parser
[0.157s] -- The C compiler identification is GNU 9.4.0
[0.249s] -- The CXX compiler identification is GNU 9.4.0
[0.255s] -- Check for working C compiler: /usr/bin/cc
[0.379s] -- Check for working C compiler: /usr/bin/cc -- works
[0.379s] -- Detecting C compiler ABI info
[0.525s] -- Detecting C compiler ABI info - done
[0.544s] -- Detecting C compile features
[0.544s] -- Detecting C compile features - done
[0.547s] -- Check for working CXX compiler: /usr/bin/c++
[0.700s] -- Check for working CXX compiler: /usr/bin/c++ -- works
[0.701s] -- Detecting CXX compiler ABI info
[0.863s] -- Detecting CXX compiler ABI info - done
[0.878s] -- Detecting CXX compile features
[0.878s] -- Detecting CXX compile features - done
[0.882s] -- Found ament_cmake_auto: 1.1.6 (/opt/ros/galactic/share/ament_cmake_auto/cmake)
[0.928s] -- Found PythonInterp: /usr/bin/python3 (found suitable version "3.8.10", minimum required is "3") 
[0.928s] -- Using PYTHON_EXECUTABLE: /usr/bin/python3
[1.201s] -- Using all available rosidl_typesupport_c: rosidl_typesupport_fastrtps_c;rosidl_typesupport_introspection_c
[1.212s] -- Found rosidl_adapter: 2.2.3 (/opt/ros/galactic/share/rosidl_adapter/cmake)
[1.369s] -- Found OpenSSL: /usr/lib/x86_64-linux-gnu/libcrypto.so (found version "1.1.1f")  
[1.411s] -- Found FastRTPS: /opt/ros/galactic/include  
[1.511s] -- Using all available rosidl_typesupport_cpp: rosidl_typesupport_fastrtps_cpp;rosidl_typesupport_introspection_cpp
[1.591s] -- Found ament_lint_auto: 0.10.7 (/opt/ros/galactic/share/ament_lint_auto/cmake)
[1.615s] -- Added test 'copyright' to check source files copyright and LICENSE
[1.617s] -- Added test 'cppcheck' to perform static code analysis on C / C++ code
[1.617s] -- Configured cppcheck include dirs: /ROEG/roeg_ws/src/raptor-dbw-ros2/can_dbc_parser/include
[1.617s] -- Configured cppcheck exclude dirs and/or files: 
[1.618s] -- Added test 'cpplint' to check C / C++ code against the Google style
[1.619s] -- Configured cpplint exclude dirs and/or files: 
[1.619s] -- Added test 'lint_cmake' to check CMake code style
[1.621s] -- Added test 'uncrustify' to check C / C++ code style
[1.621s] -- Configured uncrustify additional arguments: 
[1.622s] -- Added test 'xmllint' to check XML markup files
[1.628s] -- Configuring done
[1.635s] -- Generating done
[1.637s] -- Build files have been written to: /ROEG/roeg_ws/build/can_dbc_parser
[1.650s] Invoked command in '/ROEG/roeg_ws/build/can_dbc_parser' returned '0': CMAKE_PREFIX_PATH=${CMAKE_PREFIX_PATH}:/ROEG/roeg_ws/install/roeg:/opt/ros/galactic /usr/bin/cmake /ROEG/roeg_ws/src/raptor-dbw-ros2/can_dbc_parser -DCMAKE_INSTALL_PREFIX=/ROEG/roeg_ws/install/can_dbc_parser
[1.656s] Invoking command in '/ROEG/roeg_ws/build/can_dbc_parser': CMAKE_PREFIX_PATH=${CMAKE_PREFIX_PATH}:/ROEG/roeg_ws/install/roeg:/opt/ros/galactic /usr/bin/cmake --build /ROEG/roeg_ws/build/can_dbc_parser -- -j16 -l16
[1.727s] [35m[1mScanning dependencies of target can_dbc_parser[0m
[1.749s] [ 33%] [32mBuilding CXX object CMakeFiles/can_dbc_parser.dir/src/DbcMessage.cpp.o[0m
[1.750s] [ 33%] [32mBuilding CXX object CMakeFiles/can_dbc_parser.dir/src/DbcSignal.cpp.o[0m
[1.750s] [ 50%] [32mBuilding CXX object CMakeFiles/can_dbc_parser.dir/src/DbcBuilder.cpp.o[0m
[1.750s] [ 66%] [32mBuilding CXX object CMakeFiles/can_dbc_parser.dir/src/LineParser.cpp.o[0m
[1.750s] [ 83%] [32mBuilding CXX object CMakeFiles/can_dbc_parser.dir/src/Dbc.cpp.o[0m
[2.712s] [100%] [32m[1mLinking CXX shared library libcan_dbc_parser.so[0m
[2.897s] [100%] Built target can_dbc_parser
[2.929s] Invoked command in '/ROEG/roeg_ws/build/can_dbc_parser' returned '0': CMAKE_PREFIX_PATH=${CMAKE_PREFIX_PATH}:/ROEG/roeg_ws/install/roeg:/opt/ros/galactic /usr/bin/cmake --build /ROEG/roeg_ws/build/can_dbc_parser -- -j16 -l16
[2.981s] Invoking command in '/ROEG/roeg_ws/build/can_dbc_parser': CMAKE_PREFIX_PATH=${CMAKE_PREFIX_PATH}:/ROEG/roeg_ws/install/roeg:/opt/ros/galactic /usr/bin/cmake --install /ROEG/roeg_ws/build/can_dbc_parser
[2.994s] -- Install configuration: ""
[2.994s] -- Installing: /ROEG/roeg_ws/install/can_dbc_parser/include
[2.994s] -- Installing: /ROEG/roeg_ws/install/can_dbc_parser/include/can_dbc_parser
[2.994s] -- Installing: /ROEG/roeg_ws/install/can_dbc_parser/include/can_dbc_parser/DbcMessage.hpp
[2.995s] -- Installing: /ROEG/roeg_ws/install/can_dbc_parser/include/can_dbc_parser/Dbc.hpp
[2.995s] -- Installing: /ROEG/roeg_ws/install/can_dbc_parser/include/can_dbc_parser/LineParser.hpp
[2.995s] -- Installing: /ROEG/roeg_ws/install/can_dbc_parser/include/can_dbc_parser/DbcUtilities.hpp
[2.995s] -- Installing: /ROEG/roeg_ws/install/can_dbc_parser/include/can_dbc_parser/DbcBuilder.hpp
[2.995s] -- Installing: /ROEG/roeg_ws/install/can_dbc_parser/include/can_dbc_parser/DbcSignal.hpp
[2.996s] -- Installing: /ROEG/roeg_ws/install/can_dbc_parser/share/can_dbc_parser/environment/library_path.sh
[2.996s] -- Installing: /ROEG/roeg_ws/install/can_dbc_parser/share/can_dbc_parser/environment/library_path.dsv
[2.996s] -- Installing: /ROEG/roeg_ws/install/can_dbc_parser/lib/libcan_dbc_parser.so
[2.997s] -- Set runtime path of "/ROEG/roeg_ws/install/can_dbc_parser/lib/libcan_dbc_parser.so" to ""
[2.998s] -- Installing: /ROEG/roeg_ws/install/can_dbc_parser/share/ament_index/resource_index/package_run_dependencies/can_dbc_parser
[2.998s] -- Installing: /ROEG/roeg_ws/install/can_dbc_parser/share/ament_index/resource_index/parent_prefix_path/can_dbc_parser
[2.998s] -- Installing: /ROEG/roeg_ws/install/can_dbc_parser/share/can_dbc_parser/environment/ament_prefix_path.sh
[2.998s] -- Installing: /ROEG/roeg_ws/install/can_dbc_parser/share/can_dbc_parser/environment/ament_prefix_path.dsv
[2.998s] -- Installing: /ROEG/roeg_ws/install/can_dbc_parser/share/can_dbc_parser/environment/path.sh
[2.999s] -- Installing: /ROEG/roeg_ws/install/can_dbc_parser/share/can_dbc_parser/environment/path.dsv
[2.999s] -- Installing: /ROEG/roeg_ws/install/can_dbc_parser/share/can_dbc_parser/local_setup.bash
[2.999s] -- Installing: /ROEG/roeg_ws/install/can_dbc_parser/share/can_dbc_parser/local_setup.sh
[2.999s] -- Installing: /ROEG/roeg_ws/install/can_dbc_parser/share/can_dbc_parser/local_setup.zsh
[2.999s] -- Installing: /ROEG/roeg_ws/install/can_dbc_parser/share/can_dbc_parser/local_setup.dsv
[3.000s] -- Installing: /ROEG/roeg_ws/install/can_dbc_parser/share/can_dbc_parser/package.dsv
[3.000s] -- Installing: /ROEG/roeg_ws/install/can_dbc_parser/share/ament_index/resource_index/packages/can_dbc_parser
[3.000s] -- Installing: /ROEG/roeg_ws/install/can_dbc_parser/share/can_dbc_parser/cmake/ament_cmake_export_dependencies-extras.cmake
[3.000s] -- Installing: /ROEG/roeg_ws/install/can_dbc_parser/share/can_dbc_parser/cmake/ament_cmake_export_include_directories-extras.cmake
[3.001s] -- Installing: /ROEG/roeg_ws/install/can_dbc_parser/share/can_dbc_parser/cmake/ament_cmake_export_libraries-extras.cmake
[3.001s] -- Installing: /ROEG/roeg_ws/install/can_dbc_parser/share/can_dbc_parser/cmake/can_dbc_parserConfig.cmake
[3.001s] -- Installing: /ROEG/roeg_ws/install/can_dbc_parser/share/can_dbc_parser/cmake/can_dbc_parserConfig-version.cmake
[3.001s] -- Installing: /ROEG/roeg_ws/install/can_dbc_parser/share/can_dbc_parser/package.xml
[3.006s] Invoked command in '/ROEG/roeg_ws/build/can_dbc_parser' returned '0': CMAKE_PREFIX_PATH=${CMAKE_PREFIX_PATH}:/ROEG/roeg_ws/install/roeg:/opt/ros/galactic /usr/bin/cmake --install /ROEG/roeg_ws/build/can_dbc_parser
