[0.052s] Invoking command in '/ROEG/roeg_ws/build/deep_orange_msgs': CMAKE_PREFIX_PATH=${CMAKE_PREFIX_PATH}:/ROEG/roeg_ws/install/roeg:/opt/ros/galactic /usr/bin/cmake /ROEG/roeg_ws/src/deep_orange_msgs -DCMAKE_INSTALL_PREFIX=/ROEG/roeg_ws/install/deep_orange_msgs
[0.208s] -- The C compiler identification is GNU 9.4.0
[0.317s] -- The CXX compiler identification is GNU 9.4.0
[0.323s] -- Check for working C compiler: /usr/bin/cc
[0.397s] -- Check for working C compiler: /usr/bin/cc -- works
[0.398s] -- Detecting C compiler ABI info
[0.468s] -- Detecting C compiler ABI info - done
[0.477s] -- Detecting C compile features
[0.477s] -- Detecting C compile features - done
[0.479s] -- Check for working CXX compiler: /usr/bin/c++
[0.553s] -- Check for working CXX compiler: /usr/bin/c++ -- works
[0.554s] -- Detecting CXX compiler ABI info
[0.632s] -- Detecting CXX compiler ABI info - done
[0.641s] -- Detecting CXX compile features
[0.642s] -- Detecting CXX compile features - done
[0.649s] -- Found ament_cmake: 1.1.6 (/opt/ros/galactic/share/ament_cmake/cmake)
[0.677s] -- Found PythonInterp: /usr/bin/python3 (found suitable version "3.8.10", minimum required is "3") 
[0.677s] -- Using PYTHON_EXECUTABLE: /usr/bin/python3
[0.766s] -- Found builtin_interfaces: 1.0.3 (/opt/ros/galactic/share/builtin_interfaces/cmake)
[0.797s] -- Using all available rosidl_typesupport_c: rosidl_typesupport_fastrtps_c;rosidl_typesupport_introspection_c
[0.806s] -- Found rosidl_adapter: 2.2.3 (/opt/ros/galactic/share/rosidl_adapter/cmake)
[0.919s] -- Found OpenSSL: /usr/lib/x86_64-linux-gnu/libcrypto.so (found version "1.1.1f")  
[0.955s] -- Found FastRTPS: /opt/ros/galactic/include  
[1.038s] -- Using all available rosidl_typesupport_cpp: rosidl_typesupport_fastrtps_cpp;rosidl_typesupport_introspection_cpp
[1.065s] -- Found rosidl_default_generators: 1.1.1 (/opt/ros/galactic/share/rosidl_default_generators/cmake)
[1.077s] -- Found std_msgs: 2.2.4 (/opt/ros/galactic/share/std_msgs/cmake)
[1.111s] -- Found PythonInterp: /usr/bin/python3 (found version "3.8.10") 
[1.312s] -- Found ament_cmake_cppcheck: 0.10.7 (/opt/ros/galactic/share/ament_cmake_cppcheck/cmake)
[1.314s] -- Found ament_cmake_cpplint: 0.10.7 (/opt/ros/galactic/share/ament_cmake_cpplint/cmake)
[1.316s] -- Found ament_cmake_uncrustify: 0.10.7 (/opt/ros/galactic/share/ament_cmake_uncrustify/cmake)
[1.319s] -- Found ament_cmake_ros: 0.9.2 (/opt/ros/galactic/share/ament_cmake_ros/cmake)
[1.517s] -- Using all available rosidl_typesupport_c: rosidl_typesupport_fastrtps_c;rosidl_typesupport_introspection_c
[1.578s] -- Using all available rosidl_typesupport_cpp: rosidl_typesupport_fastrtps_cpp;rosidl_typesupport_introspection_cpp
[1.601s] -- Found PythonInterp: /usr/bin/python3 (found suitable version "3.8.10", minimum required is "3.5") 
[1.604s] -- Found python_cmake_module: 0.8.1 (/opt/ros/galactic/share/python_cmake_module/cmake)
[1.630s] -- Found PythonLibs: /usr/lib/x86_64-linux-gnu/libpython3.8.so (found suitable version "3.8.10", minimum required is "3.5") 
[1.630s] -- Using PYTHON_EXECUTABLE: /usr/bin/python3
[1.630s] -- Using PYTHON_INCLUDE_DIRS: /usr/include/python3.8
[1.631s] -- Using PYTHON_LIBRARIES: /usr/lib/x86_64-linux-gnu/libpython3.8.so
[1.651s] -- Found PythonExtra: .so  
[1.813s] -- Using numpy include directory: /usr/local/lib/python3.8/dist-packages/numpy/core/include
[1.834s] -- Found ament_cmake_flake8: 0.10.7 (/opt/ros/galactic/share/ament_cmake_flake8/cmake)
[1.837s] -- Found ament_cmake_pep257: 0.10.7 (/opt/ros/galactic/share/ament_cmake_pep257/cmake)
[1.858s] -- Found ament_lint_auto: 0.10.7 (/opt/ros/galactic/share/ament_lint_auto/cmake)
[1.905s] -- Added test 'copyright' to check source files copyright and LICENSE
[1.907s] -- Added test 'lint_cmake' to check CMake code style
[1.908s] -- Added test 'xmllint' to check XML markup files
[1.914s] -- Configuring done
[1.988s] -- Generating done
[1.991s] -- Build files have been written to: /ROEG/roeg_ws/build/deep_orange_msgs
[2.003s] Invoked command in '/ROEG/roeg_ws/build/deep_orange_msgs' returned '0': CMAKE_PREFIX_PATH=${CMAKE_PREFIX_PATH}:/ROEG/roeg_ws/install/roeg:/opt/ros/galactic /usr/bin/cmake /ROEG/roeg_ws/src/deep_orange_msgs -DCMAKE_INSTALL_PREFIX=/ROEG/roeg_ws/install/deep_orange_msgs
[2.005s] Invoking command in '/ROEG/roeg_ws/build/deep_orange_msgs': CMAKE_PREFIX_PATH=${CMAKE_PREFIX_PATH}:/ROEG/roeg_ws/install/roeg:/opt/ros/galactic /usr/bin/cmake --build /ROEG/roeg_ws/build/deep_orange_msgs -- -j16 -l16
[2.054s] [  1%] [34m[1mGenerating C code for ROS interfaces[0m
[2.055s] [35m[1mScanning dependencies of target deep_orange_msgs__cpp[0m
[2.074s] [  1%] [34m[1mGenerating C++ code for ROS interfaces[0m
[3.953s] [  1%] Built target deep_orange_msgs__cpp
[3.977s] [  2%] [34m[1mGenerating C++ type support dispatch for ROS interfaces[0m
[3.980s] [  3%] [34m[1mGenerating C++ type support for eProsima Fast-RTPS[0m
[3.983s] [  3%] [34m[1mGenerating C++ introspection for ROS interfaces[0m
[4.011s] [35m[1mScanning dependencies of target deep_orange_msgs__rosidl_generator_c[0m
[4.040s] [  4%] [32mBuilding C object CMakeFiles/deep_orange_msgs__rosidl_generator_c.dir/rosidl_generator_c/deep_orange_msgs/msg/detail/misc_report__functions.c.o[0m
[4.040s] [  5%] [32mBuilding C object CMakeFiles/deep_orange_msgs__rosidl_generator_c.dir/rosidl_generator_c/deep_orange_msgs/msg/detail/brake_temp_report__functions.c.o[0m
[4.041s] [  5%] [32mBuilding C object CMakeFiles/deep_orange_msgs__rosidl_generator_c.dir/rosidl_generator_c/deep_orange_msgs/msg/detail/base_to_car_summary__functions.c.o[0m
[4.041s] [  3%] [32mBuilding C object CMakeFiles/deep_orange_msgs__rosidl_generator_c.dir/rosidl_generator_c/deep_orange_msgs/msg/detail/ct_report__functions.c.o[0m
[4.042s] [  6%] [32mBuilding C object CMakeFiles/deep_orange_msgs__rosidl_generator_c.dir/rosidl_generator_c/deep_orange_msgs/msg/detail/coordinates__functions.c.o[0m
[4.048s] [  6%] [32mBuilding C object CMakeFiles/deep_orange_msgs__rosidl_generator_c.dir/rosidl_generator_c/deep_orange_msgs/msg/detail/pt_report__functions.c.o[0m
[4.051s] [  7%] [32mBuilding C object CMakeFiles/deep_orange_msgs__rosidl_generator_c.dir/rosidl_generator_c/deep_orange_msgs/msg/detail/rc_to_ct__functions.c.o[0m
[4.054s] [  7%] [32mBuilding C object CMakeFiles/deep_orange_msgs__rosidl_generator_c.dir/rosidl_generator_c/deep_orange_msgs/msg/detail/tire_temp__functions.c.o[0m
[4.060s] [  8%] [32mBuilding C object CMakeFiles/deep_orange_msgs__rosidl_generator_c.dir/rosidl_generator_c/deep_orange_msgs/msg/detail/tire_report__functions.c.o[0m
[4.110s] [  9%] [32mBuilding C object CMakeFiles/deep_orange_msgs__rosidl_generator_c.dir/rosidl_generator_c/deep_orange_msgs/msg/detail/telemetry__functions.c.o[0m
[4.129s] [  9%] [32mBuilding C object CMakeFiles/deep_orange_msgs__rosidl_generator_c.dir/rosidl_generator_c/deep_orange_msgs/msg/detail/joystick_command__functions.c.o[0m
[4.134s] [ 11%] [32mBuilding C object CMakeFiles/deep_orange_msgs__rosidl_generator_c.dir/rosidl_generator_c/deep_orange_msgs/msg/detail/diagnostic_report__functions.c.o[0m
[4.134s] [ 11%] [32mBuilding C object CMakeFiles/deep_orange_msgs__rosidl_generator_c.dir/rosidl_generator_c/deep_orange_msgs/msg/detail/tire_temp_report__functions.c.o[0m
[4.140s] [ 12%] [32mBuilding C object CMakeFiles/deep_orange_msgs__rosidl_generator_c.dir/rosidl_generator_c/deep_orange_msgs/msg/detail/marelli_report__functions.c.o[0m
[4.142s] [ 12%] [32mBuilding C object CMakeFiles/deep_orange_msgs__rosidl_generator_c.dir/rosidl_generator_c/deep_orange_msgs/msg/detail/my_laps_report__functions.c.o[0m
[4.153s] [ 13%] [32mBuilding C object CMakeFiles/deep_orange_msgs__rosidl_generator_c.dir/rosidl_generator_c/deep_orange_msgs/msg/detail/lap_time_report__functions.c.o[0m
[4.153s] [ 13%] [32mBuilding C object CMakeFiles/deep_orange_msgs__rosidl_generator_c.dir/rosidl_generator_c/deep_orange_msgs/msg/detail/race_control_report__functions.c.o[0m
[4.235s] [ 14%] [32m[1mLinking C shared library libdeep_orange_msgs__rosidl_generator_c.so[0m
[4.290s] [ 14%] Built target deep_orange_msgs__rosidl_generator_c
[4.304s] [ 16%] [34m[1mGenerating C type support dispatch for ROS interfaces[0m
[4.304s] [ 16%] [34m[1mGenerating C introspection for ROS interfaces[0m
[4.703s] [35m[1mScanning dependencies of target deep_orange_msgs__rosidl_typesupport_cpp[0m
[4.728s] [ 18%] [32mBuilding CXX object CMakeFiles/deep_orange_msgs__rosidl_typesupport_cpp.dir/rosidl_typesupport_cpp/deep_orange_msgs/msg/coordinates__type_support.cpp.o[0m
[4.728s] [ 18%] [32mBuilding CXX object CMakeFiles/deep_orange_msgs__rosidl_typesupport_cpp.dir/rosidl_typesupport_cpp/deep_orange_msgs/msg/pt_report__type_support.cpp.o[0m
[4.728s] [ 19%] [32mBuilding CXX object CMakeFiles/deep_orange_msgs__rosidl_typesupport_cpp.dir/rosidl_typesupport_cpp/deep_orange_msgs/msg/misc_report__type_support.cpp.o[0m
[4.729s] [ 20%] [32mBuilding CXX object CMakeFiles/deep_orange_msgs__rosidl_typesupport_cpp.dir/rosidl_typesupport_cpp/deep_orange_msgs/msg/tire_temp__type_support.cpp.o[0m
[4.729s] [ 21%] [32mBuilding CXX object CMakeFiles/deep_orange_msgs__rosidl_typesupport_cpp.dir/rosidl_typesupport_cpp/deep_orange_msgs/msg/tire_report__type_support.cpp.o[0m
[4.730s] [ 18%] [32mBuilding CXX object CMakeFiles/deep_orange_msgs__rosidl_typesupport_cpp.dir/rosidl_typesupport_cpp/deep_orange_msgs/msg/ct_report__type_support.cpp.o[0m
[4.730s] [ 22%] [32mBuilding CXX object CMakeFiles/deep_orange_msgs__rosidl_typesupport_cpp.dir/rosidl_typesupport_cpp/deep_orange_msgs/msg/brake_temp_report__type_support.cpp.o[0m
[4.739s] [ 22%] [32mBuilding CXX object CMakeFiles/deep_orange_msgs__rosidl_typesupport_cpp.dir/rosidl_typesupport_cpp/deep_orange_msgs/msg/base_to_car_summary__type_support.cpp.o[0m
[4.739s] [ 22%] [32mBuilding CXX object CMakeFiles/deep_orange_msgs__rosidl_typesupport_cpp.dir/rosidl_typesupport_cpp/deep_orange_msgs/msg/rc_to_ct__type_support.cpp.o[0m
[4.741s] [ 22%] [32mBuilding CXX object CMakeFiles/deep_orange_msgs__rosidl_typesupport_cpp.dir/rosidl_typesupport_cpp/deep_orange_msgs/msg/joystick_command__type_support.cpp.o[0m
[4.743s] [ 23%] [32mBuilding CXX object CMakeFiles/deep_orange_msgs__rosidl_typesupport_cpp.dir/rosidl_typesupport_cpp/deep_orange_msgs/msg/telemetry__type_support.cpp.o[0m
[4.750s] [ 23%] [32mBuilding CXX object CMakeFiles/deep_orange_msgs__rosidl_typesupport_cpp.dir/rosidl_typesupport_cpp/deep_orange_msgs/msg/tire_temp_report__type_support.cpp.o[0m
[5.149s] [ 24%] [32mBuilding CXX object CMakeFiles/deep_orange_msgs__rosidl_typesupport_cpp.dir/rosidl_typesupport_cpp/deep_orange_msgs/msg/diagnostic_report__type_support.cpp.o[0m
[5.191s] [ 25%] [32mBuilding CXX object CMakeFiles/deep_orange_msgs__rosidl_typesupport_cpp.dir/rosidl_typesupport_cpp/deep_orange_msgs/msg/lap_time_report__type_support.cpp.o[0m
[5.191s] [ 25%] [32mBuilding CXX object CMakeFiles/deep_orange_msgs__rosidl_typesupport_cpp.dir/rosidl_typesupport_cpp/deep_orange_msgs/msg/my_laps_report__type_support.cpp.o[0m
[5.250s] [ 26%] [32mBuilding CXX object CMakeFiles/deep_orange_msgs__rosidl_typesupport_cpp.dir/rosidl_typesupport_cpp/deep_orange_msgs/msg/marelli_report__type_support.cpp.o[0m
[5.278s] [ 27%] [32mBuilding CXX object CMakeFiles/deep_orange_msgs__rosidl_typesupport_cpp.dir/rosidl_typesupport_cpp/deep_orange_msgs/msg/race_control_report__type_support.cpp.o[0m
[5.388s] [35m[1mScanning dependencies of target deep_orange_msgs__rosidl_typesupport_c[0m
[5.449s] [ 27%] [32mBuilding CXX object CMakeFiles/deep_orange_msgs__rosidl_typesupport_c.dir/rosidl_typesupport_c/deep_orange_msgs/msg/base_to_car_summary__type_support.cpp.o[0m
[5.494s] [ 28%] [32mBuilding CXX object CMakeFiles/deep_orange_msgs__rosidl_typesupport_c.dir/rosidl_typesupport_c/deep_orange_msgs/msg/brake_temp_report__type_support.cpp.o[0m
[5.507s] [ 29%] [32mBuilding CXX object CMakeFiles/deep_orange_msgs__rosidl_typesupport_c.dir/rosidl_typesupport_c/deep_orange_msgs/msg/coordinates__type_support.cpp.o[0m
[5.525s] [35m[1mScanning dependencies of target deep_orange_msgs__rosidl_typesupport_introspection_cpp[0m
[5.537s] [ 29%] [32mBuilding CXX object CMakeFiles/deep_orange_msgs__rosidl_typesupport_c.dir/rosidl_typesupport_c/deep_orange_msgs/msg/ct_report__type_support.cpp.o[0m
[5.601s] [ 30%] [32mBuilding CXX object CMakeFiles/deep_orange_msgs__rosidl_typesupport_introspection_cpp.dir/rosidl_typesupport_introspection_cpp/deep_orange_msgs/msg/detail/base_to_car_summary__type_support.cpp.o[0m
[5.605s] [ 31%] [32mBuilding CXX object CMakeFiles/deep_orange_msgs__rosidl_typesupport_c.dir/rosidl_typesupport_c/deep_orange_msgs/msg/pt_report__type_support.cpp.o[0m
[5.606s] [ 31%] [32mBuilding CXX object CMakeFiles/deep_orange_msgs__rosidl_typesupport_c.dir/rosidl_typesupport_c/deep_orange_msgs/msg/misc_report__type_support.cpp.o[0m
[5.629s] [ 31%] [32mBuilding CXX object CMakeFiles/deep_orange_msgs__rosidl_typesupport_introspection_cpp.dir/rosidl_typesupport_introspection_cpp/deep_orange_msgs/msg/detail/brake_temp_report__type_support.cpp.o[0m
[5.644s] [ 32%] [32mBuilding CXX object CMakeFiles/deep_orange_msgs__rosidl_typesupport_c.dir/rosidl_typesupport_c/deep_orange_msgs/msg/rc_to_ct__type_support.cpp.o[0m
[5.644s] [ 33%] [32mBuilding CXX object CMakeFiles/deep_orange_msgs__rosidl_typesupport_c.dir/rosidl_typesupport_c/deep_orange_msgs/msg/tire_report__type_support.cpp.o[0m
[5.667s] [ 34%] [32mBuilding CXX object CMakeFiles/deep_orange_msgs__rosidl_typesupport_introspection_cpp.dir/rosidl_typesupport_introspection_cpp/deep_orange_msgs/msg/detail/coordinates__type_support.cpp.o[0m
[5.676s] [ 35%] [32mBuilding CXX object CMakeFiles/deep_orange_msgs__rosidl_typesupport_introspection_cpp.dir/rosidl_typesupport_introspection_cpp/deep_orange_msgs/msg/detail/ct_report__type_support.cpp.o[0m
[5.679s] [ 35%] [32mBuilding CXX object CMakeFiles/deep_orange_msgs__rosidl_typesupport_introspection_cpp.dir/rosidl_typesupport_introspection_cpp/deep_orange_msgs/msg/detail/misc_report__type_support.cpp.o[0m
[5.723s] [ 36%] [32mBuilding CXX object CMakeFiles/deep_orange_msgs__rosidl_typesupport_introspection_cpp.dir/rosidl_typesupport_introspection_cpp/deep_orange_msgs/msg/detail/pt_report__type_support.cpp.o[0m
[5.727s] [ 36%] [32mBuilding CXX object CMakeFiles/deep_orange_msgs__rosidl_typesupport_c.dir/rosidl_typesupport_c/deep_orange_msgs/msg/tire_temp__type_support.cpp.o[0m
[5.733s] [35m[1mScanning dependencies of target deep_orange_msgs__rosidl_typesupport_fastrtps_cpp[0m
[5.739s] [ 37%] [32mBuilding CXX object CMakeFiles/deep_orange_msgs__rosidl_typesupport_c.dir/rosidl_typesupport_c/deep_orange_msgs/msg/tire_temp_report__type_support.cpp.o[0m
[5.775s] [ 38%] [32mBuilding CXX object CMakeFiles/deep_orange_msgs__rosidl_typesupport_c.dir/rosidl_typesupport_c/deep_orange_msgs/msg/telemetry__type_support.cpp.o[0m
[5.793s] [ 38%] [32mBuilding CXX object CMakeFiles/deep_orange_msgs__rosidl_typesupport_c.dir/rosidl_typesupport_c/deep_orange_msgs/msg/joystick_command__type_support.cpp.o[0m
[5.804s] [ 39%] [32mBuilding CXX object CMakeFiles/deep_orange_msgs__rosidl_typesupport_c.dir/rosidl_typesupport_c/deep_orange_msgs/msg/diagnostic_report__type_support.cpp.o[0m
[5.807s] [ 40%] [32mBuilding CXX object CMakeFiles/deep_orange_msgs__rosidl_typesupport_introspection_cpp.dir/rosidl_typesupport_introspection_cpp/deep_orange_msgs/msg/detail/rc_to_ct__type_support.cpp.o[0m
[5.820s] [ 40%] [32mBuilding CXX object CMakeFiles/deep_orange_msgs__rosidl_typesupport_c.dir/rosidl_typesupport_c/deep_orange_msgs/msg/lap_time_report__type_support.cpp.o[0m
[5.836s] [ 40%] [32m[1mLinking CXX shared library libdeep_orange_msgs__rosidl_typesupport_cpp.so[0m
[5.858s] [ 41%] [32mBuilding CXX object CMakeFiles/deep_orange_msgs__rosidl_typesupport_fastrtps_cpp.dir/rosidl_typesupport_fastrtps_cpp/deep_orange_msgs/msg/detail/dds_fastrtps/base_to_car_summary__type_support.cpp.o[0m
[5.867s] [ 41%] [32mBuilding CXX object CMakeFiles/deep_orange_msgs__rosidl_typesupport_introspection_cpp.dir/rosidl_typesupport_introspection_cpp/deep_orange_msgs/msg/detail/tire_report__type_support.cpp.o[0m
[5.879s] [ 42%] [32mBuilding CXX object CMakeFiles/deep_orange_msgs__rosidl_typesupport_fastrtps_cpp.dir/rosidl_typesupport_fastrtps_cpp/deep_orange_msgs/msg/detail/dds_fastrtps/brake_temp_report__type_support.cpp.o[0m
[5.879s] [ 42%] [32mBuilding CXX object CMakeFiles/deep_orange_msgs__rosidl_typesupport_fastrtps_cpp.dir/rosidl_typesupport_fastrtps_cpp/deep_orange_msgs/msg/detail/dds_fastrtps/coordinates__type_support.cpp.o[0m
[5.895s] [ 43%] [32mBuilding CXX object CMakeFiles/deep_orange_msgs__rosidl_typesupport_c.dir/rosidl_typesupport_c/deep_orange_msgs/msg/my_laps_report__type_support.cpp.o[0m
[5.908s] [ 44%] [32mBuilding CXX object CMakeFiles/deep_orange_msgs__rosidl_typesupport_fastrtps_cpp.dir/rosidl_typesupport_fastrtps_cpp/deep_orange_msgs/msg/detail/dds_fastrtps/ct_report__type_support.cpp.o[0m
[5.929s] [ 45%] [32mBuilding CXX object CMakeFiles/deep_orange_msgs__rosidl_typesupport_introspection_cpp.dir/rosidl_typesupport_introspection_cpp/deep_orange_msgs/msg/detail/tire_temp__type_support.cpp.o[0m
[5.947s] [ 46%] [32mBuilding CXX object CMakeFiles/deep_orange_msgs__rosidl_typesupport_c.dir/rosidl_typesupport_c/deep_orange_msgs/msg/marelli_report__type_support.cpp.o[0m
[5.982s] [35m[1mScanning dependencies of target deep_orange_msgs__rosidl_typesupport_introspection_c[0m
[6.009s] [ 46%] [32mBuilding CXX object CMakeFiles/deep_orange_msgs__rosidl_typesupport_c.dir/rosidl_typesupport_c/deep_orange_msgs/msg/race_control_report__type_support.cpp.o[0m
[6.011s] [ 46%] Built target deep_orange_msgs__rosidl_typesupport_cpp
[6.089s] [ 46%] [32mBuilding CXX object CMakeFiles/deep_orange_msgs__rosidl_typesupport_fastrtps_cpp.dir/rosidl_typesupport_fastrtps_cpp/deep_orange_msgs/msg/detail/dds_fastrtps/misc_report__type_support.cpp.o[0m
[6.092s] [ 47%] [32mBuilding C object CMakeFiles/deep_orange_msgs__rosidl_typesupport_introspection_c.dir/rosidl_typesupport_introspection_c/deep_orange_msgs/msg/detail/base_to_car_summary__type_support.c.o[0m
[6.111s] [ 48%] [32m[1mLinking CXX shared library libdeep_orange_msgs__rosidl_typesupport_c.so[0m
[6.112s] [ 48%] [32mBuilding C object CMakeFiles/deep_orange_msgs__rosidl_typesupport_introspection_c.dir/rosidl_typesupport_introspection_c/deep_orange_msgs/msg/detail/brake_temp_report__type_support.c.o[0m
[6.136s] [ 48%] [32mBuilding CXX object CMakeFiles/deep_orange_msgs__rosidl_typesupport_introspection_cpp.dir/rosidl_typesupport_introspection_cpp/deep_orange_msgs/msg/detail/tire_temp_report__type_support.cpp.o[0m
[6.164s] [ 49%] [32mBuilding CXX object CMakeFiles/deep_orange_msgs__rosidl_typesupport_introspection_cpp.dir/rosidl_typesupport_introspection_cpp/deep_orange_msgs/msg/detail/telemetry__type_support.cpp.o[0m
[6.185s] [ 50%] [32mBuilding C object CMakeFiles/deep_orange_msgs__rosidl_typesupport_introspection_c.dir/rosidl_typesupport_introspection_c/deep_orange_msgs/msg/detail/coordinates__type_support.c.o[0m
[6.204s] [ 51%] [32mBuilding CXX object CMakeFiles/deep_orange_msgs__rosidl_typesupport_introspection_cpp.dir/rosidl_typesupport_introspection_cpp/deep_orange_msgs/msg/detail/joystick_command__type_support.cpp.o[0m
[6.219s] [ 51%] Built target deep_orange_msgs__rosidl_typesupport_c
[6.219s] [ 51%] [32mBuilding C object CMakeFiles/deep_orange_msgs__rosidl_typesupport_introspection_c.dir/rosidl_typesupport_introspection_c/deep_orange_msgs/msg/detail/ct_report__type_support.c.o[0m
[6.236s] [ 51%] [32mBuilding CXX object CMakeFiles/deep_orange_msgs__rosidl_typesupport_introspection_cpp.dir/rosidl_typesupport_introspection_cpp/deep_orange_msgs/msg/detail/diagnostic_report__type_support.cpp.o[0m
[6.268s] [ 52%] [32mBuilding CXX object CMakeFiles/deep_orange_msgs__rosidl_typesupport_introspection_cpp.dir/rosidl_typesupport_introspection_cpp/deep_orange_msgs/msg/detail/lap_time_report__type_support.cpp.o[0m
[6.300s] [ 53%] [32mBuilding C object CMakeFiles/deep_orange_msgs__rosidl_typesupport_introspection_c.dir/rosidl_typesupport_introspection_c/deep_orange_msgs/msg/detail/misc_report__type_support.c.o[0m
[6.307s] [ 54%] [32mBuilding CXX object CMakeFiles/deep_orange_msgs__rosidl_typesupport_fastrtps_cpp.dir/rosidl_typesupport_fastrtps_cpp/deep_orange_msgs/msg/detail/dds_fastrtps/pt_report__type_support.cpp.o[0m
[6.349s] [ 55%] [32mBuilding CXX object CMakeFiles/deep_orange_msgs__rosidl_typesupport_introspection_cpp.dir/rosidl_typesupport_introspection_cpp/deep_orange_msgs/msg/detail/my_laps_report__type_support.cpp.o[0m
[6.363s] [ 56%] [32mBuilding C object CMakeFiles/deep_orange_msgs__rosidl_typesupport_introspection_c.dir/rosidl_typesupport_introspection_c/deep_orange_msgs/msg/detail/pt_report__type_support.c.o[0m
[6.399s] [ 56%] [32mBuilding CXX object CMakeFiles/deep_orange_msgs__rosidl_typesupport_introspection_cpp.dir/rosidl_typesupport_introspection_cpp/deep_orange_msgs/msg/detail/marelli_report__type_support.cpp.o[0m
[6.419s] [ 57%] [32mBuilding CXX object CMakeFiles/deep_orange_msgs__rosidl_typesupport_introspection_cpp.dir/rosidl_typesupport_introspection_cpp/deep_orange_msgs/msg/detail/race_control_report__type_support.cpp.o[0m
[6.427s] [ 57%] [32mBuilding C object CMakeFiles/deep_orange_msgs__rosidl_typesupport_introspection_c.dir/rosidl_typesupport_introspection_c/deep_orange_msgs/msg/detail/rc_to_ct__type_support.c.o[0m
[6.510s] [ 57%] [32mBuilding CXX object CMakeFiles/deep_orange_msgs__rosidl_typesupport_fastrtps_cpp.dir/rosidl_typesupport_fastrtps_cpp/deep_orange_msgs/msg/detail/dds_fastrtps/rc_to_ct__type_support.cpp.o[0m
[6.514s] [ 58%] [32mBuilding C object CMakeFiles/deep_orange_msgs__rosidl_typesupport_introspection_c.dir/rosidl_typesupport_introspection_c/deep_orange_msgs/msg/detail/tire_report__type_support.c.o[0m
[6.616s] [ 60%] [32mBuilding CXX object CMakeFiles/deep_orange_msgs__rosidl_typesupport_fastrtps_cpp.dir/rosidl_typesupport_fastrtps_cpp/deep_orange_msgs/msg/detail/dds_fastrtps/tire_report__type_support.cpp.o[0m
[6.617s] [ 60%] [32mBuilding C object CMakeFiles/deep_orange_msgs__rosidl_typesupport_introspection_c.dir/rosidl_typesupport_introspection_c/deep_orange_msgs/msg/detail/tire_temp__type_support.c.o[0m
[6.620s] [ 61%] [32mBuilding CXX object CMakeFiles/deep_orange_msgs__rosidl_typesupport_fastrtps_cpp.dir/rosidl_typesupport_fastrtps_cpp/deep_orange_msgs/msg/detail/dds_fastrtps/tire_temp__type_support.cpp.o[0m
[6.628s] [ 61%] [32mBuilding CXX object CMakeFiles/deep_orange_msgs__rosidl_typesupport_fastrtps_cpp.dir/rosidl_typesupport_fastrtps_cpp/deep_orange_msgs/msg/detail/dds_fastrtps/tire_temp_report__type_support.cpp.o[0m
[6.634s] [ 61%] [32mBuilding C object CMakeFiles/deep_orange_msgs__rosidl_typesupport_introspection_c.dir/rosidl_typesupport_introspection_c/deep_orange_msgs/msg/detail/tire_temp_report__type_support.c.o[0m
[6.644s] [ 62%] [32mBuilding CXX object CMakeFiles/deep_orange_msgs__rosidl_typesupport_fastrtps_cpp.dir/rosidl_typesupport_fastrtps_cpp/deep_orange_msgs/msg/detail/dds_fastrtps/telemetry__type_support.cpp.o[0m
[6.718s] [ 63%] [32mBuilding CXX object CMakeFiles/deep_orange_msgs__rosidl_typesupport_fastrtps_cpp.dir/rosidl_typesupport_fastrtps_cpp/deep_orange_msgs/msg/detail/dds_fastrtps/joystick_command__type_support.cpp.o[0m
[6.724s] [ 63%] [32mBuilding CXX object CMakeFiles/deep_orange_msgs__rosidl_typesupport_fastrtps_cpp.dir/rosidl_typesupport_fastrtps_cpp/deep_orange_msgs/msg/detail/dds_fastrtps/diagnostic_report__type_support.cpp.o[0m
[6.727s] [ 65%] [32mBuilding C object CMakeFiles/deep_orange_msgs__rosidl_typesupport_introspection_c.dir/rosidl_typesupport_introspection_c/deep_orange_msgs/msg/detail/joystick_command__type_support.c.o[0m
[6.727s] [ 65%] [32mBuilding C object CMakeFiles/deep_orange_msgs__rosidl_typesupport_introspection_c.dir/rosidl_typesupport_introspection_c/deep_orange_msgs/msg/detail/telemetry__type_support.c.o[0m
[6.757s] [ 66%] [32mBuilding CXX object CMakeFiles/deep_orange_msgs__rosidl_typesupport_fastrtps_cpp.dir/rosidl_typesupport_fastrtps_cpp/deep_orange_msgs/msg/detail/dds_fastrtps/lap_time_report__type_support.cpp.o[0m
[6.766s] [ 66%] [32mBuilding C object CMakeFiles/deep_orange_msgs__rosidl_typesupport_introspection_c.dir/rosidl_typesupport_introspection_c/deep_orange_msgs/msg/detail/diagnostic_report__type_support.c.o[0m
[6.805s] [ 66%] [32mBuilding CXX object CMakeFiles/deep_orange_msgs__rosidl_typesupport_fastrtps_cpp.dir/rosidl_typesupport_fastrtps_cpp/deep_orange_msgs/msg/detail/dds_fastrtps/my_laps_report__type_support.cpp.o[0m
[6.826s] [ 67%] [32mBuilding C object CMakeFiles/deep_orange_msgs__rosidl_typesupport_introspection_c.dir/rosidl_typesupport_introspection_c/deep_orange_msgs/msg/detail/lap_time_report__type_support.c.o[0m
[6.840s] [ 67%] [32mBuilding C object CMakeFiles/deep_orange_msgs__rosidl_typesupport_introspection_c.dir/rosidl_typesupport_introspection_c/deep_orange_msgs/msg/detail/my_laps_report__type_support.c.o[0m
[6.859s] [ 68%] [32mBuilding C object CMakeFiles/deep_orange_msgs__rosidl_typesupport_introspection_c.dir/rosidl_typesupport_introspection_c/deep_orange_msgs/msg/detail/marelli_report__type_support.c.o[0m
[6.923s] [ 69%] [32mBuilding CXX object CMakeFiles/deep_orange_msgs__rosidl_typesupport_fastrtps_cpp.dir/rosidl_typesupport_fastrtps_cpp/deep_orange_msgs/msg/detail/dds_fastrtps/marelli_report__type_support.cpp.o[0m
[6.952s] [ 70%] [32m[1mLinking CXX shared library libdeep_orange_msgs__rosidl_typesupport_introspection_cpp.so[0m
[6.956s] [ 71%] [32mBuilding C object CMakeFiles/deep_orange_msgs__rosidl_typesupport_introspection_c.dir/rosidl_typesupport_introspection_c/deep_orange_msgs/msg/detail/race_control_report__type_support.c.o[0m
[6.990s] [ 72%] [32mBuilding CXX object CMakeFiles/deep_orange_msgs__rosidl_typesupport_fastrtps_cpp.dir/rosidl_typesupport_fastrtps_cpp/deep_orange_msgs/msg/detail/dds_fastrtps/race_control_report__type_support.cpp.o[0m
[7.064s] [ 72%] [32m[1mLinking C shared library libdeep_orange_msgs__rosidl_typesupport_introspection_c.so[0m
[7.210s] [ 72%] Built target deep_orange_msgs__rosidl_typesupport_introspection_c
[7.326s] [ 72%] Built target deep_orange_msgs__rosidl_typesupport_introspection_cpp
[7.687s] [ 72%] [32m[1mLinking CXX shared library libdeep_orange_msgs__rosidl_typesupport_fastrtps_cpp.so[0m
[7.887s] [ 72%] Built target deep_orange_msgs__rosidl_typesupport_fastrtps_cpp
[7.913s] [ 73%] [34m[1mGenerating C type support for eProsima Fast-RTPS[0m
[8.852s] [35m[1mScanning dependencies of target deep_orange_msgs__rosidl_typesupport_fastrtps_c[0m
[8.898s] [ 74%] [32mBuilding CXX object CMakeFiles/deep_orange_msgs__rosidl_typesupport_fastrtps_c.dir/rosidl_typesupport_fastrtps_c/deep_orange_msgs/msg/detail/ct_report__type_support_c.cpp.o[0m
[8.900s] [ 74%] [32mBuilding CXX object CMakeFiles/deep_orange_msgs__rosidl_typesupport_fastrtps_c.dir/rosidl_typesupport_fastrtps_c/deep_orange_msgs/msg/detail/base_to_car_summary__type_support_c.cpp.o[0m
[8.900s] [ 76%] [32mBuilding CXX object CMakeFiles/deep_orange_msgs__rosidl_typesupport_fastrtps_c.dir/rosidl_typesupport_fastrtps_c/deep_orange_msgs/msg/detail/coordinates__type_support_c.cpp.o[0m
[8.900s] [ 75%] [32mBuilding CXX object CMakeFiles/deep_orange_msgs__rosidl_typesupport_fastrtps_c.dir/rosidl_typesupport_fastrtps_c/deep_orange_msgs/msg/detail/pt_report__type_support_c.cpp.o[0m
[8.900s] [ 76%] [32mBuilding CXX object CMakeFiles/deep_orange_msgs__rosidl_typesupport_fastrtps_c.dir/rosidl_typesupport_fastrtps_c/deep_orange_msgs/msg/detail/misc_report__type_support_c.cpp.o[0m
[8.901s] [ 76%] [32mBuilding CXX object CMakeFiles/deep_orange_msgs__rosidl_typesupport_fastrtps_c.dir/rosidl_typesupport_fastrtps_c/deep_orange_msgs/msg/detail/rc_to_ct__type_support_c.cpp.o[0m
[8.902s] [ 77%] [32mBuilding CXX object CMakeFiles/deep_orange_msgs__rosidl_typesupport_fastrtps_c.dir/rosidl_typesupport_fastrtps_c/deep_orange_msgs/msg/detail/brake_temp_report__type_support_c.cpp.o[0m
[8.903s] [ 77%] [32mBuilding CXX object CMakeFiles/deep_orange_msgs__rosidl_typesupport_fastrtps_c.dir/rosidl_typesupport_fastrtps_c/deep_orange_msgs/msg/detail/tire_temp__type_support_c.cpp.o[0m
[8.903s] [ 78%] [32mBuilding CXX object CMakeFiles/deep_orange_msgs__rosidl_typesupport_fastrtps_c.dir/rosidl_typesupport_fastrtps_c/deep_orange_msgs/msg/detail/tire_report__type_support_c.cpp.o[0m
[8.903s] [ 78%] [32mBuilding CXX object CMakeFiles/deep_orange_msgs__rosidl_typesupport_fastrtps_c.dir/rosidl_typesupport_fastrtps_c/deep_orange_msgs/msg/detail/joystick_command__type_support_c.cpp.o[0m
[8.905s] [ 80%] [32mBuilding CXX object CMakeFiles/deep_orange_msgs__rosidl_typesupport_fastrtps_c.dir/rosidl_typesupport_fastrtps_c/deep_orange_msgs/msg/detail/tire_temp_report__type_support_c.cpp.o[0m
[8.905s] [ 80%] [32mBuilding CXX object CMakeFiles/deep_orange_msgs__rosidl_typesupport_fastrtps_c.dir/rosidl_typesupport_fastrtps_c/deep_orange_msgs/msg/detail/telemetry__type_support_c.cpp.o[0m
[8.913s] [ 80%] [32mBuilding CXX object CMakeFiles/deep_orange_msgs__rosidl_typesupport_fastrtps_c.dir/rosidl_typesupport_fastrtps_c/deep_orange_msgs/msg/detail/my_laps_report__type_support_c.cpp.o[0m
[8.914s] [ 81%] [32mBuilding CXX object CMakeFiles/deep_orange_msgs__rosidl_typesupport_fastrtps_c.dir/rosidl_typesupport_fastrtps_c/deep_orange_msgs/msg/detail/diagnostic_report__type_support_c.cpp.o[0m
[8.915s] [ 83%] [32mBuilding CXX object CMakeFiles/deep_orange_msgs__rosidl_typesupport_fastrtps_c.dir/rosidl_typesupport_fastrtps_c/deep_orange_msgs/msg/detail/marelli_report__type_support_c.cpp.o[0m
[8.915s] [ 83%] [32mBuilding CXX object CMakeFiles/deep_orange_msgs__rosidl_typesupport_fastrtps_c.dir/rosidl_typesupport_fastrtps_c/deep_orange_msgs/msg/detail/lap_time_report__type_support_c.cpp.o[0m
[9.513s] [ 84%] [32mBuilding CXX object CMakeFiles/deep_orange_msgs__rosidl_typesupport_fastrtps_c.dir/rosidl_typesupport_fastrtps_c/deep_orange_msgs/msg/detail/race_control_report__type_support_c.cpp.o[0m
[9.941s] [ 84%] [32m[1mLinking CXX shared library libdeep_orange_msgs__rosidl_typesupport_fastrtps_c.so[0m
[10.054s] [ 84%] Built target deep_orange_msgs__rosidl_typesupport_fastrtps_c
[10.068s] [35m[1mScanning dependencies of target deep_orange_msgs[0m
[10.089s] [ 84%] Built target deep_orange_msgs
[10.106s] [35m[1mScanning dependencies of target deep_orange_msgs__py[0m
[10.118s] [ 85%] [34m[1mGenerating Python code for ROS interfaces[0m
[13.987s] [ 85%] Built target deep_orange_msgs__py
[14.060s] [35m[1mScanning dependencies of target deep_orange_msgs__python[0m
[14.241s] [ 85%] [32mBuilding C object CMakeFiles/deep_orange_msgs__python.dir/rosidl_generator_py/deep_orange_msgs/msg/_base_to_car_summary_s.c.o[0m
[14.258s] [ 86%] [32mBuilding C object CMakeFiles/deep_orange_msgs__python.dir/rosidl_generator_py/deep_orange_msgs/msg/_misc_report_s.c.o[0m
[14.268s] [ 87%] [32mBuilding C object CMakeFiles/deep_orange_msgs__python.dir/rosidl_generator_py/deep_orange_msgs/msg/_coordinates_s.c.o[0m
[14.271s] [ 87%] [32mBuilding C object CMakeFiles/deep_orange_msgs__python.dir/rosidl_generator_py/deep_orange_msgs/msg/_ct_report_s.c.o[0m
[14.279s] [ 89%] [32mBuilding C object CMakeFiles/deep_orange_msgs__python.dir/rosidl_generator_py/deep_orange_msgs/msg/_brake_temp_report_s.c.o[0m
[14.279s] [ 89%] [32mBuilding C object CMakeFiles/deep_orange_msgs__python.dir/rosidl_generator_py/deep_orange_msgs/msg/_pt_report_s.c.o[0m
[14.321s] [ 89%] [32mBuilding C object CMakeFiles/deep_orange_msgs__python.dir/rosidl_generator_py/deep_orange_msgs/msg/_rc_to_ct_s.c.o[0m
[14.373s] [ 90%] [32mBuilding C object CMakeFiles/deep_orange_msgs__python.dir/rosidl_generator_py/deep_orange_msgs/msg/_tire_report_s.c.o[0m
[14.419s] [ 90%] [32mBuilding C object CMakeFiles/deep_orange_msgs__python.dir/rosidl_generator_py/deep_orange_msgs/msg/_tire_temp_s.c.o[0m
[14.445s] [ 91%] [32mBuilding C object CMakeFiles/deep_orange_msgs__python.dir/rosidl_generator_py/deep_orange_msgs/msg/_telemetry_s.c.o[0m
[14.460s] [ 92%] [32mBuilding C object CMakeFiles/deep_orange_msgs__python.dir/rosidl_generator_py/deep_orange_msgs/msg/_tire_temp_report_s.c.o[0m
[14.533s] [ 92%] [32mBuilding C object CMakeFiles/deep_orange_msgs__python.dir/rosidl_generator_py/deep_orange_msgs/msg/_joystick_command_s.c.o[0m
[14.555s] [ 93%] [32mBuilding C object CMakeFiles/deep_orange_msgs__python.dir/rosidl_generator_py/deep_orange_msgs/msg/_diagnostic_report_s.c.o[0m
[14.571s] [ 93%] [32mBuilding C object CMakeFiles/deep_orange_msgs__python.dir/rosidl_generator_py/deep_orange_msgs/msg/_my_laps_report_s.c.o[0m
[14.574s] [ 94%] [32mBuilding C object CMakeFiles/deep_orange_msgs__python.dir/rosidl_generator_py/deep_orange_msgs/msg/_lap_time_report_s.c.o[0m
[14.589s] [ 94%] [32mBuilding C object CMakeFiles/deep_orange_msgs__python.dir/rosidl_generator_py/deep_orange_msgs/msg/_race_control_report_s.c.o[0m
[14.612s] [ 95%] [32mBuilding C object CMakeFiles/deep_orange_msgs__python.dir/rosidl_generator_py/deep_orange_msgs/msg/_marelli_report_s.c.o[0m
[15.035s] [ 96%] [32m[1mLinking C shared library rosidl_generator_py/deep_orange_msgs/libdeep_orange_msgs__python.so[0m
[15.187s] [ 96%] Built target deep_orange_msgs__python
[15.229s] [35m[1mScanning dependencies of target deep_orange_msgs__rosidl_typesupport_c__pyext[0m
[15.254s] [35m[1mScanning dependencies of target deep_orange_msgs__rosidl_typesupport_introspection_c__pyext[0m
[15.254s] [35m[1mScanning dependencies of target deep_orange_msgs__rosidl_typesupport_fastrtps_c__pyext[0m
[15.315s] [ 97%] [32mBuilding C object CMakeFiles/deep_orange_msgs__rosidl_typesupport_c__pyext.dir/rosidl_generator_py/deep_orange_msgs/_deep_orange_msgs_s.ep.rosidl_typesupport_c.c.o[0m
[15.334s] [ 98%] [32mBuilding C object CMakeFiles/deep_orange_msgs__rosidl_typesupport_introspection_c__pyext.dir/rosidl_generator_py/deep_orange_msgs/_deep_orange_msgs_s.ep.rosidl_typesupport_introspection_c.c.o[0m
[15.366s] [ 99%] [32mBuilding C object CMakeFiles/deep_orange_msgs__rosidl_typesupport_fastrtps_c__pyext.dir/rosidl_generator_py/deep_orange_msgs/_deep_orange_msgs_s.ep.rosidl_typesupport_fastrtps_c.c.o[0m
[15.618s] [ 99%] [32m[1mLinking C shared library rosidl_generator_py/deep_orange_msgs/deep_orange_msgs_s__rosidl_typesupport_c.cpython-38-x86_64-linux-gnu.so[0m
[15.624s] [100%] [32m[1mLinking C shared library rosidl_generator_py/deep_orange_msgs/deep_orange_msgs_s__rosidl_typesupport_introspection_c.cpython-38-x86_64-linux-gnu.so[0m
[15.692s] [100%] [32m[1mLinking CXX shared library rosidl_generator_py/deep_orange_msgs/deep_orange_msgs_s__rosidl_typesupport_fastrtps_c.cpython-38-x86_64-linux-gnu.so[0m
[15.781s] [100%] Built target deep_orange_msgs__rosidl_typesupport_introspection_c__pyext
[15.784s] [100%] Built target deep_orange_msgs__rosidl_typesupport_c__pyext
[15.888s] [100%] Built target deep_orange_msgs__rosidl_typesupport_fastrtps_c__pyext
[15.922s] Invoked command in '/ROEG/roeg_ws/build/deep_orange_msgs' returned '0': CMAKE_PREFIX_PATH=${CMAKE_PREFIX_PATH}:/ROEG/roeg_ws/install/roeg:/opt/ros/galactic /usr/bin/cmake --build /ROEG/roeg_ws/build/deep_orange_msgs -- -j16 -l16
[16.545s] Invoking command in '/ROEG/roeg_ws/build/deep_orange_msgs': CMAKE_PREFIX_PATH=${CMAKE_PREFIX_PATH}:/ROEG/roeg_ws/install/roeg:/opt/ros/galactic /usr/bin/cmake --install /ROEG/roeg_ws/build/deep_orange_msgs
[16.556s] -- Install configuration: ""
[16.557s] -- Installing: /ROEG/roeg_ws/install/deep_orange_msgs/share/ament_index/resource_index/rosidl_interfaces/deep_orange_msgs
[16.557s] -- Installing: /ROEG/roeg_ws/install/deep_orange_msgs/include/deep_orange_msgs
[16.557s] -- Installing: /ROEG/roeg_ws/install/deep_orange_msgs/include/deep_orange_msgs/msg
[16.557s] -- Installing: /ROEG/roeg_ws/install/deep_orange_msgs/include/deep_orange_msgs/msg/rc_to_ct.h
[16.557s] -- Installing: /ROEG/roeg_ws/install/deep_orange_msgs/include/deep_orange_msgs/msg/joystick_command.h
[16.557s] -- Installing: /ROEG/roeg_ws/install/deep_orange_msgs/include/deep_orange_msgs/msg/my_laps_report.h
[16.557s] -- Installing: /ROEG/roeg_ws/install/deep_orange_msgs/include/deep_orange_msgs/msg/brake_temp_report.h
[16.558s] -- Installing: /ROEG/roeg_ws/install/deep_orange_msgs/include/deep_orange_msgs/msg/race_control_report.h
[16.558s] -- Installing: /ROEG/roeg_ws/install/deep_orange_msgs/include/deep_orange_msgs/msg/diagnostic_report.h
[16.558s] -- Installing: /ROEG/roeg_ws/install/deep_orange_msgs/include/deep_orange_msgs/msg/pt_report.h
[16.558s] -- Installing: /ROEG/roeg_ws/install/deep_orange_msgs/include/deep_orange_msgs/msg/misc_report.h
[16.558s] -- Installing: /ROEG/roeg_ws/install/deep_orange_msgs/include/deep_orange_msgs/msg/rosidl_generator_c__visibility_control.h
[16.558s] -- Installing: /ROEG/roeg_ws/install/deep_orange_msgs/include/deep_orange_msgs/msg/base_to_car_summary.h
[16.559s] -- Installing: /ROEG/roeg_ws/install/deep_orange_msgs/include/deep_orange_msgs/msg/marelli_report.h
[16.559s] -- Installing: /ROEG/roeg_ws/install/deep_orange_msgs/include/deep_orange_msgs/msg/coordinates.h
[16.559s] -- Installing: /ROEG/roeg_ws/install/deep_orange_msgs/include/deep_orange_msgs/msg/ct_report.h
[16.559s] -- Installing: /ROEG/roeg_ws/install/deep_orange_msgs/include/deep_orange_msgs/msg/tire_temp_report.h
[16.559s] -- Installing: /ROEG/roeg_ws/install/deep_orange_msgs/include/deep_orange_msgs/msg/detail
[16.559s] -- Installing: /ROEG/roeg_ws/install/deep_orange_msgs/include/deep_orange_msgs/msg/detail/misc_report__functions.h
[16.560s] -- Installing: /ROEG/roeg_ws/install/deep_orange_msgs/include/deep_orange_msgs/msg/detail/rc_to_ct__functions.h
[16.560s] -- Installing: /ROEG/roeg_ws/install/deep_orange_msgs/include/deep_orange_msgs/msg/detail/race_control_report__functions.h
[16.560s] -- Installing: /ROEG/roeg_ws/install/deep_orange_msgs/include/deep_orange_msgs/msg/detail/lap_time_report__functions.c
[16.560s] -- Installing: /ROEG/roeg_ws/install/deep_orange_msgs/include/deep_orange_msgs/msg/detail/lap_time_report__type_support.h
[16.560s] -- Installing: /ROEG/roeg_ws/install/deep_orange_msgs/include/deep_orange_msgs/msg/detail/misc_report__type_support.h
[16.560s] -- Installing: /ROEG/roeg_ws/install/deep_orange_msgs/include/deep_orange_msgs/msg/detail/joystick_command__functions.c
[16.560s] -- Installing: /ROEG/roeg_ws/install/deep_orange_msgs/include/deep_orange_msgs/msg/detail/diagnostic_report__functions.c
[16.561s] -- Installing: /ROEG/roeg_ws/install/deep_orange_msgs/include/deep_orange_msgs/msg/detail/tire_temp__functions.c
[16.561s] -- Installing: /ROEG/roeg_ws/install/deep_orange_msgs/include/deep_orange_msgs/msg/detail/tire_temp_report__type_support.h
[16.561s] -- Installing: /ROEG/roeg_ws/install/deep_orange_msgs/include/deep_orange_msgs/msg/detail/tire_temp__functions.h
[16.561s] -- Installing: /ROEG/roeg_ws/install/deep_orange_msgs/include/deep_orange_msgs/msg/detail/brake_temp_report__struct.h
[16.561s] -- Installing: /ROEG/roeg_ws/install/deep_orange_msgs/include/deep_orange_msgs/msg/detail/my_laps_report__struct.h
[16.561s] -- Installing: /ROEG/roeg_ws/install/deep_orange_msgs/include/deep_orange_msgs/msg/detail/tire_temp__type_support.h
[16.562s] -- Installing: /ROEG/roeg_ws/install/deep_orange_msgs/include/deep_orange_msgs/msg/detail/telemetry__type_support.h
[16.562s] -- Installing: /ROEG/roeg_ws/install/deep_orange_msgs/include/deep_orange_msgs/msg/detail/telemetry__functions.h
[16.562s] -- Installing: /ROEG/roeg_ws/install/deep_orange_msgs/include/deep_orange_msgs/msg/detail/coordinates__functions.h
[16.562s] -- Installing: /ROEG/roeg_ws/install/deep_orange_msgs/include/deep_orange_msgs/msg/detail/telemetry__struct.h
[16.562s] -- Installing: /ROEG/roeg_ws/install/deep_orange_msgs/include/deep_orange_msgs/msg/detail/race_control_report__type_support.h
[16.562s] -- Installing: /ROEG/roeg_ws/install/deep_orange_msgs/include/deep_orange_msgs/msg/detail/brake_temp_report__type_support.h
[16.563s] -- Installing: /ROEG/roeg_ws/install/deep_orange_msgs/include/deep_orange_msgs/msg/detail/base_to_car_summary__functions.h
[16.563s] -- Installing: /ROEG/roeg_ws/install/deep_orange_msgs/include/deep_orange_msgs/msg/detail/my_laps_report__type_support.h
[16.563s] -- Installing: /ROEG/roeg_ws/install/deep_orange_msgs/include/deep_orange_msgs/msg/detail/ct_report__struct.h
[16.563s] -- Installing: /ROEG/roeg_ws/install/deep_orange_msgs/include/deep_orange_msgs/msg/detail/tire_temp_report__functions.h
[16.563s] -- Installing: /ROEG/roeg_ws/install/deep_orange_msgs/include/deep_orange_msgs/msg/detail/tire_report__type_support.h
[16.563s] -- Installing: /ROEG/roeg_ws/install/deep_orange_msgs/include/deep_orange_msgs/msg/detail/misc_report__struct.h
[16.563s] -- Installing: /ROEG/roeg_ws/install/deep_orange_msgs/include/deep_orange_msgs/msg/detail/diagnostic_report__functions.h
[16.564s] -- Installing: /ROEG/roeg_ws/install/deep_orange_msgs/include/deep_orange_msgs/msg/detail/brake_temp_report__functions.h
[16.564s] -- Installing: /ROEG/roeg_ws/install/deep_orange_msgs/include/deep_orange_msgs/msg/detail/telemetry__functions.c
[16.564s] -- Installing: /ROEG/roeg_ws/install/deep_orange_msgs/include/deep_orange_msgs/msg/detail/ct_report__functions.h
[16.564s] -- Installing: /ROEG/roeg_ws/install/deep_orange_msgs/include/deep_orange_msgs/msg/detail/coordinates__struct.h
[16.564s] -- Installing: /ROEG/roeg_ws/install/deep_orange_msgs/include/deep_orange_msgs/msg/detail/coordinates__type_support.h
[16.564s] -- Installing: /ROEG/roeg_ws/install/deep_orange_msgs/include/deep_orange_msgs/msg/detail/marelli_report__functions.h
[16.564s] -- Installing: /ROEG/roeg_ws/install/deep_orange_msgs/include/deep_orange_msgs/msg/detail/pt_report__struct.h
[16.565s] -- Installing: /ROEG/roeg_ws/install/deep_orange_msgs/include/deep_orange_msgs/msg/detail/pt_report__type_support.h
[16.565s] -- Installing: /ROEG/roeg_ws/install/deep_orange_msgs/include/deep_orange_msgs/msg/detail/tire_temp__struct.h
[16.565s] -- Installing: /ROEG/roeg_ws/install/deep_orange_msgs/include/deep_orange_msgs/msg/detail/tire_report__functions.c
[16.565s] -- Installing: /ROEG/roeg_ws/install/deep_orange_msgs/include/deep_orange_msgs/msg/detail/race_control_report__functions.c
[16.565s] -- Installing: /ROEG/roeg_ws/install/deep_orange_msgs/include/deep_orange_msgs/msg/detail/rc_to_ct__type_support.h
[16.565s] -- Installing: /ROEG/roeg_ws/install/deep_orange_msgs/include/deep_orange_msgs/msg/detail/coordinates__functions.c
[16.565s] -- Installing: /ROEG/roeg_ws/install/deep_orange_msgs/include/deep_orange_msgs/msg/detail/joystick_command__functions.h
[16.566s] -- Installing: /ROEG/roeg_ws/install/deep_orange_msgs/include/deep_orange_msgs/msg/detail/marelli_report__functions.c
[16.566s] -- Installing: /ROEG/roeg_ws/install/deep_orange_msgs/include/deep_orange_msgs/msg/detail/base_to_car_summary__functions.c
[16.566s] -- Installing: /ROEG/roeg_ws/install/deep_orange_msgs/include/deep_orange_msgs/msg/detail/my_laps_report__functions.c
[16.566s] -- Installing: /ROEG/roeg_ws/install/deep_orange_msgs/include/deep_orange_msgs/msg/detail/marelli_report__struct.h
[16.566s] -- Installing: /ROEG/roeg_ws/install/deep_orange_msgs/include/deep_orange_msgs/msg/detail/misc_report__functions.c
[16.566s] -- Installing: /ROEG/roeg_ws/install/deep_orange_msgs/include/deep_orange_msgs/msg/detail/ct_report__type_support.h
[16.567s] -- Installing: /ROEG/roeg_ws/install/deep_orange_msgs/include/deep_orange_msgs/msg/detail/tire_report__struct.h
[16.567s] -- Installing: /ROEG/roeg_ws/install/deep_orange_msgs/include/deep_orange_msgs/msg/detail/diagnostic_report__type_support.h
[16.567s] -- Installing: /ROEG/roeg_ws/install/deep_orange_msgs/include/deep_orange_msgs/msg/detail/rc_to_ct__struct.h
[16.567s] -- Installing: /ROEG/roeg_ws/install/deep_orange_msgs/include/deep_orange_msgs/msg/detail/tire_temp_report__struct.h
[16.567s] -- Installing: /ROEG/roeg_ws/install/deep_orange_msgs/include/deep_orange_msgs/msg/detail/lap_time_report__functions.h
[16.567s] -- Installing: /ROEG/roeg_ws/install/deep_orange_msgs/include/deep_orange_msgs/msg/detail/my_laps_report__functions.h
[16.567s] -- Installing: /ROEG/roeg_ws/install/deep_orange_msgs/include/deep_orange_msgs/msg/detail/base_to_car_summary__struct.h
[16.568s] -- Installing: /ROEG/roeg_ws/install/deep_orange_msgs/include/deep_orange_msgs/msg/detail/rc_to_ct__functions.c
[16.568s] -- Installing: /ROEG/roeg_ws/install/deep_orange_msgs/include/deep_orange_msgs/msg/detail/marelli_report__type_support.h
[16.568s] -- Installing: /ROEG/roeg_ws/install/deep_orange_msgs/include/deep_orange_msgs/msg/detail/joystick_command__type_support.h
[16.568s] -- Installing: /ROEG/roeg_ws/install/deep_orange_msgs/include/deep_orange_msgs/msg/detail/tire_report__functions.h
[16.568s] -- Installing: /ROEG/roeg_ws/install/deep_orange_msgs/include/deep_orange_msgs/msg/detail/race_control_report__struct.h
[16.568s] -- Installing: /ROEG/roeg_ws/install/deep_orange_msgs/include/deep_orange_msgs/msg/detail/brake_temp_report__functions.c
[16.568s] -- Installing: /ROEG/roeg_ws/install/deep_orange_msgs/include/deep_orange_msgs/msg/detail/pt_report__functions.c
[16.569s] -- Installing: /ROEG/roeg_ws/install/deep_orange_msgs/include/deep_orange_msgs/msg/detail/base_to_car_summary__type_support.h
[16.569s] -- Installing: /ROEG/roeg_ws/install/deep_orange_msgs/include/deep_orange_msgs/msg/detail/tire_temp_report__functions.c
[16.569s] -- Installing: /ROEG/roeg_ws/install/deep_orange_msgs/include/deep_orange_msgs/msg/detail/pt_report__functions.h
[16.569s] -- Installing: /ROEG/roeg_ws/install/deep_orange_msgs/include/deep_orange_msgs/msg/detail/diagnostic_report__struct.h
[16.569s] -- Installing: /ROEG/roeg_ws/install/deep_orange_msgs/include/deep_orange_msgs/msg/detail/joystick_command__struct.h
[16.569s] -- Installing: /ROEG/roeg_ws/install/deep_orange_msgs/include/deep_orange_msgs/msg/detail/lap_time_report__struct.h
[16.570s] -- Installing: /ROEG/roeg_ws/install/deep_orange_msgs/include/deep_orange_msgs/msg/detail/ct_report__functions.c
[16.570s] -- Installing: /ROEG/roeg_ws/install/deep_orange_msgs/include/deep_orange_msgs/msg/lap_time_report.h
[16.570s] -- Installing: /ROEG/roeg_ws/install/deep_orange_msgs/include/deep_orange_msgs/msg/tire_temp.h
[16.570s] -- Installing: /ROEG/roeg_ws/install/deep_orange_msgs/include/deep_orange_msgs/msg/tire_report.h
[16.570s] -- Installing: /ROEG/roeg_ws/install/deep_orange_msgs/include/deep_orange_msgs/msg/telemetry.h
[16.570s] -- Installing: /ROEG/roeg_ws/install/deep_orange_msgs/share/deep_orange_msgs/environment/library_path.sh
[16.571s] -- Installing: /ROEG/roeg_ws/install/deep_orange_msgs/share/deep_orange_msgs/environment/library_path.dsv
[16.571s] -- Installing: /ROEG/roeg_ws/install/deep_orange_msgs/lib/libdeep_orange_msgs__rosidl_generator_c.so
[16.572s] -- Set runtime path of "/ROEG/roeg_ws/install/deep_orange_msgs/lib/libdeep_orange_msgs__rosidl_generator_c.so" to ""
[16.572s] -- Up-to-date: /ROEG/roeg_ws/install/deep_orange_msgs/include/deep_orange_msgs
[16.572s] -- Up-to-date: /ROEG/roeg_ws/install/deep_orange_msgs/include/deep_orange_msgs/msg
[16.572s] -- Up-to-date: /ROEG/roeg_ws/install/deep_orange_msgs/include/deep_orange_msgs/msg/detail
[16.572s] -- Installing: /ROEG/roeg_ws/install/deep_orange_msgs/include/deep_orange_msgs/msg/detail/ct_report__rosidl_typesupport_fastrtps_c.h
[16.572s] -- Installing: /ROEG/roeg_ws/install/deep_orange_msgs/include/deep_orange_msgs/msg/detail/rc_to_ct__rosidl_typesupport_fastrtps_c.h
[16.572s] -- Installing: /ROEG/roeg_ws/install/deep_orange_msgs/include/deep_orange_msgs/msg/detail/base_to_car_summary__rosidl_typesupport_fastrtps_c.h
[16.572s] -- Installing: /ROEG/roeg_ws/install/deep_orange_msgs/include/deep_orange_msgs/msg/detail/my_laps_report__rosidl_typesupport_fastrtps_c.h
[16.573s] -- Installing: /ROEG/roeg_ws/install/deep_orange_msgs/include/deep_orange_msgs/msg/detail/pt_report__rosidl_typesupport_fastrtps_c.h
[16.573s] -- Installing: /ROEG/roeg_ws/install/deep_orange_msgs/include/deep_orange_msgs/msg/detail/tire_temp__rosidl_typesupport_fastrtps_c.h
[16.573s] -- Installing: /ROEG/roeg_ws/install/deep_orange_msgs/include/deep_orange_msgs/msg/detail/lap_time_report__rosidl_typesupport_fastrtps_c.h
[16.573s] -- Installing: /ROEG/roeg_ws/install/deep_orange_msgs/include/deep_orange_msgs/msg/detail/misc_report__rosidl_typesupport_fastrtps_c.h
[16.573s] -- Installing: /ROEG/roeg_ws/install/deep_orange_msgs/include/deep_orange_msgs/msg/detail/joystick_command__rosidl_typesupport_fastrtps_c.h
[16.573s] -- Installing: /ROEG/roeg_ws/install/deep_orange_msgs/include/deep_orange_msgs/msg/detail/marelli_report__rosidl_typesupport_fastrtps_c.h
[16.573s] -- Installing: /ROEG/roeg_ws/install/deep_orange_msgs/include/deep_orange_msgs/msg/detail/tire_report__rosidl_typesupport_fastrtps_c.h
[16.574s] -- Installing: /ROEG/roeg_ws/install/deep_orange_msgs/include/deep_orange_msgs/msg/detail/tire_temp_report__rosidl_typesupport_fastrtps_c.h
[16.574s] -- Installing: /ROEG/roeg_ws/install/deep_orange_msgs/include/deep_orange_msgs/msg/detail/diagnostic_report__rosidl_typesupport_fastrtps_c.h
[16.574s] -- Installing: /ROEG/roeg_ws/install/deep_orange_msgs/include/deep_orange_msgs/msg/detail/brake_temp_report__rosidl_typesupport_fastrtps_c.h
[16.574s] -- Installing: /ROEG/roeg_ws/install/deep_orange_msgs/include/deep_orange_msgs/msg/detail/coordinates__rosidl_typesupport_fastrtps_c.h
[16.574s] -- Installing: /ROEG/roeg_ws/install/deep_orange_msgs/include/deep_orange_msgs/msg/detail/race_control_report__rosidl_typesupport_fastrtps_c.h
[16.575s] -- Installing: /ROEG/roeg_ws/install/deep_orange_msgs/include/deep_orange_msgs/msg/detail/telemetry__rosidl_typesupport_fastrtps_c.h
[16.575s] -- Installing: /ROEG/roeg_ws/install/deep_orange_msgs/include/deep_orange_msgs/msg/rosidl_typesupport_fastrtps_c__visibility_control.h
[16.575s] -- Installing: /ROEG/roeg_ws/install/deep_orange_msgs/lib/libdeep_orange_msgs__rosidl_typesupport_fastrtps_c.so
[16.576s] -- Set runtime path of "/ROEG/roeg_ws/install/deep_orange_msgs/lib/libdeep_orange_msgs__rosidl_typesupport_fastrtps_c.so" to ""
[16.576s] -- Up-to-date: /ROEG/roeg_ws/install/deep_orange_msgs/include/deep_orange_msgs
[16.576s] -- Up-to-date: /ROEG/roeg_ws/install/deep_orange_msgs/include/deep_orange_msgs/msg
[16.576s] -- Installing: /ROEG/roeg_ws/install/deep_orange_msgs/include/deep_orange_msgs/msg/rosidl_typesupport_fastrtps_cpp__visibility_control.h
[16.576s] -- Up-to-date: /ROEG/roeg_ws/install/deep_orange_msgs/include/deep_orange_msgs/msg/detail
[16.576s] -- Installing: /ROEG/roeg_ws/install/deep_orange_msgs/include/deep_orange_msgs/msg/detail/ct_report__rosidl_typesupport_fastrtps_cpp.hpp
[16.576s] -- Installing: /ROEG/roeg_ws/install/deep_orange_msgs/include/deep_orange_msgs/msg/detail/telemetry__rosidl_typesupport_fastrtps_cpp.hpp
[16.576s] -- Installing: /ROEG/roeg_ws/install/deep_orange_msgs/include/deep_orange_msgs/msg/detail/misc_report__rosidl_typesupport_fastrtps_cpp.hpp
[16.577s] -- Installing: /ROEG/roeg_ws/install/deep_orange_msgs/include/deep_orange_msgs/msg/detail/brake_temp_report__rosidl_typesupport_fastrtps_cpp.hpp
[16.577s] -- Installing: /ROEG/roeg_ws/install/deep_orange_msgs/include/deep_orange_msgs/msg/detail/diagnostic_report__rosidl_typesupport_fastrtps_cpp.hpp
[16.577s] -- Installing: /ROEG/roeg_ws/install/deep_orange_msgs/include/deep_orange_msgs/msg/detail/tire_temp_report__rosidl_typesupport_fastrtps_cpp.hpp
[16.577s] -- Installing: /ROEG/roeg_ws/install/deep_orange_msgs/include/deep_orange_msgs/msg/detail/race_control_report__rosidl_typesupport_fastrtps_cpp.hpp
[16.577s] -- Installing: /ROEG/roeg_ws/install/deep_orange_msgs/include/deep_orange_msgs/msg/detail/base_to_car_summary__rosidl_typesupport_fastrtps_cpp.hpp
[16.577s] -- Installing: /ROEG/roeg_ws/install/deep_orange_msgs/include/deep_orange_msgs/msg/detail/joystick_command__rosidl_typesupport_fastrtps_cpp.hpp
[16.577s] -- Installing: /ROEG/roeg_ws/install/deep_orange_msgs/include/deep_orange_msgs/msg/detail/tire_temp__rosidl_typesupport_fastrtps_cpp.hpp
[16.577s] -- Installing: /ROEG/roeg_ws/install/deep_orange_msgs/include/deep_orange_msgs/msg/detail/tire_report__rosidl_typesupport_fastrtps_cpp.hpp
[16.578s] -- Installing: /ROEG/roeg_ws/install/deep_orange_msgs/include/deep_orange_msgs/msg/detail/pt_report__rosidl_typesupport_fastrtps_cpp.hpp
[16.578s] -- Installing: /ROEG/roeg_ws/install/deep_orange_msgs/include/deep_orange_msgs/msg/detail/dds_fastrtps
[16.578s] -- Installing: /ROEG/roeg_ws/install/deep_orange_msgs/include/deep_orange_msgs/msg/detail/coordinates__rosidl_typesupport_fastrtps_cpp.hpp
[16.578s] -- Installing: /ROEG/roeg_ws/install/deep_orange_msgs/include/deep_orange_msgs/msg/detail/marelli_report__rosidl_typesupport_fastrtps_cpp.hpp
[16.578s] -- Installing: /ROEG/roeg_ws/install/deep_orange_msgs/include/deep_orange_msgs/msg/detail/lap_time_report__rosidl_typesupport_fastrtps_cpp.hpp
[16.578s] -- Installing: /ROEG/roeg_ws/install/deep_orange_msgs/include/deep_orange_msgs/msg/detail/rc_to_ct__rosidl_typesupport_fastrtps_cpp.hpp
[16.579s] -- Installing: /ROEG/roeg_ws/install/deep_orange_msgs/include/deep_orange_msgs/msg/detail/my_laps_report__rosidl_typesupport_fastrtps_cpp.hpp
[16.579s] -- Installing: /ROEG/roeg_ws/install/deep_orange_msgs/lib/libdeep_orange_msgs__rosidl_typesupport_fastrtps_cpp.so
[16.580s] -- Set runtime path of "/ROEG/roeg_ws/install/deep_orange_msgs/lib/libdeep_orange_msgs__rosidl_typesupport_fastrtps_cpp.so" to ""
[16.580s] -- Up-to-date: /ROEG/roeg_ws/install/deep_orange_msgs/include/deep_orange_msgs
[16.580s] -- Up-to-date: /ROEG/roeg_ws/install/deep_orange_msgs/include/deep_orange_msgs/msg
[16.580s] -- Installing: /ROEG/roeg_ws/install/deep_orange_msgs/include/deep_orange_msgs/msg/rosidl_typesupport_introspection_c__visibility_control.h
[16.580s] -- Up-to-date: /ROEG/roeg_ws/install/deep_orange_msgs/include/deep_orange_msgs/msg/detail
[16.580s] -- Installing: /ROEG/roeg_ws/install/deep_orange_msgs/include/deep_orange_msgs/msg/detail/tire_report__rosidl_typesupport_introspection_c.h
[16.580s] -- Installing: /ROEG/roeg_ws/install/deep_orange_msgs/include/deep_orange_msgs/msg/detail/ct_report__type_support.c
[16.580s] -- Installing: /ROEG/roeg_ws/install/deep_orange_msgs/include/deep_orange_msgs/msg/detail/tire_temp_report__rosidl_typesupport_introspection_c.h
[16.581s] -- Installing: /ROEG/roeg_ws/install/deep_orange_msgs/include/deep_orange_msgs/msg/detail/coordinates__rosidl_typesupport_introspection_c.h
[16.581s] -- Installing: /ROEG/roeg_ws/install/deep_orange_msgs/include/deep_orange_msgs/msg/detail/race_control_report__rosidl_typesupport_introspection_c.h
[16.581s] -- Installing: /ROEG/roeg_ws/install/deep_orange_msgs/include/deep_orange_msgs/msg/detail/lap_time_report__rosidl_typesupport_introspection_c.h
[16.581s] -- Installing: /ROEG/roeg_ws/install/deep_orange_msgs/include/deep_orange_msgs/msg/detail/lap_time_report__type_support.c
[16.581s] -- Installing: /ROEG/roeg_ws/install/deep_orange_msgs/include/deep_orange_msgs/msg/detail/tire_report__type_support.c
[16.581s] -- Installing: /ROEG/roeg_ws/install/deep_orange_msgs/include/deep_orange_msgs/msg/detail/joystick_command__rosidl_typesupport_introspection_c.h
[16.581s] -- Installing: /ROEG/roeg_ws/install/deep_orange_msgs/include/deep_orange_msgs/msg/detail/telemetry__rosidl_typesupport_introspection_c.h
[16.581s] -- Installing: /ROEG/roeg_ws/install/deep_orange_msgs/include/deep_orange_msgs/msg/detail/diagnostic_report__type_support.c
[16.582s] -- Installing: /ROEG/roeg_ws/install/deep_orange_msgs/include/deep_orange_msgs/msg/detail/ct_report__rosidl_typesupport_introspection_c.h
[16.582s] -- Installing: /ROEG/roeg_ws/install/deep_orange_msgs/include/deep_orange_msgs/msg/detail/joystick_command__type_support.c
[16.582s] -- Installing: /ROEG/roeg_ws/install/deep_orange_msgs/include/deep_orange_msgs/msg/detail/my_laps_report__rosidl_typesupport_introspection_c.h
[16.582s] -- Installing: /ROEG/roeg_ws/install/deep_orange_msgs/include/deep_orange_msgs/msg/detail/misc_report__rosidl_typesupport_introspection_c.h
[16.582s] -- Installing: /ROEG/roeg_ws/install/deep_orange_msgs/include/deep_orange_msgs/msg/detail/pt_report__rosidl_typesupport_introspection_c.h
[16.582s] -- Installing: /ROEG/roeg_ws/install/deep_orange_msgs/include/deep_orange_msgs/msg/detail/marelli_report__rosidl_typesupport_introspection_c.h
[16.583s] -- Installing: /ROEG/roeg_ws/install/deep_orange_msgs/include/deep_orange_msgs/msg/detail/rc_to_ct__rosidl_typesupport_introspection_c.h
[16.583s] -- Installing: /ROEG/roeg_ws/install/deep_orange_msgs/include/deep_orange_msgs/msg/detail/tire_temp__rosidl_typesupport_introspection_c.h
[16.583s] -- Installing: /ROEG/roeg_ws/install/deep_orange_msgs/include/deep_orange_msgs/msg/detail/my_laps_report__type_support.c
[16.583s] -- Installing: /ROEG/roeg_ws/install/deep_orange_msgs/include/deep_orange_msgs/msg/detail/base_to_car_summary__rosidl_typesupport_introspection_c.h
[16.583s] -- Installing: /ROEG/roeg_ws/install/deep_orange_msgs/include/deep_orange_msgs/msg/detail/brake_temp_report__rosidl_typesupport_introspection_c.h
[16.583s] -- Installing: /ROEG/roeg_ws/install/deep_orange_msgs/include/deep_orange_msgs/msg/detail/diagnostic_report__rosidl_typesupport_introspection_c.h
[16.584s] -- Installing: /ROEG/roeg_ws/install/deep_orange_msgs/include/deep_orange_msgs/msg/detail/pt_report__type_support.c
[16.584s] -- Installing: /ROEG/roeg_ws/install/deep_orange_msgs/include/deep_orange_msgs/msg/detail/misc_report__type_support.c
[16.584s] -- Installing: /ROEG/roeg_ws/install/deep_orange_msgs/include/deep_orange_msgs/msg/detail/brake_temp_report__type_support.c
[16.584s] -- Installing: /ROEG/roeg_ws/install/deep_orange_msgs/include/deep_orange_msgs/msg/detail/tire_temp_report__type_support.c
[16.584s] -- Installing: /ROEG/roeg_ws/install/deep_orange_msgs/include/deep_orange_msgs/msg/detail/base_to_car_summary__type_support.c
[16.584s] -- Installing: /ROEG/roeg_ws/install/deep_orange_msgs/include/deep_orange_msgs/msg/detail/rc_to_ct__type_support.c
[16.584s] -- Installing: /ROEG/roeg_ws/install/deep_orange_msgs/include/deep_orange_msgs/msg/detail/marelli_report__type_support.c
[16.585s] -- Installing: /ROEG/roeg_ws/install/deep_orange_msgs/include/deep_orange_msgs/msg/detail/telemetry__type_support.c
[16.585s] -- Installing: /ROEG/roeg_ws/install/deep_orange_msgs/include/deep_orange_msgs/msg/detail/tire_temp__type_support.c
[16.585s] -- Installing: /ROEG/roeg_ws/install/deep_orange_msgs/include/deep_orange_msgs/msg/detail/race_control_report__type_support.c
[16.585s] -- Installing: /ROEG/roeg_ws/install/deep_orange_msgs/include/deep_orange_msgs/msg/detail/coordinates__type_support.c
[16.585s] -- Installing: /ROEG/roeg_ws/install/deep_orange_msgs/lib/libdeep_orange_msgs__rosidl_typesupport_introspection_c.so
[16.586s] -- Set runtime path of "/ROEG/roeg_ws/install/deep_orange_msgs/lib/libdeep_orange_msgs__rosidl_typesupport_introspection_c.so" to ""
[16.586s] -- Installing: /ROEG/roeg_ws/install/deep_orange_msgs/lib/libdeep_orange_msgs__rosidl_typesupport_c.so
[16.587s] -- Set runtime path of "/ROEG/roeg_ws/install/deep_orange_msgs/lib/libdeep_orange_msgs__rosidl_typesupport_c.so" to ""
[16.587s] -- Up-to-date: /ROEG/roeg_ws/install/deep_orange_msgs/include/deep_orange_msgs
[16.587s] -- Up-to-date: /ROEG/roeg_ws/install/deep_orange_msgs/include/deep_orange_msgs/msg
[16.587s] -- Installing: /ROEG/roeg_ws/install/deep_orange_msgs/include/deep_orange_msgs/msg/joystick_command.hpp
[16.587s] -- Installing: /ROEG/roeg_ws/install/deep_orange_msgs/include/deep_orange_msgs/msg/my_laps_report.hpp
[16.587s] -- Installing: /ROEG/roeg_ws/install/deep_orange_msgs/include/deep_orange_msgs/msg/lap_time_report.hpp
[16.587s] -- Installing: /ROEG/roeg_ws/install/deep_orange_msgs/include/deep_orange_msgs/msg/race_control_report.hpp
[16.587s] -- Installing: /ROEG/roeg_ws/install/deep_orange_msgs/include/deep_orange_msgs/msg/tire_temp_report.hpp
[16.588s] -- Installing: /ROEG/roeg_ws/install/deep_orange_msgs/include/deep_orange_msgs/msg/ct_report.hpp
[16.588s] -- Installing: /ROEG/roeg_ws/install/deep_orange_msgs/include/deep_orange_msgs/msg/rc_to_ct.hpp
[16.588s] -- Installing: /ROEG/roeg_ws/install/deep_orange_msgs/include/deep_orange_msgs/msg/coordinates.hpp
[16.588s] -- Installing: /ROEG/roeg_ws/install/deep_orange_msgs/include/deep_orange_msgs/msg/base_to_car_summary.hpp
[16.588s] -- Installing: /ROEG/roeg_ws/install/deep_orange_msgs/include/deep_orange_msgs/msg/misc_report.hpp
[16.588s] -- Installing: /ROEG/roeg_ws/install/deep_orange_msgs/include/deep_orange_msgs/msg/marelli_report.hpp
[16.588s] -- Installing: /ROEG/roeg_ws/install/deep_orange_msgs/include/deep_orange_msgs/msg/telemetry.hpp
[16.588s] -- Installing: /ROEG/roeg_ws/install/deep_orange_msgs/include/deep_orange_msgs/msg/brake_temp_report.hpp
[16.589s] -- Installing: /ROEG/roeg_ws/install/deep_orange_msgs/include/deep_orange_msgs/msg/pt_report.hpp
[16.589s] -- Up-to-date: /ROEG/roeg_ws/install/deep_orange_msgs/include/deep_orange_msgs/msg/detail
[16.589s] -- Installing: /ROEG/roeg_ws/install/deep_orange_msgs/include/deep_orange_msgs/msg/detail/misc_report__builder.hpp
[16.589s] -- Installing: /ROEG/roeg_ws/install/deep_orange_msgs/include/deep_orange_msgs/msg/detail/brake_temp_report__builder.hpp
[16.589s] -- Installing: /ROEG/roeg_ws/install/deep_orange_msgs/include/deep_orange_msgs/msg/detail/my_laps_report__traits.hpp
[16.589s] -- Installing: /ROEG/roeg_ws/install/deep_orange_msgs/include/deep_orange_msgs/msg/detail/telemetry__struct.hpp
[16.589s] -- Installing: /ROEG/roeg_ws/install/deep_orange_msgs/include/deep_orange_msgs/msg/detail/tire_temp__traits.hpp
[16.590s] -- Installing: /ROEG/roeg_ws/install/deep_orange_msgs/include/deep_orange_msgs/msg/detail/pt_report__struct.hpp
[16.590s] -- Installing: /ROEG/roeg_ws/install/deep_orange_msgs/include/deep_orange_msgs/msg/detail/rc_to_ct__struct.hpp
[16.590s] -- Installing: /ROEG/roeg_ws/install/deep_orange_msgs/include/deep_orange_msgs/msg/detail/tire_temp_report__builder.hpp
[16.590s] -- Installing: /ROEG/roeg_ws/install/deep_orange_msgs/include/deep_orange_msgs/msg/detail/tire_temp__struct.hpp
[16.590s] -- Installing: /ROEG/roeg_ws/install/deep_orange_msgs/include/deep_orange_msgs/msg/detail/tire_temp_report__traits.hpp
[16.590s] -- Installing: /ROEG/roeg_ws/install/deep_orange_msgs/include/deep_orange_msgs/msg/detail/ct_report__traits.hpp
[16.591s] -- Installing: /ROEG/roeg_ws/install/deep_orange_msgs/include/deep_orange_msgs/msg/detail/misc_report__traits.hpp
[16.591s] -- Installing: /ROEG/roeg_ws/install/deep_orange_msgs/include/deep_orange_msgs/msg/detail/joystick_command__traits.hpp
[16.591s] -- Installing: /ROEG/roeg_ws/install/deep_orange_msgs/include/deep_orange_msgs/msg/detail/coordinates__struct.hpp
[16.591s] -- Installing: /ROEG/roeg_ws/install/deep_orange_msgs/include/deep_orange_msgs/msg/detail/joystick_command__builder.hpp
[16.591s] -- Installing: /ROEG/roeg_ws/install/deep_orange_msgs/include/deep_orange_msgs/msg/detail/base_to_car_summary__builder.hpp
[16.591s] -- Installing: /ROEG/roeg_ws/install/deep_orange_msgs/include/deep_orange_msgs/msg/detail/lap_time_report__traits.hpp
[16.592s] -- Installing: /ROEG/roeg_ws/install/deep_orange_msgs/include/deep_orange_msgs/msg/detail/diagnostic_report__builder.hpp
[16.592s] -- Installing: /ROEG/roeg_ws/install/deep_orange_msgs/include/deep_orange_msgs/msg/detail/marelli_report__builder.hpp
[16.592s] -- Installing: /ROEG/roeg_ws/install/deep_orange_msgs/include/deep_orange_msgs/msg/detail/telemetry__traits.hpp
[16.592s] -- Installing: /ROEG/roeg_ws/install/deep_orange_msgs/include/deep_orange_msgs/msg/detail/brake_temp_report__struct.hpp
[16.592s] -- Installing: /ROEG/roeg_ws/install/deep_orange_msgs/include/deep_orange_msgs/msg/detail/diagnostic_report__struct.hpp
[16.592s] -- Installing: /ROEG/roeg_ws/install/deep_orange_msgs/include/deep_orange_msgs/msg/detail/tire_temp__builder.hpp
[16.593s] -- Installing: /ROEG/roeg_ws/install/deep_orange_msgs/include/deep_orange_msgs/msg/detail/marelli_report__traits.hpp
[16.593s] -- Installing: /ROEG/roeg_ws/install/deep_orange_msgs/include/deep_orange_msgs/msg/detail/diagnostic_report__traits.hpp
[16.593s] -- Installing: /ROEG/roeg_ws/install/deep_orange_msgs/include/deep_orange_msgs/msg/detail/misc_report__struct.hpp
[16.593s] -- Installing: /ROEG/roeg_ws/install/deep_orange_msgs/include/deep_orange_msgs/msg/detail/my_laps_report__struct.hpp
[16.593s] -- Installing: /ROEG/roeg_ws/install/deep_orange_msgs/include/deep_orange_msgs/msg/detail/race_control_report__struct.hpp
[16.593s] -- Installing: /ROEG/roeg_ws/install/deep_orange_msgs/include/deep_orange_msgs/msg/detail/pt_report__builder.hpp
[16.594s] -- Installing: /ROEG/roeg_ws/install/deep_orange_msgs/include/deep_orange_msgs/msg/detail/marelli_report__struct.hpp
[16.594s] -- Installing: /ROEG/roeg_ws/install/deep_orange_msgs/include/deep_orange_msgs/msg/detail/race_control_report__traits.hpp
[16.594s] -- Installing: /ROEG/roeg_ws/install/deep_orange_msgs/include/deep_orange_msgs/msg/detail/base_to_car_summary__traits.hpp
[16.594s] -- Installing: /ROEG/roeg_ws/install/deep_orange_msgs/include/deep_orange_msgs/msg/detail/ct_report__builder.hpp
[16.594s] -- Installing: /ROEG/roeg_ws/install/deep_orange_msgs/include/deep_orange_msgs/msg/detail/lap_time_report__struct.hpp
[16.594s] -- Installing: /ROEG/roeg_ws/install/deep_orange_msgs/include/deep_orange_msgs/msg/detail/pt_report__traits.hpp
[16.595s] -- Installing: /ROEG/roeg_ws/install/deep_orange_msgs/include/deep_orange_msgs/msg/detail/tire_temp_report__struct.hpp
[16.595s] -- Installing: /ROEG/roeg_ws/install/deep_orange_msgs/include/deep_orange_msgs/msg/detail/rc_to_ct__builder.hpp
[16.595s] -- Installing: /ROEG/roeg_ws/install/deep_orange_msgs/include/deep_orange_msgs/msg/detail/joystick_command__struct.hpp
[16.595s] -- Installing: /ROEG/roeg_ws/install/deep_orange_msgs/include/deep_orange_msgs/msg/detail/tire_report__traits.hpp
[16.595s] -- Installing: /ROEG/roeg_ws/install/deep_orange_msgs/include/deep_orange_msgs/msg/detail/ct_report__struct.hpp
[16.595s] -- Installing: /ROEG/roeg_ws/install/deep_orange_msgs/include/deep_orange_msgs/msg/detail/rc_to_ct__traits.hpp
[16.596s] -- Installing: /ROEG/roeg_ws/install/deep_orange_msgs/include/deep_orange_msgs/msg/detail/lap_time_report__builder.hpp
[16.596s] -- Installing: /ROEG/roeg_ws/install/deep_orange_msgs/include/deep_orange_msgs/msg/detail/my_laps_report__builder.hpp
[16.596s] -- Installing: /ROEG/roeg_ws/install/deep_orange_msgs/include/deep_orange_msgs/msg/detail/base_to_car_summary__struct.hpp
[16.596s] -- Installing: /ROEG/roeg_ws/install/deep_orange_msgs/include/deep_orange_msgs/msg/detail/race_control_report__builder.hpp
[16.596s] -- Installing: /ROEG/roeg_ws/install/deep_orange_msgs/include/deep_orange_msgs/msg/detail/coordinates__builder.hpp
[16.596s] -- Installing: /ROEG/roeg_ws/install/deep_orange_msgs/include/deep_orange_msgs/msg/detail/tire_report__builder.hpp
[16.597s] -- Installing: /ROEG/roeg_ws/install/deep_orange_msgs/include/deep_orange_msgs/msg/detail/tire_report__struct.hpp
[16.597s] -- Installing: /ROEG/roeg_ws/install/deep_orange_msgs/include/deep_orange_msgs/msg/detail/telemetry__builder.hpp
[16.597s] -- Installing: /ROEG/roeg_ws/install/deep_orange_msgs/include/deep_orange_msgs/msg/detail/brake_temp_report__traits.hpp
[16.597s] -- Installing: /ROEG/roeg_ws/install/deep_orange_msgs/include/deep_orange_msgs/msg/detail/coordinates__traits.hpp
[16.597s] -- Installing: /ROEG/roeg_ws/install/deep_orange_msgs/include/deep_orange_msgs/msg/tire_temp.hpp
[16.597s] -- Installing: /ROEG/roeg_ws/install/deep_orange_msgs/include/deep_orange_msgs/msg/tire_report.hpp
[16.598s] -- Installing: /ROEG/roeg_ws/install/deep_orange_msgs/include/deep_orange_msgs/msg/diagnostic_report.hpp
[16.598s] -- Up-to-date: /ROEG/roeg_ws/install/deep_orange_msgs/include/deep_orange_msgs
[16.598s] -- Up-to-date: /ROEG/roeg_ws/install/deep_orange_msgs/include/deep_orange_msgs/msg
[16.598s] -- Up-to-date: /ROEG/roeg_ws/install/deep_orange_msgs/include/deep_orange_msgs/msg/detail
[16.598s] -- Installing: /ROEG/roeg_ws/install/deep_orange_msgs/include/deep_orange_msgs/msg/detail/diagnostic_report__rosidl_typesupport_introspection_cpp.hpp
[16.598s] -- Installing: /ROEG/roeg_ws/install/deep_orange_msgs/include/deep_orange_msgs/msg/detail/lap_time_report__type_support.cpp
[16.598s] -- Installing: /ROEG/roeg_ws/install/deep_orange_msgs/include/deep_orange_msgs/msg/detail/misc_report__rosidl_typesupport_introspection_cpp.hpp
[16.599s] -- Installing: /ROEG/roeg_ws/install/deep_orange_msgs/include/deep_orange_msgs/msg/detail/my_laps_report__rosidl_typesupport_introspection_cpp.hpp
[16.599s] -- Installing: /ROEG/roeg_ws/install/deep_orange_msgs/include/deep_orange_msgs/msg/detail/lap_time_report__rosidl_typesupport_introspection_cpp.hpp
[16.599s] -- Installing: /ROEG/roeg_ws/install/deep_orange_msgs/include/deep_orange_msgs/msg/detail/tire_temp__type_support.cpp
[16.599s] -- Installing: /ROEG/roeg_ws/install/deep_orange_msgs/include/deep_orange_msgs/msg/detail/coordinates__type_support.cpp
[16.599s] -- Installing: /ROEG/roeg_ws/install/deep_orange_msgs/include/deep_orange_msgs/msg/detail/telemetry__rosidl_typesupport_introspection_cpp.hpp
[16.599s] -- Installing: /ROEG/roeg_ws/install/deep_orange_msgs/include/deep_orange_msgs/msg/detail/race_control_report__rosidl_typesupport_introspection_cpp.hpp
[16.600s] -- Installing: /ROEG/roeg_ws/install/deep_orange_msgs/include/deep_orange_msgs/msg/detail/ct_report__type_support.cpp
[16.600s] -- Installing: /ROEG/roeg_ws/install/deep_orange_msgs/include/deep_orange_msgs/msg/detail/tire_temp__rosidl_typesupport_introspection_cpp.hpp
[16.600s] -- Installing: /ROEG/roeg_ws/install/deep_orange_msgs/include/deep_orange_msgs/msg/detail/rc_to_ct__rosidl_typesupport_introspection_cpp.hpp
[16.600s] -- Installing: /ROEG/roeg_ws/install/deep_orange_msgs/include/deep_orange_msgs/msg/detail/my_laps_report__type_support.cpp
[16.600s] -- Installing: /ROEG/roeg_ws/install/deep_orange_msgs/include/deep_orange_msgs/msg/detail/rc_to_ct__type_support.cpp
[16.600s] -- Installing: /ROEG/roeg_ws/install/deep_orange_msgs/include/deep_orange_msgs/msg/detail/base_to_car_summary__rosidl_typesupport_introspection_cpp.hpp
[16.601s] -- Installing: /ROEG/roeg_ws/install/deep_orange_msgs/include/deep_orange_msgs/msg/detail/diagnostic_report__type_support.cpp
[16.601s] -- Installing: /ROEG/roeg_ws/install/deep_orange_msgs/include/deep_orange_msgs/msg/detail/tire_report__type_support.cpp
[16.601s] -- Installing: /ROEG/roeg_ws/install/deep_orange_msgs/include/deep_orange_msgs/msg/detail/base_to_car_summary__type_support.cpp
[16.601s] -- Installing: /ROEG/roeg_ws/install/deep_orange_msgs/include/deep_orange_msgs/msg/detail/tire_report__rosidl_typesupport_introspection_cpp.hpp
[16.601s] -- Installing: /ROEG/roeg_ws/install/deep_orange_msgs/include/deep_orange_msgs/msg/detail/marelli_report__type_support.cpp
[16.601s] -- Installing: /ROEG/roeg_ws/install/deep_orange_msgs/include/deep_orange_msgs/msg/detail/misc_report__type_support.cpp
[16.602s] -- Installing: /ROEG/roeg_ws/install/deep_orange_msgs/include/deep_orange_msgs/msg/detail/pt_report__type_support.cpp
[16.602s] -- Installing: /ROEG/roeg_ws/install/deep_orange_msgs/include/deep_orange_msgs/msg/detail/telemetry__type_support.cpp
[16.602s] -- Installing: /ROEG/roeg_ws/install/deep_orange_msgs/include/deep_orange_msgs/msg/detail/pt_report__rosidl_typesupport_introspection_cpp.hpp
[16.602s] -- Installing: /ROEG/roeg_ws/install/deep_orange_msgs/include/deep_orange_msgs/msg/detail/tire_temp_report__rosidl_typesupport_introspection_cpp.hpp
[16.602s] -- Installing: /ROEG/roeg_ws/install/deep_orange_msgs/include/deep_orange_msgs/msg/detail/joystick_command__type_support.cpp
[16.602s] -- Installing: /ROEG/roeg_ws/install/deep_orange_msgs/include/deep_orange_msgs/msg/detail/coordinates__rosidl_typesupport_introspection_cpp.hpp
[16.603s] -- Installing: /ROEG/roeg_ws/install/deep_orange_msgs/include/deep_orange_msgs/msg/detail/marelli_report__rosidl_typesupport_introspection_cpp.hpp
[16.603s] -- Installing: /ROEG/roeg_ws/install/deep_orange_msgs/include/deep_orange_msgs/msg/detail/joystick_command__rosidl_typesupport_introspection_cpp.hpp
[16.603s] -- Installing: /ROEG/roeg_ws/install/deep_orange_msgs/include/deep_orange_msgs/msg/detail/tire_temp_report__type_support.cpp
[16.603s] -- Installing: /ROEG/roeg_ws/install/deep_orange_msgs/include/deep_orange_msgs/msg/detail/race_control_report__type_support.cpp
[16.603s] -- Installing: /ROEG/roeg_ws/install/deep_orange_msgs/include/deep_orange_msgs/msg/detail/ct_report__rosidl_typesupport_introspection_cpp.hpp
[16.603s] -- Installing: /ROEG/roeg_ws/install/deep_orange_msgs/include/deep_orange_msgs/msg/detail/brake_temp_report__type_support.cpp
[16.604s] -- Installing: /ROEG/roeg_ws/install/deep_orange_msgs/include/deep_orange_msgs/msg/detail/brake_temp_report__rosidl_typesupport_introspection_cpp.hpp
[16.604s] -- Installing: /ROEG/roeg_ws/install/deep_orange_msgs/lib/libdeep_orange_msgs__rosidl_typesupport_introspection_cpp.so
[16.605s] -- Set runtime path of "/ROEG/roeg_ws/install/deep_orange_msgs/lib/libdeep_orange_msgs__rosidl_typesupport_introspection_cpp.so" to ""
[16.605s] -- Installing: /ROEG/roeg_ws/install/deep_orange_msgs/lib/libdeep_orange_msgs__rosidl_typesupport_cpp.so
[16.605s] -- Set runtime path of "/ROEG/roeg_ws/install/deep_orange_msgs/lib/libdeep_orange_msgs__rosidl_typesupport_cpp.so" to ""
[16.605s] -- Installing: /ROEG/roeg_ws/install/deep_orange_msgs/share/deep_orange_msgs/environment/pythonpath.sh
[16.606s] -- Installing: /ROEG/roeg_ws/install/deep_orange_msgs/share/deep_orange_msgs/environment/pythonpath.dsv
[16.606s] -- Installing: /ROEG/roeg_ws/install/deep_orange_msgs/lib/python3.8/site-packages/deep_orange_msgs/__init__.py
[16.637s] Compiling '/ROEG/roeg_ws/install/deep_orange_msgs/lib/python3.8/site-packages/deep_orange_msgs/__init__.py'...
[16.640s] -- Installing: /ROEG/roeg_ws/install/deep_orange_msgs/lib/python3.8/site-packages/deep_orange_msgs/msg
[16.641s] -- Installing: /ROEG/roeg_ws/install/deep_orange_msgs/lib/python3.8/site-packages/deep_orange_msgs/msg/_joystick_command.py
[16.641s] -- Installing: /ROEG/roeg_ws/install/deep_orange_msgs/lib/python3.8/site-packages/deep_orange_msgs/msg/_tire_report.py
[16.641s] -- Installing: /ROEG/roeg_ws/install/deep_orange_msgs/lib/python3.8/site-packages/deep_orange_msgs/msg/_tire_temp.py
[16.641s] -- Installing: /ROEG/roeg_ws/install/deep_orange_msgs/lib/python3.8/site-packages/deep_orange_msgs/msg/_lap_time_report_s.c
[16.641s] -- Installing: /ROEG/roeg_ws/install/deep_orange_msgs/lib/python3.8/site-packages/deep_orange_msgs/msg/_tire_report_s.c
[16.641s] -- Installing: /ROEG/roeg_ws/install/deep_orange_msgs/lib/python3.8/site-packages/deep_orange_msgs/msg/_pt_report.py
[16.642s] -- Installing: /ROEG/roeg_ws/install/deep_orange_msgs/lib/python3.8/site-packages/deep_orange_msgs/msg/_telemetry.py
[16.642s] -- Installing: /ROEG/roeg_ws/install/deep_orange_msgs/lib/python3.8/site-packages/deep_orange_msgs/msg/_ct_report.py
[16.642s] -- Installing: /ROEG/roeg_ws/install/deep_orange_msgs/lib/python3.8/site-packages/deep_orange_msgs/msg/_misc_report.py
[16.642s] -- Installing: /ROEG/roeg_ws/install/deep_orange_msgs/lib/python3.8/site-packages/deep_orange_msgs/msg/_base_to_car_summary.py
[16.643s] -- Installing: /ROEG/roeg_ws/install/deep_orange_msgs/lib/python3.8/site-packages/deep_orange_msgs/msg/_race_control_report_s.c
[16.643s] -- Installing: /ROEG/roeg_ws/install/deep_orange_msgs/lib/python3.8/site-packages/deep_orange_msgs/msg/_misc_report_s.c
[16.643s] -- Installing: /ROEG/roeg_ws/install/deep_orange_msgs/lib/python3.8/site-packages/deep_orange_msgs/msg/_tire_temp_s.c
[16.643s] -- Installing: /ROEG/roeg_ws/install/deep_orange_msgs/lib/python3.8/site-packages/deep_orange_msgs/msg/_rc_to_ct_s.c
[16.643s] -- Installing: /ROEG/roeg_ws/install/deep_orange_msgs/lib/python3.8/site-packages/deep_orange_msgs/msg/__init__.py
[16.643s] -- Installing: /ROEG/roeg_ws/install/deep_orange_msgs/lib/python3.8/site-packages/deep_orange_msgs/msg/_rc_to_ct.py
[16.644s] -- Installing: /ROEG/roeg_ws/install/deep_orange_msgs/lib/python3.8/site-packages/deep_orange_msgs/msg/_race_control_report.py
[16.644s] -- Installing: /ROEG/roeg_ws/install/deep_orange_msgs/lib/python3.8/site-packages/deep_orange_msgs/msg/_brake_temp_report.py
[16.644s] -- Installing: /ROEG/roeg_ws/install/deep_orange_msgs/lib/python3.8/site-packages/deep_orange_msgs/msg/_brake_temp_report_s.c
[16.644s] -- Installing: /ROEG/roeg_ws/install/deep_orange_msgs/lib/python3.8/site-packages/deep_orange_msgs/msg/_lap_time_report.py
[16.644s] -- Installing: /ROEG/roeg_ws/install/deep_orange_msgs/lib/python3.8/site-packages/deep_orange_msgs/msg/_marelli_report.py
[16.645s] -- Installing: /ROEG/roeg_ws/install/deep_orange_msgs/lib/python3.8/site-packages/deep_orange_msgs/msg/_marelli_report_s.c
[16.645s] -- Installing: /ROEG/roeg_ws/install/deep_orange_msgs/lib/python3.8/site-packages/deep_orange_msgs/msg/_tire_temp_report.py
[16.645s] -- Installing: /ROEG/roeg_ws/install/deep_orange_msgs/lib/python3.8/site-packages/deep_orange_msgs/msg/_ct_report_s.c
[16.645s] -- Installing: /ROEG/roeg_ws/install/deep_orange_msgs/lib/python3.8/site-packages/deep_orange_msgs/msg/_joystick_command_s.c
[16.645s] -- Installing: /ROEG/roeg_ws/install/deep_orange_msgs/lib/python3.8/site-packages/deep_orange_msgs/msg/_tire_temp_report_s.c
[16.645s] -- Installing: /ROEG/roeg_ws/install/deep_orange_msgs/lib/python3.8/site-packages/deep_orange_msgs/msg/_diagnostic_report_s.c
[16.646s] -- Installing: /ROEG/roeg_ws/install/deep_orange_msgs/lib/python3.8/site-packages/deep_orange_msgs/msg/_diagnostic_report.py
[16.646s] -- Installing: /ROEG/roeg_ws/install/deep_orange_msgs/lib/python3.8/site-packages/deep_orange_msgs/msg/_telemetry_s.c
[16.646s] -- Installing: /ROEG/roeg_ws/install/deep_orange_msgs/lib/python3.8/site-packages/deep_orange_msgs/msg/_pt_report_s.c
[16.646s] -- Installing: /ROEG/roeg_ws/install/deep_orange_msgs/lib/python3.8/site-packages/deep_orange_msgs/msg/_coordinates_s.c
[16.647s] -- Installing: /ROEG/roeg_ws/install/deep_orange_msgs/lib/python3.8/site-packages/deep_orange_msgs/msg/_base_to_car_summary_s.c
[16.647s] -- Installing: /ROEG/roeg_ws/install/deep_orange_msgs/lib/python3.8/site-packages/deep_orange_msgs/msg/_coordinates.py
[16.647s] -- Installing: /ROEG/roeg_ws/install/deep_orange_msgs/lib/python3.8/site-packages/deep_orange_msgs/msg/_my_laps_report_s.c
[16.647s] -- Installing: /ROEG/roeg_ws/install/deep_orange_msgs/lib/python3.8/site-packages/deep_orange_msgs/msg/_my_laps_report.py
[16.647s] -- Installing: /ROEG/roeg_ws/install/deep_orange_msgs/lib/python3.8/site-packages/deep_orange_msgs/deep_orange_msgs_s__rosidl_typesupport_fastrtps_c.cpython-38-x86_64-linux-gnu.so
[16.648s] -- Set runtime path of "/ROEG/roeg_ws/install/deep_orange_msgs/lib/python3.8/site-packages/deep_orange_msgs/deep_orange_msgs_s__rosidl_typesupport_fastrtps_c.cpython-38-x86_64-linux-gnu.so" to ""
[16.648s] -- Installing: /ROEG/roeg_ws/install/deep_orange_msgs/lib/python3.8/site-packages/deep_orange_msgs/deep_orange_msgs_s__rosidl_typesupport_introspection_c.cpython-38-x86_64-linux-gnu.so
[16.649s] -- Set runtime path of "/ROEG/roeg_ws/install/deep_orange_msgs/lib/python3.8/site-packages/deep_orange_msgs/deep_orange_msgs_s__rosidl_typesupport_introspection_c.cpython-38-x86_64-linux-gnu.so" to ""
[16.649s] -- Installing: /ROEG/roeg_ws/install/deep_orange_msgs/lib/python3.8/site-packages/deep_orange_msgs/deep_orange_msgs_s__rosidl_typesupport_c.cpython-38-x86_64-linux-gnu.so
[16.650s] -- Set runtime path of "/ROEG/roeg_ws/install/deep_orange_msgs/lib/python3.8/site-packages/deep_orange_msgs/deep_orange_msgs_s__rosidl_typesupport_c.cpython-38-x86_64-linux-gnu.so" to ""
[16.650s] -- Installing: /ROEG/roeg_ws/install/deep_orange_msgs/lib/libdeep_orange_msgs__python.so
[16.650s] -- Set runtime path of "/ROEG/roeg_ws/install/deep_orange_msgs/lib/libdeep_orange_msgs__python.so" to ""
[16.650s] -- Installing: /ROEG/roeg_ws/install/deep_orange_msgs/share/deep_orange_msgs/msg/BaseToCarSummary.idl
[16.651s] -- Installing: /ROEG/roeg_ws/install/deep_orange_msgs/share/deep_orange_msgs/msg/BrakeTempReport.idl
[16.651s] -- Installing: /ROEG/roeg_ws/install/deep_orange_msgs/share/deep_orange_msgs/msg/Coordinates.idl
[16.651s] -- Installing: /ROEG/roeg_ws/install/deep_orange_msgs/share/deep_orange_msgs/msg/CtReport.idl
[16.651s] -- Installing: /ROEG/roeg_ws/install/deep_orange_msgs/share/deep_orange_msgs/msg/MiscReport.idl
[16.651s] -- Installing: /ROEG/roeg_ws/install/deep_orange_msgs/share/deep_orange_msgs/msg/PtReport.idl
[16.652s] -- Installing: /ROEG/roeg_ws/install/deep_orange_msgs/share/deep_orange_msgs/msg/RcToCt.idl
[16.652s] -- Installing: /ROEG/roeg_ws/install/deep_orange_msgs/share/deep_orange_msgs/msg/TireReport.idl
[16.652s] -- Installing: /ROEG/roeg_ws/install/deep_orange_msgs/share/deep_orange_msgs/msg/TireTemp.idl
[16.652s] -- Installing: /ROEG/roeg_ws/install/deep_orange_msgs/share/deep_orange_msgs/msg/TireTempReport.idl
[16.652s] -- Installing: /ROEG/roeg_ws/install/deep_orange_msgs/share/deep_orange_msgs/msg/Telemetry.idl
[16.653s] -- Installing: /ROEG/roeg_ws/install/deep_orange_msgs/share/deep_orange_msgs/msg/JoystickCommand.idl
[16.653s] -- Installing: /ROEG/roeg_ws/install/deep_orange_msgs/share/deep_orange_msgs/msg/DiagnosticReport.idl
[16.653s] -- Installing: /ROEG/roeg_ws/install/deep_orange_msgs/share/deep_orange_msgs/msg/LapTimeReport.idl
[16.653s] -- Installing: /ROEG/roeg_ws/install/deep_orange_msgs/share/deep_orange_msgs/msg/MyLapsReport.idl
[16.653s] -- Installing: /ROEG/roeg_ws/install/deep_orange_msgs/share/deep_orange_msgs/msg/MarelliReport.idl
[16.654s] -- Installing: /ROEG/roeg_ws/install/deep_orange_msgs/share/deep_orange_msgs/msg/RaceControlReport.idl
[16.654s] -- Installing: /ROEG/roeg_ws/install/deep_orange_msgs/share/deep_orange_msgs/msg/BaseToCarSummary.msg
[16.654s] -- Installing: /ROEG/roeg_ws/install/deep_orange_msgs/share/deep_orange_msgs/msg/BrakeTempReport.msg
[16.654s] -- Installing: /ROEG/roeg_ws/install/deep_orange_msgs/share/deep_orange_msgs/msg/Coordinates.msg
[16.654s] -- Installing: /ROEG/roeg_ws/install/deep_orange_msgs/share/deep_orange_msgs/msg/CtReport.msg
[16.654s] -- Installing: /ROEG/roeg_ws/install/deep_orange_msgs/share/deep_orange_msgs/msg/MiscReport.msg
[16.655s] -- Installing: /ROEG/roeg_ws/install/deep_orange_msgs/share/deep_orange_msgs/msg/PtReport.msg
[16.655s] -- Installing: /ROEG/roeg_ws/install/deep_orange_msgs/share/deep_orange_msgs/msg/RcToCt.msg
[16.655s] -- Installing: /ROEG/roeg_ws/install/deep_orange_msgs/share/deep_orange_msgs/msg/TireReport.msg
[16.655s] -- Installing: /ROEG/roeg_ws/install/deep_orange_msgs/share/deep_orange_msgs/msg/TireTemp.msg
[16.655s] -- Installing: /ROEG/roeg_ws/install/deep_orange_msgs/share/deep_orange_msgs/msg/TireTempReport.msg
[16.656s] -- Installing: /ROEG/roeg_ws/install/deep_orange_msgs/share/deep_orange_msgs/msg/Telemetry.msg
[16.656s] -- Installing: /ROEG/roeg_ws/install/deep_orange_msgs/share/deep_orange_msgs/msg/JoystickCommand.msg
[16.656s] -- Installing: /ROEG/roeg_ws/install/deep_orange_msgs/share/deep_orange_msgs/msg/DiagnosticReport.msg
[16.656s] -- Installing: /ROEG/roeg_ws/install/deep_orange_msgs/share/deep_orange_msgs/msg/LapTimeReport.msg
[16.656s] -- Installing: /ROEG/roeg_ws/install/deep_orange_msgs/share/deep_orange_msgs/msg/MyLapsReport.msg
[16.657s] -- Installing: /ROEG/roeg_ws/install/deep_orange_msgs/share/deep_orange_msgs/msg/MarelliReport.msg
[16.657s] -- Installing: /ROEG/roeg_ws/install/deep_orange_msgs/share/deep_orange_msgs/msg/RaceControlReport.msg
[16.657s] -- Installing: /ROEG/roeg_ws/install/deep_orange_msgs/share/ament_index/resource_index/package_run_dependencies/deep_orange_msgs
[16.657s] -- Installing: /ROEG/roeg_ws/install/deep_orange_msgs/share/ament_index/resource_index/parent_prefix_path/deep_orange_msgs
[16.658s] -- Installing: /ROEG/roeg_ws/install/deep_orange_msgs/share/deep_orange_msgs/environment/ament_prefix_path.sh
[16.658s] -- Installing: /ROEG/roeg_ws/install/deep_orange_msgs/share/deep_orange_msgs/environment/ament_prefix_path.dsv
[16.658s] -- Installing: /ROEG/roeg_ws/install/deep_orange_msgs/share/deep_orange_msgs/environment/path.sh
[16.658s] -- Installing: /ROEG/roeg_ws/install/deep_orange_msgs/share/deep_orange_msgs/environment/path.dsv
[16.658s] -- Installing: /ROEG/roeg_ws/install/deep_orange_msgs/share/deep_orange_msgs/local_setup.bash
[16.659s] -- Installing: /ROEG/roeg_ws/install/deep_orange_msgs/share/deep_orange_msgs/local_setup.sh
[16.659s] -- Installing: /ROEG/roeg_ws/install/deep_orange_msgs/share/deep_orange_msgs/local_setup.zsh
[16.659s] -- Installing: /ROEG/roeg_ws/install/deep_orange_msgs/share/deep_orange_msgs/local_setup.dsv
[16.659s] -- Installing: /ROEG/roeg_ws/install/deep_orange_msgs/share/deep_orange_msgs/package.dsv
[16.659s] -- Installing: /ROEG/roeg_ws/install/deep_orange_msgs/share/ament_index/resource_index/packages/deep_orange_msgs
[16.660s] -- Installing: /ROEG/roeg_ws/install/deep_orange_msgs/share/deep_orange_msgs/cmake/deep_orange_msgs__rosidl_generator_cExport.cmake
[16.660s] -- Installing: /ROEG/roeg_ws/install/deep_orange_msgs/share/deep_orange_msgs/cmake/deep_orange_msgs__rosidl_generator_cExport-noconfig.cmake
[16.660s] -- Installing: /ROEG/roeg_ws/install/deep_orange_msgs/share/deep_orange_msgs/cmake/deep_orange_msgs__rosidl_typesupport_introspection_cExport.cmake
[16.660s] -- Installing: /ROEG/roeg_ws/install/deep_orange_msgs/share/deep_orange_msgs/cmake/deep_orange_msgs__rosidl_typesupport_introspection_cExport-noconfig.cmake
[16.661s] -- Installing: /ROEG/roeg_ws/install/deep_orange_msgs/share/deep_orange_msgs/cmake/deep_orange_msgs__rosidl_typesupport_cExport.cmake
[16.661s] -- Installing: /ROEG/roeg_ws/install/deep_orange_msgs/share/deep_orange_msgs/cmake/deep_orange_msgs__rosidl_typesupport_cExport-noconfig.cmake
[16.661s] -- Installing: /ROEG/roeg_ws/install/deep_orange_msgs/share/deep_orange_msgs/cmake/deep_orange_msgs__rosidl_generator_cppExport.cmake
[16.661s] -- Installing: /ROEG/roeg_ws/install/deep_orange_msgs/share/deep_orange_msgs/cmake/deep_orange_msgs__rosidl_typesupport_introspection_cppExport.cmake
[16.661s] -- Installing: /ROEG/roeg_ws/install/deep_orange_msgs/share/deep_orange_msgs/cmake/deep_orange_msgs__rosidl_typesupport_introspection_cppExport-noconfig.cmake
[16.662s] -- Installing: /ROEG/roeg_ws/install/deep_orange_msgs/share/deep_orange_msgs/cmake/deep_orange_msgs__rosidl_typesupport_cppExport.cmake
[16.662s] -- Installing: /ROEG/roeg_ws/install/deep_orange_msgs/share/deep_orange_msgs/cmake/deep_orange_msgs__rosidl_typesupport_cppExport-noconfig.cmake
[16.662s] -- Installing: /ROEG/roeg_ws/install/deep_orange_msgs/share/deep_orange_msgs/cmake/rosidl_cmake-extras.cmake
[16.662s] -- Installing: /ROEG/roeg_ws/install/deep_orange_msgs/share/deep_orange_msgs/cmake/ament_cmake_export_dependencies-extras.cmake
[16.663s] -- Installing: /ROEG/roeg_ws/install/deep_orange_msgs/share/deep_orange_msgs/cmake/ament_cmake_export_libraries-extras.cmake
[16.663s] -- Installing: /ROEG/roeg_ws/install/deep_orange_msgs/share/deep_orange_msgs/cmake/ament_cmake_export_targets-extras.cmake
[16.663s] -- Installing: /ROEG/roeg_ws/install/deep_orange_msgs/share/deep_orange_msgs/cmake/ament_cmake_export_include_directories-extras.cmake
[16.663s] -- Installing: /ROEG/roeg_ws/install/deep_orange_msgs/share/deep_orange_msgs/cmake/rosidl_cmake_export_typesupport_libraries-extras.cmake
[16.663s] -- Installing: /ROEG/roeg_ws/install/deep_orange_msgs/share/deep_orange_msgs/cmake/rosidl_cmake_export_typesupport_targets-extras.cmake
[16.664s] -- Installing: /ROEG/roeg_ws/install/deep_orange_msgs/share/deep_orange_msgs/cmake/deep_orange_msgsConfig.cmake
[16.664s] -- Installing: /ROEG/roeg_ws/install/deep_orange_msgs/share/deep_orange_msgs/cmake/deep_orange_msgsConfig-version.cmake
[16.664s] -- Installing: /ROEG/roeg_ws/install/deep_orange_msgs/share/deep_orange_msgs/package.xml
[16.667s] Invoked command in '/ROEG/roeg_ws/build/deep_orange_msgs' returned '0': CMAKE_PREFIX_PATH=${CMAKE_PREFIX_PATH}:/ROEG/roeg_ws/install/roeg:/opt/ros/galactic /usr/bin/cmake --install /ROEG/roeg_ws/build/deep_orange_msgs
