[0.041s] Invoking command in '/ROEG/roeg_ws/build/can_dbc_parser': CMAKE_PREFIX_PATH=${CMAKE_PREFIX_PATH}:/ROEG/roeg_ws/install/roeg:/opt/ros/galactic /usr/bin/cmake /ROEG/roeg_ws/src/raptor-dbw-ros2/can_dbc_parser -DCMAKE_INSTALL_PREFIX=/ROEG/roeg_ws/install/can_dbc_parser
[0.200s] -- The C compiler identification is GNU 9.4.0
[0.316s] -- The CXX compiler identification is GNU 9.4.0
[0.322s] -- Check for working C compiler: /usr/bin/cc
[0.398s] -- Check for working C compiler: /usr/bin/cc -- works
[0.398s] -- Detecting C compiler ABI info
[0.485s] -- Detecting C compiler ABI info - done
[0.494s] -- Detecting C compile features
[0.494s] -- Detecting C compile features - done
[0.497s] -- Check for working CXX compiler: /usr/bin/c++
[0.648s] -- Check for working CXX compiler: /usr/bin/c++ -- works
[0.649s] -- Detecting CXX compiler ABI info
[0.794s] -- Detecting CXX compiler ABI info - done
[0.809s] -- Detecting CXX compile features
[0.810s] -- Detecting CXX compile features - done
[0.814s] -- Found ament_cmake_auto: 1.1.6 (/opt/ros/galactic/share/ament_cmake_auto/cmake)
[0.852s] -- Found PythonInterp: /usr/bin/python3 (found suitable version "3.8.10", minimum required is "3") 
[0.852s] -- Using PYTHON_EXECUTABLE: /usr/bin/python3
[1.098s] -- Using all available rosidl_typesupport_c: rosidl_typesupport_fastrtps_c;rosidl_typesupport_introspection_c
[1.108s] -- Found rosidl_adapter: 2.2.3 (/opt/ros/galactic/share/rosidl_adapter/cmake)
[1.258s] -- Found OpenSSL: /usr/lib/x86_64-linux-gnu/libcrypto.so (found version "1.1.1f")  
[1.299s] -- Found FastRTPS: /opt/ros/galactic/include  
[1.402s] -- Using all available rosidl_typesupport_cpp: rosidl_typesupport_fastrtps_cpp;rosidl_typesupport_introspection_cpp
[1.492s] -- Found ament_lint_auto: 0.10.7 (/opt/ros/galactic/share/ament_lint_auto/cmake)
[1.520s] -- Added test 'copyright' to check source files copyright and LICENSE
[1.522s] -- Added test 'cppcheck' to perform static code analysis on C / C++ code
[1.523s] -- Configured cppcheck include dirs: /ROEG/roeg_ws/src/raptor-dbw-ros2/can_dbc_parser/include
[1.523s] -- Configured cppcheck exclude dirs and/or files: 
[1.525s] -- Added test 'cpplint' to check C / C++ code against the Google style
[1.525s] -- Configured cpplint exclude dirs and/or files: 
[1.526s] -- Added test 'lint_cmake' to check CMake code style
[1.528s] -- Added test 'uncrustify' to check C / C++ code style
[1.528s] -- Configured uncrustify additional arguments: 
[1.528s] -- Added test 'xmllint' to check XML markup files
[1.536s] -- Configuring done
[1.544s] -- Generating done
[1.546s] -- Build files have been written to: /ROEG/roeg_ws/build/can_dbc_parser
[1.561s] Invoked command in '/ROEG/roeg_ws/build/can_dbc_parser' returned '0': CMAKE_PREFIX_PATH=${CMAKE_PREFIX_PATH}:/ROEG/roeg_ws/install/roeg:/opt/ros/galactic /usr/bin/cmake /ROEG/roeg_ws/src/raptor-dbw-ros2/can_dbc_parser -DCMAKE_INSTALL_PREFIX=/ROEG/roeg_ws/install/can_dbc_parser
[1.567s] Invoking command in '/ROEG/roeg_ws/build/can_dbc_parser': CMAKE_PREFIX_PATH=${CMAKE_PREFIX_PATH}:/ROEG/roeg_ws/install/roeg:/opt/ros/galactic /usr/bin/cmake --build /ROEG/roeg_ws/build/can_dbc_parser -- -j16 -l16
[1.644s] [35m[1mScanning dependencies of target can_dbc_parser[0m
[1.670s] [ 83%] [32mBuilding CXX object CMakeFiles/can_dbc_parser.dir/src/Dbc.cpp.o[0m
[1.671s] [ 83%] [32mBuilding CXX object CMakeFiles/can_dbc_parser.dir/src/DbcSignal.cpp.o[0m
[1.671s] [ 83%] [32mBuilding CXX object CMakeFiles/can_dbc_parser.dir/src/DbcMessage.cpp.o[0m
[1.671s] [ 83%] [32mBuilding CXX object CMakeFiles/can_dbc_parser.dir/src/LineParser.cpp.o[0m
[1.671s] [ 83%] [32mBuilding CXX object CMakeFiles/can_dbc_parser.dir/src/DbcBuilder.cpp.o[0m
[2.646s] [100%] [32m[1mLinking CXX shared library libcan_dbc_parser.so[0m
[2.784s] [100%] Built target can_dbc_parser
[2.796s] Invoked command in '/ROEG/roeg_ws/build/can_dbc_parser' returned '0': CMAKE_PREFIX_PATH=${CMAKE_PREFIX_PATH}:/ROEG/roeg_ws/install/roeg:/opt/ros/galactic /usr/bin/cmake --build /ROEG/roeg_ws/build/can_dbc_parser -- -j16 -l16
[2.857s] Invoking command in '/ROEG/roeg_ws/build/can_dbc_parser': CMAKE_PREFIX_PATH=${CMAKE_PREFIX_PATH}:/ROEG/roeg_ws/install/roeg:/opt/ros/galactic /usr/bin/cmake --install /ROEG/roeg_ws/build/can_dbc_parser
[2.866s] -- Install configuration: ""
[2.866s] -- Installing: /ROEG/roeg_ws/install/can_dbc_parser/include
[2.866s] -- Installing: /ROEG/roeg_ws/install/can_dbc_parser/include/can_dbc_parser
[2.867s] -- Installing: /ROEG/roeg_ws/install/can_dbc_parser/include/can_dbc_parser/DbcMessage.hpp
[2.867s] -- Installing: /ROEG/roeg_ws/install/can_dbc_parser/include/can_dbc_parser/Dbc.hpp
[2.867s] -- Installing: /ROEG/roeg_ws/install/can_dbc_parser/include/can_dbc_parser/LineParser.hpp
[2.867s] -- Installing: /ROEG/roeg_ws/install/can_dbc_parser/include/can_dbc_parser/DbcUtilities.hpp
[2.867s] -- Installing: /ROEG/roeg_ws/install/can_dbc_parser/include/can_dbc_parser/DbcBuilder.hpp
[2.867s] -- Installing: /ROEG/roeg_ws/install/can_dbc_parser/include/can_dbc_parser/DbcSignal.hpp
[2.867s] -- Installing: /ROEG/roeg_ws/install/can_dbc_parser/share/can_dbc_parser/environment/library_path.sh
[2.868s] -- Installing: /ROEG/roeg_ws/install/can_dbc_parser/share/can_dbc_parser/environment/library_path.dsv
[2.868s] -- Installing: /ROEG/roeg_ws/install/can_dbc_parser/lib/libcan_dbc_parser.so
[2.869s] -- Set runtime path of "/ROEG/roeg_ws/install/can_dbc_parser/lib/libcan_dbc_parser.so" to ""
[2.869s] -- Installing: /ROEG/roeg_ws/install/can_dbc_parser/share/ament_index/resource_index/package_run_dependencies/can_dbc_parser
[2.869s] -- Installing: /ROEG/roeg_ws/install/can_dbc_parser/share/ament_index/resource_index/parent_prefix_path/can_dbc_parser
[2.869s] -- Installing: /ROEG/roeg_ws/install/can_dbc_parser/share/can_dbc_parser/environment/ament_prefix_path.sh
[2.870s] -- Installing: /ROEG/roeg_ws/install/can_dbc_parser/share/can_dbc_parser/environment/ament_prefix_path.dsv
[2.870s] -- Installing: /ROEG/roeg_ws/install/can_dbc_parser/share/can_dbc_parser/environment/path.sh
[2.870s] -- Installing: /ROEG/roeg_ws/install/can_dbc_parser/share/can_dbc_parser/environment/path.dsv
[2.870s] -- Installing: /ROEG/roeg_ws/install/can_dbc_parser/share/can_dbc_parser/local_setup.bash
[2.870s] -- Installing: /ROEG/roeg_ws/install/can_dbc_parser/share/can_dbc_parser/local_setup.sh
[2.871s] -- Installing: /ROEG/roeg_ws/install/can_dbc_parser/share/can_dbc_parser/local_setup.zsh
[2.871s] -- Installing: /ROEG/roeg_ws/install/can_dbc_parser/share/can_dbc_parser/local_setup.dsv
[2.871s] -- Installing: /ROEG/roeg_ws/install/can_dbc_parser/share/can_dbc_parser/package.dsv
[2.871s] -- Installing: /ROEG/roeg_ws/install/can_dbc_parser/share/ament_index/resource_index/packages/can_dbc_parser
[2.872s] -- Installing: /ROEG/roeg_ws/install/can_dbc_parser/share/can_dbc_parser/cmake/ament_cmake_export_dependencies-extras.cmake
[2.872s] -- Installing: /ROEG/roeg_ws/install/can_dbc_parser/share/can_dbc_parser/cmake/ament_cmake_export_include_directories-extras.cmake
[2.872s] -- Installing: /ROEG/roeg_ws/install/can_dbc_parser/share/can_dbc_parser/cmake/ament_cmake_export_libraries-extras.cmake
[2.872s] -- Installing: /ROEG/roeg_ws/install/can_dbc_parser/share/can_dbc_parser/cmake/can_dbc_parserConfig.cmake
[2.872s] -- Installing: /ROEG/roeg_ws/install/can_dbc_parser/share/can_dbc_parser/cmake/can_dbc_parserConfig-version.cmake
[2.872s] -- Installing: /ROEG/roeg_ws/install/can_dbc_parser/share/can_dbc_parser/package.xml
[2.875s] Invoked command in '/ROEG/roeg_ws/build/can_dbc_parser' returned '0': CMAKE_PREFIX_PATH=${CMAKE_PREFIX_PATH}:/ROEG/roeg_ws/install/roeg:/opt/ros/galactic /usr/bin/cmake --install /ROEG/roeg_ws/build/can_dbc_parser
