[0.499s] Invoking command in '/ROEG/roeg_ws/src/roeg': PYTHONPATH=/ROEG/roeg_ws/src/roeg/build/roeg/prefix_override:/ROEG/roeg_ws/src/roeg/install/roeg/lib/python3.8/site-packages:${PYTHONPATH} /usr/bin/python3 setup.py egg_info --egg-base build/roeg build --build-base /ROEG/roeg_ws/src/roeg/build/roeg/build install --record /ROEG/roeg_ws/src/roeg/build/roeg/install.log --single-version-externally-managed
[0.684s] running egg_info
[0.684s] writing build/roeg/roeg.egg-info/PKG-INFO
[0.684s] writing dependency_links to build/roeg/roeg.egg-info/dependency_links.txt
[0.684s] writing entry points to build/roeg/roeg.egg-info/entry_points.txt
[0.684s] writing requirements to build/roeg/roeg.egg-info/requires.txt
[0.685s] writing top-level names to build/roeg/roeg.egg-info/top_level.txt
[0.714s] reading manifest file 'build/roeg/roeg.egg-info/SOURCES.txt'
[0.715s] writing manifest file 'build/roeg/roeg.egg-info/SOURCES.txt'
[0.715s] running build
[0.715s] running build_py
[0.716s] running install
[0.717s] running install_lib
[0.718s] running install_data
[0.719s] running install_egg_info
[0.721s] removing '/ROEG/roeg_ws/src/roeg/install/roeg/lib/python3.8/site-packages/roeg-0.0.0-py3.8.egg-info' (and everything under it)
[0.721s] Copying build/roeg/roeg.egg-info to /ROEG/roeg_ws/src/roeg/install/roeg/lib/python3.8/site-packages/roeg-0.0.0-py3.8.egg-info
[0.722s] running install_scripts
[0.738s] Installing get_friction_map script to /ROEG/roeg_ws/src/roeg/install/roeg/lib/roeg
[0.738s] writing list of installed files to '/ROEG/roeg_ws/src/roeg/build/roeg/install.log'
[0.756s] Invoked command in '/ROEG/roeg_ws/src/roeg' returned '0': PYTHONPATH=/ROEG/roeg_ws/src/roeg/build/roeg/prefix_override:/ROEG/roeg_ws/src/roeg/install/roeg/lib/python3.8/site-packages:${PYTHONPATH} /usr/bin/python3 setup.py egg_info --egg-base build/roeg build --build-base /ROEG/roeg_ws/src/roeg/build/roeg/build install --record /ROEG/roeg_ws/src/roeg/build/roeg/install.log --single-version-externally-managed
