[0.232s] Invoking command in '/ROEG/roeg_ws/build/raptor_dbw_can': CMAKE_PREFIX_PATH=/ROEG/roeg_ws/install/raptor_pdu:/ROEG/roeg_ws/install/raptor_pdu_msgs:/ROEG/roeg_ws/install/raptor_dbw_msgs:/ROEG/roeg_ws/install/can_dbc_parser:/ROEG/roeg_ws/install/raptor_dbw_can:/ROEG/roeg_ws/install/raptor_dbw_joystick:/ROEG/roeg_ws/install/deep_orange_msgs:/ROEG/roeg_ws/install/roeg:/opt/ros/galactic LD_LIBRARY_PATH=/ROEG/roeg_ws/install/raptor_pdu_msgs/lib:/ROEG/roeg_ws/install/raptor_dbw_msgs/lib:/ROEG/roeg_ws/install/can_dbc_parser/lib:/ROEG/roeg_ws/install/deep_orange_msgs/lib:/opt/ros/galactic/opt/yaml_cpp_vendor/lib:/opt/ros/galactic/opt/rviz_ogre_vendor/lib:/opt/ros/galactic/lib/x86_64-linux-gnu:/opt/ros/galactic/lib PYTHONPATH=/ROEG/roeg_ws/install/raptor_pdu_msgs/lib/python3.8/site-packages:/ROEG/roeg_ws/install/raptor_dbw_msgs/lib/python3.8/site-packages:/ROEG/roeg_ws/install/roeg/lib/python3.8/site-packages:/ROEG/roeg_ws/install/deep_orange_msgs/lib/python3.8/site-packages:/opt/ros/galactic/lib/python3.8/site-packages /usr/bin/cmake /ROEG/roeg_ws/src/raptor-dbw-ros2/raptor_dbw_can -DCMAKE_INSTALL_PREFIX=/ROEG/roeg_ws/install/raptor_dbw_can
[0.291s] -- The C compiler identification is GNU 9.4.0
[0.352s] -- The CXX compiler identification is GNU 9.4.0
[0.357s] -- Check for working C compiler: /usr/bin/cc
[0.437s] -- Check for working C compiler: /usr/bin/cc -- works
[0.438s] -- Detecting C compiler ABI info
[0.520s] -- Detecting C compiler ABI info - done
[0.530s] -- Detecting C compile features
[0.530s] -- Detecting C compile features - done
[0.533s] -- Check for working CXX compiler: /usr/bin/c++
[0.627s] -- Check for working CXX compiler: /usr/bin/c++ -- works
[0.629s] -- Detecting CXX compiler ABI info
[0.719s] -- Detecting CXX compiler ABI info - done
[0.730s] -- Detecting CXX compile features
[0.730s] -- Detecting CXX compile features - done
[0.733s] -- Found ament_cmake_auto: 1.1.6 (/opt/ros/galactic/share/ament_cmake_auto/cmake)
[0.763s] -- Found PythonInterp: /usr/bin/python3 (found suitable version "3.8.10", minimum required is "3") 
[0.763s] -- Using PYTHON_EXECUTABLE: /usr/bin/python3
[0.974s] -- Using all available rosidl_typesupport_c: rosidl_typesupport_fastrtps_c;rosidl_typesupport_introspection_c
[0.983s] -- Found rosidl_adapter: 2.2.3 (/opt/ros/galactic/share/rosidl_adapter/cmake)
[1.092s] -- Found OpenSSL: /usr/lib/x86_64-linux-gnu/libcrypto.so (found version "1.1.1f")  
[1.125s] -- Found FastRTPS: /opt/ros/galactic/include  
[1.214s] -- Using all available rosidl_typesupport_cpp: rosidl_typesupport_fastrtps_cpp;rosidl_typesupport_introspection_cpp
[1.272s] -- Found rmw_implementation_cmake: 3.3.1 (/opt/ros/galactic/share/rmw_implementation_cmake/cmake)
[1.276s] -- Found rmw_cyclonedds_cpp: 0.22.6 (/opt/ros/galactic/share/rmw_cyclonedds_cpp/cmake)
[1.292s] -- Using RMW implementation 'rmw_cyclonedds_cpp' as default
[1.292s] -- Looking for pthread.h
[1.389s] -- Looking for pthread.h - found
[1.389s] -- Performing Test CMAKE_HAVE_LIBC_PTHREAD
[1.488s] -- Performing Test CMAKE_HAVE_LIBC_PTHREAD - Failed
[1.489s] -- Looking for pthread_create in pthreads
[1.560s] -- Looking for pthread_create in pthreads - not found
[1.560s] -- Looking for pthread_create in pthread
[1.643s] -- Looking for pthread_create in pthread - found
[1.644s] -- Found Threads: TRUE  
[2.029s] -- Found ament_lint_auto: 0.10.7 (/opt/ros/galactic/share/ament_lint_auto/cmake)
[2.058s] -- Added test 'copyright' to check source files copyright and LICENSE
[2.060s] -- Added test 'cppcheck' to perform static code analysis on C / C++ code
[2.061s] -- Configured cppcheck include dirs: /ROEG/roeg_ws/src/raptor-dbw-ros2/raptor_dbw_can/include
[2.061s] -- Configured cppcheck exclude dirs and/or files: 
[2.062s] -- Added test 'cpplint' to check C / C++ code against the Google style
[2.062s] -- Configured cpplint exclude dirs and/or files: 
[2.063s] -- Added test 'flake8' to check Python code syntax and style conventions
[2.063s] -- Added test 'lint_cmake' to check CMake code style
[2.064s] -- Added test 'pep257' to check Python code against some of the style conventions in PEP 257
[2.065s] -- Added test 'uncrustify' to check C / C++ code style
[2.065s] -- Configured uncrustify additional arguments: 
[2.066s] -- Added test 'xmllint' to check XML markup files
[2.072s] -- Configuring done
[2.087s] -- Generating done
[2.089s] -- Build files have been written to: /ROEG/roeg_ws/build/raptor_dbw_can
[2.096s] Invoked command in '/ROEG/roeg_ws/build/raptor_dbw_can' returned '0': CMAKE_PREFIX_PATH=/ROEG/roeg_ws/install/raptor_pdu:/ROEG/roeg_ws/install/raptor_pdu_msgs:/ROEG/roeg_ws/install/raptor_dbw_msgs:/ROEG/roeg_ws/install/can_dbc_parser:/ROEG/roeg_ws/install/raptor_dbw_can:/ROEG/roeg_ws/install/raptor_dbw_joystick:/ROEG/roeg_ws/install/deep_orange_msgs:/ROEG/roeg_ws/install/roeg:/opt/ros/galactic LD_LIBRARY_PATH=/ROEG/roeg_ws/install/raptor_pdu_msgs/lib:/ROEG/roeg_ws/install/raptor_dbw_msgs/lib:/ROEG/roeg_ws/install/can_dbc_parser/lib:/ROEG/roeg_ws/install/deep_orange_msgs/lib:/opt/ros/galactic/opt/yaml_cpp_vendor/lib:/opt/ros/galactic/opt/rviz_ogre_vendor/lib:/opt/ros/galactic/lib/x86_64-linux-gnu:/opt/ros/galactic/lib PYTHONPATH=/ROEG/roeg_ws/install/raptor_pdu_msgs/lib/python3.8/site-packages:/ROEG/roeg_ws/install/raptor_dbw_msgs/lib/python3.8/site-packages:/ROEG/roeg_ws/install/roeg/lib/python3.8/site-packages:/ROEG/roeg_ws/install/deep_orange_msgs/lib/python3.8/site-packages:/opt/ros/galactic/lib/python3.8/site-packages /usr/bin/cmake /ROEG/roeg_ws/src/raptor-dbw-ros2/raptor_dbw_can -DCMAKE_INSTALL_PREFIX=/ROEG/roeg_ws/install/raptor_dbw_can
[2.098s] Invoking command in '/ROEG/roeg_ws/build/raptor_dbw_can': CMAKE_PREFIX_PATH=/ROEG/roeg_ws/install/raptor_pdu:/ROEG/roeg_ws/install/raptor_pdu_msgs:/ROEG/roeg_ws/install/raptor_dbw_msgs:/ROEG/roeg_ws/install/can_dbc_parser:/ROEG/roeg_ws/install/raptor_dbw_can:/ROEG/roeg_ws/install/raptor_dbw_joystick:/ROEG/roeg_ws/install/deep_orange_msgs:/ROEG/roeg_ws/install/roeg:/opt/ros/galactic LD_LIBRARY_PATH=/ROEG/roeg_ws/install/raptor_pdu_msgs/lib:/ROEG/roeg_ws/install/raptor_dbw_msgs/lib:/ROEG/roeg_ws/install/can_dbc_parser/lib:/ROEG/roeg_ws/install/deep_orange_msgs/lib:/opt/ros/galactic/opt/yaml_cpp_vendor/lib:/opt/ros/galactic/opt/rviz_ogre_vendor/lib:/opt/ros/galactic/lib/x86_64-linux-gnu:/opt/ros/galactic/lib PYTHONPATH=/ROEG/roeg_ws/install/raptor_pdu_msgs/lib/python3.8/site-packages:/ROEG/roeg_ws/install/raptor_dbw_msgs/lib/python3.8/site-packages:/ROEG/roeg_ws/install/roeg/lib/python3.8/site-packages:/ROEG/roeg_ws/install/deep_orange_msgs/lib/python3.8/site-packages:/opt/ros/galactic/lib/python3.8/site-packages /usr/bin/cmake --build /ROEG/roeg_ws/build/raptor_dbw_can -- -j16 -l16
[2.157s] [35m[1mScanning dependencies of target raptor_dbw_can_node[0m
[2.242s] [ 66%] [32mBuilding CXX object CMakeFiles/raptor_dbw_can_node.dir/src/raptor_dbw_can.cpp.o[0m
[2.242s] [ 66%] [32mBuilding CXX object CMakeFiles/raptor_dbw_can_node.dir/src/raptor_dbw_can_node.cpp.o[0m
[32.163s] [100%] [32m[1mLinking CXX executable raptor_dbw_can_node[0m
[34.077s] [100%] Built target raptor_dbw_can_node
[34.095s] Invoked command in '/ROEG/roeg_ws/build/raptor_dbw_can' returned '0': CMAKE_PREFIX_PATH=/ROEG/roeg_ws/install/raptor_pdu:/ROEG/roeg_ws/install/raptor_pdu_msgs:/ROEG/roeg_ws/install/raptor_dbw_msgs:/ROEG/roeg_ws/install/can_dbc_parser:/ROEG/roeg_ws/install/raptor_dbw_can:/ROEG/roeg_ws/install/raptor_dbw_joystick:/ROEG/roeg_ws/install/deep_orange_msgs:/ROEG/roeg_ws/install/roeg:/opt/ros/galactic LD_LIBRARY_PATH=/ROEG/roeg_ws/install/raptor_pdu_msgs/lib:/ROEG/roeg_ws/install/raptor_dbw_msgs/lib:/ROEG/roeg_ws/install/can_dbc_parser/lib:/ROEG/roeg_ws/install/deep_orange_msgs/lib:/opt/ros/galactic/opt/yaml_cpp_vendor/lib:/opt/ros/galactic/opt/rviz_ogre_vendor/lib:/opt/ros/galactic/lib/x86_64-linux-gnu:/opt/ros/galactic/lib PYTHONPATH=/ROEG/roeg_ws/install/raptor_pdu_msgs/lib/python3.8/site-packages:/ROEG/roeg_ws/install/raptor_dbw_msgs/lib/python3.8/site-packages:/ROEG/roeg_ws/install/roeg/lib/python3.8/site-packages:/ROEG/roeg_ws/install/deep_orange_msgs/lib/python3.8/site-packages:/opt/ros/galactic/lib/python3.8/site-packages /usr/bin/cmake --build /ROEG/roeg_ws/build/raptor_dbw_can -- -j16 -l16
[34.164s] Invoking command in '/ROEG/roeg_ws/build/raptor_dbw_can': CMAKE_PREFIX_PATH=/ROEG/roeg_ws/install/raptor_pdu:/ROEG/roeg_ws/install/raptor_pdu_msgs:/ROEG/roeg_ws/install/raptor_dbw_msgs:/ROEG/roeg_ws/install/can_dbc_parser:/ROEG/roeg_ws/install/raptor_dbw_can:/ROEG/roeg_ws/install/raptor_dbw_joystick:/ROEG/roeg_ws/install/deep_orange_msgs:/ROEG/roeg_ws/install/roeg:/opt/ros/galactic LD_LIBRARY_PATH=/ROEG/roeg_ws/install/raptor_pdu_msgs/lib:/ROEG/roeg_ws/install/raptor_dbw_msgs/lib:/ROEG/roeg_ws/install/can_dbc_parser/lib:/ROEG/roeg_ws/install/deep_orange_msgs/lib:/opt/ros/galactic/opt/yaml_cpp_vendor/lib:/opt/ros/galactic/opt/rviz_ogre_vendor/lib:/opt/ros/galactic/lib/x86_64-linux-gnu:/opt/ros/galactic/lib PYTHONPATH=/ROEG/roeg_ws/install/raptor_pdu_msgs/lib/python3.8/site-packages:/ROEG/roeg_ws/install/raptor_dbw_msgs/lib/python3.8/site-packages:/ROEG/roeg_ws/install/roeg/lib/python3.8/site-packages:/ROEG/roeg_ws/install/deep_orange_msgs/lib/python3.8/site-packages:/opt/ros/galactic/lib/python3.8/site-packages /usr/bin/cmake --install /ROEG/roeg_ws/build/raptor_dbw_can
[34.175s] -- Install configuration: ""
[34.175s] -- Installing: /ROEG/roeg_ws/install/raptor_dbw_can/include
[34.175s] -- Installing: /ROEG/roeg_ws/install/raptor_dbw_can/include/raptor_dbw_can
[34.175s] -- Installing: /ROEG/roeg_ws/install/raptor_dbw_can/include/raptor_dbw_can/dispatch.hpp
[34.175s] -- Installing: /ROEG/roeg_ws/install/raptor_dbw_can/include/raptor_dbw_can/raptor_dbw_can.hpp
[34.175s] -- Installing: /ROEG/roeg_ws/install/raptor_dbw_can/lib/raptor_dbw_can/raptor_dbw_can_node
[34.195s] -- Set runtime path of "/ROEG/roeg_ws/install/raptor_dbw_can/lib/raptor_dbw_can/raptor_dbw_can_node" to ""
[34.195s] -- Installing: /ROEG/roeg_ws/install/raptor_dbw_can/share/raptor_dbw_can/launch
[34.195s] -- Installing: /ROEG/roeg_ws/install/raptor_dbw_can/share/raptor_dbw_can/launch/launch_params.yaml
[34.195s] -- Installing: /ROEG/roeg_ws/install/raptor_dbw_can/share/raptor_dbw_can/launch/New_Eagle_DBW_3.4.dbc
[34.195s] -- Installing: /ROEG/roeg_ws/install/raptor_dbw_can/share/raptor_dbw_can/launch/raptor_dbw_can_launch.py
[34.195s] -- Installing: /ROEG/roeg_ws/install/raptor_dbw_can/share/ament_index/resource_index/package_run_dependencies/raptor_dbw_can
[34.196s] -- Installing: /ROEG/roeg_ws/install/raptor_dbw_can/share/ament_index/resource_index/parent_prefix_path/raptor_dbw_can
[34.196s] -- Installing: /ROEG/roeg_ws/install/raptor_dbw_can/share/raptor_dbw_can/environment/ament_prefix_path.sh
[34.196s] -- Installing: /ROEG/roeg_ws/install/raptor_dbw_can/share/raptor_dbw_can/environment/ament_prefix_path.dsv
[34.196s] -- Installing: /ROEG/roeg_ws/install/raptor_dbw_can/share/raptor_dbw_can/environment/path.sh
[34.196s] -- Installing: /ROEG/roeg_ws/install/raptor_dbw_can/share/raptor_dbw_can/environment/path.dsv
[34.197s] -- Installing: /ROEG/roeg_ws/install/raptor_dbw_can/share/raptor_dbw_can/local_setup.bash
[34.197s] -- Installing: /ROEG/roeg_ws/install/raptor_dbw_can/share/raptor_dbw_can/local_setup.sh
[34.197s] -- Installing: /ROEG/roeg_ws/install/raptor_dbw_can/share/raptor_dbw_can/local_setup.zsh
[34.197s] -- Installing: /ROEG/roeg_ws/install/raptor_dbw_can/share/raptor_dbw_can/local_setup.dsv
[34.197s] -- Installing: /ROEG/roeg_ws/install/raptor_dbw_can/share/raptor_dbw_can/package.dsv
[34.197s] -- Installing: /ROEG/roeg_ws/install/raptor_dbw_can/share/ament_index/resource_index/packages/raptor_dbw_can
[34.198s] -- Installing: /ROEG/roeg_ws/install/raptor_dbw_can/share/raptor_dbw_can/cmake/ament_cmake_export_dependencies-extras.cmake
[34.198s] -- Installing: /ROEG/roeg_ws/install/raptor_dbw_can/share/raptor_dbw_can/cmake/ament_cmake_export_include_directories-extras.cmake
[34.198s] -- Installing: /ROEG/roeg_ws/install/raptor_dbw_can/share/raptor_dbw_can/cmake/raptor_dbw_canConfig.cmake
[34.198s] -- Installing: /ROEG/roeg_ws/install/raptor_dbw_can/share/raptor_dbw_can/cmake/raptor_dbw_canConfig-version.cmake
[34.198s] -- Installing: /ROEG/roeg_ws/install/raptor_dbw_can/share/raptor_dbw_can/package.xml
[34.200s] Invoked command in '/ROEG/roeg_ws/build/raptor_dbw_can' returned '0': CMAKE_PREFIX_PATH=/ROEG/roeg_ws/install/raptor_pdu:/ROEG/roeg_ws/install/raptor_pdu_msgs:/ROEG/roeg_ws/install/raptor_dbw_msgs:/ROEG/roeg_ws/install/can_dbc_parser:/ROEG/roeg_ws/install/raptor_dbw_can:/ROEG/roeg_ws/install/raptor_dbw_joystick:/ROEG/roeg_ws/install/deep_orange_msgs:/ROEG/roeg_ws/install/roeg:/opt/ros/galactic LD_LIBRARY_PATH=/ROEG/roeg_ws/install/raptor_pdu_msgs/lib:/ROEG/roeg_ws/install/raptor_dbw_msgs/lib:/ROEG/roeg_ws/install/can_dbc_parser/lib:/ROEG/roeg_ws/install/deep_orange_msgs/lib:/opt/ros/galactic/opt/yaml_cpp_vendor/lib:/opt/ros/galactic/opt/rviz_ogre_vendor/lib:/opt/ros/galactic/lib/x86_64-linux-gnu:/opt/ros/galactic/lib PYTHONPATH=/ROEG/roeg_ws/install/raptor_pdu_msgs/lib/python3.8/site-packages:/ROEG/roeg_ws/install/raptor_dbw_msgs/lib/python3.8/site-packages:/ROEG/roeg_ws/install/roeg/lib/python3.8/site-packages:/ROEG/roeg_ws/install/deep_orange_msgs/lib/python3.8/site-packages:/opt/ros/galactic/lib/python3.8/site-packages /usr/bin/cmake --install /ROEG/roeg_ws/build/raptor_dbw_can
