[0.025s] Invoking command in '/ROEG/roeg_ws/build/raptor_pdu': CMAKE_PREFIX_PATH=/ROEG/roeg_ws/install/raptor_pdu_msgs:/ROEG/roeg_ws/install/can_dbc_parser:/ROEG/roeg_ws/install/raptor_dbw_can:/ROEG/roeg_ws/install/raptor_pdu:/ROEG/roeg_ws/install/raptor_dbw_joystick:/ROEG/roeg_ws/install/raptor_dbw_msgs:/ROEG/roeg_ws/install/deep_orange_msgs:/ROEG/roeg_ws/install/roeg:/opt/ros/galactic LD_LIBRARY_PATH=/ROEG/roeg_ws/install/raptor_pdu_msgs/lib:/ROEG/roeg_ws/install/can_dbc_parser/lib:/ROEG/roeg_ws/install/raptor_dbw_msgs/lib:/ROEG/roeg_ws/install/deep_orange_msgs/lib:/opt/ros/galactic/opt/yaml_cpp_vendor/lib:/opt/ros/galactic/opt/rviz_ogre_vendor/lib:/opt/ros/galactic/lib/x86_64-linux-gnu:/opt/ros/galactic/lib PYTHONPATH=/ROEG/roeg_ws/install/raptor_pdu_msgs/lib/python3.8/site-packages:/ROEG/roeg_ws/install/roeg/lib/python3.8/site-packages:/ROEG/roeg_ws/install/raptor_dbw_msgs/lib/python3.8/site-packages:/ROEG/roeg_ws/install/deep_orange_msgs/lib/python3.8/site-packages:/opt/ros/galactic/lib/python3.8/site-packages /usr/bin/cmake /ROEG/roeg_ws/src/raptor-dbw-ros2/raptor_pdu -DCMAKE_INSTALL_PREFIX=/ROEG/roeg_ws/install/raptor_pdu
[0.283s] -- The C compiler identification is GNU 9.4.0
[0.615s] -- The CXX compiler identification is GNU 9.4.0
[0.630s] -- Check for working C compiler: /usr/bin/cc
[0.990s] -- Check for working C compiler: /usr/bin/cc -- works
[0.992s] -- Detecting C compiler ABI info
[1.415s] -- Detecting C compiler ABI info - done
[1.450s] -- Detecting C compile features
[1.450s] -- Detecting C compile features - done
[1.453s] -- Check for working CXX compiler: /usr/bin/c++
[1.719s] -- Check for working CXX compiler: /usr/bin/c++ -- works
[1.721s] -- Detecting CXX compiler ABI info
[1.968s] -- Detecting CXX compiler ABI info - done
[1.996s] -- Detecting CXX compile features
[1.998s] -- Detecting CXX compile features - done
[2.005s] -- Found ament_cmake_auto: 1.1.6 (/opt/ros/galactic/share/ament_cmake_auto/cmake)
[2.106s] -- Found PythonInterp: /usr/bin/python3 (found suitable version "3.8.10", minimum required is "3") 
[2.107s] -- Using PYTHON_EXECUTABLE: /usr/bin/python3
[2.591s] -- Using all available rosidl_typesupport_c: rosidl_typesupport_fastrtps_c;rosidl_typesupport_introspection_c
[2.624s] -- Found rosidl_adapter: 2.2.3 (/opt/ros/galactic/share/rosidl_adapter/cmake)
[3.229s] -- Found OpenSSL: /usr/lib/x86_64-linux-gnu/libcrypto.so (found version "1.1.1f")  
[3.387s] -- Found FastRTPS: /opt/ros/galactic/include  
[3.643s] -- Using all available rosidl_typesupport_cpp: rosidl_typesupport_fastrtps_cpp;rosidl_typesupport_introspection_cpp
[3.783s] -- Found rmw_implementation_cmake: 3.3.1 (/opt/ros/galactic/share/rmw_implementation_cmake/cmake)
[3.791s] -- Found rmw_cyclonedds_cpp: 0.22.6 (/opt/ros/galactic/share/rmw_cyclonedds_cpp/cmake)
[3.865s] -- Using RMW implementation 'rmw_cyclonedds_cpp' as default
[3.869s] -- Looking for pthread.h
[4.214s] -- Looking for pthread.h - found
[4.214s] -- Performing Test CMAKE_HAVE_LIBC_PTHREAD
[4.558s] -- Performing Test CMAKE_HAVE_LIBC_PTHREAD - Failed
[4.559s] -- Looking for pthread_create in pthreads
[4.824s] -- Looking for pthread_create in pthreads - not found
[4.825s] -- Looking for pthread_create in pthread
[5.171s] -- Looking for pthread_create in pthread - found
[5.171s] -- Found Threads: TRUE  
[5.779s] -- Found ament_lint_auto: 0.10.7 (/opt/ros/galactic/share/ament_lint_auto/cmake)
[5.853s] -- Added test 'copyright' to check source files copyright and LICENSE
[5.856s] -- Added test 'cppcheck' to perform static code analysis on C / C++ code
[5.857s] -- Configured cppcheck include dirs: /ROEG/roeg_ws/src/raptor-dbw-ros2/raptor_pdu/include
[5.857s] -- Configured cppcheck exclude dirs and/or files: 
[5.859s] -- Added test 'cpplint' to check C / C++ code against the Google style
[5.859s] -- Configured cpplint exclude dirs and/or files: 
[5.860s] -- Added test 'flake8' to check Python code syntax and style conventions
[5.861s] -- Added test 'lint_cmake' to check CMake code style
[5.862s] -- Added test 'pep257' to check Python code against some of the style conventions in PEP 257
[5.864s] -- Added test 'uncrustify' to check C / C++ code style
[5.864s] -- Configured uncrustify additional arguments: 
[5.865s] -- Added test 'xmllint' to check XML markup files
[5.892s] -- Configuring done
[5.911s] -- Generating done
[5.934s] -- Build files have been written to: /ROEG/roeg_ws/build/raptor_pdu
[5.981s] Invoked command in '/ROEG/roeg_ws/build/raptor_pdu' returned '0': CMAKE_PREFIX_PATH=/ROEG/roeg_ws/install/raptor_pdu_msgs:/ROEG/roeg_ws/install/can_dbc_parser:/ROEG/roeg_ws/install/raptor_dbw_can:/ROEG/roeg_ws/install/raptor_pdu:/ROEG/roeg_ws/install/raptor_dbw_joystick:/ROEG/roeg_ws/install/raptor_dbw_msgs:/ROEG/roeg_ws/install/deep_orange_msgs:/ROEG/roeg_ws/install/roeg:/opt/ros/galactic LD_LIBRARY_PATH=/ROEG/roeg_ws/install/raptor_pdu_msgs/lib:/ROEG/roeg_ws/install/can_dbc_parser/lib:/ROEG/roeg_ws/install/raptor_dbw_msgs/lib:/ROEG/roeg_ws/install/deep_orange_msgs/lib:/opt/ros/galactic/opt/yaml_cpp_vendor/lib:/opt/ros/galactic/opt/rviz_ogre_vendor/lib:/opt/ros/galactic/lib/x86_64-linux-gnu:/opt/ros/galactic/lib PYTHONPATH=/ROEG/roeg_ws/install/raptor_pdu_msgs/lib/python3.8/site-packages:/ROEG/roeg_ws/install/roeg/lib/python3.8/site-packages:/ROEG/roeg_ws/install/raptor_dbw_msgs/lib/python3.8/site-packages:/ROEG/roeg_ws/install/deep_orange_msgs/lib/python3.8/site-packages:/opt/ros/galactic/lib/python3.8/site-packages /usr/bin/cmake /ROEG/roeg_ws/src/raptor-dbw-ros2/raptor_pdu -DCMAKE_INSTALL_PREFIX=/ROEG/roeg_ws/install/raptor_pdu
[5.982s] Invoking command in '/ROEG/roeg_ws/build/raptor_pdu': CMAKE_PREFIX_PATH=/ROEG/roeg_ws/install/raptor_pdu_msgs:/ROEG/roeg_ws/install/can_dbc_parser:/ROEG/roeg_ws/install/raptor_dbw_can:/ROEG/roeg_ws/install/raptor_pdu:/ROEG/roeg_ws/install/raptor_dbw_joystick:/ROEG/roeg_ws/install/raptor_dbw_msgs:/ROEG/roeg_ws/install/deep_orange_msgs:/ROEG/roeg_ws/install/roeg:/opt/ros/galactic LD_LIBRARY_PATH=/ROEG/roeg_ws/install/raptor_pdu_msgs/lib:/ROEG/roeg_ws/install/can_dbc_parser/lib:/ROEG/roeg_ws/install/raptor_dbw_msgs/lib:/ROEG/roeg_ws/install/deep_orange_msgs/lib:/opt/ros/galactic/opt/yaml_cpp_vendor/lib:/opt/ros/galactic/opt/rviz_ogre_vendor/lib:/opt/ros/galactic/lib/x86_64-linux-gnu:/opt/ros/galactic/lib PYTHONPATH=/ROEG/roeg_ws/install/raptor_pdu_msgs/lib/python3.8/site-packages:/ROEG/roeg_ws/install/roeg/lib/python3.8/site-packages:/ROEG/roeg_ws/install/raptor_dbw_msgs/lib/python3.8/site-packages:/ROEG/roeg_ws/install/deep_orange_msgs/lib/python3.8/site-packages:/opt/ros/galactic/lib/python3.8/site-packages /usr/bin/cmake --build /ROEG/roeg_ws/build/raptor_pdu -- -j16 -l16
[6.242s] [35m[1mScanning dependencies of target raptor_pdu_node[0m
[6.426s] [ 33%] [32mBuilding CXX object CMakeFiles/raptor_pdu_node.dir/src/raptor_pdu.cpp.o[0m
[6.428s] [ 66%] [32mBuilding CXX object CMakeFiles/raptor_pdu_node.dir/src/raptor_pdu_node.cpp.o[0m
[21.795s] [100%] [32m[1mLinking CXX executable raptor_pdu_node[0m
[22.444s] [100%] Built target raptor_pdu_node
[22.461s] Invoked command in '/ROEG/roeg_ws/build/raptor_pdu' returned '0': CMAKE_PREFIX_PATH=/ROEG/roeg_ws/install/raptor_pdu_msgs:/ROEG/roeg_ws/install/can_dbc_parser:/ROEG/roeg_ws/install/raptor_dbw_can:/ROEG/roeg_ws/install/raptor_pdu:/ROEG/roeg_ws/install/raptor_dbw_joystick:/ROEG/roeg_ws/install/raptor_dbw_msgs:/ROEG/roeg_ws/install/deep_orange_msgs:/ROEG/roeg_ws/install/roeg:/opt/ros/galactic LD_LIBRARY_PATH=/ROEG/roeg_ws/install/raptor_pdu_msgs/lib:/ROEG/roeg_ws/install/can_dbc_parser/lib:/ROEG/roeg_ws/install/raptor_dbw_msgs/lib:/ROEG/roeg_ws/install/deep_orange_msgs/lib:/opt/ros/galactic/opt/yaml_cpp_vendor/lib:/opt/ros/galactic/opt/rviz_ogre_vendor/lib:/opt/ros/galactic/lib/x86_64-linux-gnu:/opt/ros/galactic/lib PYTHONPATH=/ROEG/roeg_ws/install/raptor_pdu_msgs/lib/python3.8/site-packages:/ROEG/roeg_ws/install/roeg/lib/python3.8/site-packages:/ROEG/roeg_ws/install/raptor_dbw_msgs/lib/python3.8/site-packages:/ROEG/roeg_ws/install/deep_orange_msgs/lib/python3.8/site-packages:/opt/ros/galactic/lib/python3.8/site-packages /usr/bin/cmake --build /ROEG/roeg_ws/build/raptor_pdu -- -j16 -l16
[22.496s] Invoking command in '/ROEG/roeg_ws/build/raptor_pdu': CMAKE_PREFIX_PATH=/ROEG/roeg_ws/install/raptor_pdu_msgs:/ROEG/roeg_ws/install/can_dbc_parser:/ROEG/roeg_ws/install/raptor_dbw_can:/ROEG/roeg_ws/install/raptor_pdu:/ROEG/roeg_ws/install/raptor_dbw_joystick:/ROEG/roeg_ws/install/raptor_dbw_msgs:/ROEG/roeg_ws/install/deep_orange_msgs:/ROEG/roeg_ws/install/roeg:/opt/ros/galactic LD_LIBRARY_PATH=/ROEG/roeg_ws/install/raptor_pdu_msgs/lib:/ROEG/roeg_ws/install/can_dbc_parser/lib:/ROEG/roeg_ws/install/raptor_dbw_msgs/lib:/ROEG/roeg_ws/install/deep_orange_msgs/lib:/opt/ros/galactic/opt/yaml_cpp_vendor/lib:/opt/ros/galactic/opt/rviz_ogre_vendor/lib:/opt/ros/galactic/lib/x86_64-linux-gnu:/opt/ros/galactic/lib PYTHONPATH=/ROEG/roeg_ws/install/raptor_pdu_msgs/lib/python3.8/site-packages:/ROEG/roeg_ws/install/roeg/lib/python3.8/site-packages:/ROEG/roeg_ws/install/raptor_dbw_msgs/lib/python3.8/site-packages:/ROEG/roeg_ws/install/deep_orange_msgs/lib/python3.8/site-packages:/opt/ros/galactic/lib/python3.8/site-packages /usr/bin/cmake --install /ROEG/roeg_ws/build/raptor_pdu
[22.507s] -- Install configuration: ""
[22.507s] -- Installing: /ROEG/roeg_ws/install/raptor_pdu/include
[22.507s] -- Installing: /ROEG/roeg_ws/install/raptor_pdu/include/raptor_pdu
[22.507s] -- Installing: /ROEG/roeg_ws/install/raptor_pdu/include/raptor_pdu/raptor_pdu.hpp
[22.507s] -- Installing: /ROEG/roeg_ws/install/raptor_pdu/lib/raptor_pdu/raptor_pdu_node
[22.516s] -- Set runtime path of "/ROEG/roeg_ws/install/raptor_pdu/lib/raptor_pdu/raptor_pdu_node" to ""
[22.516s] -- Installing: /ROEG/roeg_ws/install/raptor_pdu/share/raptor_pdu/launch
[22.516s] -- Installing: /ROEG/roeg_ws/install/raptor_pdu/share/raptor_pdu/launch/raptor_pdu_launch.py
[22.516s] -- Installing: /ROEG/roeg_ws/install/raptor_pdu/share/raptor_pdu/launch/raptor_PDU_dbc.dbc
[22.516s] -- Installing: /ROEG/roeg_ws/install/raptor_pdu/share/ament_index/resource_index/package_run_dependencies/raptor_pdu
[22.517s] -- Installing: /ROEG/roeg_ws/install/raptor_pdu/share/ament_index/resource_index/parent_prefix_path/raptor_pdu
[22.517s] -- Installing: /ROEG/roeg_ws/install/raptor_pdu/share/raptor_pdu/environment/ament_prefix_path.sh
[22.517s] -- Installing: /ROEG/roeg_ws/install/raptor_pdu/share/raptor_pdu/environment/ament_prefix_path.dsv
[22.517s] -- Installing: /ROEG/roeg_ws/install/raptor_pdu/share/raptor_pdu/environment/path.sh
[22.517s] -- Installing: /ROEG/roeg_ws/install/raptor_pdu/share/raptor_pdu/environment/path.dsv
[22.518s] -- Installing: /ROEG/roeg_ws/install/raptor_pdu/share/raptor_pdu/local_setup.bash
[22.518s] -- Installing: /ROEG/roeg_ws/install/raptor_pdu/share/raptor_pdu/local_setup.sh
[22.518s] -- Installing: /ROEG/roeg_ws/install/raptor_pdu/share/raptor_pdu/local_setup.zsh
[22.518s] -- Installing: /ROEG/roeg_ws/install/raptor_pdu/share/raptor_pdu/local_setup.dsv
[22.519s] -- Installing: /ROEG/roeg_ws/install/raptor_pdu/share/raptor_pdu/package.dsv
[22.519s] -- Installing: /ROEG/roeg_ws/install/raptor_pdu/share/ament_index/resource_index/packages/raptor_pdu
[22.519s] -- Installing: /ROEG/roeg_ws/install/raptor_pdu/share/raptor_pdu/cmake/ament_cmake_export_dependencies-extras.cmake
[22.519s] -- Installing: /ROEG/roeg_ws/install/raptor_pdu/share/raptor_pdu/cmake/ament_cmake_export_include_directories-extras.cmake
[22.520s] -- Installing: /ROEG/roeg_ws/install/raptor_pdu/share/raptor_pdu/cmake/raptor_pduConfig.cmake
[22.520s] -- Installing: /ROEG/roeg_ws/install/raptor_pdu/share/raptor_pdu/cmake/raptor_pduConfig-version.cmake
[22.520s] -- Installing: /ROEG/roeg_ws/install/raptor_pdu/share/raptor_pdu/package.xml
[22.526s] Invoked command in '/ROEG/roeg_ws/build/raptor_pdu' returned '0': CMAKE_PREFIX_PATH=/ROEG/roeg_ws/install/raptor_pdu_msgs:/ROEG/roeg_ws/install/can_dbc_parser:/ROEG/roeg_ws/install/raptor_dbw_can:/ROEG/roeg_ws/install/raptor_pdu:/ROEG/roeg_ws/install/raptor_dbw_joystick:/ROEG/roeg_ws/install/raptor_dbw_msgs:/ROEG/roeg_ws/install/deep_orange_msgs:/ROEG/roeg_ws/install/roeg:/opt/ros/galactic LD_LIBRARY_PATH=/ROEG/roeg_ws/install/raptor_pdu_msgs/lib:/ROEG/roeg_ws/install/can_dbc_parser/lib:/ROEG/roeg_ws/install/raptor_dbw_msgs/lib:/ROEG/roeg_ws/install/deep_orange_msgs/lib:/opt/ros/galactic/opt/yaml_cpp_vendor/lib:/opt/ros/galactic/opt/rviz_ogre_vendor/lib:/opt/ros/galactic/lib/x86_64-linux-gnu:/opt/ros/galactic/lib PYTHONPATH=/ROEG/roeg_ws/install/raptor_pdu_msgs/lib/python3.8/site-packages:/ROEG/roeg_ws/install/roeg/lib/python3.8/site-packages:/ROEG/roeg_ws/install/raptor_dbw_msgs/lib/python3.8/site-packages:/ROEG/roeg_ws/install/deep_orange_msgs/lib/python3.8/site-packages:/opt/ros/galactic/lib/python3.8/site-packages /usr/bin/cmake --install /ROEG/roeg_ws/build/raptor_pdu
