[0.056s] Invoking command in '/ROEG/roeg_ws/build/deep_orange_msgs': CMAKE_PREFIX_PATH=${CMAKE_PREFIX_PATH}:/ROEG/roeg_ws/install/roeg:/opt/ros/galactic /usr/bin/cmake /ROEG/roeg_ws/src/deep_orange_msgs -DCMAKE_INSTALL_PREFIX=/ROEG/roeg_ws/install/deep_orange_msgs
[0.221s] -- The C compiler identification is GNU 9.4.0
[0.318s] -- The CXX compiler identification is GNU 9.4.0
[0.322s] -- Check for working C compiler: /usr/bin/cc
[0.415s] -- Check for working C compiler: /usr/bin/cc -- works
[0.416s] -- Detecting C compiler ABI info
[0.508s] -- Detecting C compiler ABI info - done
[0.521s] -- Detecting C compile features
[0.521s] -- Detecting C compile features - done
[0.524s] -- Check for working CXX compiler: /usr/bin/c++
[0.679s] -- Check for working CXX compiler: /usr/bin/c++ -- works
[0.681s] -- Detecting CXX compiler ABI info
[0.831s] -- Detecting CXX compiler ABI info - done
[0.846s] -- Detecting CXX compile features
[0.846s] -- Detecting CXX compile features - done
[0.850s] -- Found ament_cmake: 1.1.6 (/opt/ros/galactic/share/ament_cmake/cmake)
[0.899s] -- Found PythonInterp: /usr/bin/python3 (found suitable version "3.8.10", minimum required is "3") 
[0.899s] -- Using PYTHON_EXECUTABLE: /usr/bin/python3
[1.039s] -- Found builtin_interfaces: 1.0.3 (/opt/ros/galactic/share/builtin_interfaces/cmake)
[1.070s] -- Using all available rosidl_typesupport_c: rosidl_typesupport_fastrtps_c;rosidl_typesupport_introspection_c
[1.080s] -- Found rosidl_adapter: 2.2.3 (/opt/ros/galactic/share/rosidl_adapter/cmake)
[1.234s] -- Found OpenSSL: /usr/lib/x86_64-linux-gnu/libcrypto.so (found version "1.1.1f")  
[1.284s] -- Found FastRTPS: /opt/ros/galactic/include  
[1.385s] -- Using all available rosidl_typesupport_cpp: rosidl_typesupport_fastrtps_cpp;rosidl_typesupport_introspection_cpp
[1.415s] -- Found rosidl_default_generators: 1.1.1 (/opt/ros/galactic/share/rosidl_default_generators/cmake)
[1.430s] -- Found std_msgs: 2.2.4 (/opt/ros/galactic/share/std_msgs/cmake)
[1.486s] -- Found PythonInterp: /usr/bin/python3 (found version "3.8.10") 
[1.852s] -- Found ament_cmake_cppcheck: 0.10.7 (/opt/ros/galactic/share/ament_cmake_cppcheck/cmake)
[1.856s] -- Found ament_cmake_cpplint: 0.10.7 (/opt/ros/galactic/share/ament_cmake_cpplint/cmake)
[1.861s] -- Found ament_cmake_uncrustify: 0.10.7 (/opt/ros/galactic/share/ament_cmake_uncrustify/cmake)
[1.866s] -- Found ament_cmake_ros: 0.9.2 (/opt/ros/galactic/share/ament_cmake_ros/cmake)
[2.234s] -- Using all available rosidl_typesupport_c: rosidl_typesupport_fastrtps_c;rosidl_typesupport_introspection_c
[2.367s] -- Using all available rosidl_typesupport_cpp: rosidl_typesupport_fastrtps_cpp;rosidl_typesupport_introspection_cpp
[2.395s] -- Found PythonInterp: /usr/bin/python3 (found suitable version "3.8.10", minimum required is "3.5") 
[2.398s] -- Found python_cmake_module: 0.8.1 (/opt/ros/galactic/share/python_cmake_module/cmake)
[2.429s] -- Found PythonLibs: /usr/lib/x86_64-linux-gnu/libpython3.8.so (found suitable version "3.8.10", minimum required is "3.5") 
[2.429s] -- Using PYTHON_EXECUTABLE: /usr/bin/python3
[2.429s] -- Using PYTHON_INCLUDE_DIRS: /usr/include/python3.8
[2.429s] -- Using PYTHON_LIBRARIES: /usr/lib/x86_64-linux-gnu/libpython3.8.so
[2.453s] -- Found PythonExtra: .so  
[2.654s] -- Using numpy include directory: /usr/local/lib/python3.8/dist-packages/numpy/core/include
[2.684s] -- Found ament_cmake_flake8: 0.10.7 (/opt/ros/galactic/share/ament_cmake_flake8/cmake)
[2.690s] -- Found ament_cmake_pep257: 0.10.7 (/opt/ros/galactic/share/ament_cmake_pep257/cmake)
[2.699s] -- Found ament_lint_auto: 0.10.7 (/opt/ros/galactic/share/ament_lint_auto/cmake)
[2.749s] -- Added test 'copyright' to check source files copyright and LICENSE
[2.752s] -- Added test 'lint_cmake' to check CMake code style
[2.754s] -- Added test 'xmllint' to check XML markup files
[2.764s] -- Configuring done
[2.861s] -- Generating done
[2.865s] -- Build files have been written to: /ROEG/roeg_ws/build/deep_orange_msgs
[2.888s] Invoked command in '/ROEG/roeg_ws/build/deep_orange_msgs' returned '0': CMAKE_PREFIX_PATH=${CMAKE_PREFIX_PATH}:/ROEG/roeg_ws/install/roeg:/opt/ros/galactic /usr/bin/cmake /ROEG/roeg_ws/src/deep_orange_msgs -DCMAKE_INSTALL_PREFIX=/ROEG/roeg_ws/install/deep_orange_msgs
[2.892s] Invoking command in '/ROEG/roeg_ws/build/deep_orange_msgs': CMAKE_PREFIX_PATH=${CMAKE_PREFIX_PATH}:/ROEG/roeg_ws/install/roeg:/opt/ros/galactic /usr/bin/cmake --build /ROEG/roeg_ws/build/deep_orange_msgs -- -j16 -l16
[2.954s] [35m[1mScanning dependencies of target deep_orange_msgs__cpp[0m
[2.956s] [  1%] [34m[1mGenerating C code for ROS interfaces[0m
[2.972s] [  1%] [34m[1mGenerating C++ code for ROS interfaces[0m
[4.846s] [  1%] Built target deep_orange_msgs__cpp
[4.865s] [  2%] [34m[1mGenerating C++ type support dispatch for ROS interfaces[0m
[4.871s] [  3%] [34m[1mGenerating C++ type support for eProsima Fast-RTPS[0m
[4.878s] [  3%] [34m[1mGenerating C++ introspection for ROS interfaces[0m
[4.965s] [35m[1mScanning dependencies of target deep_orange_msgs__rosidl_generator_c[0m
[5.008s] [  3%] [32mBuilding C object CMakeFiles/deep_orange_msgs__rosidl_generator_c.dir/rosidl_generator_c/deep_orange_msgs/msg/detail/base_to_car_summary__functions.c.o[0m
[5.011s] [  4%] [32mBuilding C object CMakeFiles/deep_orange_msgs__rosidl_generator_c.dir/rosidl_generator_c/deep_orange_msgs/msg/detail/coordinates__functions.c.o[0m
[5.017s] [  5%] [32mBuilding C object CMakeFiles/deep_orange_msgs__rosidl_generator_c.dir/rosidl_generator_c/deep_orange_msgs/msg/detail/brake_temp_report__functions.c.o[0m
[5.023s] [  6%] [32mBuilding C object CMakeFiles/deep_orange_msgs__rosidl_generator_c.dir/rosidl_generator_c/deep_orange_msgs/msg/detail/misc_report__functions.c.o[0m
[5.023s] [  6%] [32mBuilding C object CMakeFiles/deep_orange_msgs__rosidl_generator_c.dir/rosidl_generator_c/deep_orange_msgs/msg/detail/ct_report__functions.c.o[0m
[5.023s] [  6%] [32mBuilding C object CMakeFiles/deep_orange_msgs__rosidl_generator_c.dir/rosidl_generator_c/deep_orange_msgs/msg/detail/pt_report__functions.c.o[0m
[5.038s] [  7%] [32mBuilding C object CMakeFiles/deep_orange_msgs__rosidl_generator_c.dir/rosidl_generator_c/deep_orange_msgs/msg/detail/rc_to_ct__functions.c.o[0m
[5.071s] [  8%] [32mBuilding C object CMakeFiles/deep_orange_msgs__rosidl_generator_c.dir/rosidl_generator_c/deep_orange_msgs/msg/detail/telemetry__functions.c.o[0m
[5.072s] [  8%] [32mBuilding C object CMakeFiles/deep_orange_msgs__rosidl_generator_c.dir/rosidl_generator_c/deep_orange_msgs/msg/detail/joystick_command__functions.c.o[0m
[5.079s] [  9%] [32mBuilding C object CMakeFiles/deep_orange_msgs__rosidl_generator_c.dir/rosidl_generator_c/deep_orange_msgs/msg/detail/tire_temp_report__functions.c.o[0m
[5.082s] [ 10%] [32mBuilding C object CMakeFiles/deep_orange_msgs__rosidl_generator_c.dir/rosidl_generator_c/deep_orange_msgs/msg/detail/tire_report__functions.c.o[0m
[5.086s] [ 10%] [32mBuilding C object CMakeFiles/deep_orange_msgs__rosidl_generator_c.dir/rosidl_generator_c/deep_orange_msgs/msg/detail/tire_temp__functions.c.o[0m
[5.101s] [ 11%] [32mBuilding C object CMakeFiles/deep_orange_msgs__rosidl_generator_c.dir/rosidl_generator_c/deep_orange_msgs/msg/detail/diagnostic_report__functions.c.o[0m
[5.144s] [ 12%] [32mBuilding C object CMakeFiles/deep_orange_msgs__rosidl_generator_c.dir/rosidl_generator_c/deep_orange_msgs/msg/detail/lap_time_report__functions.c.o[0m
[5.152s] [ 13%] [32mBuilding C object CMakeFiles/deep_orange_msgs__rosidl_generator_c.dir/rosidl_generator_c/deep_orange_msgs/msg/detail/marelli_report__functions.c.o[0m
[5.158s] [ 13%] [32mBuilding C object CMakeFiles/deep_orange_msgs__rosidl_generator_c.dir/rosidl_generator_c/deep_orange_msgs/msg/detail/my_laps_report__functions.c.o[0m
[5.159s] [ 13%] [32mBuilding C object CMakeFiles/deep_orange_msgs__rosidl_generator_c.dir/rosidl_generator_c/deep_orange_msgs/msg/detail/race_control_report__functions.c.o[0m
[5.238s] [ 14%] [32m[1mLinking C shared library libdeep_orange_msgs__rosidl_generator_c.so[0m
[5.293s] [ 14%] Built target deep_orange_msgs__rosidl_generator_c
[5.314s] [ 16%] [34m[1mGenerating C type support dispatch for ROS interfaces[0m
[5.314s] [ 16%] [34m[1mGenerating C introspection for ROS interfaces[0m
[5.675s] [35m[1mScanning dependencies of target deep_orange_msgs__rosidl_typesupport_cpp[0m
[5.705s] [ 17%] [32mBuilding CXX object CMakeFiles/deep_orange_msgs__rosidl_typesupport_cpp.dir/rosidl_typesupport_cpp/deep_orange_msgs/msg/rc_to_ct__type_support.cpp.o[0m
[5.706s] [ 18%] [32mBuilding CXX object CMakeFiles/deep_orange_msgs__rosidl_typesupport_cpp.dir/rosidl_typesupport_cpp/deep_orange_msgs/msg/base_to_car_summary__type_support.cpp.o[0m
[5.706s] [ 18%] [32mBuilding CXX object CMakeFiles/deep_orange_msgs__rosidl_typesupport_cpp.dir/rosidl_typesupport_cpp/deep_orange_msgs/msg/ct_report__type_support.cpp.o[0m
[5.706s] [ 19%] [32mBuilding CXX object CMakeFiles/deep_orange_msgs__rosidl_typesupport_cpp.dir/rosidl_typesupport_cpp/deep_orange_msgs/msg/brake_temp_report__type_support.cpp.o[0m
[5.708s] [ 18%] [32mBuilding CXX object CMakeFiles/deep_orange_msgs__rosidl_typesupport_cpp.dir/rosidl_typesupport_cpp/deep_orange_msgs/msg/pt_report__type_support.cpp.o[0m
[5.708s] [ 19%] [32mBuilding CXX object CMakeFiles/deep_orange_msgs__rosidl_typesupport_cpp.dir/rosidl_typesupport_cpp/deep_orange_msgs/msg/coordinates__type_support.cpp.o[0m
[5.708s] [ 20%] [32mBuilding CXX object CMakeFiles/deep_orange_msgs__rosidl_typesupport_cpp.dir/rosidl_typesupport_cpp/deep_orange_msgs/msg/misc_report__type_support.cpp.o[0m
[5.720s] [ 21%] [32mBuilding CXX object CMakeFiles/deep_orange_msgs__rosidl_typesupport_cpp.dir/rosidl_typesupport_cpp/deep_orange_msgs/msg/tire_temp__type_support.cpp.o[0m
[5.720s] [ 21%] [32mBuilding CXX object CMakeFiles/deep_orange_msgs__rosidl_typesupport_cpp.dir/rosidl_typesupport_cpp/deep_orange_msgs/msg/tire_temp_report__type_support.cpp.o[0m
[5.720s] [ 21%] [32mBuilding CXX object CMakeFiles/deep_orange_msgs__rosidl_typesupport_cpp.dir/rosidl_typesupport_cpp/deep_orange_msgs/msg/joystick_command__type_support.cpp.o[0m
[5.722s] [ 22%] [32mBuilding CXX object CMakeFiles/deep_orange_msgs__rosidl_typesupport_cpp.dir/rosidl_typesupport_cpp/deep_orange_msgs/msg/telemetry__type_support.cpp.o[0m
[5.723s] [ 23%] [32mBuilding CXX object CMakeFiles/deep_orange_msgs__rosidl_typesupport_cpp.dir/rosidl_typesupport_cpp/deep_orange_msgs/msg/tire_report__type_support.cpp.o[0m
[6.254s] [ 24%] [32mBuilding CXX object CMakeFiles/deep_orange_msgs__rosidl_typesupport_cpp.dir/rosidl_typesupport_cpp/deep_orange_msgs/msg/diagnostic_report__type_support.cpp.o[0m
[6.268s] [ 25%] [32mBuilding CXX object CMakeFiles/deep_orange_msgs__rosidl_typesupport_cpp.dir/rosidl_typesupport_cpp/deep_orange_msgs/msg/lap_time_report__type_support.cpp.o[0m
[6.286s] [ 25%] [32mBuilding CXX object CMakeFiles/deep_orange_msgs__rosidl_typesupport_cpp.dir/rosidl_typesupport_cpp/deep_orange_msgs/msg/my_laps_report__type_support.cpp.o[0m
[6.322s] [ 26%] [32mBuilding CXX object CMakeFiles/deep_orange_msgs__rosidl_typesupport_cpp.dir/rosidl_typesupport_cpp/deep_orange_msgs/msg/marelli_report__type_support.cpp.o[0m
[6.408s] [ 27%] [32mBuilding CXX object CMakeFiles/deep_orange_msgs__rosidl_typesupport_cpp.dir/rosidl_typesupport_cpp/deep_orange_msgs/msg/race_control_report__type_support.cpp.o[0m
[6.479s] [35m[1mScanning dependencies of target deep_orange_msgs__rosidl_typesupport_c[0m
[6.584s] [ 27%] [32mBuilding CXX object CMakeFiles/deep_orange_msgs__rosidl_typesupport_c.dir/rosidl_typesupport_c/deep_orange_msgs/msg/base_to_car_summary__type_support.cpp.o[0m
[6.586s] [ 28%] [32mBuilding CXX object CMakeFiles/deep_orange_msgs__rosidl_typesupport_c.dir/rosidl_typesupport_c/deep_orange_msgs/msg/coordinates__type_support.cpp.o[0m
[6.611s] [ 29%] [32mBuilding CXX object CMakeFiles/deep_orange_msgs__rosidl_typesupport_c.dir/rosidl_typesupport_c/deep_orange_msgs/msg/ct_report__type_support.cpp.o[0m
[6.615s] [ 29%] [32mBuilding CXX object CMakeFiles/deep_orange_msgs__rosidl_typesupport_c.dir/rosidl_typesupport_c/deep_orange_msgs/msg/brake_temp_report__type_support.cpp.o[0m
[6.618s] [35m[1mScanning dependencies of target deep_orange_msgs__rosidl_typesupport_introspection_cpp[0m
[6.638s] [ 30%] [32mBuilding CXX object CMakeFiles/deep_orange_msgs__rosidl_typesupport_c.dir/rosidl_typesupport_c/deep_orange_msgs/msg/misc_report__type_support.cpp.o[0m
[6.640s] [ 30%] [32mBuilding CXX object CMakeFiles/deep_orange_msgs__rosidl_typesupport_c.dir/rosidl_typesupport_c/deep_orange_msgs/msg/pt_report__type_support.cpp.o[0m
[6.666s] [ 31%] [32mBuilding CXX object CMakeFiles/deep_orange_msgs__rosidl_typesupport_c.dir/rosidl_typesupport_c/deep_orange_msgs/msg/rc_to_ct__type_support.cpp.o[0m
[6.739s] [ 32%] [32mBuilding CXX object CMakeFiles/deep_orange_msgs__rosidl_typesupport_c.dir/rosidl_typesupport_c/deep_orange_msgs/msg/tire_report__type_support.cpp.o[0m
[6.748s] [ 32%] [32mBuilding CXX object CMakeFiles/deep_orange_msgs__rosidl_typesupport_c.dir/rosidl_typesupport_c/deep_orange_msgs/msg/tire_temp__type_support.cpp.o[0m
[6.754s] [ 33%] [32mBuilding CXX object CMakeFiles/deep_orange_msgs__rosidl_typesupport_c.dir/rosidl_typesupport_c/deep_orange_msgs/msg/tire_temp_report__type_support.cpp.o[0m
[6.766s] [ 34%] [32mBuilding CXX object CMakeFiles/deep_orange_msgs__rosidl_typesupport_c.dir/rosidl_typesupport_c/deep_orange_msgs/msg/telemetry__type_support.cpp.o[0m
[6.768s] [ 35%] [32mBuilding CXX object CMakeFiles/deep_orange_msgs__rosidl_typesupport_introspection_cpp.dir/rosidl_typesupport_introspection_cpp/deep_orange_msgs/msg/detail/base_to_car_summary__type_support.cpp.o[0m
[6.775s] [ 35%] [32mBuilding CXX object CMakeFiles/deep_orange_msgs__rosidl_typesupport_c.dir/rosidl_typesupport_c/deep_orange_msgs/msg/joystick_command__type_support.cpp.o[0m
[6.790s] [ 35%] [32mBuilding CXX object CMakeFiles/deep_orange_msgs__rosidl_typesupport_introspection_cpp.dir/rosidl_typesupport_introspection_cpp/deep_orange_msgs/msg/detail/brake_temp_report__type_support.cpp.o[0m
[6.843s] [ 36%] [32mBuilding CXX object CMakeFiles/deep_orange_msgs__rosidl_typesupport_introspection_cpp.dir/rosidl_typesupport_introspection_cpp/deep_orange_msgs/msg/detail/coordinates__type_support.cpp.o[0m
[6.852s] [ 37%] [32mBuilding CXX object CMakeFiles/deep_orange_msgs__rosidl_typesupport_c.dir/rosidl_typesupport_c/deep_orange_msgs/msg/diagnostic_report__type_support.cpp.o[0m
[6.880s] [ 38%] [32mBuilding CXX object CMakeFiles/deep_orange_msgs__rosidl_typesupport_introspection_cpp.dir/rosidl_typesupport_introspection_cpp/deep_orange_msgs/msg/detail/ct_report__type_support.cpp.o[0m
[6.901s] [ 38%] [32mBuilding CXX object CMakeFiles/deep_orange_msgs__rosidl_typesupport_c.dir/rosidl_typesupport_c/deep_orange_msgs/msg/lap_time_report__type_support.cpp.o[0m
[6.913s] [ 39%] [32mBuilding CXX object CMakeFiles/deep_orange_msgs__rosidl_typesupport_c.dir/rosidl_typesupport_c/deep_orange_msgs/msg/my_laps_report__type_support.cpp.o[0m
[6.922s] [ 40%] [32mBuilding CXX object CMakeFiles/deep_orange_msgs__rosidl_typesupport_c.dir/rosidl_typesupport_c/deep_orange_msgs/msg/marelli_report__type_support.cpp.o[0m
[6.956s] [ 40%] [32mBuilding CXX object CMakeFiles/deep_orange_msgs__rosidl_typesupport_c.dir/rosidl_typesupport_c/deep_orange_msgs/msg/race_control_report__type_support.cpp.o[0m
[6.972s] [ 40%] [32mBuilding CXX object CMakeFiles/deep_orange_msgs__rosidl_typesupport_introspection_cpp.dir/rosidl_typesupport_introspection_cpp/deep_orange_msgs/msg/detail/misc_report__type_support.cpp.o[0m
[7.076s] [ 41%] [32m[1mLinking CXX shared library libdeep_orange_msgs__rosidl_typesupport_c.so[0m
[7.080s] [ 42%] [32mBuilding CXX object CMakeFiles/deep_orange_msgs__rosidl_typesupport_introspection_cpp.dir/rosidl_typesupport_introspection_cpp/deep_orange_msgs/msg/detail/pt_report__type_support.cpp.o[0m
[7.091s] [ 43%] [32mBuilding CXX object CMakeFiles/deep_orange_msgs__rosidl_typesupport_introspection_cpp.dir/rosidl_typesupport_introspection_cpp/deep_orange_msgs/msg/detail/rc_to_ct__type_support.cpp.o[0m
[7.139s] [ 43%] [32mBuilding CXX object CMakeFiles/deep_orange_msgs__rosidl_typesupport_introspection_cpp.dir/rosidl_typesupport_introspection_cpp/deep_orange_msgs/msg/detail/tire_report__type_support.cpp.o[0m
[7.147s] [ 44%] [32mBuilding CXX object CMakeFiles/deep_orange_msgs__rosidl_typesupport_introspection_cpp.dir/rosidl_typesupport_introspection_cpp/deep_orange_msgs/msg/detail/tire_temp__type_support.cpp.o[0m
[7.151s] [ 44%] [32mBuilding CXX object CMakeFiles/deep_orange_msgs__rosidl_typesupport_introspection_cpp.dir/rosidl_typesupport_introspection_cpp/deep_orange_msgs/msg/detail/tire_temp_report__type_support.cpp.o[0m
[7.179s] [35m[1mScanning dependencies of target deep_orange_msgs__rosidl_typesupport_fastrtps_cpp[0m
[7.236s] [ 44%] [32m[1mLinking CXX shared library libdeep_orange_msgs__rosidl_typesupport_cpp.so[0m
[7.257s] [ 46%] [32mBuilding CXX object CMakeFiles/deep_orange_msgs__rosidl_typesupport_fastrtps_cpp.dir/rosidl_typesupport_fastrtps_cpp/deep_orange_msgs/msg/detail/dds_fastrtps/base_to_car_summary__type_support.cpp.o[0m
[7.259s] [ 46%] Built target deep_orange_msgs__rosidl_typesupport_c
[7.264s] [ 47%] [32mBuilding CXX object CMakeFiles/deep_orange_msgs__rosidl_typesupport_introspection_cpp.dir/rosidl_typesupport_introspection_cpp/deep_orange_msgs/msg/detail/telemetry__type_support.cpp.o[0m
[7.265s] [ 46%] [32mBuilding CXX object CMakeFiles/deep_orange_msgs__rosidl_typesupport_introspection_cpp.dir/rosidl_typesupport_introspection_cpp/deep_orange_msgs/msg/detail/joystick_command__type_support.cpp.o[0m
[7.276s] [35m[1mScanning dependencies of target deep_orange_msgs__rosidl_typesupport_introspection_c[0m
[7.341s] [ 47%] [32mBuilding CXX object CMakeFiles/deep_orange_msgs__rosidl_typesupport_introspection_cpp.dir/rosidl_typesupport_introspection_cpp/deep_orange_msgs/msg/detail/diagnostic_report__type_support.cpp.o[0m
[7.399s] [ 48%] [32mBuilding C object CMakeFiles/deep_orange_msgs__rosidl_typesupport_introspection_c.dir/rosidl_typesupport_introspection_c/deep_orange_msgs/msg/detail/base_to_car_summary__type_support.c.o[0m
[7.438s] [ 48%] [32mBuilding C object CMakeFiles/deep_orange_msgs__rosidl_typesupport_introspection_c.dir/rosidl_typesupport_introspection_c/deep_orange_msgs/msg/detail/brake_temp_report__type_support.c.o[0m
[7.515s] [ 48%] Built target deep_orange_msgs__rosidl_typesupport_cpp
[7.518s] [ 49%] [32mBuilding C object CMakeFiles/deep_orange_msgs__rosidl_typesupport_introspection_c.dir/rosidl_typesupport_introspection_c/deep_orange_msgs/msg/detail/coordinates__type_support.c.o[0m
[7.553s] [ 50%] [32mBuilding CXX object CMakeFiles/deep_orange_msgs__rosidl_typesupport_introspection_cpp.dir/rosidl_typesupport_introspection_cpp/deep_orange_msgs/msg/detail/lap_time_report__type_support.cpp.o[0m
[7.554s] [ 50%] [32mBuilding C object CMakeFiles/deep_orange_msgs__rosidl_typesupport_introspection_c.dir/rosidl_typesupport_introspection_c/deep_orange_msgs/msg/detail/ct_report__type_support.c.o[0m
[7.561s] [ 51%] [32mBuilding CXX object CMakeFiles/deep_orange_msgs__rosidl_typesupport_introspection_cpp.dir/rosidl_typesupport_introspection_cpp/deep_orange_msgs/msg/detail/marelli_report__type_support.cpp.o[0m
[7.563s] [ 51%] [32mBuilding CXX object CMakeFiles/deep_orange_msgs__rosidl_typesupport_introspection_cpp.dir/rosidl_typesupport_introspection_cpp/deep_orange_msgs/msg/detail/my_laps_report__type_support.cpp.o[0m
[7.574s] [ 52%] [32mBuilding CXX object CMakeFiles/deep_orange_msgs__rosidl_typesupport_introspection_cpp.dir/rosidl_typesupport_introspection_cpp/deep_orange_msgs/msg/detail/race_control_report__type_support.cpp.o[0m
[7.598s] [ 53%] [32mBuilding C object CMakeFiles/deep_orange_msgs__rosidl_typesupport_introspection_c.dir/rosidl_typesupport_introspection_c/deep_orange_msgs/msg/detail/misc_report__type_support.c.o[0m
[7.657s] [ 53%] [32mBuilding C object CMakeFiles/deep_orange_msgs__rosidl_typesupport_introspection_c.dir/rosidl_typesupport_introspection_c/deep_orange_msgs/msg/detail/rc_to_ct__type_support.c.o[0m
[7.658s] [ 54%] [32mBuilding C object CMakeFiles/deep_orange_msgs__rosidl_typesupport_introspection_c.dir/rosidl_typesupport_introspection_c/deep_orange_msgs/msg/detail/pt_report__type_support.c.o[0m
[7.674s] [ 55%] [32mBuilding C object CMakeFiles/deep_orange_msgs__rosidl_typesupport_introspection_c.dir/rosidl_typesupport_introspection_c/deep_orange_msgs/msg/detail/tire_report__type_support.c.o[0m
[7.736s] [ 56%] [32mBuilding C object CMakeFiles/deep_orange_msgs__rosidl_typesupport_introspection_c.dir/rosidl_typesupport_introspection_c/deep_orange_msgs/msg/detail/tire_temp__type_support.c.o[0m
[7.792s] [ 56%] [32mBuilding C object CMakeFiles/deep_orange_msgs__rosidl_typesupport_introspection_c.dir/rosidl_typesupport_introspection_c/deep_orange_msgs/msg/detail/tire_temp_report__type_support.c.o[0m
[7.796s] [ 56%] [32mBuilding CXX object CMakeFiles/deep_orange_msgs__rosidl_typesupport_fastrtps_cpp.dir/rosidl_typesupport_fastrtps_cpp/deep_orange_msgs/msg/detail/dds_fastrtps/brake_temp_report__type_support.cpp.o[0m
[7.830s] [ 57%] [32mBuilding C object CMakeFiles/deep_orange_msgs__rosidl_typesupport_introspection_c.dir/rosidl_typesupport_introspection_c/deep_orange_msgs/msg/detail/telemetry__type_support.c.o[0m
[7.831s] [ 58%] [32mBuilding C object CMakeFiles/deep_orange_msgs__rosidl_typesupport_introspection_c.dir/rosidl_typesupport_introspection_c/deep_orange_msgs/msg/detail/joystick_command__type_support.c.o[0m
[7.879s] [ 58%] [32mBuilding C object CMakeFiles/deep_orange_msgs__rosidl_typesupport_introspection_c.dir/rosidl_typesupport_introspection_c/deep_orange_msgs/msg/detail/diagnostic_report__type_support.c.o[0m
[7.891s] [ 59%] [32mBuilding C object CMakeFiles/deep_orange_msgs__rosidl_typesupport_introspection_c.dir/rosidl_typesupport_introspection_c/deep_orange_msgs/msg/detail/lap_time_report__type_support.c.o[0m
[7.916s] [ 60%] [32mBuilding CXX object CMakeFiles/deep_orange_msgs__rosidl_typesupport_fastrtps_cpp.dir/rosidl_typesupport_fastrtps_cpp/deep_orange_msgs/msg/detail/dds_fastrtps/coordinates__type_support.cpp.o[0m
[7.940s] [ 60%] [32mBuilding C object CMakeFiles/deep_orange_msgs__rosidl_typesupport_introspection_c.dir/rosidl_typesupport_introspection_c/deep_orange_msgs/msg/detail/my_laps_report__type_support.c.o[0m
[7.969s] [ 61%] [32mBuilding C object CMakeFiles/deep_orange_msgs__rosidl_typesupport_introspection_c.dir/rosidl_typesupport_introspection_c/deep_orange_msgs/msg/detail/marelli_report__type_support.c.o[0m
[7.978s] [ 62%] [32mBuilding C object CMakeFiles/deep_orange_msgs__rosidl_typesupport_introspection_c.dir/rosidl_typesupport_introspection_c/deep_orange_msgs/msg/detail/race_control_report__type_support.c.o[0m
[7.982s] [ 63%] [32mBuilding CXX object CMakeFiles/deep_orange_msgs__rosidl_typesupport_fastrtps_cpp.dir/rosidl_typesupport_fastrtps_cpp/deep_orange_msgs/msg/detail/dds_fastrtps/ct_report__type_support.cpp.o[0m
[8.011s] [ 63%] [32mBuilding CXX object CMakeFiles/deep_orange_msgs__rosidl_typesupport_fastrtps_cpp.dir/rosidl_typesupport_fastrtps_cpp/deep_orange_msgs/msg/detail/dds_fastrtps/misc_report__type_support.cpp.o[0m
[8.012s] [ 64%] [32mBuilding CXX object CMakeFiles/deep_orange_msgs__rosidl_typesupport_fastrtps_cpp.dir/rosidl_typesupport_fastrtps_cpp/deep_orange_msgs/msg/detail/dds_fastrtps/pt_report__type_support.cpp.o[0m
[8.042s] [ 65%] [32mBuilding CXX object CMakeFiles/deep_orange_msgs__rosidl_typesupport_fastrtps_cpp.dir/rosidl_typesupport_fastrtps_cpp/deep_orange_msgs/msg/detail/dds_fastrtps/tire_report__type_support.cpp.o[0m
[8.044s] [ 65%] [32mBuilding CXX object CMakeFiles/deep_orange_msgs__rosidl_typesupport_fastrtps_cpp.dir/rosidl_typesupport_fastrtps_cpp/deep_orange_msgs/msg/detail/dds_fastrtps/rc_to_ct__type_support.cpp.o[0m
[8.076s] [ 65%] [32mBuilding CXX object CMakeFiles/deep_orange_msgs__rosidl_typesupport_fastrtps_cpp.dir/rosidl_typesupport_fastrtps_cpp/deep_orange_msgs/msg/detail/dds_fastrtps/tire_temp_report__type_support.cpp.o[0m
[8.087s] [ 66%] [32mBuilding CXX object CMakeFiles/deep_orange_msgs__rosidl_typesupport_fastrtps_cpp.dir/rosidl_typesupport_fastrtps_cpp/deep_orange_msgs/msg/detail/dds_fastrtps/tire_temp__type_support.cpp.o[0m
[8.087s] [ 66%] [32m[1mLinking C shared library libdeep_orange_msgs__rosidl_typesupport_introspection_c.so[0m
[8.096s] [ 67%] [32mBuilding CXX object CMakeFiles/deep_orange_msgs__rosidl_typesupport_fastrtps_cpp.dir/rosidl_typesupport_fastrtps_cpp/deep_orange_msgs/msg/detail/dds_fastrtps/telemetry__type_support.cpp.o[0m
[8.132s] [ 68%] [32mBuilding CXX object CMakeFiles/deep_orange_msgs__rosidl_typesupport_fastrtps_cpp.dir/rosidl_typesupport_fastrtps_cpp/deep_orange_msgs/msg/detail/dds_fastrtps/joystick_command__type_support.cpp.o[0m
[8.168s] [ 68%] [32mBuilding CXX object CMakeFiles/deep_orange_msgs__rosidl_typesupport_fastrtps_cpp.dir/rosidl_typesupport_fastrtps_cpp/deep_orange_msgs/msg/detail/dds_fastrtps/diagnostic_report__type_support.cpp.o[0m
[8.181s] [ 69%] [32mBuilding CXX object CMakeFiles/deep_orange_msgs__rosidl_typesupport_fastrtps_cpp.dir/rosidl_typesupport_fastrtps_cpp/deep_orange_msgs/msg/detail/dds_fastrtps/lap_time_report__type_support.cpp.o[0m
[8.236s] [ 69%] [32mBuilding CXX object CMakeFiles/deep_orange_msgs__rosidl_typesupport_fastrtps_cpp.dir/rosidl_typesupport_fastrtps_cpp/deep_orange_msgs/msg/detail/dds_fastrtps/my_laps_report__type_support.cpp.o[0m
[8.265s] [ 70%] [32m[1mLinking CXX shared library libdeep_orange_msgs__rosidl_typesupport_introspection_cpp.so[0m
[8.332s] [ 70%] Built target deep_orange_msgs__rosidl_typesupport_introspection_c
[8.399s] [ 71%] [32mBuilding CXX object CMakeFiles/deep_orange_msgs__rosidl_typesupport_fastrtps_cpp.dir/rosidl_typesupport_fastrtps_cpp/deep_orange_msgs/msg/detail/dds_fastrtps/marelli_report__type_support.cpp.o[0m
[8.715s] [ 71%] Built target deep_orange_msgs__rosidl_typesupport_introspection_cpp
[8.777s] [ 72%] [32mBuilding CXX object CMakeFiles/deep_orange_msgs__rosidl_typesupport_fastrtps_cpp.dir/rosidl_typesupport_fastrtps_cpp/deep_orange_msgs/msg/detail/dds_fastrtps/race_control_report__type_support.cpp.o[0m
[9.595s] [ 72%] [32m[1mLinking CXX shared library libdeep_orange_msgs__rosidl_typesupport_fastrtps_cpp.so[0m
[9.862s] [ 72%] Built target deep_orange_msgs__rosidl_typesupport_fastrtps_cpp
[9.878s] [ 73%] [34m[1mGenerating C type support for eProsima Fast-RTPS[0m
[10.962s] [35m[1mScanning dependencies of target deep_orange_msgs__rosidl_typesupport_fastrtps_c[0m
[11.027s] [ 74%] [32mBuilding CXX object CMakeFiles/deep_orange_msgs__rosidl_typesupport_fastrtps_c.dir/rosidl_typesupport_fastrtps_c/deep_orange_msgs/msg/detail/ct_report__type_support_c.cpp.o[0m
[11.027s] [ 74%] [32mBuilding CXX object CMakeFiles/deep_orange_msgs__rosidl_typesupport_fastrtps_c.dir/rosidl_typesupport_fastrtps_c/deep_orange_msgs/msg/detail/rc_to_ct__type_support_c.cpp.o[0m
[11.027s] [ 76%] [32mBuilding CXX object CMakeFiles/deep_orange_msgs__rosidl_typesupport_fastrtps_c.dir/rosidl_typesupport_fastrtps_c/deep_orange_msgs/msg/detail/misc_report__type_support_c.cpp.o[0m
[11.028s] [ 75%] [32mBuilding CXX object CMakeFiles/deep_orange_msgs__rosidl_typesupport_fastrtps_c.dir/rosidl_typesupport_fastrtps_c/deep_orange_msgs/msg/detail/pt_report__type_support_c.cpp.o[0m
[11.029s] [ 75%] [32mBuilding CXX object CMakeFiles/deep_orange_msgs__rosidl_typesupport_fastrtps_c.dir/rosidl_typesupport_fastrtps_c/deep_orange_msgs/msg/detail/base_to_car_summary__type_support_c.cpp.o[0m
[11.029s] [ 78%] [32mBuilding CXX object CMakeFiles/deep_orange_msgs__rosidl_typesupport_fastrtps_c.dir/rosidl_typesupport_fastrtps_c/deep_orange_msgs/msg/detail/tire_report__type_support_c.cpp.o[0m
[11.029s] [ 78%] [32mBuilding CXX object CMakeFiles/deep_orange_msgs__rosidl_typesupport_fastrtps_c.dir/rosidl_typesupport_fastrtps_c/deep_orange_msgs/msg/detail/telemetry__type_support_c.cpp.o[0m
[11.029s] [ 78%] [32mBuilding CXX object CMakeFiles/deep_orange_msgs__rosidl_typesupport_fastrtps_c.dir/rosidl_typesupport_fastrtps_c/deep_orange_msgs/msg/detail/tire_temp__type_support_c.cpp.o[0m
[11.030s] [ 78%] [32mBuilding CXX object CMakeFiles/deep_orange_msgs__rosidl_typesupport_fastrtps_c.dir/rosidl_typesupport_fastrtps_c/deep_orange_msgs/msg/detail/coordinates__type_support_c.cpp.o[0m
[11.033s] [ 79%] [32mBuilding CXX object CMakeFiles/deep_orange_msgs__rosidl_typesupport_fastrtps_c.dir/rosidl_typesupport_fastrtps_c/deep_orange_msgs/msg/detail/brake_temp_report__type_support_c.cpp.o[0m
[11.040s] [ 80%] [32mBuilding CXX object CMakeFiles/deep_orange_msgs__rosidl_typesupport_fastrtps_c.dir/rosidl_typesupport_fastrtps_c/deep_orange_msgs/msg/detail/diagnostic_report__type_support_c.cpp.o[0m
[11.041s] [ 80%] [32mBuilding CXX object CMakeFiles/deep_orange_msgs__rosidl_typesupport_fastrtps_c.dir/rosidl_typesupport_fastrtps_c/deep_orange_msgs/msg/detail/joystick_command__type_support_c.cpp.o[0m
[11.041s] [ 82%] [32mBuilding CXX object CMakeFiles/deep_orange_msgs__rosidl_typesupport_fastrtps_c.dir/rosidl_typesupport_fastrtps_c/deep_orange_msgs/msg/detail/lap_time_report__type_support_c.cpp.o[0m
[11.041s] [ 82%] [32mBuilding CXX object CMakeFiles/deep_orange_msgs__rosidl_typesupport_fastrtps_c.dir/rosidl_typesupport_fastrtps_c/deep_orange_msgs/msg/detail/tire_temp_report__type_support_c.cpp.o[0m
[11.043s] [ 83%] [32mBuilding CXX object CMakeFiles/deep_orange_msgs__rosidl_typesupport_fastrtps_c.dir/rosidl_typesupport_fastrtps_c/deep_orange_msgs/msg/detail/marelli_report__type_support_c.cpp.o[0m
[11.043s] [ 83%] [32mBuilding CXX object CMakeFiles/deep_orange_msgs__rosidl_typesupport_fastrtps_c.dir/rosidl_typesupport_fastrtps_c/deep_orange_msgs/msg/detail/my_laps_report__type_support_c.cpp.o[0m
[11.711s] [ 84%] [32mBuilding CXX object CMakeFiles/deep_orange_msgs__rosidl_typesupport_fastrtps_c.dir/rosidl_typesupport_fastrtps_c/deep_orange_msgs/msg/detail/race_control_report__type_support_c.cpp.o[0m
[12.372s] [ 84%] [32m[1mLinking CXX shared library libdeep_orange_msgs__rosidl_typesupport_fastrtps_c.so[0m
[12.773s] [ 84%] Built target deep_orange_msgs__rosidl_typesupport_fastrtps_c
[12.800s] [35m[1mScanning dependencies of target deep_orange_msgs[0m
[12.836s] [ 84%] Built target deep_orange_msgs
[12.862s] [35m[1mScanning dependencies of target deep_orange_msgs__py[0m
[12.890s] [ 85%] [34m[1mGenerating Python code for ROS interfaces[0m
[17.434s] [ 85%] Built target deep_orange_msgs__py
[17.467s] [35m[1mScanning dependencies of target deep_orange_msgs__python[0m
[17.651s] [ 85%] [32mBuilding C object CMakeFiles/deep_orange_msgs__python.dir/rosidl_generator_py/deep_orange_msgs/msg/_base_to_car_summary_s.c.o[0m
[17.674s] [ 86%] [32mBuilding C object CMakeFiles/deep_orange_msgs__python.dir/rosidl_generator_py/deep_orange_msgs/msg/_brake_temp_report_s.c.o[0m
[17.674s] [ 87%] [32mBuilding C object CMakeFiles/deep_orange_msgs__python.dir/rosidl_generator_py/deep_orange_msgs/msg/_coordinates_s.c.o[0m
[17.709s] [ 87%] [32mBuilding C object CMakeFiles/deep_orange_msgs__python.dir/rosidl_generator_py/deep_orange_msgs/msg/_ct_report_s.c.o[0m
[17.731s] [ 88%] [32mBuilding C object CMakeFiles/deep_orange_msgs__python.dir/rosidl_generator_py/deep_orange_msgs/msg/_misc_report_s.c.o[0m
[17.743s] [ 89%] [32mBuilding C object CMakeFiles/deep_orange_msgs__python.dir/rosidl_generator_py/deep_orange_msgs/msg/_pt_report_s.c.o[0m
[17.769s] [ 90%] [32mBuilding C object CMakeFiles/deep_orange_msgs__python.dir/rosidl_generator_py/deep_orange_msgs/msg/_tire_report_s.c.o[0m
[17.775s] [ 90%] [32mBuilding C object CMakeFiles/deep_orange_msgs__python.dir/rosidl_generator_py/deep_orange_msgs/msg/_rc_to_ct_s.c.o[0m
[17.854s] [ 90%] [32mBuilding C object CMakeFiles/deep_orange_msgs__python.dir/rosidl_generator_py/deep_orange_msgs/msg/_tire_temp_s.c.o[0m
[17.875s] [ 91%] [32mBuilding C object CMakeFiles/deep_orange_msgs__python.dir/rosidl_generator_py/deep_orange_msgs/msg/_tire_temp_report_s.c.o[0m
[17.879s] [ 92%] [32mBuilding C object CMakeFiles/deep_orange_msgs__python.dir/rosidl_generator_py/deep_orange_msgs/msg/_telemetry_s.c.o[0m
[17.919s] [ 92%] [32mBuilding C object CMakeFiles/deep_orange_msgs__python.dir/rosidl_generator_py/deep_orange_msgs/msg/_joystick_command_s.c.o[0m
[17.922s] [ 93%] [32mBuilding C object CMakeFiles/deep_orange_msgs__python.dir/rosidl_generator_py/deep_orange_msgs/msg/_diagnostic_report_s.c.o[0m
[17.979s] [ 94%] [32mBuilding C object CMakeFiles/deep_orange_msgs__python.dir/rosidl_generator_py/deep_orange_msgs/msg/_lap_time_report_s.c.o[0m
[18.038s] [ 95%] [32mBuilding C object CMakeFiles/deep_orange_msgs__python.dir/rosidl_generator_py/deep_orange_msgs/msg/_marelli_report_s.c.o[0m
[18.046s] [ 95%] [32mBuilding C object CMakeFiles/deep_orange_msgs__python.dir/rosidl_generator_py/deep_orange_msgs/msg/_race_control_report_s.c.o[0m
[18.055s] [ 95%] [32mBuilding C object CMakeFiles/deep_orange_msgs__python.dir/rosidl_generator_py/deep_orange_msgs/msg/_my_laps_report_s.c.o[0m
[18.615s] [ 96%] [32m[1mLinking C shared library rosidl_generator_py/deep_orange_msgs/libdeep_orange_msgs__python.so[0m
[18.818s] [ 96%] Built target deep_orange_msgs__python
[18.869s] [35m[1mScanning dependencies of target deep_orange_msgs__rosidl_typesupport_c__pyext[0m
[18.883s] [35m[1mScanning dependencies of target deep_orange_msgs__rosidl_typesupport_fastrtps_c__pyext[0m
[18.896s] [35m[1mScanning dependencies of target deep_orange_msgs__rosidl_typesupport_introspection_c__pyext[0m
[18.954s] [ 97%] [32mBuilding C object CMakeFiles/deep_orange_msgs__rosidl_typesupport_c__pyext.dir/rosidl_generator_py/deep_orange_msgs/_deep_orange_msgs_s.ep.rosidl_typesupport_c.c.o[0m
[18.980s] [ 98%] [32mBuilding C object CMakeFiles/deep_orange_msgs__rosidl_typesupport_introspection_c__pyext.dir/rosidl_generator_py/deep_orange_msgs/_deep_orange_msgs_s.ep.rosidl_typesupport_introspection_c.c.o[0m
[19.006s] [ 99%] [32mBuilding C object CMakeFiles/deep_orange_msgs__rosidl_typesupport_fastrtps_c__pyext.dir/rosidl_generator_py/deep_orange_msgs/_deep_orange_msgs_s.ep.rosidl_typesupport_fastrtps_c.c.o[0m
[19.226s] [ 99%] [32m[1mLinking C shared library rosidl_generator_py/deep_orange_msgs/deep_orange_msgs_s__rosidl_typesupport_c.cpython-38-x86_64-linux-gnu.so[0m
[19.493s] [ 99%] Built target deep_orange_msgs__rosidl_typesupport_c__pyext
[19.522s] [ 99%] [32m[1mLinking CXX shared library rosidl_generator_py/deep_orange_msgs/deep_orange_msgs_s__rosidl_typesupport_fastrtps_c.cpython-38-x86_64-linux-gnu.so[0m
[19.594s] [100%] [32m[1mLinking C shared library rosidl_generator_py/deep_orange_msgs/deep_orange_msgs_s__rosidl_typesupport_introspection_c.cpython-38-x86_64-linux-gnu.so[0m
[19.776s] [100%] Built target deep_orange_msgs__rosidl_typesupport_fastrtps_c__pyext
[19.783s] [100%] Built target deep_orange_msgs__rosidl_typesupport_introspection_c__pyext
[19.868s] Invoked command in '/ROEG/roeg_ws/build/deep_orange_msgs' returned '0': CMAKE_PREFIX_PATH=${CMAKE_PREFIX_PATH}:/ROEG/roeg_ws/install/roeg:/opt/ros/galactic /usr/bin/cmake --build /ROEG/roeg_ws/build/deep_orange_msgs -- -j16 -l16
[20.318s] Invoking command in '/ROEG/roeg_ws/build/deep_orange_msgs': CMAKE_PREFIX_PATH=${CMAKE_PREFIX_PATH}:/ROEG/roeg_ws/install/roeg:/opt/ros/galactic /usr/bin/cmake --install /ROEG/roeg_ws/build/deep_orange_msgs
[20.331s] -- Install configuration: ""
[20.331s] -- Installing: /ROEG/roeg_ws/install/deep_orange_msgs/share/ament_index/resource_index/rosidl_interfaces/deep_orange_msgs
[20.331s] -- Installing: /ROEG/roeg_ws/install/deep_orange_msgs/include/deep_orange_msgs
[20.331s] -- Installing: /ROEG/roeg_ws/install/deep_orange_msgs/include/deep_orange_msgs/msg
[20.331s] -- Installing: /ROEG/roeg_ws/install/deep_orange_msgs/include/deep_orange_msgs/msg/rc_to_ct.h
[20.332s] -- Installing: /ROEG/roeg_ws/install/deep_orange_msgs/include/deep_orange_msgs/msg/joystick_command.h
[20.332s] -- Installing: /ROEG/roeg_ws/install/deep_orange_msgs/include/deep_orange_msgs/msg/my_laps_report.h
[20.332s] -- Installing: /ROEG/roeg_ws/install/deep_orange_msgs/include/deep_orange_msgs/msg/brake_temp_report.h
[20.332s] -- Installing: /ROEG/roeg_ws/install/deep_orange_msgs/include/deep_orange_msgs/msg/race_control_report.h
[20.332s] -- Installing: /ROEG/roeg_ws/install/deep_orange_msgs/include/deep_orange_msgs/msg/diagnostic_report.h
[20.332s] -- Installing: /ROEG/roeg_ws/install/deep_orange_msgs/include/deep_orange_msgs/msg/pt_report.h
[20.332s] -- Installing: /ROEG/roeg_ws/install/deep_orange_msgs/include/deep_orange_msgs/msg/misc_report.h
[20.333s] -- Installing: /ROEG/roeg_ws/install/deep_orange_msgs/include/deep_orange_msgs/msg/rosidl_generator_c__visibility_control.h
[20.333s] -- Installing: /ROEG/roeg_ws/install/deep_orange_msgs/include/deep_orange_msgs/msg/base_to_car_summary.h
[20.333s] -- Installing: /ROEG/roeg_ws/install/deep_orange_msgs/include/deep_orange_msgs/msg/marelli_report.h
[20.333s] -- Installing: /ROEG/roeg_ws/install/deep_orange_msgs/include/deep_orange_msgs/msg/coordinates.h
[20.333s] -- Installing: /ROEG/roeg_ws/install/deep_orange_msgs/include/deep_orange_msgs/msg/ct_report.h
[20.333s] -- Installing: /ROEG/roeg_ws/install/deep_orange_msgs/include/deep_orange_msgs/msg/tire_temp_report.h
[20.333s] -- Installing: /ROEG/roeg_ws/install/deep_orange_msgs/include/deep_orange_msgs/msg/detail
[20.334s] -- Installing: /ROEG/roeg_ws/install/deep_orange_msgs/include/deep_orange_msgs/msg/detail/misc_report__functions.h
[20.334s] -- Installing: /ROEG/roeg_ws/install/deep_orange_msgs/include/deep_orange_msgs/msg/detail/rc_to_ct__functions.h
[20.334s] -- Installing: /ROEG/roeg_ws/install/deep_orange_msgs/include/deep_orange_msgs/msg/detail/race_control_report__functions.h
[20.334s] -- Installing: /ROEG/roeg_ws/install/deep_orange_msgs/include/deep_orange_msgs/msg/detail/lap_time_report__functions.c
[20.334s] -- Installing: /ROEG/roeg_ws/install/deep_orange_msgs/include/deep_orange_msgs/msg/detail/lap_time_report__type_support.h
[20.335s] -- Installing: /ROEG/roeg_ws/install/deep_orange_msgs/include/deep_orange_msgs/msg/detail/misc_report__type_support.h
[20.335s] -- Installing: /ROEG/roeg_ws/install/deep_orange_msgs/include/deep_orange_msgs/msg/detail/joystick_command__functions.c
[20.335s] -- Installing: /ROEG/roeg_ws/install/deep_orange_msgs/include/deep_orange_msgs/msg/detail/diagnostic_report__functions.c
[20.335s] -- Installing: /ROEG/roeg_ws/install/deep_orange_msgs/include/deep_orange_msgs/msg/detail/tire_temp__functions.c
[20.335s] -- Installing: /ROEG/roeg_ws/install/deep_orange_msgs/include/deep_orange_msgs/msg/detail/tire_temp_report__type_support.h
[20.335s] -- Installing: /ROEG/roeg_ws/install/deep_orange_msgs/include/deep_orange_msgs/msg/detail/tire_temp__functions.h
[20.335s] -- Installing: /ROEG/roeg_ws/install/deep_orange_msgs/include/deep_orange_msgs/msg/detail/brake_temp_report__struct.h
[20.336s] -- Installing: /ROEG/roeg_ws/install/deep_orange_msgs/include/deep_orange_msgs/msg/detail/my_laps_report__struct.h
[20.336s] -- Installing: /ROEG/roeg_ws/install/deep_orange_msgs/include/deep_orange_msgs/msg/detail/tire_temp__type_support.h
[20.336s] -- Installing: /ROEG/roeg_ws/install/deep_orange_msgs/include/deep_orange_msgs/msg/detail/telemetry__type_support.h
[20.336s] -- Installing: /ROEG/roeg_ws/install/deep_orange_msgs/include/deep_orange_msgs/msg/detail/telemetry__functions.h
[20.336s] -- Installing: /ROEG/roeg_ws/install/deep_orange_msgs/include/deep_orange_msgs/msg/detail/coordinates__functions.h
[20.336s] -- Installing: /ROEG/roeg_ws/install/deep_orange_msgs/include/deep_orange_msgs/msg/detail/telemetry__struct.h
[20.337s] -- Installing: /ROEG/roeg_ws/install/deep_orange_msgs/include/deep_orange_msgs/msg/detail/race_control_report__type_support.h
[20.337s] -- Installing: /ROEG/roeg_ws/install/deep_orange_msgs/include/deep_orange_msgs/msg/detail/brake_temp_report__type_support.h
[20.337s] -- Installing: /ROEG/roeg_ws/install/deep_orange_msgs/include/deep_orange_msgs/msg/detail/base_to_car_summary__functions.h
[20.337s] -- Installing: /ROEG/roeg_ws/install/deep_orange_msgs/include/deep_orange_msgs/msg/detail/my_laps_report__type_support.h
[20.337s] -- Installing: /ROEG/roeg_ws/install/deep_orange_msgs/include/deep_orange_msgs/msg/detail/ct_report__struct.h
[20.337s] -- Installing: /ROEG/roeg_ws/install/deep_orange_msgs/include/deep_orange_msgs/msg/detail/tire_temp_report__functions.h
[20.337s] -- Installing: /ROEG/roeg_ws/install/deep_orange_msgs/include/deep_orange_msgs/msg/detail/tire_report__type_support.h
[20.338s] -- Installing: /ROEG/roeg_ws/install/deep_orange_msgs/include/deep_orange_msgs/msg/detail/misc_report__struct.h
[20.338s] -- Installing: /ROEG/roeg_ws/install/deep_orange_msgs/include/deep_orange_msgs/msg/detail/diagnostic_report__functions.h
[20.338s] -- Installing: /ROEG/roeg_ws/install/deep_orange_msgs/include/deep_orange_msgs/msg/detail/brake_temp_report__functions.h
[20.338s] -- Installing: /ROEG/roeg_ws/install/deep_orange_msgs/include/deep_orange_msgs/msg/detail/telemetry__functions.c
[20.338s] -- Installing: /ROEG/roeg_ws/install/deep_orange_msgs/include/deep_orange_msgs/msg/detail/ct_report__functions.h
[20.339s] -- Installing: /ROEG/roeg_ws/install/deep_orange_msgs/include/deep_orange_msgs/msg/detail/coordinates__struct.h
[20.339s] -- Installing: /ROEG/roeg_ws/install/deep_orange_msgs/include/deep_orange_msgs/msg/detail/coordinates__type_support.h
[20.339s] -- Installing: /ROEG/roeg_ws/install/deep_orange_msgs/include/deep_orange_msgs/msg/detail/marelli_report__functions.h
[20.339s] -- Installing: /ROEG/roeg_ws/install/deep_orange_msgs/include/deep_orange_msgs/msg/detail/pt_report__struct.h
[20.340s] -- Installing: /ROEG/roeg_ws/install/deep_orange_msgs/include/deep_orange_msgs/msg/detail/pt_report__type_support.h
[20.340s] -- Installing: /ROEG/roeg_ws/install/deep_orange_msgs/include/deep_orange_msgs/msg/detail/tire_temp__struct.h
[20.340s] -- Installing: /ROEG/roeg_ws/install/deep_orange_msgs/include/deep_orange_msgs/msg/detail/tire_report__functions.c
[20.340s] -- Installing: /ROEG/roeg_ws/install/deep_orange_msgs/include/deep_orange_msgs/msg/detail/race_control_report__functions.c
[20.340s] -- Installing: /ROEG/roeg_ws/install/deep_orange_msgs/include/deep_orange_msgs/msg/detail/rc_to_ct__type_support.h
[20.341s] -- Installing: /ROEG/roeg_ws/install/deep_orange_msgs/include/deep_orange_msgs/msg/detail/coordinates__functions.c
[20.341s] -- Installing: /ROEG/roeg_ws/install/deep_orange_msgs/include/deep_orange_msgs/msg/detail/joystick_command__functions.h
[20.341s] -- Installing: /ROEG/roeg_ws/install/deep_orange_msgs/include/deep_orange_msgs/msg/detail/marelli_report__functions.c
[20.341s] -- Installing: /ROEG/roeg_ws/install/deep_orange_msgs/include/deep_orange_msgs/msg/detail/base_to_car_summary__functions.c
[20.341s] -- Installing: /ROEG/roeg_ws/install/deep_orange_msgs/include/deep_orange_msgs/msg/detail/my_laps_report__functions.c
[20.342s] -- Installing: /ROEG/roeg_ws/install/deep_orange_msgs/include/deep_orange_msgs/msg/detail/marelli_report__struct.h
[20.342s] -- Installing: /ROEG/roeg_ws/install/deep_orange_msgs/include/deep_orange_msgs/msg/detail/misc_report__functions.c
[20.342s] -- Installing: /ROEG/roeg_ws/install/deep_orange_msgs/include/deep_orange_msgs/msg/detail/ct_report__type_support.h
[20.342s] -- Installing: /ROEG/roeg_ws/install/deep_orange_msgs/include/deep_orange_msgs/msg/detail/tire_report__struct.h
[20.343s] -- Installing: /ROEG/roeg_ws/install/deep_orange_msgs/include/deep_orange_msgs/msg/detail/diagnostic_report__type_support.h
[20.343s] -- Installing: /ROEG/roeg_ws/install/deep_orange_msgs/include/deep_orange_msgs/msg/detail/rc_to_ct__struct.h
[20.343s] -- Installing: /ROEG/roeg_ws/install/deep_orange_msgs/include/deep_orange_msgs/msg/detail/tire_temp_report__struct.h
[20.343s] -- Installing: /ROEG/roeg_ws/install/deep_orange_msgs/include/deep_orange_msgs/msg/detail/lap_time_report__functions.h
[20.343s] -- Installing: /ROEG/roeg_ws/install/deep_orange_msgs/include/deep_orange_msgs/msg/detail/my_laps_report__functions.h
[20.343s] -- Installing: /ROEG/roeg_ws/install/deep_orange_msgs/include/deep_orange_msgs/msg/detail/base_to_car_summary__struct.h
[20.344s] -- Installing: /ROEG/roeg_ws/install/deep_orange_msgs/include/deep_orange_msgs/msg/detail/rc_to_ct__functions.c
[20.344s] -- Installing: /ROEG/roeg_ws/install/deep_orange_msgs/include/deep_orange_msgs/msg/detail/marelli_report__type_support.h
[20.344s] -- Installing: /ROEG/roeg_ws/install/deep_orange_msgs/include/deep_orange_msgs/msg/detail/joystick_command__type_support.h
[20.344s] -- Installing: /ROEG/roeg_ws/install/deep_orange_msgs/include/deep_orange_msgs/msg/detail/tire_report__functions.h
[20.344s] -- Installing: /ROEG/roeg_ws/install/deep_orange_msgs/include/deep_orange_msgs/msg/detail/race_control_report__struct.h
[20.345s] -- Installing: /ROEG/roeg_ws/install/deep_orange_msgs/include/deep_orange_msgs/msg/detail/brake_temp_report__functions.c
[20.345s] -- Installing: /ROEG/roeg_ws/install/deep_orange_msgs/include/deep_orange_msgs/msg/detail/pt_report__functions.c
[20.345s] -- Installing: /ROEG/roeg_ws/install/deep_orange_msgs/include/deep_orange_msgs/msg/detail/base_to_car_summary__type_support.h
[20.345s] -- Installing: /ROEG/roeg_ws/install/deep_orange_msgs/include/deep_orange_msgs/msg/detail/tire_temp_report__functions.c
[20.346s] -- Installing: /ROEG/roeg_ws/install/deep_orange_msgs/include/deep_orange_msgs/msg/detail/pt_report__functions.h
[20.346s] -- Installing: /ROEG/roeg_ws/install/deep_orange_msgs/include/deep_orange_msgs/msg/detail/diagnostic_report__struct.h
[20.346s] -- Installing: /ROEG/roeg_ws/install/deep_orange_msgs/include/deep_orange_msgs/msg/detail/joystick_command__struct.h
[20.346s] -- Installing: /ROEG/roeg_ws/install/deep_orange_msgs/include/deep_orange_msgs/msg/detail/lap_time_report__struct.h
[20.346s] -- Installing: /ROEG/roeg_ws/install/deep_orange_msgs/include/deep_orange_msgs/msg/detail/ct_report__functions.c
[20.347s] -- Installing: /ROEG/roeg_ws/install/deep_orange_msgs/include/deep_orange_msgs/msg/lap_time_report.h
[20.347s] -- Installing: /ROEG/roeg_ws/install/deep_orange_msgs/include/deep_orange_msgs/msg/tire_temp.h
[20.347s] -- Installing: /ROEG/roeg_ws/install/deep_orange_msgs/include/deep_orange_msgs/msg/tire_report.h
[20.347s] -- Installing: /ROEG/roeg_ws/install/deep_orange_msgs/include/deep_orange_msgs/msg/telemetry.h
[20.348s] -- Installing: /ROEG/roeg_ws/install/deep_orange_msgs/share/deep_orange_msgs/environment/library_path.sh
[20.348s] -- Installing: /ROEG/roeg_ws/install/deep_orange_msgs/share/deep_orange_msgs/environment/library_path.dsv
[20.348s] -- Installing: /ROEG/roeg_ws/install/deep_orange_msgs/lib/libdeep_orange_msgs__rosidl_generator_c.so
[20.349s] -- Set runtime path of "/ROEG/roeg_ws/install/deep_orange_msgs/lib/libdeep_orange_msgs__rosidl_generator_c.so" to ""
[20.349s] -- Up-to-date: /ROEG/roeg_ws/install/deep_orange_msgs/include/deep_orange_msgs
[20.349s] -- Up-to-date: /ROEG/roeg_ws/install/deep_orange_msgs/include/deep_orange_msgs/msg
[20.349s] -- Up-to-date: /ROEG/roeg_ws/install/deep_orange_msgs/include/deep_orange_msgs/msg/detail
[20.349s] -- Installing: /ROEG/roeg_ws/install/deep_orange_msgs/include/deep_orange_msgs/msg/detail/ct_report__rosidl_typesupport_fastrtps_c.h
[20.350s] -- Installing: /ROEG/roeg_ws/install/deep_orange_msgs/include/deep_orange_msgs/msg/detail/rc_to_ct__rosidl_typesupport_fastrtps_c.h
[20.350s] -- Installing: /ROEG/roeg_ws/install/deep_orange_msgs/include/deep_orange_msgs/msg/detail/base_to_car_summary__rosidl_typesupport_fastrtps_c.h
[20.350s] -- Installing: /ROEG/roeg_ws/install/deep_orange_msgs/include/deep_orange_msgs/msg/detail/my_laps_report__rosidl_typesupport_fastrtps_c.h
[20.350s] -- Installing: /ROEG/roeg_ws/install/deep_orange_msgs/include/deep_orange_msgs/msg/detail/pt_report__rosidl_typesupport_fastrtps_c.h
[20.351s] -- Installing: /ROEG/roeg_ws/install/deep_orange_msgs/include/deep_orange_msgs/msg/detail/tire_temp__rosidl_typesupport_fastrtps_c.h
[20.351s] -- Installing: /ROEG/roeg_ws/install/deep_orange_msgs/include/deep_orange_msgs/msg/detail/lap_time_report__rosidl_typesupport_fastrtps_c.h
[20.351s] -- Installing: /ROEG/roeg_ws/install/deep_orange_msgs/include/deep_orange_msgs/msg/detail/misc_report__rosidl_typesupport_fastrtps_c.h
[20.351s] -- Installing: /ROEG/roeg_ws/install/deep_orange_msgs/include/deep_orange_msgs/msg/detail/joystick_command__rosidl_typesupport_fastrtps_c.h
[20.351s] -- Installing: /ROEG/roeg_ws/install/deep_orange_msgs/include/deep_orange_msgs/msg/detail/marelli_report__rosidl_typesupport_fastrtps_c.h
[20.352s] -- Installing: /ROEG/roeg_ws/install/deep_orange_msgs/include/deep_orange_msgs/msg/detail/tire_report__rosidl_typesupport_fastrtps_c.h
[20.352s] -- Installing: /ROEG/roeg_ws/install/deep_orange_msgs/include/deep_orange_msgs/msg/detail/tire_temp_report__rosidl_typesupport_fastrtps_c.h
[20.352s] -- Installing: /ROEG/roeg_ws/install/deep_orange_msgs/include/deep_orange_msgs/msg/detail/diagnostic_report__rosidl_typesupport_fastrtps_c.h
[20.352s] -- Installing: /ROEG/roeg_ws/install/deep_orange_msgs/include/deep_orange_msgs/msg/detail/brake_temp_report__rosidl_typesupport_fastrtps_c.h
[20.352s] -- Installing: /ROEG/roeg_ws/install/deep_orange_msgs/include/deep_orange_msgs/msg/detail/coordinates__rosidl_typesupport_fastrtps_c.h
[20.353s] -- Installing: /ROEG/roeg_ws/install/deep_orange_msgs/include/deep_orange_msgs/msg/detail/race_control_report__rosidl_typesupport_fastrtps_c.h
[20.353s] -- Installing: /ROEG/roeg_ws/install/deep_orange_msgs/include/deep_orange_msgs/msg/detail/telemetry__rosidl_typesupport_fastrtps_c.h
[20.353s] -- Installing: /ROEG/roeg_ws/install/deep_orange_msgs/include/deep_orange_msgs/msg/rosidl_typesupport_fastrtps_c__visibility_control.h
[20.353s] -- Installing: /ROEG/roeg_ws/install/deep_orange_msgs/lib/libdeep_orange_msgs__rosidl_typesupport_fastrtps_c.so
[20.354s] -- Set runtime path of "/ROEG/roeg_ws/install/deep_orange_msgs/lib/libdeep_orange_msgs__rosidl_typesupport_fastrtps_c.so" to ""
[20.354s] -- Up-to-date: /ROEG/roeg_ws/install/deep_orange_msgs/include/deep_orange_msgs
[20.354s] -- Up-to-date: /ROEG/roeg_ws/install/deep_orange_msgs/include/deep_orange_msgs/msg
[20.354s] -- Installing: /ROEG/roeg_ws/install/deep_orange_msgs/include/deep_orange_msgs/msg/rosidl_typesupport_fastrtps_cpp__visibility_control.h
[20.355s] -- Up-to-date: /ROEG/roeg_ws/install/deep_orange_msgs/include/deep_orange_msgs/msg/detail
[20.355s] -- Installing: /ROEG/roeg_ws/install/deep_orange_msgs/include/deep_orange_msgs/msg/detail/ct_report__rosidl_typesupport_fastrtps_cpp.hpp
[20.355s] -- Installing: /ROEG/roeg_ws/install/deep_orange_msgs/include/deep_orange_msgs/msg/detail/telemetry__rosidl_typesupport_fastrtps_cpp.hpp
[20.355s] -- Installing: /ROEG/roeg_ws/install/deep_orange_msgs/include/deep_orange_msgs/msg/detail/misc_report__rosidl_typesupport_fastrtps_cpp.hpp
[20.355s] -- Installing: /ROEG/roeg_ws/install/deep_orange_msgs/include/deep_orange_msgs/msg/detail/brake_temp_report__rosidl_typesupport_fastrtps_cpp.hpp
[20.356s] -- Installing: /ROEG/roeg_ws/install/deep_orange_msgs/include/deep_orange_msgs/msg/detail/diagnostic_report__rosidl_typesupport_fastrtps_cpp.hpp
[20.356s] -- Installing: /ROEG/roeg_ws/install/deep_orange_msgs/include/deep_orange_msgs/msg/detail/tire_temp_report__rosidl_typesupport_fastrtps_cpp.hpp
[20.356s] -- Installing: /ROEG/roeg_ws/install/deep_orange_msgs/include/deep_orange_msgs/msg/detail/race_control_report__rosidl_typesupport_fastrtps_cpp.hpp
[20.356s] -- Installing: /ROEG/roeg_ws/install/deep_orange_msgs/include/deep_orange_msgs/msg/detail/base_to_car_summary__rosidl_typesupport_fastrtps_cpp.hpp
[20.356s] -- Installing: /ROEG/roeg_ws/install/deep_orange_msgs/include/deep_orange_msgs/msg/detail/joystick_command__rosidl_typesupport_fastrtps_cpp.hpp
[20.357s] -- Installing: /ROEG/roeg_ws/install/deep_orange_msgs/include/deep_orange_msgs/msg/detail/tire_temp__rosidl_typesupport_fastrtps_cpp.hpp
[20.357s] -- Installing: /ROEG/roeg_ws/install/deep_orange_msgs/include/deep_orange_msgs/msg/detail/tire_report__rosidl_typesupport_fastrtps_cpp.hpp
[20.357s] -- Installing: /ROEG/roeg_ws/install/deep_orange_msgs/include/deep_orange_msgs/msg/detail/pt_report__rosidl_typesupport_fastrtps_cpp.hpp
[20.357s] -- Installing: /ROEG/roeg_ws/install/deep_orange_msgs/include/deep_orange_msgs/msg/detail/dds_fastrtps
[20.358s] -- Installing: /ROEG/roeg_ws/install/deep_orange_msgs/include/deep_orange_msgs/msg/detail/coordinates__rosidl_typesupport_fastrtps_cpp.hpp
[20.358s] -- Installing: /ROEG/roeg_ws/install/deep_orange_msgs/include/deep_orange_msgs/msg/detail/marelli_report__rosidl_typesupport_fastrtps_cpp.hpp
[20.358s] -- Installing: /ROEG/roeg_ws/install/deep_orange_msgs/include/deep_orange_msgs/msg/detail/lap_time_report__rosidl_typesupport_fastrtps_cpp.hpp
[20.358s] -- Installing: /ROEG/roeg_ws/install/deep_orange_msgs/include/deep_orange_msgs/msg/detail/rc_to_ct__rosidl_typesupport_fastrtps_cpp.hpp
[20.359s] -- Installing: /ROEG/roeg_ws/install/deep_orange_msgs/include/deep_orange_msgs/msg/detail/my_laps_report__rosidl_typesupport_fastrtps_cpp.hpp
[20.359s] -- Installing: /ROEG/roeg_ws/install/deep_orange_msgs/lib/libdeep_orange_msgs__rosidl_typesupport_fastrtps_cpp.so
[20.360s] -- Set runtime path of "/ROEG/roeg_ws/install/deep_orange_msgs/lib/libdeep_orange_msgs__rosidl_typesupport_fastrtps_cpp.so" to ""
[20.360s] -- Up-to-date: /ROEG/roeg_ws/install/deep_orange_msgs/include/deep_orange_msgs
[20.360s] -- Up-to-date: /ROEG/roeg_ws/install/deep_orange_msgs/include/deep_orange_msgs/msg
[20.360s] -- Installing: /ROEG/roeg_ws/install/deep_orange_msgs/include/deep_orange_msgs/msg/rosidl_typesupport_introspection_c__visibility_control.h
[20.360s] -- Up-to-date: /ROEG/roeg_ws/install/deep_orange_msgs/include/deep_orange_msgs/msg/detail
[20.360s] -- Installing: /ROEG/roeg_ws/install/deep_orange_msgs/include/deep_orange_msgs/msg/detail/tire_report__rosidl_typesupport_introspection_c.h
[20.361s] -- Installing: /ROEG/roeg_ws/install/deep_orange_msgs/include/deep_orange_msgs/msg/detail/ct_report__type_support.c
[20.361s] -- Installing: /ROEG/roeg_ws/install/deep_orange_msgs/include/deep_orange_msgs/msg/detail/tire_temp_report__rosidl_typesupport_introspection_c.h
[20.361s] -- Installing: /ROEG/roeg_ws/install/deep_orange_msgs/include/deep_orange_msgs/msg/detail/coordinates__rosidl_typesupport_introspection_c.h
[20.361s] -- Installing: /ROEG/roeg_ws/install/deep_orange_msgs/include/deep_orange_msgs/msg/detail/race_control_report__rosidl_typesupport_introspection_c.h
[20.361s] -- Installing: /ROEG/roeg_ws/install/deep_orange_msgs/include/deep_orange_msgs/msg/detail/lap_time_report__rosidl_typesupport_introspection_c.h
[20.362s] -- Installing: /ROEG/roeg_ws/install/deep_orange_msgs/include/deep_orange_msgs/msg/detail/lap_time_report__type_support.c
[20.362s] -- Installing: /ROEG/roeg_ws/install/deep_orange_msgs/include/deep_orange_msgs/msg/detail/tire_report__type_support.c
[20.362s] -- Installing: /ROEG/roeg_ws/install/deep_orange_msgs/include/deep_orange_msgs/msg/detail/joystick_command__rosidl_typesupport_introspection_c.h
[20.362s] -- Installing: /ROEG/roeg_ws/install/deep_orange_msgs/include/deep_orange_msgs/msg/detail/telemetry__rosidl_typesupport_introspection_c.h
[20.362s] -- Installing: /ROEG/roeg_ws/install/deep_orange_msgs/include/deep_orange_msgs/msg/detail/diagnostic_report__type_support.c
[20.363s] -- Installing: /ROEG/roeg_ws/install/deep_orange_msgs/include/deep_orange_msgs/msg/detail/ct_report__rosidl_typesupport_introspection_c.h
[20.363s] -- Installing: /ROEG/roeg_ws/install/deep_orange_msgs/include/deep_orange_msgs/msg/detail/joystick_command__type_support.c
[20.363s] -- Installing: /ROEG/roeg_ws/install/deep_orange_msgs/include/deep_orange_msgs/msg/detail/my_laps_report__rosidl_typesupport_introspection_c.h
[20.363s] -- Installing: /ROEG/roeg_ws/install/deep_orange_msgs/include/deep_orange_msgs/msg/detail/misc_report__rosidl_typesupport_introspection_c.h
[20.363s] -- Installing: /ROEG/roeg_ws/install/deep_orange_msgs/include/deep_orange_msgs/msg/detail/pt_report__rosidl_typesupport_introspection_c.h
[20.364s] -- Installing: /ROEG/roeg_ws/install/deep_orange_msgs/include/deep_orange_msgs/msg/detail/marelli_report__rosidl_typesupport_introspection_c.h
[20.364s] -- Installing: /ROEG/roeg_ws/install/deep_orange_msgs/include/deep_orange_msgs/msg/detail/rc_to_ct__rosidl_typesupport_introspection_c.h
[20.364s] -- Installing: /ROEG/roeg_ws/install/deep_orange_msgs/include/deep_orange_msgs/msg/detail/tire_temp__rosidl_typesupport_introspection_c.h
[20.364s] -- Installing: /ROEG/roeg_ws/install/deep_orange_msgs/include/deep_orange_msgs/msg/detail/my_laps_report__type_support.c
[20.364s] -- Installing: /ROEG/roeg_ws/install/deep_orange_msgs/include/deep_orange_msgs/msg/detail/base_to_car_summary__rosidl_typesupport_introspection_c.h
[20.364s] -- Installing: /ROEG/roeg_ws/install/deep_orange_msgs/include/deep_orange_msgs/msg/detail/brake_temp_report__rosidl_typesupport_introspection_c.h
[20.365s] -- Installing: /ROEG/roeg_ws/install/deep_orange_msgs/include/deep_orange_msgs/msg/detail/diagnostic_report__rosidl_typesupport_introspection_c.h
[20.365s] -- Installing: /ROEG/roeg_ws/install/deep_orange_msgs/include/deep_orange_msgs/msg/detail/pt_report__type_support.c
[20.365s] -- Installing: /ROEG/roeg_ws/install/deep_orange_msgs/include/deep_orange_msgs/msg/detail/misc_report__type_support.c
[20.365s] -- Installing: /ROEG/roeg_ws/install/deep_orange_msgs/include/deep_orange_msgs/msg/detail/brake_temp_report__type_support.c
[20.365s] -- Installing: /ROEG/roeg_ws/install/deep_orange_msgs/include/deep_orange_msgs/msg/detail/tire_temp_report__type_support.c
[20.365s] -- Installing: /ROEG/roeg_ws/install/deep_orange_msgs/include/deep_orange_msgs/msg/detail/base_to_car_summary__type_support.c
[20.366s] -- Installing: /ROEG/roeg_ws/install/deep_orange_msgs/include/deep_orange_msgs/msg/detail/rc_to_ct__type_support.c
[20.366s] -- Installing: /ROEG/roeg_ws/install/deep_orange_msgs/include/deep_orange_msgs/msg/detail/marelli_report__type_support.c
[20.366s] -- Installing: /ROEG/roeg_ws/install/deep_orange_msgs/include/deep_orange_msgs/msg/detail/telemetry__type_support.c
[20.366s] -- Installing: /ROEG/roeg_ws/install/deep_orange_msgs/include/deep_orange_msgs/msg/detail/tire_temp__type_support.c
[20.366s] -- Installing: /ROEG/roeg_ws/install/deep_orange_msgs/include/deep_orange_msgs/msg/detail/race_control_report__type_support.c
[20.367s] -- Installing: /ROEG/roeg_ws/install/deep_orange_msgs/include/deep_orange_msgs/msg/detail/coordinates__type_support.c
[20.367s] -- Installing: /ROEG/roeg_ws/install/deep_orange_msgs/lib/libdeep_orange_msgs__rosidl_typesupport_introspection_c.so
[20.367s] -- Set runtime path of "/ROEG/roeg_ws/install/deep_orange_msgs/lib/libdeep_orange_msgs__rosidl_typesupport_introspection_c.so" to ""
[20.368s] -- Installing: /ROEG/roeg_ws/install/deep_orange_msgs/lib/libdeep_orange_msgs__rosidl_typesupport_c.so
[20.368s] -- Set runtime path of "/ROEG/roeg_ws/install/deep_orange_msgs/lib/libdeep_orange_msgs__rosidl_typesupport_c.so" to ""
[20.368s] -- Up-to-date: /ROEG/roeg_ws/install/deep_orange_msgs/include/deep_orange_msgs
[20.368s] -- Up-to-date: /ROEG/roeg_ws/install/deep_orange_msgs/include/deep_orange_msgs/msg
[20.368s] -- Installing: /ROEG/roeg_ws/install/deep_orange_msgs/include/deep_orange_msgs/msg/joystick_command.hpp
[20.368s] -- Installing: /ROEG/roeg_ws/install/deep_orange_msgs/include/deep_orange_msgs/msg/my_laps_report.hpp
[20.368s] -- Installing: /ROEG/roeg_ws/install/deep_orange_msgs/include/deep_orange_msgs/msg/lap_time_report.hpp
[20.369s] -- Installing: /ROEG/roeg_ws/install/deep_orange_msgs/include/deep_orange_msgs/msg/race_control_report.hpp
[20.369s] -- Installing: /ROEG/roeg_ws/install/deep_orange_msgs/include/deep_orange_msgs/msg/tire_temp_report.hpp
[20.369s] -- Installing: /ROEG/roeg_ws/install/deep_orange_msgs/include/deep_orange_msgs/msg/ct_report.hpp
[20.369s] -- Installing: /ROEG/roeg_ws/install/deep_orange_msgs/include/deep_orange_msgs/msg/rc_to_ct.hpp
[20.369s] -- Installing: /ROEG/roeg_ws/install/deep_orange_msgs/include/deep_orange_msgs/msg/coordinates.hpp
[20.369s] -- Installing: /ROEG/roeg_ws/install/deep_orange_msgs/include/deep_orange_msgs/msg/base_to_car_summary.hpp
[20.370s] -- Installing: /ROEG/roeg_ws/install/deep_orange_msgs/include/deep_orange_msgs/msg/misc_report.hpp
[20.370s] -- Installing: /ROEG/roeg_ws/install/deep_orange_msgs/include/deep_orange_msgs/msg/marelli_report.hpp
[20.370s] -- Installing: /ROEG/roeg_ws/install/deep_orange_msgs/include/deep_orange_msgs/msg/telemetry.hpp
[20.370s] -- Installing: /ROEG/roeg_ws/install/deep_orange_msgs/include/deep_orange_msgs/msg/brake_temp_report.hpp
[20.370s] -- Installing: /ROEG/roeg_ws/install/deep_orange_msgs/include/deep_orange_msgs/msg/pt_report.hpp
[20.370s] -- Up-to-date: /ROEG/roeg_ws/install/deep_orange_msgs/include/deep_orange_msgs/msg/detail
[20.371s] -- Installing: /ROEG/roeg_ws/install/deep_orange_msgs/include/deep_orange_msgs/msg/detail/misc_report__builder.hpp
[20.371s] -- Installing: /ROEG/roeg_ws/install/deep_orange_msgs/include/deep_orange_msgs/msg/detail/brake_temp_report__builder.hpp
[20.371s] -- Installing: /ROEG/roeg_ws/install/deep_orange_msgs/include/deep_orange_msgs/msg/detail/my_laps_report__traits.hpp
[20.371s] -- Installing: /ROEG/roeg_ws/install/deep_orange_msgs/include/deep_orange_msgs/msg/detail/telemetry__struct.hpp
[20.371s] -- Installing: /ROEG/roeg_ws/install/deep_orange_msgs/include/deep_orange_msgs/msg/detail/tire_temp__traits.hpp
[20.371s] -- Installing: /ROEG/roeg_ws/install/deep_orange_msgs/include/deep_orange_msgs/msg/detail/pt_report__struct.hpp
[20.372s] -- Installing: /ROEG/roeg_ws/install/deep_orange_msgs/include/deep_orange_msgs/msg/detail/rc_to_ct__struct.hpp
[20.372s] -- Installing: /ROEG/roeg_ws/install/deep_orange_msgs/include/deep_orange_msgs/msg/detail/tire_temp_report__builder.hpp
[20.372s] -- Installing: /ROEG/roeg_ws/install/deep_orange_msgs/include/deep_orange_msgs/msg/detail/tire_temp__struct.hpp
[20.372s] -- Installing: /ROEG/roeg_ws/install/deep_orange_msgs/include/deep_orange_msgs/msg/detail/tire_temp_report__traits.hpp
[20.372s] -- Installing: /ROEG/roeg_ws/install/deep_orange_msgs/include/deep_orange_msgs/msg/detail/ct_report__traits.hpp
[20.372s] -- Installing: /ROEG/roeg_ws/install/deep_orange_msgs/include/deep_orange_msgs/msg/detail/misc_report__traits.hpp
[20.373s] -- Installing: /ROEG/roeg_ws/install/deep_orange_msgs/include/deep_orange_msgs/msg/detail/joystick_command__traits.hpp
[20.373s] -- Installing: /ROEG/roeg_ws/install/deep_orange_msgs/include/deep_orange_msgs/msg/detail/coordinates__struct.hpp
[20.373s] -- Installing: /ROEG/roeg_ws/install/deep_orange_msgs/include/deep_orange_msgs/msg/detail/joystick_command__builder.hpp
[20.373s] -- Installing: /ROEG/roeg_ws/install/deep_orange_msgs/include/deep_orange_msgs/msg/detail/base_to_car_summary__builder.hpp
[20.373s] -- Installing: /ROEG/roeg_ws/install/deep_orange_msgs/include/deep_orange_msgs/msg/detail/lap_time_report__traits.hpp
[20.373s] -- Installing: /ROEG/roeg_ws/install/deep_orange_msgs/include/deep_orange_msgs/msg/detail/diagnostic_report__builder.hpp
[20.374s] -- Installing: /ROEG/roeg_ws/install/deep_orange_msgs/include/deep_orange_msgs/msg/detail/marelli_report__builder.hpp
[20.374s] -- Installing: /ROEG/roeg_ws/install/deep_orange_msgs/include/deep_orange_msgs/msg/detail/telemetry__traits.hpp
[20.374s] -- Installing: /ROEG/roeg_ws/install/deep_orange_msgs/include/deep_orange_msgs/msg/detail/brake_temp_report__struct.hpp
[20.374s] -- Installing: /ROEG/roeg_ws/install/deep_orange_msgs/include/deep_orange_msgs/msg/detail/diagnostic_report__struct.hpp
[20.374s] -- Installing: /ROEG/roeg_ws/install/deep_orange_msgs/include/deep_orange_msgs/msg/detail/tire_temp__builder.hpp
[20.374s] -- Installing: /ROEG/roeg_ws/install/deep_orange_msgs/include/deep_orange_msgs/msg/detail/marelli_report__traits.hpp
[20.375s] -- Installing: /ROEG/roeg_ws/install/deep_orange_msgs/include/deep_orange_msgs/msg/detail/diagnostic_report__traits.hpp
[20.375s] -- Installing: /ROEG/roeg_ws/install/deep_orange_msgs/include/deep_orange_msgs/msg/detail/misc_report__struct.hpp
[20.375s] -- Installing: /ROEG/roeg_ws/install/deep_orange_msgs/include/deep_orange_msgs/msg/detail/my_laps_report__struct.hpp
[20.375s] -- Installing: /ROEG/roeg_ws/install/deep_orange_msgs/include/deep_orange_msgs/msg/detail/race_control_report__struct.hpp
[20.375s] -- Installing: /ROEG/roeg_ws/install/deep_orange_msgs/include/deep_orange_msgs/msg/detail/pt_report__builder.hpp
[20.375s] -- Installing: /ROEG/roeg_ws/install/deep_orange_msgs/include/deep_orange_msgs/msg/detail/marelli_report__struct.hpp
[20.376s] -- Installing: /ROEG/roeg_ws/install/deep_orange_msgs/include/deep_orange_msgs/msg/detail/race_control_report__traits.hpp
[20.376s] -- Installing: /ROEG/roeg_ws/install/deep_orange_msgs/include/deep_orange_msgs/msg/detail/base_to_car_summary__traits.hpp
[20.376s] -- Installing: /ROEG/roeg_ws/install/deep_orange_msgs/include/deep_orange_msgs/msg/detail/ct_report__builder.hpp
[20.376s] -- Installing: /ROEG/roeg_ws/install/deep_orange_msgs/include/deep_orange_msgs/msg/detail/lap_time_report__struct.hpp
[20.376s] -- Installing: /ROEG/roeg_ws/install/deep_orange_msgs/include/deep_orange_msgs/msg/detail/pt_report__traits.hpp
[20.376s] -- Installing: /ROEG/roeg_ws/install/deep_orange_msgs/include/deep_orange_msgs/msg/detail/tire_temp_report__struct.hpp
[20.376s] -- Installing: /ROEG/roeg_ws/install/deep_orange_msgs/include/deep_orange_msgs/msg/detail/rc_to_ct__builder.hpp
[20.377s] -- Installing: /ROEG/roeg_ws/install/deep_orange_msgs/include/deep_orange_msgs/msg/detail/joystick_command__struct.hpp
[20.377s] -- Installing: /ROEG/roeg_ws/install/deep_orange_msgs/include/deep_orange_msgs/msg/detail/tire_report__traits.hpp
[20.377s] -- Installing: /ROEG/roeg_ws/install/deep_orange_msgs/include/deep_orange_msgs/msg/detail/ct_report__struct.hpp
[20.377s] -- Installing: /ROEG/roeg_ws/install/deep_orange_msgs/include/deep_orange_msgs/msg/detail/rc_to_ct__traits.hpp
[20.377s] -- Installing: /ROEG/roeg_ws/install/deep_orange_msgs/include/deep_orange_msgs/msg/detail/lap_time_report__builder.hpp
[20.377s] -- Installing: /ROEG/roeg_ws/install/deep_orange_msgs/include/deep_orange_msgs/msg/detail/my_laps_report__builder.hpp
[20.378s] -- Installing: /ROEG/roeg_ws/install/deep_orange_msgs/include/deep_orange_msgs/msg/detail/base_to_car_summary__struct.hpp
[20.378s] -- Installing: /ROEG/roeg_ws/install/deep_orange_msgs/include/deep_orange_msgs/msg/detail/race_control_report__builder.hpp
[20.378s] -- Installing: /ROEG/roeg_ws/install/deep_orange_msgs/include/deep_orange_msgs/msg/detail/coordinates__builder.hpp
[20.378s] -- Installing: /ROEG/roeg_ws/install/deep_orange_msgs/include/deep_orange_msgs/msg/detail/tire_report__builder.hpp
[20.378s] -- Installing: /ROEG/roeg_ws/install/deep_orange_msgs/include/deep_orange_msgs/msg/detail/tire_report__struct.hpp
[20.379s] -- Installing: /ROEG/roeg_ws/install/deep_orange_msgs/include/deep_orange_msgs/msg/detail/telemetry__builder.hpp
[20.379s] -- Installing: /ROEG/roeg_ws/install/deep_orange_msgs/include/deep_orange_msgs/msg/detail/brake_temp_report__traits.hpp
[20.379s] -- Installing: /ROEG/roeg_ws/install/deep_orange_msgs/include/deep_orange_msgs/msg/detail/coordinates__traits.hpp
[20.379s] -- Installing: /ROEG/roeg_ws/install/deep_orange_msgs/include/deep_orange_msgs/msg/tire_temp.hpp
[20.379s] -- Installing: /ROEG/roeg_ws/install/deep_orange_msgs/include/deep_orange_msgs/msg/tire_report.hpp
[20.379s] -- Installing: /ROEG/roeg_ws/install/deep_orange_msgs/include/deep_orange_msgs/msg/diagnostic_report.hpp
[20.380s] -- Up-to-date: /ROEG/roeg_ws/install/deep_orange_msgs/include/deep_orange_msgs
[20.380s] -- Up-to-date: /ROEG/roeg_ws/install/deep_orange_msgs/include/deep_orange_msgs/msg
[20.380s] -- Up-to-date: /ROEG/roeg_ws/install/deep_orange_msgs/include/deep_orange_msgs/msg/detail
[20.380s] -- Installing: /ROEG/roeg_ws/install/deep_orange_msgs/include/deep_orange_msgs/msg/detail/diagnostic_report__rosidl_typesupport_introspection_cpp.hpp
[20.380s] -- Installing: /ROEG/roeg_ws/install/deep_orange_msgs/include/deep_orange_msgs/msg/detail/lap_time_report__type_support.cpp
[20.380s] -- Installing: /ROEG/roeg_ws/install/deep_orange_msgs/include/deep_orange_msgs/msg/detail/misc_report__rosidl_typesupport_introspection_cpp.hpp
[20.380s] -- Installing: /ROEG/roeg_ws/install/deep_orange_msgs/include/deep_orange_msgs/msg/detail/my_laps_report__rosidl_typesupport_introspection_cpp.hpp
[20.380s] -- Installing: /ROEG/roeg_ws/install/deep_orange_msgs/include/deep_orange_msgs/msg/detail/lap_time_report__rosidl_typesupport_introspection_cpp.hpp
[20.381s] -- Installing: /ROEG/roeg_ws/install/deep_orange_msgs/include/deep_orange_msgs/msg/detail/tire_temp__type_support.cpp
[20.381s] -- Installing: /ROEG/roeg_ws/install/deep_orange_msgs/include/deep_orange_msgs/msg/detail/coordinates__type_support.cpp
[20.381s] -- Installing: /ROEG/roeg_ws/install/deep_orange_msgs/include/deep_orange_msgs/msg/detail/telemetry__rosidl_typesupport_introspection_cpp.hpp
[20.381s] -- Installing: /ROEG/roeg_ws/install/deep_orange_msgs/include/deep_orange_msgs/msg/detail/race_control_report__rosidl_typesupport_introspection_cpp.hpp
[20.381s] -- Installing: /ROEG/roeg_ws/install/deep_orange_msgs/include/deep_orange_msgs/msg/detail/ct_report__type_support.cpp
[20.381s] -- Installing: /ROEG/roeg_ws/install/deep_orange_msgs/include/deep_orange_msgs/msg/detail/tire_temp__rosidl_typesupport_introspection_cpp.hpp
[20.382s] -- Installing: /ROEG/roeg_ws/install/deep_orange_msgs/include/deep_orange_msgs/msg/detail/rc_to_ct__rosidl_typesupport_introspection_cpp.hpp
[20.382s] -- Installing: /ROEG/roeg_ws/install/deep_orange_msgs/include/deep_orange_msgs/msg/detail/my_laps_report__type_support.cpp
[20.382s] -- Installing: /ROEG/roeg_ws/install/deep_orange_msgs/include/deep_orange_msgs/msg/detail/rc_to_ct__type_support.cpp
[20.382s] -- Installing: /ROEG/roeg_ws/install/deep_orange_msgs/include/deep_orange_msgs/msg/detail/base_to_car_summary__rosidl_typesupport_introspection_cpp.hpp
[20.382s] -- Installing: /ROEG/roeg_ws/install/deep_orange_msgs/include/deep_orange_msgs/msg/detail/diagnostic_report__type_support.cpp
[20.382s] -- Installing: /ROEG/roeg_ws/install/deep_orange_msgs/include/deep_orange_msgs/msg/detail/tire_report__type_support.cpp
[20.383s] -- Installing: /ROEG/roeg_ws/install/deep_orange_msgs/include/deep_orange_msgs/msg/detail/base_to_car_summary__type_support.cpp
[20.383s] -- Installing: /ROEG/roeg_ws/install/deep_orange_msgs/include/deep_orange_msgs/msg/detail/tire_report__rosidl_typesupport_introspection_cpp.hpp
[20.383s] -- Installing: /ROEG/roeg_ws/install/deep_orange_msgs/include/deep_orange_msgs/msg/detail/marelli_report__type_support.cpp
[20.383s] -- Installing: /ROEG/roeg_ws/install/deep_orange_msgs/include/deep_orange_msgs/msg/detail/misc_report__type_support.cpp
[20.383s] -- Installing: /ROEG/roeg_ws/install/deep_orange_msgs/include/deep_orange_msgs/msg/detail/pt_report__type_support.cpp
[20.383s] -- Installing: /ROEG/roeg_ws/install/deep_orange_msgs/include/deep_orange_msgs/msg/detail/telemetry__type_support.cpp
[20.384s] -- Installing: /ROEG/roeg_ws/install/deep_orange_msgs/include/deep_orange_msgs/msg/detail/pt_report__rosidl_typesupport_introspection_cpp.hpp
[20.384s] -- Installing: /ROEG/roeg_ws/install/deep_orange_msgs/include/deep_orange_msgs/msg/detail/tire_temp_report__rosidl_typesupport_introspection_cpp.hpp
[20.384s] -- Installing: /ROEG/roeg_ws/install/deep_orange_msgs/include/deep_orange_msgs/msg/detail/joystick_command__type_support.cpp
[20.384s] -- Installing: /ROEG/roeg_ws/install/deep_orange_msgs/include/deep_orange_msgs/msg/detail/coordinates__rosidl_typesupport_introspection_cpp.hpp
[20.384s] -- Installing: /ROEG/roeg_ws/install/deep_orange_msgs/include/deep_orange_msgs/msg/detail/marelli_report__rosidl_typesupport_introspection_cpp.hpp
[20.384s] -- Installing: /ROEG/roeg_ws/install/deep_orange_msgs/include/deep_orange_msgs/msg/detail/joystick_command__rosidl_typesupport_introspection_cpp.hpp
[20.385s] -- Installing: /ROEG/roeg_ws/install/deep_orange_msgs/include/deep_orange_msgs/msg/detail/tire_temp_report__type_support.cpp
[20.385s] -- Installing: /ROEG/roeg_ws/install/deep_orange_msgs/include/deep_orange_msgs/msg/detail/race_control_report__type_support.cpp
[20.385s] -- Installing: /ROEG/roeg_ws/install/deep_orange_msgs/include/deep_orange_msgs/msg/detail/ct_report__rosidl_typesupport_introspection_cpp.hpp
[20.385s] -- Installing: /ROEG/roeg_ws/install/deep_orange_msgs/include/deep_orange_msgs/msg/detail/brake_temp_report__type_support.cpp
[20.385s] -- Installing: /ROEG/roeg_ws/install/deep_orange_msgs/include/deep_orange_msgs/msg/detail/brake_temp_report__rosidl_typesupport_introspection_cpp.hpp
[20.385s] -- Installing: /ROEG/roeg_ws/install/deep_orange_msgs/lib/libdeep_orange_msgs__rosidl_typesupport_introspection_cpp.so
[20.386s] -- Set runtime path of "/ROEG/roeg_ws/install/deep_orange_msgs/lib/libdeep_orange_msgs__rosidl_typesupport_introspection_cpp.so" to ""
[20.387s] -- Installing: /ROEG/roeg_ws/install/deep_orange_msgs/lib/libdeep_orange_msgs__rosidl_typesupport_cpp.so
[20.387s] -- Set runtime path of "/ROEG/roeg_ws/install/deep_orange_msgs/lib/libdeep_orange_msgs__rosidl_typesupport_cpp.so" to ""
[20.387s] -- Installing: /ROEG/roeg_ws/install/deep_orange_msgs/share/deep_orange_msgs/environment/pythonpath.sh
[20.387s] -- Installing: /ROEG/roeg_ws/install/deep_orange_msgs/share/deep_orange_msgs/environment/pythonpath.dsv
[20.388s] -- Installing: /ROEG/roeg_ws/install/deep_orange_msgs/lib/python3.8/site-packages/deep_orange_msgs/__init__.py
[20.417s] Compiling '/ROEG/roeg_ws/install/deep_orange_msgs/lib/python3.8/site-packages/deep_orange_msgs/__init__.py'...
[20.421s] -- Installing: /ROEG/roeg_ws/install/deep_orange_msgs/lib/python3.8/site-packages/deep_orange_msgs/msg
[20.421s] -- Installing: /ROEG/roeg_ws/install/deep_orange_msgs/lib/python3.8/site-packages/deep_orange_msgs/msg/_joystick_command.py
[20.421s] -- Installing: /ROEG/roeg_ws/install/deep_orange_msgs/lib/python3.8/site-packages/deep_orange_msgs/msg/_tire_report.py
[20.422s] -- Installing: /ROEG/roeg_ws/install/deep_orange_msgs/lib/python3.8/site-packages/deep_orange_msgs/msg/_tire_temp.py
[20.422s] -- Installing: /ROEG/roeg_ws/install/deep_orange_msgs/lib/python3.8/site-packages/deep_orange_msgs/msg/_lap_time_report_s.c
[20.422s] -- Installing: /ROEG/roeg_ws/install/deep_orange_msgs/lib/python3.8/site-packages/deep_orange_msgs/msg/_tire_report_s.c
[20.422s] -- Installing: /ROEG/roeg_ws/install/deep_orange_msgs/lib/python3.8/site-packages/deep_orange_msgs/msg/_pt_report.py
[20.423s] -- Installing: /ROEG/roeg_ws/install/deep_orange_msgs/lib/python3.8/site-packages/deep_orange_msgs/msg/_telemetry.py
[20.423s] -- Installing: /ROEG/roeg_ws/install/deep_orange_msgs/lib/python3.8/site-packages/deep_orange_msgs/msg/_ct_report.py
[20.423s] -- Installing: /ROEG/roeg_ws/install/deep_orange_msgs/lib/python3.8/site-packages/deep_orange_msgs/msg/_misc_report.py
[20.423s] -- Installing: /ROEG/roeg_ws/install/deep_orange_msgs/lib/python3.8/site-packages/deep_orange_msgs/msg/_base_to_car_summary.py
[20.423s] -- Installing: /ROEG/roeg_ws/install/deep_orange_msgs/lib/python3.8/site-packages/deep_orange_msgs/msg/_race_control_report_s.c
[20.424s] -- Installing: /ROEG/roeg_ws/install/deep_orange_msgs/lib/python3.8/site-packages/deep_orange_msgs/msg/_misc_report_s.c
[20.424s] -- Installing: /ROEG/roeg_ws/install/deep_orange_msgs/lib/python3.8/site-packages/deep_orange_msgs/msg/_tire_temp_s.c
[20.424s] -- Installing: /ROEG/roeg_ws/install/deep_orange_msgs/lib/python3.8/site-packages/deep_orange_msgs/msg/_rc_to_ct_s.c
[20.424s] -- Installing: /ROEG/roeg_ws/install/deep_orange_msgs/lib/python3.8/site-packages/deep_orange_msgs/msg/__init__.py
[20.424s] -- Installing: /ROEG/roeg_ws/install/deep_orange_msgs/lib/python3.8/site-packages/deep_orange_msgs/msg/_rc_to_ct.py
[20.424s] -- Installing: /ROEG/roeg_ws/install/deep_orange_msgs/lib/python3.8/site-packages/deep_orange_msgs/msg/_race_control_report.py
[20.425s] -- Installing: /ROEG/roeg_ws/install/deep_orange_msgs/lib/python3.8/site-packages/deep_orange_msgs/msg/_brake_temp_report.py
[20.425s] -- Installing: /ROEG/roeg_ws/install/deep_orange_msgs/lib/python3.8/site-packages/deep_orange_msgs/msg/_brake_temp_report_s.c
[20.425s] -- Installing: /ROEG/roeg_ws/install/deep_orange_msgs/lib/python3.8/site-packages/deep_orange_msgs/msg/_lap_time_report.py
[20.425s] -- Installing: /ROEG/roeg_ws/install/deep_orange_msgs/lib/python3.8/site-packages/deep_orange_msgs/msg/_marelli_report.py
[20.425s] -- Installing: /ROEG/roeg_ws/install/deep_orange_msgs/lib/python3.8/site-packages/deep_orange_msgs/msg/_marelli_report_s.c
[20.426s] -- Installing: /ROEG/roeg_ws/install/deep_orange_msgs/lib/python3.8/site-packages/deep_orange_msgs/msg/_tire_temp_report.py
[20.426s] -- Installing: /ROEG/roeg_ws/install/deep_orange_msgs/lib/python3.8/site-packages/deep_orange_msgs/msg/_ct_report_s.c
[20.426s] -- Installing: /ROEG/roeg_ws/install/deep_orange_msgs/lib/python3.8/site-packages/deep_orange_msgs/msg/_joystick_command_s.c
[20.426s] -- Installing: /ROEG/roeg_ws/install/deep_orange_msgs/lib/python3.8/site-packages/deep_orange_msgs/msg/_tire_temp_report_s.c
[20.426s] -- Installing: /ROEG/roeg_ws/install/deep_orange_msgs/lib/python3.8/site-packages/deep_orange_msgs/msg/_diagnostic_report_s.c
[20.426s] -- Installing: /ROEG/roeg_ws/install/deep_orange_msgs/lib/python3.8/site-packages/deep_orange_msgs/msg/_diagnostic_report.py
[20.427s] -- Installing: /ROEG/roeg_ws/install/deep_orange_msgs/lib/python3.8/site-packages/deep_orange_msgs/msg/_telemetry_s.c
[20.427s] -- Installing: /ROEG/roeg_ws/install/deep_orange_msgs/lib/python3.8/site-packages/deep_orange_msgs/msg/_pt_report_s.c
[20.427s] -- Installing: /ROEG/roeg_ws/install/deep_orange_msgs/lib/python3.8/site-packages/deep_orange_msgs/msg/_coordinates_s.c
[20.427s] -- Installing: /ROEG/roeg_ws/install/deep_orange_msgs/lib/python3.8/site-packages/deep_orange_msgs/msg/_base_to_car_summary_s.c
[20.428s] -- Installing: /ROEG/roeg_ws/install/deep_orange_msgs/lib/python3.8/site-packages/deep_orange_msgs/msg/_coordinates.py
[20.428s] -- Installing: /ROEG/roeg_ws/install/deep_orange_msgs/lib/python3.8/site-packages/deep_orange_msgs/msg/_my_laps_report_s.c
[20.428s] -- Installing: /ROEG/roeg_ws/install/deep_orange_msgs/lib/python3.8/site-packages/deep_orange_msgs/msg/_my_laps_report.py
[20.428s] -- Installing: /ROEG/roeg_ws/install/deep_orange_msgs/lib/python3.8/site-packages/deep_orange_msgs/deep_orange_msgs_s__rosidl_typesupport_fastrtps_c.cpython-38-x86_64-linux-gnu.so
[20.429s] -- Set runtime path of "/ROEG/roeg_ws/install/deep_orange_msgs/lib/python3.8/site-packages/deep_orange_msgs/deep_orange_msgs_s__rosidl_typesupport_fastrtps_c.cpython-38-x86_64-linux-gnu.so" to ""
[20.429s] -- Installing: /ROEG/roeg_ws/install/deep_orange_msgs/lib/python3.8/site-packages/deep_orange_msgs/deep_orange_msgs_s__rosidl_typesupport_introspection_c.cpython-38-x86_64-linux-gnu.so
[20.430s] -- Set runtime path of "/ROEG/roeg_ws/install/deep_orange_msgs/lib/python3.8/site-packages/deep_orange_msgs/deep_orange_msgs_s__rosidl_typesupport_introspection_c.cpython-38-x86_64-linux-gnu.so" to ""
[20.430s] -- Installing: /ROEG/roeg_ws/install/deep_orange_msgs/lib/python3.8/site-packages/deep_orange_msgs/deep_orange_msgs_s__rosidl_typesupport_c.cpython-38-x86_64-linux-gnu.so
[20.431s] -- Set runtime path of "/ROEG/roeg_ws/install/deep_orange_msgs/lib/python3.8/site-packages/deep_orange_msgs/deep_orange_msgs_s__rosidl_typesupport_c.cpython-38-x86_64-linux-gnu.so" to ""
[20.431s] -- Installing: /ROEG/roeg_ws/install/deep_orange_msgs/lib/libdeep_orange_msgs__python.so
[20.432s] -- Set runtime path of "/ROEG/roeg_ws/install/deep_orange_msgs/lib/libdeep_orange_msgs__python.so" to ""
[20.432s] -- Installing: /ROEG/roeg_ws/install/deep_orange_msgs/share/deep_orange_msgs/msg/BaseToCarSummary.idl
[20.432s] -- Installing: /ROEG/roeg_ws/install/deep_orange_msgs/share/deep_orange_msgs/msg/BrakeTempReport.idl
[20.432s] -- Installing: /ROEG/roeg_ws/install/deep_orange_msgs/share/deep_orange_msgs/msg/Coordinates.idl
[20.432s] -- Installing: /ROEG/roeg_ws/install/deep_orange_msgs/share/deep_orange_msgs/msg/CtReport.idl
[20.432s] -- Installing: /ROEG/roeg_ws/install/deep_orange_msgs/share/deep_orange_msgs/msg/MiscReport.idl
[20.433s] -- Installing: /ROEG/roeg_ws/install/deep_orange_msgs/share/deep_orange_msgs/msg/PtReport.idl
[20.433s] -- Installing: /ROEG/roeg_ws/install/deep_orange_msgs/share/deep_orange_msgs/msg/RcToCt.idl
[20.433s] -- Installing: /ROEG/roeg_ws/install/deep_orange_msgs/share/deep_orange_msgs/msg/TireReport.idl
[20.433s] -- Installing: /ROEG/roeg_ws/install/deep_orange_msgs/share/deep_orange_msgs/msg/TireTemp.idl
[20.433s] -- Installing: /ROEG/roeg_ws/install/deep_orange_msgs/share/deep_orange_msgs/msg/TireTempReport.idl
[20.434s] -- Installing: /ROEG/roeg_ws/install/deep_orange_msgs/share/deep_orange_msgs/msg/Telemetry.idl
[20.434s] -- Installing: /ROEG/roeg_ws/install/deep_orange_msgs/share/deep_orange_msgs/msg/JoystickCommand.idl
[20.434s] -- Installing: /ROEG/roeg_ws/install/deep_orange_msgs/share/deep_orange_msgs/msg/DiagnosticReport.idl
[20.434s] -- Installing: /ROEG/roeg_ws/install/deep_orange_msgs/share/deep_orange_msgs/msg/LapTimeReport.idl
[20.434s] -- Installing: /ROEG/roeg_ws/install/deep_orange_msgs/share/deep_orange_msgs/msg/MyLapsReport.idl
[20.435s] -- Installing: /ROEG/roeg_ws/install/deep_orange_msgs/share/deep_orange_msgs/msg/MarelliReport.idl
[20.435s] -- Installing: /ROEG/roeg_ws/install/deep_orange_msgs/share/deep_orange_msgs/msg/RaceControlReport.idl
[20.435s] -- Installing: /ROEG/roeg_ws/install/deep_orange_msgs/share/deep_orange_msgs/msg/BaseToCarSummary.msg
[20.435s] -- Installing: /ROEG/roeg_ws/install/deep_orange_msgs/share/deep_orange_msgs/msg/BrakeTempReport.msg
[20.435s] -- Installing: /ROEG/roeg_ws/install/deep_orange_msgs/share/deep_orange_msgs/msg/Coordinates.msg
[20.436s] -- Installing: /ROEG/roeg_ws/install/deep_orange_msgs/share/deep_orange_msgs/msg/CtReport.msg
[20.436s] -- Installing: /ROEG/roeg_ws/install/deep_orange_msgs/share/deep_orange_msgs/msg/MiscReport.msg
[20.436s] -- Installing: /ROEG/roeg_ws/install/deep_orange_msgs/share/deep_orange_msgs/msg/PtReport.msg
[20.436s] -- Installing: /ROEG/roeg_ws/install/deep_orange_msgs/share/deep_orange_msgs/msg/RcToCt.msg
[20.436s] -- Installing: /ROEG/roeg_ws/install/deep_orange_msgs/share/deep_orange_msgs/msg/TireReport.msg
[20.436s] -- Installing: /ROEG/roeg_ws/install/deep_orange_msgs/share/deep_orange_msgs/msg/TireTemp.msg
[20.437s] -- Installing: /ROEG/roeg_ws/install/deep_orange_msgs/share/deep_orange_msgs/msg/TireTempReport.msg
[20.437s] -- Installing: /ROEG/roeg_ws/install/deep_orange_msgs/share/deep_orange_msgs/msg/Telemetry.msg
[20.437s] -- Installing: /ROEG/roeg_ws/install/deep_orange_msgs/share/deep_orange_msgs/msg/JoystickCommand.msg
[20.437s] -- Installing: /ROEG/roeg_ws/install/deep_orange_msgs/share/deep_orange_msgs/msg/DiagnosticReport.msg
[20.437s] -- Installing: /ROEG/roeg_ws/install/deep_orange_msgs/share/deep_orange_msgs/msg/LapTimeReport.msg
[20.438s] -- Installing: /ROEG/roeg_ws/install/deep_orange_msgs/share/deep_orange_msgs/msg/MyLapsReport.msg
[20.438s] -- Installing: /ROEG/roeg_ws/install/deep_orange_msgs/share/deep_orange_msgs/msg/MarelliReport.msg
[20.438s] -- Installing: /ROEG/roeg_ws/install/deep_orange_msgs/share/deep_orange_msgs/msg/RaceControlReport.msg
[20.438s] -- Installing: /ROEG/roeg_ws/install/deep_orange_msgs/share/ament_index/resource_index/package_run_dependencies/deep_orange_msgs
[20.439s] -- Installing: /ROEG/roeg_ws/install/deep_orange_msgs/share/ament_index/resource_index/parent_prefix_path/deep_orange_msgs
[20.439s] -- Installing: /ROEG/roeg_ws/install/deep_orange_msgs/share/deep_orange_msgs/environment/ament_prefix_path.sh
[20.439s] -- Installing: /ROEG/roeg_ws/install/deep_orange_msgs/share/deep_orange_msgs/environment/ament_prefix_path.dsv
[20.439s] -- Installing: /ROEG/roeg_ws/install/deep_orange_msgs/share/deep_orange_msgs/environment/path.sh
[20.439s] -- Installing: /ROEG/roeg_ws/install/deep_orange_msgs/share/deep_orange_msgs/environment/path.dsv
[20.440s] -- Installing: /ROEG/roeg_ws/install/deep_orange_msgs/share/deep_orange_msgs/local_setup.bash
[20.440s] -- Installing: /ROEG/roeg_ws/install/deep_orange_msgs/share/deep_orange_msgs/local_setup.sh
[20.440s] -- Installing: /ROEG/roeg_ws/install/deep_orange_msgs/share/deep_orange_msgs/local_setup.zsh
[20.440s] -- Installing: /ROEG/roeg_ws/install/deep_orange_msgs/share/deep_orange_msgs/local_setup.dsv
[20.441s] -- Installing: /ROEG/roeg_ws/install/deep_orange_msgs/share/deep_orange_msgs/package.dsv
[20.441s] -- Installing: /ROEG/roeg_ws/install/deep_orange_msgs/share/ament_index/resource_index/packages/deep_orange_msgs
[20.441s] -- Installing: /ROEG/roeg_ws/install/deep_orange_msgs/share/deep_orange_msgs/cmake/deep_orange_msgs__rosidl_generator_cExport.cmake
[20.441s] -- Installing: /ROEG/roeg_ws/install/deep_orange_msgs/share/deep_orange_msgs/cmake/deep_orange_msgs__rosidl_generator_cExport-noconfig.cmake
[20.442s] -- Installing: /ROEG/roeg_ws/install/deep_orange_msgs/share/deep_orange_msgs/cmake/deep_orange_msgs__rosidl_typesupport_introspection_cExport.cmake
[20.442s] -- Installing: /ROEG/roeg_ws/install/deep_orange_msgs/share/deep_orange_msgs/cmake/deep_orange_msgs__rosidl_typesupport_introspection_cExport-noconfig.cmake
[20.442s] -- Installing: /ROEG/roeg_ws/install/deep_orange_msgs/share/deep_orange_msgs/cmake/deep_orange_msgs__rosidl_typesupport_cExport.cmake
[20.442s] -- Installing: /ROEG/roeg_ws/install/deep_orange_msgs/share/deep_orange_msgs/cmake/deep_orange_msgs__rosidl_typesupport_cExport-noconfig.cmake
[20.443s] -- Installing: /ROEG/roeg_ws/install/deep_orange_msgs/share/deep_orange_msgs/cmake/deep_orange_msgs__rosidl_generator_cppExport.cmake
[20.443s] -- Installing: /ROEG/roeg_ws/install/deep_orange_msgs/share/deep_orange_msgs/cmake/deep_orange_msgs__rosidl_typesupport_introspection_cppExport.cmake
[20.443s] -- Installing: /ROEG/roeg_ws/install/deep_orange_msgs/share/deep_orange_msgs/cmake/deep_orange_msgs__rosidl_typesupport_introspection_cppExport-noconfig.cmake
[20.443s] -- Installing: /ROEG/roeg_ws/install/deep_orange_msgs/share/deep_orange_msgs/cmake/deep_orange_msgs__rosidl_typesupport_cppExport.cmake
[20.444s] -- Installing: /ROEG/roeg_ws/install/deep_orange_msgs/share/deep_orange_msgs/cmake/deep_orange_msgs__rosidl_typesupport_cppExport-noconfig.cmake
[20.444s] -- Installing: /ROEG/roeg_ws/install/deep_orange_msgs/share/deep_orange_msgs/cmake/rosidl_cmake-extras.cmake
[20.444s] -- Installing: /ROEG/roeg_ws/install/deep_orange_msgs/share/deep_orange_msgs/cmake/ament_cmake_export_dependencies-extras.cmake
[20.444s] -- Installing: /ROEG/roeg_ws/install/deep_orange_msgs/share/deep_orange_msgs/cmake/ament_cmake_export_libraries-extras.cmake
[20.445s] -- Installing: /ROEG/roeg_ws/install/deep_orange_msgs/share/deep_orange_msgs/cmake/ament_cmake_export_targets-extras.cmake
[20.445s] -- Installing: /ROEG/roeg_ws/install/deep_orange_msgs/share/deep_orange_msgs/cmake/ament_cmake_export_include_directories-extras.cmake
[20.445s] -- Installing: /ROEG/roeg_ws/install/deep_orange_msgs/share/deep_orange_msgs/cmake/rosidl_cmake_export_typesupport_libraries-extras.cmake
[20.445s] -- Installing: /ROEG/roeg_ws/install/deep_orange_msgs/share/deep_orange_msgs/cmake/rosidl_cmake_export_typesupport_targets-extras.cmake
[20.445s] -- Installing: /ROEG/roeg_ws/install/deep_orange_msgs/share/deep_orange_msgs/cmake/deep_orange_msgsConfig.cmake
[20.446s] -- Installing: /ROEG/roeg_ws/install/deep_orange_msgs/share/deep_orange_msgs/cmake/deep_orange_msgsConfig-version.cmake
[20.446s] -- Installing: /ROEG/roeg_ws/install/deep_orange_msgs/share/deep_orange_msgs/package.xml
[20.453s] Invoked command in '/ROEG/roeg_ws/build/deep_orange_msgs' returned '0': CMAKE_PREFIX_PATH=${CMAKE_PREFIX_PATH}:/ROEG/roeg_ws/install/roeg:/opt/ros/galactic /usr/bin/cmake --install /ROEG/roeg_ws/build/deep_orange_msgs
