[0.048s] Invoking command in '/ROEG/roeg_ws/build/raptor_pdu_msgs': CMAKE_PREFIX_PATH=${CMAKE_PREFIX_PATH}:/ROEG/roeg_ws/install/roeg:/opt/ros/galactic /usr/bin/cmake /ROEG/roeg_ws/src/raptor-dbw-ros2/raptor_pdu_msgs -DCMAKE_INSTALL_PREFIX=/ROEG/roeg_ws/install/raptor_pdu_msgs
[0.146s] -- The C compiler identification is GNU 9.4.0
[0.237s] -- The CXX compiler identification is GNU 9.4.0
[0.242s] -- Check for working C compiler: /usr/bin/cc
[0.366s] -- Check for working C compiler: /usr/bin/cc -- works
[0.367s] -- Detecting C compiler ABI info
[0.503s] -- Detecting C compiler ABI info - done
[0.516s] -- Detecting C compile features
[0.516s] -- Detecting C compile features - done
[0.519s] -- Check for working CXX compiler: /usr/bin/c++
[0.685s] -- Check for working CXX compiler: /usr/bin/c++ -- works
[0.687s] -- Detecting CXX compiler ABI info
[0.829s] -- Detecting CXX compiler ABI info - done
[0.841s] -- Detecting CXX compile features
[0.841s] -- Detecting CXX compile features - done
[0.846s] -- Found ament_cmake: 1.1.6 (/opt/ros/galactic/share/ament_cmake/cmake)
[0.892s] -- Found PythonInterp: /usr/bin/python3 (found suitable version "3.8.10", minimum required is "3") 
[0.893s] -- Using PYTHON_EXECUTABLE: /usr/bin/python3
[1.041s] -- Found std_msgs: 2.2.4 (/opt/ros/galactic/share/std_msgs/cmake)
[1.084s] -- Using all available rosidl_typesupport_c: rosidl_typesupport_fastrtps_c;rosidl_typesupport_introspection_c
[1.095s] -- Found rosidl_adapter: 2.2.3 (/opt/ros/galactic/share/rosidl_adapter/cmake)
[1.255s] -- Found OpenSSL: /usr/lib/x86_64-linux-gnu/libcrypto.so (found version "1.1.1f")  
[1.301s] -- Found FastRTPS: /opt/ros/galactic/include  
[1.410s] -- Using all available rosidl_typesupport_cpp: rosidl_typesupport_fastrtps_cpp;rosidl_typesupport_introspection_cpp
[1.450s] -- Found rosidl_default_generators: 1.1.1 (/opt/ros/galactic/share/rosidl_default_generators/cmake)
[1.485s] -- Found PythonInterp: /usr/bin/python3 (found version "3.8.10") 
[1.677s] -- Found ament_cmake_ros: 0.9.2 (/opt/ros/galactic/share/ament_cmake_ros/cmake)
[1.968s] -- Using all available rosidl_typesupport_c: rosidl_typesupport_fastrtps_c;rosidl_typesupport_introspection_c
[2.034s] -- Using all available rosidl_typesupport_cpp: rosidl_typesupport_fastrtps_cpp;rosidl_typesupport_introspection_cpp
[2.076s] -- Found PythonInterp: /usr/bin/python3 (found suitable version "3.8.10", minimum required is "3.5") 
[2.079s] -- Found python_cmake_module: 0.8.1 (/opt/ros/galactic/share/python_cmake_module/cmake)
[2.127s] -- Found PythonLibs: /usr/lib/x86_64-linux-gnu/libpython3.8.so (found suitable version "3.8.10", minimum required is "3.5") 
[2.127s] -- Using PYTHON_EXECUTABLE: /usr/bin/python3
[2.127s] -- Using PYTHON_INCLUDE_DIRS: /usr/include/python3.8
[2.127s] -- Using PYTHON_LIBRARIES: /usr/lib/x86_64-linux-gnu/libpython3.8.so
[2.171s] -- Found PythonExtra: .so  
[2.512s] -- Using numpy include directory: /usr/local/lib/python3.8/dist-packages/numpy/core/include
[2.547s] -- Configuring done
[2.637s] -- Generating done
[2.641s] -- Build files have been written to: /ROEG/roeg_ws/build/raptor_pdu_msgs
[2.656s] Invoked command in '/ROEG/roeg_ws/build/raptor_pdu_msgs' returned '0': CMAKE_PREFIX_PATH=${CMAKE_PREFIX_PATH}:/ROEG/roeg_ws/install/roeg:/opt/ros/galactic /usr/bin/cmake /ROEG/roeg_ws/src/raptor-dbw-ros2/raptor_pdu_msgs -DCMAKE_INSTALL_PREFIX=/ROEG/roeg_ws/install/raptor_pdu_msgs
[2.661s] Invoking command in '/ROEG/roeg_ws/build/raptor_pdu_msgs': CMAKE_PREFIX_PATH=${CMAKE_PREFIX_PATH}:/ROEG/roeg_ws/install/roeg:/opt/ros/galactic /usr/bin/cmake --build /ROEG/roeg_ws/build/raptor_pdu_msgs -- -j16 -l16
[2.731s] [  1%] [34m[1mGenerating C code for ROS interfaces[0m
[2.732s] [35m[1mScanning dependencies of target raptor_pdu_msgs__cpp[0m
[2.753s] [  2%] [34m[1mGenerating C++ code for ROS interfaces[0m
[3.351s] [35m[1mScanning dependencies of target raptor_pdu_msgs__rosidl_generator_c[0m
[3.371s] [  7%] [32mBuilding C object CMakeFiles/raptor_pdu_msgs__rosidl_generator_c.dir/rosidl_generator_c/raptor_pdu_msgs/msg/detail/relay_state__functions.c.o[0m
[3.371s] [  7%] [32mBuilding C object CMakeFiles/raptor_pdu_msgs__rosidl_generator_c.dir/rosidl_generator_c/raptor_pdu_msgs/msg/detail/relay_report__functions.c.o[0m
[3.371s] [  7%] [32mBuilding C object CMakeFiles/raptor_pdu_msgs__rosidl_generator_c.dir/rosidl_generator_c/raptor_pdu_msgs/msg/detail/fuse_status__functions.c.o[0m
[3.371s] [  8%] [32mBuilding C object CMakeFiles/raptor_pdu_msgs__rosidl_generator_c.dir/rosidl_generator_c/raptor_pdu_msgs/msg/detail/fuse_report__functions.c.o[0m
[3.372s] [  9%] [32mBuilding C object CMakeFiles/raptor_pdu_msgs__rosidl_generator_c.dir/rosidl_generator_c/raptor_pdu_msgs/msg/detail/relay_status__functions.c.o[0m
[3.372s] [ 11%] [32mBuilding C object CMakeFiles/raptor_pdu_msgs__rosidl_generator_c.dir/rosidl_generator_c/raptor_pdu_msgs/msg/detail/relay_command__functions.c.o[0m
[3.466s] [ 12%] [32m[1mLinking C shared library libraptor_pdu_msgs__rosidl_generator_c.so[0m
[3.475s] [ 12%] Built target raptor_pdu_msgs__cpp
[3.489s] [ 14%] [34m[1mGenerating C++ introspection for ROS interfaces[0m
[3.489s] [ 15%] [34m[1mGenerating C++ type support dispatch for ROS interfaces[0m
[3.494s] [ 16%] [34m[1mGenerating C++ type support for eProsima Fast-RTPS[0m
[3.523s] [ 16%] Built target raptor_pdu_msgs__rosidl_generator_c
[3.543s] [ 19%] [34m[1mGenerating C type support dispatch for ROS interfaces[0m
[3.543s] [ 19%] [34m[1mGenerating C introspection for ROS interfaces[0m
[4.104s] [35m[1mScanning dependencies of target raptor_pdu_msgs__rosidl_typesupport_introspection_cpp[0m
[4.140s] [ 21%] [32mBuilding CXX object CMakeFiles/raptor_pdu_msgs__rosidl_typesupport_introspection_cpp.dir/rosidl_typesupport_introspection_cpp/raptor_pdu_msgs/msg/detail/fuse_report__type_support.cpp.o[0m
[4.147s] [ 22%] [32mBuilding CXX object CMakeFiles/raptor_pdu_msgs__rosidl_typesupport_introspection_cpp.dir/rosidl_typesupport_introspection_cpp/raptor_pdu_msgs/msg/detail/relay_state__type_support.cpp.o[0m
[4.149s] [ 25%] [32mBuilding CXX object CMakeFiles/raptor_pdu_msgs__rosidl_typesupport_introspection_cpp.dir/rosidl_typesupport_introspection_cpp/raptor_pdu_msgs/msg/detail/relay_command__type_support.cpp.o[0m
[4.151s] [ 23%] [32mBuilding CXX object CMakeFiles/raptor_pdu_msgs__rosidl_typesupport_introspection_cpp.dir/rosidl_typesupport_introspection_cpp/raptor_pdu_msgs/msg/detail/relay_report__type_support.cpp.o[0m
[4.163s] [ 26%] [32mBuilding CXX object CMakeFiles/raptor_pdu_msgs__rosidl_typesupport_introspection_cpp.dir/rosidl_typesupport_introspection_cpp/raptor_pdu_msgs/msg/detail/relay_status__type_support.cpp.o[0m
[4.168s] [ 28%] [32mBuilding CXX object CMakeFiles/raptor_pdu_msgs__rosidl_typesupport_introspection_cpp.dir/rosidl_typesupport_introspection_cpp/raptor_pdu_msgs/msg/detail/fuse_status__type_support.cpp.o[0m
[4.365s] [35m[1mScanning dependencies of target raptor_pdu_msgs__rosidl_typesupport_cpp[0m
[4.394s] [35m[1mScanning dependencies of target raptor_pdu_msgs__rosidl_typesupport_c[0m
[4.427s] [ 29%] [32mBuilding CXX object CMakeFiles/raptor_pdu_msgs__rosidl_typesupport_c.dir/rosidl_typesupport_c/raptor_pdu_msgs/msg/fuse_report__type_support.cpp.o[0m
[4.438s] [ 30%] [32mBuilding CXX object CMakeFiles/raptor_pdu_msgs__rosidl_typesupport_c.dir/rosidl_typesupport_c/raptor_pdu_msgs/msg/relay_command__type_support.cpp.o[0m
[4.453s] [ 32%] [32mBuilding CXX object CMakeFiles/raptor_pdu_msgs__rosidl_typesupport_cpp.dir/rosidl_typesupport_cpp/raptor_pdu_msgs/msg/fuse_status__type_support.cpp.o[0m
[4.458s] [ 33%] [32mBuilding CXX object CMakeFiles/raptor_pdu_msgs__rosidl_typesupport_cpp.dir/rosidl_typesupport_cpp/raptor_pdu_msgs/msg/fuse_report__type_support.cpp.o[0m
[4.459s] [ 35%] [32mBuilding CXX object CMakeFiles/raptor_pdu_msgs__rosidl_typesupport_c.dir/rosidl_typesupport_c/raptor_pdu_msgs/msg/relay_state__type_support.cpp.o[0m
[4.459s] [ 36%] [32mBuilding CXX object CMakeFiles/raptor_pdu_msgs__rosidl_typesupport_c.dir/rosidl_typesupport_c/raptor_pdu_msgs/msg/relay_report__type_support.cpp.o[0m
[4.474s] [ 38%] [32mBuilding CXX object CMakeFiles/raptor_pdu_msgs__rosidl_typesupport_c.dir/rosidl_typesupport_c/raptor_pdu_msgs/msg/fuse_status__type_support.cpp.o[0m
[4.489s] [ 39%] [32mBuilding CXX object CMakeFiles/raptor_pdu_msgs__rosidl_typesupport_cpp.dir/rosidl_typesupport_cpp/raptor_pdu_msgs/msg/relay_command__type_support.cpp.o[0m
[4.634s] [ 40%] [32mBuilding CXX object CMakeFiles/raptor_pdu_msgs__rosidl_typesupport_c.dir/rosidl_typesupport_c/raptor_pdu_msgs/msg/relay_status__type_support.cpp.o[0m
[4.644s] [ 42%] [32mBuilding CXX object CMakeFiles/raptor_pdu_msgs__rosidl_typesupport_cpp.dir/rosidl_typesupport_cpp/raptor_pdu_msgs/msg/relay_report__type_support.cpp.o[0m
[4.655s] [ 43%] [32mBuilding CXX object CMakeFiles/raptor_pdu_msgs__rosidl_typesupport_cpp.dir/rosidl_typesupport_cpp/raptor_pdu_msgs/msg/relay_state__type_support.cpp.o[0m
[4.659s] [ 45%] [32mBuilding CXX object CMakeFiles/raptor_pdu_msgs__rosidl_typesupport_cpp.dir/rosidl_typesupport_cpp/raptor_pdu_msgs/msg/relay_status__type_support.cpp.o[0m
[4.806s] [35m[1mScanning dependencies of target raptor_pdu_msgs__rosidl_typesupport_introspection_c[0m
[4.859s] [ 46%] [32m[1mLinking CXX shared library libraptor_pdu_msgs__rosidl_typesupport_c.so[0m
[4.897s] [35m[1mScanning dependencies of target raptor_pdu_msgs__rosidl_typesupport_fastrtps_cpp[0m
[4.912s] [ 47%] [32mBuilding C object CMakeFiles/raptor_pdu_msgs__rosidl_typesupport_introspection_c.dir/rosidl_typesupport_introspection_c/raptor_pdu_msgs/msg/detail/fuse_report__type_support.c.o[0m
[4.912s] [ 49%] [32mBuilding C object CMakeFiles/raptor_pdu_msgs__rosidl_typesupport_introspection_c.dir/rosidl_typesupport_introspection_c/raptor_pdu_msgs/msg/detail/fuse_status__type_support.c.o[0m
[4.918s] [ 52%] [32mBuilding C object CMakeFiles/raptor_pdu_msgs__rosidl_typesupport_introspection_c.dir/rosidl_typesupport_introspection_c/raptor_pdu_msgs/msg/detail/relay_state__type_support.c.o[0m
[4.918s] [ 52%] [32mBuilding C object CMakeFiles/raptor_pdu_msgs__rosidl_typesupport_introspection_c.dir/rosidl_typesupport_introspection_c/raptor_pdu_msgs/msg/detail/relay_command__type_support.c.o[0m
[4.919s] [ 53%] [32mBuilding C object CMakeFiles/raptor_pdu_msgs__rosidl_typesupport_introspection_c.dir/rosidl_typesupport_introspection_c/raptor_pdu_msgs/msg/detail/relay_report__type_support.c.o[0m
[4.956s] [ 54%] [32mBuilding C object CMakeFiles/raptor_pdu_msgs__rosidl_typesupport_introspection_c.dir/rosidl_typesupport_introspection_c/raptor_pdu_msgs/msg/detail/relay_status__type_support.c.o[0m
[4.997s] [ 56%] [32mBuilding CXX object CMakeFiles/raptor_pdu_msgs__rosidl_typesupport_fastrtps_cpp.dir/rosidl_typesupport_fastrtps_cpp/raptor_pdu_msgs/msg/detail/dds_fastrtps/fuse_status__type_support.cpp.o[0m
[5.004s] [ 57%] [32mBuilding CXX object CMakeFiles/raptor_pdu_msgs__rosidl_typesupport_fastrtps_cpp.dir/rosidl_typesupport_fastrtps_cpp/raptor_pdu_msgs/msg/detail/dds_fastrtps/fuse_report__type_support.cpp.o[0m
[5.006s] [ 59%] [32mBuilding CXX object CMakeFiles/raptor_pdu_msgs__rosidl_typesupport_fastrtps_cpp.dir/rosidl_typesupport_fastrtps_cpp/raptor_pdu_msgs/msg/detail/dds_fastrtps/relay_command__type_support.cpp.o[0m
[5.039s] [ 60%] [32m[1mLinking CXX shared library libraptor_pdu_msgs__rosidl_typesupport_introspection_cpp.so[0m
[5.042s] [ 61%] [32mBuilding CXX object CMakeFiles/raptor_pdu_msgs__rosidl_typesupport_fastrtps_cpp.dir/rosidl_typesupport_fastrtps_cpp/raptor_pdu_msgs/msg/detail/dds_fastrtps/relay_report__type_support.cpp.o[0m
[5.044s] [ 63%] [32mBuilding CXX object CMakeFiles/raptor_pdu_msgs__rosidl_typesupport_fastrtps_cpp.dir/rosidl_typesupport_fastrtps_cpp/raptor_pdu_msgs/msg/detail/dds_fastrtps/relay_state__type_support.cpp.o[0m
[5.054s] [ 63%] Built target raptor_pdu_msgs__rosidl_typesupport_c
[5.084s] [ 64%] [32mBuilding CXX object CMakeFiles/raptor_pdu_msgs__rosidl_typesupport_fastrtps_cpp.dir/rosidl_typesupport_fastrtps_cpp/raptor_pdu_msgs/msg/detail/dds_fastrtps/relay_status__type_support.cpp.o[0m
[5.117s] [ 66%] [32m[1mLinking C shared library libraptor_pdu_msgs__rosidl_typesupport_introspection_c.so[0m
[5.361s] [ 66%] Built target raptor_pdu_msgs__rosidl_typesupport_introspection_c
[5.438s] [ 66%] Built target raptor_pdu_msgs__rosidl_typesupport_introspection_cpp
[5.637s] [ 67%] [32m[1mLinking CXX shared library libraptor_pdu_msgs__rosidl_typesupport_cpp.so[0m
[5.886s] [ 67%] Built target raptor_pdu_msgs__rosidl_typesupport_cpp
[6.286s] [ 69%] [32m[1mLinking CXX shared library libraptor_pdu_msgs__rosidl_typesupport_fastrtps_cpp.so[0m
[6.558s] [ 69%] Built target raptor_pdu_msgs__rosidl_typesupport_fastrtps_cpp
[6.576s] [ 70%] [34m[1mGenerating C type support for eProsima Fast-RTPS[0m
[8.058s] [35m[1mScanning dependencies of target raptor_pdu_msgs__rosidl_typesupport_fastrtps_c[0m
[8.245s] [ 71%] [32mBuilding CXX object CMakeFiles/raptor_pdu_msgs__rosidl_typesupport_fastrtps_c.dir/rosidl_typesupport_fastrtps_c/raptor_pdu_msgs/msg/detail/fuse_report__type_support_c.cpp.o[0m
[8.256s] [ 73%] [32mBuilding CXX object CMakeFiles/raptor_pdu_msgs__rosidl_typesupport_fastrtps_c.dir/rosidl_typesupport_fastrtps_c/raptor_pdu_msgs/msg/detail/fuse_status__type_support_c.cpp.o[0m
[8.265s] [ 74%] [32mBuilding CXX object CMakeFiles/raptor_pdu_msgs__rosidl_typesupport_fastrtps_c.dir/rosidl_typesupport_fastrtps_c/raptor_pdu_msgs/msg/detail/relay_command__type_support_c.cpp.o[0m
[8.275s] [ 76%] [32mBuilding CXX object CMakeFiles/raptor_pdu_msgs__rosidl_typesupport_fastrtps_c.dir/rosidl_typesupport_fastrtps_c/raptor_pdu_msgs/msg/detail/relay_state__type_support_c.cpp.o[0m
[8.309s] [ 77%] [32mBuilding CXX object CMakeFiles/raptor_pdu_msgs__rosidl_typesupport_fastrtps_c.dir/rosidl_typesupport_fastrtps_c/raptor_pdu_msgs/msg/detail/relay_report__type_support_c.cpp.o[0m
[8.340s] [ 78%] [32mBuilding CXX object CMakeFiles/raptor_pdu_msgs__rosidl_typesupport_fastrtps_c.dir/rosidl_typesupport_fastrtps_c/raptor_pdu_msgs/msg/detail/relay_status__type_support_c.cpp.o[0m
[10.000s] [ 80%] [32m[1mLinking CXX shared library libraptor_pdu_msgs__rosidl_typesupport_fastrtps_c.so[0m
[10.498s] [ 80%] Built target raptor_pdu_msgs__rosidl_typesupport_fastrtps_c
[10.560s] [35m[1mScanning dependencies of target raptor_pdu_msgs[0m
[10.600s] [ 80%] Built target raptor_pdu_msgs
[10.675s] [35m[1mScanning dependencies of target raptor_pdu_msgs__py[0m
[10.773s] [ 81%] [34m[1mGenerating Python code for ROS interfaces[0m
[12.975s] [ 81%] Built target raptor_pdu_msgs__py
[12.996s] [35m[1mScanning dependencies of target raptor_pdu_msgs__python[0m
[13.054s] [ 88%] [32mBuilding C object CMakeFiles/raptor_pdu_msgs__python.dir/rosidl_generator_py/raptor_pdu_msgs/msg/_relay_report_s.c.o[0m
[13.054s] [ 88%] [32mBuilding C object CMakeFiles/raptor_pdu_msgs__python.dir/rosidl_generator_py/raptor_pdu_msgs/msg/_fuse_report_s.c.o[0m
[13.054s] [ 88%] [32mBuilding C object CMakeFiles/raptor_pdu_msgs__python.dir/rosidl_generator_py/raptor_pdu_msgs/msg/_fuse_status_s.c.o[0m
[13.054s] [ 88%] [32mBuilding C object CMakeFiles/raptor_pdu_msgs__python.dir/rosidl_generator_py/raptor_pdu_msgs/msg/_relay_state_s.c.o[0m
[13.054s] [ 88%] [32mBuilding C object CMakeFiles/raptor_pdu_msgs__python.dir/rosidl_generator_py/raptor_pdu_msgs/msg/_relay_command_s.c.o[0m
[13.079s] [ 90%] [32mBuilding C object CMakeFiles/raptor_pdu_msgs__python.dir/rosidl_generator_py/raptor_pdu_msgs/msg/_relay_status_s.c.o[0m
[13.322s] [ 91%] [32m[1mLinking C shared library rosidl_generator_py/raptor_pdu_msgs/libraptor_pdu_msgs__python.so[0m
[13.427s] [ 91%] Built target raptor_pdu_msgs__python
[13.461s] [35m[1mScanning dependencies of target raptor_pdu_msgs__rosidl_typesupport_fastrtps_c__pyext[0m
[13.488s] [35m[1mScanning dependencies of target raptor_pdu_msgs__rosidl_typesupport_c__pyext[0m
[13.522s] [35m[1mScanning dependencies of target raptor_pdu_msgs__rosidl_typesupport_introspection_c__pyext[0m
[13.528s] [ 92%] [32mBuilding C object CMakeFiles/raptor_pdu_msgs__rosidl_typesupport_fastrtps_c__pyext.dir/rosidl_generator_py/raptor_pdu_msgs/_raptor_pdu_msgs_s.ep.rosidl_typesupport_fastrtps_c.c.o[0m
[13.597s] [ 94%] [32mBuilding C object CMakeFiles/raptor_pdu_msgs__rosidl_typesupport_c__pyext.dir/rosidl_generator_py/raptor_pdu_msgs/_raptor_pdu_msgs_s.ep.rosidl_typesupport_c.c.o[0m
[13.692s] [ 95%] [32mBuilding C object CMakeFiles/raptor_pdu_msgs__rosidl_typesupport_introspection_c__pyext.dir/rosidl_generator_py/raptor_pdu_msgs/_raptor_pdu_msgs_s.ep.rosidl_typesupport_introspection_c.c.o[0m
[14.017s] [ 97%] [32m[1mLinking CXX shared library rosidl_generator_py/raptor_pdu_msgs/raptor_pdu_msgs_s__rosidl_typesupport_fastrtps_c.cpython-38-x86_64-linux-gnu.so[0m
[14.050s] [ 98%] [32m[1mLinking C shared library rosidl_generator_py/raptor_pdu_msgs/raptor_pdu_msgs_s__rosidl_typesupport_introspection_c.cpython-38-x86_64-linux-gnu.so[0m
[14.296s] [100%] [32m[1mLinking C shared library rosidl_generator_py/raptor_pdu_msgs/raptor_pdu_msgs_s__rosidl_typesupport_c.cpython-38-x86_64-linux-gnu.so[0m
[14.394s] [100%] Built target raptor_pdu_msgs__rosidl_typesupport_introspection_c__pyext
[14.517s] [100%] Built target raptor_pdu_msgs__rosidl_typesupport_fastrtps_c__pyext
[14.540s] [100%] Built target raptor_pdu_msgs__rosidl_typesupport_c__pyext
[14.619s] Invoked command in '/ROEG/roeg_ws/build/raptor_pdu_msgs' returned '0': CMAKE_PREFIX_PATH=${CMAKE_PREFIX_PATH}:/ROEG/roeg_ws/install/roeg:/opt/ros/galactic /usr/bin/cmake --build /ROEG/roeg_ws/build/raptor_pdu_msgs -- -j16 -l16
[15.065s] Invoking command in '/ROEG/roeg_ws/build/raptor_pdu_msgs': CMAKE_PREFIX_PATH=${CMAKE_PREFIX_PATH}:/ROEG/roeg_ws/install/roeg:/opt/ros/galactic /usr/bin/cmake --install /ROEG/roeg_ws/build/raptor_pdu_msgs
[15.079s] -- Install configuration: ""
[15.079s] -- Installing: /ROEG/roeg_ws/install/raptor_pdu_msgs/share/ament_index/resource_index/rosidl_interfaces/raptor_pdu_msgs
[15.080s] -- Installing: /ROEG/roeg_ws/install/raptor_pdu_msgs/include/raptor_pdu_msgs
[15.080s] -- Installing: /ROEG/roeg_ws/install/raptor_pdu_msgs/include/raptor_pdu_msgs/msg
[15.080s] -- Installing: /ROEG/roeg_ws/install/raptor_pdu_msgs/include/raptor_pdu_msgs/msg/relay_state.h
[15.080s] -- Installing: /ROEG/roeg_ws/install/raptor_pdu_msgs/include/raptor_pdu_msgs/msg/relay_status.h
[15.080s] -- Installing: /ROEG/roeg_ws/install/raptor_pdu_msgs/include/raptor_pdu_msgs/msg/fuse_status.h
[15.080s] -- Installing: /ROEG/roeg_ws/install/raptor_pdu_msgs/include/raptor_pdu_msgs/msg/rosidl_generator_c__visibility_control.h
[15.080s] -- Installing: /ROEG/roeg_ws/install/raptor_pdu_msgs/include/raptor_pdu_msgs/msg/relay_command.h
[15.081s] -- Installing: /ROEG/roeg_ws/install/raptor_pdu_msgs/include/raptor_pdu_msgs/msg/relay_report.h
[15.081s] -- Installing: /ROEG/roeg_ws/install/raptor_pdu_msgs/include/raptor_pdu_msgs/msg/detail
[15.081s] -- Installing: /ROEG/roeg_ws/install/raptor_pdu_msgs/include/raptor_pdu_msgs/msg/detail/relay_command__functions.c
[15.081s] -- Installing: /ROEG/roeg_ws/install/raptor_pdu_msgs/include/raptor_pdu_msgs/msg/detail/relay_command__struct.h
[15.081s] -- Installing: /ROEG/roeg_ws/install/raptor_pdu_msgs/include/raptor_pdu_msgs/msg/detail/fuse_status__struct.h
[15.081s] -- Installing: /ROEG/roeg_ws/install/raptor_pdu_msgs/include/raptor_pdu_msgs/msg/detail/relay_status__functions.c
[15.081s] -- Installing: /ROEG/roeg_ws/install/raptor_pdu_msgs/include/raptor_pdu_msgs/msg/detail/fuse_status__type_support.h
[15.081s] -- Installing: /ROEG/roeg_ws/install/raptor_pdu_msgs/include/raptor_pdu_msgs/msg/detail/relay_report__functions.c
[15.082s] -- Installing: /ROEG/roeg_ws/install/raptor_pdu_msgs/include/raptor_pdu_msgs/msg/detail/fuse_report__functions.c
[15.082s] -- Installing: /ROEG/roeg_ws/install/raptor_pdu_msgs/include/raptor_pdu_msgs/msg/detail/relay_status__type_support.h
[15.082s] -- Installing: /ROEG/roeg_ws/install/raptor_pdu_msgs/include/raptor_pdu_msgs/msg/detail/relay_command__functions.h
[15.082s] -- Installing: /ROEG/roeg_ws/install/raptor_pdu_msgs/include/raptor_pdu_msgs/msg/detail/fuse_report__type_support.h
[15.082s] -- Installing: /ROEG/roeg_ws/install/raptor_pdu_msgs/include/raptor_pdu_msgs/msg/detail/relay_status__functions.h
[15.083s] -- Installing: /ROEG/roeg_ws/install/raptor_pdu_msgs/include/raptor_pdu_msgs/msg/detail/fuse_report__functions.h
[15.083s] -- Installing: /ROEG/roeg_ws/install/raptor_pdu_msgs/include/raptor_pdu_msgs/msg/detail/relay_report__functions.h
[15.083s] -- Installing: /ROEG/roeg_ws/install/raptor_pdu_msgs/include/raptor_pdu_msgs/msg/detail/relay_state__type_support.h
[15.083s] -- Installing: /ROEG/roeg_ws/install/raptor_pdu_msgs/include/raptor_pdu_msgs/msg/detail/relay_report__type_support.h
[15.083s] -- Installing: /ROEG/roeg_ws/install/raptor_pdu_msgs/include/raptor_pdu_msgs/msg/detail/fuse_status__functions.h
[15.084s] -- Installing: /ROEG/roeg_ws/install/raptor_pdu_msgs/include/raptor_pdu_msgs/msg/detail/relay_state__struct.h
[15.084s] -- Installing: /ROEG/roeg_ws/install/raptor_pdu_msgs/include/raptor_pdu_msgs/msg/detail/relay_state__functions.h
[15.084s] -- Installing: /ROEG/roeg_ws/install/raptor_pdu_msgs/include/raptor_pdu_msgs/msg/detail/fuse_status__functions.c
[15.084s] -- Installing: /ROEG/roeg_ws/install/raptor_pdu_msgs/include/raptor_pdu_msgs/msg/detail/fuse_report__struct.h
[15.084s] -- Installing: /ROEG/roeg_ws/install/raptor_pdu_msgs/include/raptor_pdu_msgs/msg/detail/relay_command__type_support.h
[15.085s] -- Installing: /ROEG/roeg_ws/install/raptor_pdu_msgs/include/raptor_pdu_msgs/msg/detail/relay_status__struct.h
[15.085s] -- Installing: /ROEG/roeg_ws/install/raptor_pdu_msgs/include/raptor_pdu_msgs/msg/detail/relay_state__functions.c
[15.085s] -- Installing: /ROEG/roeg_ws/install/raptor_pdu_msgs/include/raptor_pdu_msgs/msg/detail/relay_report__struct.h
[15.085s] -- Installing: /ROEG/roeg_ws/install/raptor_pdu_msgs/include/raptor_pdu_msgs/msg/fuse_report.h
[15.086s] -- Installing: /ROEG/roeg_ws/install/raptor_pdu_msgs/share/raptor_pdu_msgs/environment/library_path.sh
[15.086s] -- Installing: /ROEG/roeg_ws/install/raptor_pdu_msgs/share/raptor_pdu_msgs/environment/library_path.dsv
[15.086s] -- Installing: /ROEG/roeg_ws/install/raptor_pdu_msgs/lib/libraptor_pdu_msgs__rosidl_generator_c.so
[15.087s] -- Set runtime path of "/ROEG/roeg_ws/install/raptor_pdu_msgs/lib/libraptor_pdu_msgs__rosidl_generator_c.so" to ""
[15.087s] -- Up-to-date: /ROEG/roeg_ws/install/raptor_pdu_msgs/include/raptor_pdu_msgs
[15.087s] -- Up-to-date: /ROEG/roeg_ws/install/raptor_pdu_msgs/include/raptor_pdu_msgs/msg
[15.087s] -- Up-to-date: /ROEG/roeg_ws/install/raptor_pdu_msgs/include/raptor_pdu_msgs/msg/detail
[15.087s] -- Installing: /ROEG/roeg_ws/install/raptor_pdu_msgs/include/raptor_pdu_msgs/msg/detail/relay_report__rosidl_typesupport_fastrtps_c.h
[15.088s] -- Installing: /ROEG/roeg_ws/install/raptor_pdu_msgs/include/raptor_pdu_msgs/msg/detail/fuse_report__rosidl_typesupport_fastrtps_c.h
[15.088s] -- Installing: /ROEG/roeg_ws/install/raptor_pdu_msgs/include/raptor_pdu_msgs/msg/detail/relay_state__rosidl_typesupport_fastrtps_c.h
[15.088s] -- Installing: /ROEG/roeg_ws/install/raptor_pdu_msgs/include/raptor_pdu_msgs/msg/detail/fuse_status__rosidl_typesupport_fastrtps_c.h
[15.088s] -- Installing: /ROEG/roeg_ws/install/raptor_pdu_msgs/include/raptor_pdu_msgs/msg/detail/relay_status__rosidl_typesupport_fastrtps_c.h
[15.088s] -- Installing: /ROEG/roeg_ws/install/raptor_pdu_msgs/include/raptor_pdu_msgs/msg/detail/relay_command__rosidl_typesupport_fastrtps_c.h
[15.088s] -- Installing: /ROEG/roeg_ws/install/raptor_pdu_msgs/include/raptor_pdu_msgs/msg/rosidl_typesupport_fastrtps_c__visibility_control.h
[15.088s] -- Installing: /ROEG/roeg_ws/install/raptor_pdu_msgs/lib/libraptor_pdu_msgs__rosidl_typesupport_fastrtps_c.so
[15.089s] -- Set runtime path of "/ROEG/roeg_ws/install/raptor_pdu_msgs/lib/libraptor_pdu_msgs__rosidl_typesupport_fastrtps_c.so" to ""
[15.089s] -- Up-to-date: /ROEG/roeg_ws/install/raptor_pdu_msgs/include/raptor_pdu_msgs
[15.089s] -- Up-to-date: /ROEG/roeg_ws/install/raptor_pdu_msgs/include/raptor_pdu_msgs/msg
[15.089s] -- Installing: /ROEG/roeg_ws/install/raptor_pdu_msgs/include/raptor_pdu_msgs/msg/rosidl_typesupport_fastrtps_cpp__visibility_control.h
[15.090s] -- Up-to-date: /ROEG/roeg_ws/install/raptor_pdu_msgs/include/raptor_pdu_msgs/msg/detail
[15.090s] -- Installing: /ROEG/roeg_ws/install/raptor_pdu_msgs/include/raptor_pdu_msgs/msg/detail/fuse_report__rosidl_typesupport_fastrtps_cpp.hpp
[15.090s] -- Installing: /ROEG/roeg_ws/install/raptor_pdu_msgs/include/raptor_pdu_msgs/msg/detail/relay_report__rosidl_typesupport_fastrtps_cpp.hpp
[15.090s] -- Installing: /ROEG/roeg_ws/install/raptor_pdu_msgs/include/raptor_pdu_msgs/msg/detail/relay_state__rosidl_typesupport_fastrtps_cpp.hpp
[15.090s] -- Installing: /ROEG/roeg_ws/install/raptor_pdu_msgs/include/raptor_pdu_msgs/msg/detail/fuse_status__rosidl_typesupport_fastrtps_cpp.hpp
[15.090s] -- Installing: /ROEG/roeg_ws/install/raptor_pdu_msgs/include/raptor_pdu_msgs/msg/detail/relay_command__rosidl_typesupport_fastrtps_cpp.hpp
[15.090s] -- Installing: /ROEG/roeg_ws/install/raptor_pdu_msgs/include/raptor_pdu_msgs/msg/detail/dds_fastrtps
[15.091s] -- Installing: /ROEG/roeg_ws/install/raptor_pdu_msgs/include/raptor_pdu_msgs/msg/detail/relay_status__rosidl_typesupport_fastrtps_cpp.hpp
[15.091s] -- Installing: /ROEG/roeg_ws/install/raptor_pdu_msgs/lib/libraptor_pdu_msgs__rosidl_typesupport_fastrtps_cpp.so
[15.092s] -- Set runtime path of "/ROEG/roeg_ws/install/raptor_pdu_msgs/lib/libraptor_pdu_msgs__rosidl_typesupport_fastrtps_cpp.so" to ""
[15.092s] -- Up-to-date: /ROEG/roeg_ws/install/raptor_pdu_msgs/include/raptor_pdu_msgs
[15.092s] -- Up-to-date: /ROEG/roeg_ws/install/raptor_pdu_msgs/include/raptor_pdu_msgs/msg
[15.092s] -- Installing: /ROEG/roeg_ws/install/raptor_pdu_msgs/include/raptor_pdu_msgs/msg/rosidl_typesupport_introspection_c__visibility_control.h
[15.092s] -- Up-to-date: /ROEG/roeg_ws/install/raptor_pdu_msgs/include/raptor_pdu_msgs/msg/detail
[15.092s] -- Installing: /ROEG/roeg_ws/install/raptor_pdu_msgs/include/raptor_pdu_msgs/msg/detail/fuse_status__rosidl_typesupport_introspection_c.h
[15.092s] -- Installing: /ROEG/roeg_ws/install/raptor_pdu_msgs/include/raptor_pdu_msgs/msg/detail/fuse_report__rosidl_typesupport_introspection_c.h
[15.093s] -- Installing: /ROEG/roeg_ws/install/raptor_pdu_msgs/include/raptor_pdu_msgs/msg/detail/relay_status__type_support.c
[15.093s] -- Installing: /ROEG/roeg_ws/install/raptor_pdu_msgs/include/raptor_pdu_msgs/msg/detail/relay_command__rosidl_typesupport_introspection_c.h
[15.093s] -- Installing: /ROEG/roeg_ws/install/raptor_pdu_msgs/include/raptor_pdu_msgs/msg/detail/relay_report__rosidl_typesupport_introspection_c.h
[15.093s] -- Installing: /ROEG/roeg_ws/install/raptor_pdu_msgs/include/raptor_pdu_msgs/msg/detail/relay_status__rosidl_typesupport_introspection_c.h
[15.093s] -- Installing: /ROEG/roeg_ws/install/raptor_pdu_msgs/include/raptor_pdu_msgs/msg/detail/fuse_report__type_support.c
[15.094s] -- Installing: /ROEG/roeg_ws/install/raptor_pdu_msgs/include/raptor_pdu_msgs/msg/detail/relay_report__type_support.c
[15.094s] -- Installing: /ROEG/roeg_ws/install/raptor_pdu_msgs/include/raptor_pdu_msgs/msg/detail/relay_state__rosidl_typesupport_introspection_c.h
[15.094s] -- Installing: /ROEG/roeg_ws/install/raptor_pdu_msgs/include/raptor_pdu_msgs/msg/detail/relay_command__type_support.c
[15.094s] -- Installing: /ROEG/roeg_ws/install/raptor_pdu_msgs/include/raptor_pdu_msgs/msg/detail/relay_state__type_support.c
[15.095s] -- Installing: /ROEG/roeg_ws/install/raptor_pdu_msgs/include/raptor_pdu_msgs/msg/detail/fuse_status__type_support.c
[15.095s] -- Installing: /ROEG/roeg_ws/install/raptor_pdu_msgs/lib/libraptor_pdu_msgs__rosidl_typesupport_introspection_c.so
[15.096s] -- Set runtime path of "/ROEG/roeg_ws/install/raptor_pdu_msgs/lib/libraptor_pdu_msgs__rosidl_typesupport_introspection_c.so" to ""
[15.096s] -- Installing: /ROEG/roeg_ws/install/raptor_pdu_msgs/lib/libraptor_pdu_msgs__rosidl_typesupport_c.so
[15.096s] -- Set runtime path of "/ROEG/roeg_ws/install/raptor_pdu_msgs/lib/libraptor_pdu_msgs__rosidl_typesupport_c.so" to ""
[15.097s] -- Up-to-date: /ROEG/roeg_ws/install/raptor_pdu_msgs/include/raptor_pdu_msgs
[15.097s] -- Up-to-date: /ROEG/roeg_ws/install/raptor_pdu_msgs/include/raptor_pdu_msgs/msg
[15.097s] -- Installing: /ROEG/roeg_ws/install/raptor_pdu_msgs/include/raptor_pdu_msgs/msg/relay_status.hpp
[15.097s] -- Installing: /ROEG/roeg_ws/install/raptor_pdu_msgs/include/raptor_pdu_msgs/msg/relay_report.hpp
[15.097s] -- Installing: /ROEG/roeg_ws/install/raptor_pdu_msgs/include/raptor_pdu_msgs/msg/fuse_status.hpp
[15.097s] -- Installing: /ROEG/roeg_ws/install/raptor_pdu_msgs/include/raptor_pdu_msgs/msg/relay_command.hpp
[15.097s] -- Installing: /ROEG/roeg_ws/install/raptor_pdu_msgs/include/raptor_pdu_msgs/msg/relay_state.hpp
[15.098s] -- Up-to-date: /ROEG/roeg_ws/install/raptor_pdu_msgs/include/raptor_pdu_msgs/msg/detail
[15.098s] -- Installing: /ROEG/roeg_ws/install/raptor_pdu_msgs/include/raptor_pdu_msgs/msg/detail/fuse_report__traits.hpp
[15.098s] -- Installing: /ROEG/roeg_ws/install/raptor_pdu_msgs/include/raptor_pdu_msgs/msg/detail/relay_status__struct.hpp
[15.098s] -- Installing: /ROEG/roeg_ws/install/raptor_pdu_msgs/include/raptor_pdu_msgs/msg/detail/relay_report__struct.hpp
[15.098s] -- Installing: /ROEG/roeg_ws/install/raptor_pdu_msgs/include/raptor_pdu_msgs/msg/detail/relay_status__builder.hpp
[15.098s] -- Installing: /ROEG/roeg_ws/install/raptor_pdu_msgs/include/raptor_pdu_msgs/msg/detail/relay_report__traits.hpp
[15.098s] -- Installing: /ROEG/roeg_ws/install/raptor_pdu_msgs/include/raptor_pdu_msgs/msg/detail/relay_state__struct.hpp
[15.099s] -- Installing: /ROEG/roeg_ws/install/raptor_pdu_msgs/include/raptor_pdu_msgs/msg/detail/fuse_status__struct.hpp
[15.099s] -- Installing: /ROEG/roeg_ws/install/raptor_pdu_msgs/include/raptor_pdu_msgs/msg/detail/relay_command__struct.hpp
[15.099s] -- Installing: /ROEG/roeg_ws/install/raptor_pdu_msgs/include/raptor_pdu_msgs/msg/detail/relay_report__builder.hpp
[15.099s] -- Installing: /ROEG/roeg_ws/install/raptor_pdu_msgs/include/raptor_pdu_msgs/msg/detail/relay_status__traits.hpp
[15.099s] -- Installing: /ROEG/roeg_ws/install/raptor_pdu_msgs/include/raptor_pdu_msgs/msg/detail/relay_state__builder.hpp
[15.099s] -- Installing: /ROEG/roeg_ws/install/raptor_pdu_msgs/include/raptor_pdu_msgs/msg/detail/relay_command__builder.hpp
[15.100s] -- Installing: /ROEG/roeg_ws/install/raptor_pdu_msgs/include/raptor_pdu_msgs/msg/detail/fuse_status__traits.hpp
[15.100s] -- Installing: /ROEG/roeg_ws/install/raptor_pdu_msgs/include/raptor_pdu_msgs/msg/detail/fuse_status__builder.hpp
[15.100s] -- Installing: /ROEG/roeg_ws/install/raptor_pdu_msgs/include/raptor_pdu_msgs/msg/detail/fuse_report__builder.hpp
[15.100s] -- Installing: /ROEG/roeg_ws/install/raptor_pdu_msgs/include/raptor_pdu_msgs/msg/detail/relay_state__traits.hpp
[15.100s] -- Installing: /ROEG/roeg_ws/install/raptor_pdu_msgs/include/raptor_pdu_msgs/msg/detail/relay_command__traits.hpp
[15.101s] -- Installing: /ROEG/roeg_ws/install/raptor_pdu_msgs/include/raptor_pdu_msgs/msg/detail/fuse_report__struct.hpp
[15.101s] -- Installing: /ROEG/roeg_ws/install/raptor_pdu_msgs/include/raptor_pdu_msgs/msg/fuse_report.hpp
[15.101s] -- Up-to-date: /ROEG/roeg_ws/install/raptor_pdu_msgs/include/raptor_pdu_msgs
[15.101s] -- Up-to-date: /ROEG/roeg_ws/install/raptor_pdu_msgs/include/raptor_pdu_msgs/msg
[15.101s] -- Up-to-date: /ROEG/roeg_ws/install/raptor_pdu_msgs/include/raptor_pdu_msgs/msg/detail
[15.101s] -- Installing: /ROEG/roeg_ws/install/raptor_pdu_msgs/include/raptor_pdu_msgs/msg/detail/relay_command__type_support.cpp
[15.102s] -- Installing: /ROEG/roeg_ws/install/raptor_pdu_msgs/include/raptor_pdu_msgs/msg/detail/relay_status__type_support.cpp
[15.102s] -- Installing: /ROEG/roeg_ws/install/raptor_pdu_msgs/include/raptor_pdu_msgs/msg/detail/fuse_report__rosidl_typesupport_introspection_cpp.hpp
[15.102s] -- Installing: /ROEG/roeg_ws/install/raptor_pdu_msgs/include/raptor_pdu_msgs/msg/detail/relay_report__type_support.cpp
[15.102s] -- Installing: /ROEG/roeg_ws/install/raptor_pdu_msgs/include/raptor_pdu_msgs/msg/detail/fuse_status__rosidl_typesupport_introspection_cpp.hpp
[15.102s] -- Installing: /ROEG/roeg_ws/install/raptor_pdu_msgs/include/raptor_pdu_msgs/msg/detail/relay_status__rosidl_typesupport_introspection_cpp.hpp
[15.102s] -- Installing: /ROEG/roeg_ws/install/raptor_pdu_msgs/include/raptor_pdu_msgs/msg/detail/relay_report__rosidl_typesupport_introspection_cpp.hpp
[15.102s] -- Installing: /ROEG/roeg_ws/install/raptor_pdu_msgs/include/raptor_pdu_msgs/msg/detail/relay_state__type_support.cpp
[15.103s] -- Installing: /ROEG/roeg_ws/install/raptor_pdu_msgs/include/raptor_pdu_msgs/msg/detail/fuse_status__type_support.cpp
[15.103s] -- Installing: /ROEG/roeg_ws/install/raptor_pdu_msgs/include/raptor_pdu_msgs/msg/detail/relay_command__rosidl_typesupport_introspection_cpp.hpp
[15.103s] -- Installing: /ROEG/roeg_ws/install/raptor_pdu_msgs/include/raptor_pdu_msgs/msg/detail/relay_state__rosidl_typesupport_introspection_cpp.hpp
[15.103s] -- Installing: /ROEG/roeg_ws/install/raptor_pdu_msgs/include/raptor_pdu_msgs/msg/detail/fuse_report__type_support.cpp
[15.104s] -- Installing: /ROEG/roeg_ws/install/raptor_pdu_msgs/lib/libraptor_pdu_msgs__rosidl_typesupport_introspection_cpp.so
[15.104s] -- Set runtime path of "/ROEG/roeg_ws/install/raptor_pdu_msgs/lib/libraptor_pdu_msgs__rosidl_typesupport_introspection_cpp.so" to ""
[15.104s] -- Installing: /ROEG/roeg_ws/install/raptor_pdu_msgs/lib/libraptor_pdu_msgs__rosidl_typesupport_cpp.so
[15.105s] -- Set runtime path of "/ROEG/roeg_ws/install/raptor_pdu_msgs/lib/libraptor_pdu_msgs__rosidl_typesupport_cpp.so" to ""
[15.105s] -- Installing: /ROEG/roeg_ws/install/raptor_pdu_msgs/share/raptor_pdu_msgs/environment/pythonpath.sh
[15.105s] -- Installing: /ROEG/roeg_ws/install/raptor_pdu_msgs/share/raptor_pdu_msgs/environment/pythonpath.dsv
[15.105s] -- Installing: /ROEG/roeg_ws/install/raptor_pdu_msgs/lib/python3.8/site-packages/raptor_pdu_msgs/__init__.py
[15.140s] Compiling '/ROEG/roeg_ws/install/raptor_pdu_msgs/lib/python3.8/site-packages/raptor_pdu_msgs/__init__.py'...
[15.144s] -- Installing: /ROEG/roeg_ws/install/raptor_pdu_msgs/lib/python3.8/site-packages/raptor_pdu_msgs/msg
[15.144s] -- Installing: /ROEG/roeg_ws/install/raptor_pdu_msgs/lib/python3.8/site-packages/raptor_pdu_msgs/msg/_relay_status.py
[15.144s] -- Installing: /ROEG/roeg_ws/install/raptor_pdu_msgs/lib/python3.8/site-packages/raptor_pdu_msgs/msg/_relay_status_s.c
[15.144s] -- Installing: /ROEG/roeg_ws/install/raptor_pdu_msgs/lib/python3.8/site-packages/raptor_pdu_msgs/msg/_fuse_status.py
[15.144s] -- Installing: /ROEG/roeg_ws/install/raptor_pdu_msgs/lib/python3.8/site-packages/raptor_pdu_msgs/msg/_relay_report_s.c
[15.144s] -- Installing: /ROEG/roeg_ws/install/raptor_pdu_msgs/lib/python3.8/site-packages/raptor_pdu_msgs/msg/_fuse_report.py
[15.145s] -- Installing: /ROEG/roeg_ws/install/raptor_pdu_msgs/lib/python3.8/site-packages/raptor_pdu_msgs/msg/_fuse_status_s.c
[15.145s] -- Installing: /ROEG/roeg_ws/install/raptor_pdu_msgs/lib/python3.8/site-packages/raptor_pdu_msgs/msg/_relay_state_s.c
[15.145s] -- Installing: /ROEG/roeg_ws/install/raptor_pdu_msgs/lib/python3.8/site-packages/raptor_pdu_msgs/msg/__init__.py
[15.145s] -- Installing: /ROEG/roeg_ws/install/raptor_pdu_msgs/lib/python3.8/site-packages/raptor_pdu_msgs/msg/_relay_command.py
[15.146s] -- Installing: /ROEG/roeg_ws/install/raptor_pdu_msgs/lib/python3.8/site-packages/raptor_pdu_msgs/msg/_fuse_report_s.c
[15.146s] -- Installing: /ROEG/roeg_ws/install/raptor_pdu_msgs/lib/python3.8/site-packages/raptor_pdu_msgs/msg/_relay_command_s.c
[15.146s] -- Installing: /ROEG/roeg_ws/install/raptor_pdu_msgs/lib/python3.8/site-packages/raptor_pdu_msgs/msg/_relay_report.py
[15.146s] -- Installing: /ROEG/roeg_ws/install/raptor_pdu_msgs/lib/python3.8/site-packages/raptor_pdu_msgs/msg/_relay_state.py
[15.147s] -- Installing: /ROEG/roeg_ws/install/raptor_pdu_msgs/lib/python3.8/site-packages/raptor_pdu_msgs/raptor_pdu_msgs_s__rosidl_typesupport_fastrtps_c.cpython-38-x86_64-linux-gnu.so
[15.148s] -- Set runtime path of "/ROEG/roeg_ws/install/raptor_pdu_msgs/lib/python3.8/site-packages/raptor_pdu_msgs/raptor_pdu_msgs_s__rosidl_typesupport_fastrtps_c.cpython-38-x86_64-linux-gnu.so" to ""
[15.148s] -- Installing: /ROEG/roeg_ws/install/raptor_pdu_msgs/lib/python3.8/site-packages/raptor_pdu_msgs/raptor_pdu_msgs_s__rosidl_typesupport_introspection_c.cpython-38-x86_64-linux-gnu.so
[15.149s] -- Set runtime path of "/ROEG/roeg_ws/install/raptor_pdu_msgs/lib/python3.8/site-packages/raptor_pdu_msgs/raptor_pdu_msgs_s__rosidl_typesupport_introspection_c.cpython-38-x86_64-linux-gnu.so" to ""
[15.149s] -- Installing: /ROEG/roeg_ws/install/raptor_pdu_msgs/lib/python3.8/site-packages/raptor_pdu_msgs/raptor_pdu_msgs_s__rosidl_typesupport_c.cpython-38-x86_64-linux-gnu.so
[15.150s] -- Set runtime path of "/ROEG/roeg_ws/install/raptor_pdu_msgs/lib/python3.8/site-packages/raptor_pdu_msgs/raptor_pdu_msgs_s__rosidl_typesupport_c.cpython-38-x86_64-linux-gnu.so" to ""
[15.150s] -- Installing: /ROEG/roeg_ws/install/raptor_pdu_msgs/lib/libraptor_pdu_msgs__python.so
[15.150s] -- Set runtime path of "/ROEG/roeg_ws/install/raptor_pdu_msgs/lib/libraptor_pdu_msgs__python.so" to ""
[15.151s] -- Installing: /ROEG/roeg_ws/install/raptor_pdu_msgs/share/raptor_pdu_msgs/msg/FuseReport.idl
[15.151s] -- Installing: /ROEG/roeg_ws/install/raptor_pdu_msgs/share/raptor_pdu_msgs/msg/FuseStatus.idl
[15.151s] -- Installing: /ROEG/roeg_ws/install/raptor_pdu_msgs/share/raptor_pdu_msgs/msg/RelayCommand.idl
[15.151s] -- Installing: /ROEG/roeg_ws/install/raptor_pdu_msgs/share/raptor_pdu_msgs/msg/RelayState.idl
[15.152s] -- Installing: /ROEG/roeg_ws/install/raptor_pdu_msgs/share/raptor_pdu_msgs/msg/RelayReport.idl
[15.152s] -- Installing: /ROEG/roeg_ws/install/raptor_pdu_msgs/share/raptor_pdu_msgs/msg/RelayStatus.idl
[15.152s] -- Installing: /ROEG/roeg_ws/install/raptor_pdu_msgs/share/raptor_pdu_msgs/msg/FuseReport.msg
[15.153s] -- Installing: /ROEG/roeg_ws/install/raptor_pdu_msgs/share/raptor_pdu_msgs/msg/FuseStatus.msg
[15.153s] -- Installing: /ROEG/roeg_ws/install/raptor_pdu_msgs/share/raptor_pdu_msgs/msg/RelayCommand.msg
[15.153s] -- Installing: /ROEG/roeg_ws/install/raptor_pdu_msgs/share/raptor_pdu_msgs/msg/RelayState.msg
[15.154s] -- Installing: /ROEG/roeg_ws/install/raptor_pdu_msgs/share/raptor_pdu_msgs/msg/RelayReport.msg
[15.154s] -- Installing: /ROEG/roeg_ws/install/raptor_pdu_msgs/share/raptor_pdu_msgs/msg/RelayStatus.msg
[15.154s] -- Installing: /ROEG/roeg_ws/install/raptor_pdu_msgs/share/ament_index/resource_index/package_run_dependencies/raptor_pdu_msgs
[15.155s] -- Installing: /ROEG/roeg_ws/install/raptor_pdu_msgs/share/ament_index/resource_index/parent_prefix_path/raptor_pdu_msgs
[15.155s] -- Installing: /ROEG/roeg_ws/install/raptor_pdu_msgs/share/raptor_pdu_msgs/environment/ament_prefix_path.sh
[15.156s] -- Installing: /ROEG/roeg_ws/install/raptor_pdu_msgs/share/raptor_pdu_msgs/environment/ament_prefix_path.dsv
[15.156s] -- Installing: /ROEG/roeg_ws/install/raptor_pdu_msgs/share/raptor_pdu_msgs/environment/path.sh
[15.156s] -- Installing: /ROEG/roeg_ws/install/raptor_pdu_msgs/share/raptor_pdu_msgs/environment/path.dsv
[15.156s] -- Installing: /ROEG/roeg_ws/install/raptor_pdu_msgs/share/raptor_pdu_msgs/local_setup.bash
[15.157s] -- Installing: /ROEG/roeg_ws/install/raptor_pdu_msgs/share/raptor_pdu_msgs/local_setup.sh
[15.157s] -- Installing: /ROEG/roeg_ws/install/raptor_pdu_msgs/share/raptor_pdu_msgs/local_setup.zsh
[15.157s] -- Installing: /ROEG/roeg_ws/install/raptor_pdu_msgs/share/raptor_pdu_msgs/local_setup.dsv
[15.158s] -- Installing: /ROEG/roeg_ws/install/raptor_pdu_msgs/share/raptor_pdu_msgs/package.dsv
[15.158s] -- Installing: /ROEG/roeg_ws/install/raptor_pdu_msgs/share/ament_index/resource_index/packages/raptor_pdu_msgs
[15.158s] -- Installing: /ROEG/roeg_ws/install/raptor_pdu_msgs/share/raptor_pdu_msgs/cmake/raptor_pdu_msgs__rosidl_generator_cExport.cmake
[15.158s] -- Installing: /ROEG/roeg_ws/install/raptor_pdu_msgs/share/raptor_pdu_msgs/cmake/raptor_pdu_msgs__rosidl_generator_cExport-noconfig.cmake
[15.159s] -- Installing: /ROEG/roeg_ws/install/raptor_pdu_msgs/share/raptor_pdu_msgs/cmake/raptor_pdu_msgs__rosidl_typesupport_introspection_cExport.cmake
[15.159s] -- Installing: /ROEG/roeg_ws/install/raptor_pdu_msgs/share/raptor_pdu_msgs/cmake/raptor_pdu_msgs__rosidl_typesupport_introspection_cExport-noconfig.cmake
[15.159s] -- Installing: /ROEG/roeg_ws/install/raptor_pdu_msgs/share/raptor_pdu_msgs/cmake/raptor_pdu_msgs__rosidl_typesupport_cExport.cmake
[15.160s] -- Installing: /ROEG/roeg_ws/install/raptor_pdu_msgs/share/raptor_pdu_msgs/cmake/raptor_pdu_msgs__rosidl_typesupport_cExport-noconfig.cmake
[15.160s] -- Installing: /ROEG/roeg_ws/install/raptor_pdu_msgs/share/raptor_pdu_msgs/cmake/raptor_pdu_msgs__rosidl_generator_cppExport.cmake
[15.160s] -- Installing: /ROEG/roeg_ws/install/raptor_pdu_msgs/share/raptor_pdu_msgs/cmake/raptor_pdu_msgs__rosidl_typesupport_introspection_cppExport.cmake
[15.161s] -- Installing: /ROEG/roeg_ws/install/raptor_pdu_msgs/share/raptor_pdu_msgs/cmake/raptor_pdu_msgs__rosidl_typesupport_introspection_cppExport-noconfig.cmake
[15.161s] -- Installing: /ROEG/roeg_ws/install/raptor_pdu_msgs/share/raptor_pdu_msgs/cmake/raptor_pdu_msgs__rosidl_typesupport_cppExport.cmake
[15.161s] -- Installing: /ROEG/roeg_ws/install/raptor_pdu_msgs/share/raptor_pdu_msgs/cmake/raptor_pdu_msgs__rosidl_typesupport_cppExport-noconfig.cmake
[15.162s] -- Installing: /ROEG/roeg_ws/install/raptor_pdu_msgs/share/raptor_pdu_msgs/cmake/rosidl_cmake-extras.cmake
[15.162s] -- Installing: /ROEG/roeg_ws/install/raptor_pdu_msgs/share/raptor_pdu_msgs/cmake/ament_cmake_export_dependencies-extras.cmake
[15.162s] -- Installing: /ROEG/roeg_ws/install/raptor_pdu_msgs/share/raptor_pdu_msgs/cmake/ament_cmake_export_libraries-extras.cmake
[15.162s] -- Installing: /ROEG/roeg_ws/install/raptor_pdu_msgs/share/raptor_pdu_msgs/cmake/ament_cmake_export_targets-extras.cmake
[15.163s] -- Installing: /ROEG/roeg_ws/install/raptor_pdu_msgs/share/raptor_pdu_msgs/cmake/ament_cmake_export_include_directories-extras.cmake
[15.163s] -- Installing: /ROEG/roeg_ws/install/raptor_pdu_msgs/share/raptor_pdu_msgs/cmake/rosidl_cmake_export_typesupport_libraries-extras.cmake
[15.163s] -- Installing: /ROEG/roeg_ws/install/raptor_pdu_msgs/share/raptor_pdu_msgs/cmake/rosidl_cmake_export_typesupport_targets-extras.cmake
[15.163s] -- Installing: /ROEG/roeg_ws/install/raptor_pdu_msgs/share/raptor_pdu_msgs/cmake/raptor_pdu_msgsConfig.cmake
[15.164s] -- Installing: /ROEG/roeg_ws/install/raptor_pdu_msgs/share/raptor_pdu_msgs/cmake/raptor_pdu_msgsConfig-version.cmake
[15.164s] -- Installing: /ROEG/roeg_ws/install/raptor_pdu_msgs/share/raptor_pdu_msgs/package.xml
[15.170s] Invoked command in '/ROEG/roeg_ws/build/raptor_pdu_msgs' returned '0': CMAKE_PREFIX_PATH=${CMAKE_PREFIX_PATH}:/ROEG/roeg_ws/install/roeg:/opt/ros/galactic /usr/bin/cmake --install /ROEG/roeg_ws/build/raptor_pdu_msgs
