-- The C compiler identification is GNU 9.4.0
-- The CXX compiler identification is GNU 9.4.0
-- Check for working C compiler: /usr/bin/cc
-- Check for working C compiler: /usr/bin/cc -- works
-- Detecting C compiler ABI info
-- Detecting C compiler ABI info - done
-- Detecting C compile features
-- Detecting C compile features - done
-- Check for working CXX compiler: /usr/bin/c++
-- Check for working CXX compiler: /usr/bin/c++ -- works
-- Detecting CXX compiler ABI info
-- Detecting CXX compiler ABI info - done
-- Detecting CXX compile features
-- Detecting CXX compile features - done
-- Found ament_cmake_auto: 1.1.6 (/opt/ros/galactic/share/ament_cmake_auto/cmake)
-- Found PythonInterp: /usr/bin/python3 (found suitable version "3.8.10", minimum required is "3") 
-- Using PYTHON_EXECUTABLE: /usr/bin/python3
-- Using all available rosidl_typesupport_c: rosidl_typesupport_fastrtps_c;rosidl_typesupport_introspection_c
-- Found rosidl_adapter: 2.2.3 (/opt/ros/galactic/share/rosidl_adapter/cmake)
-- Found OpenSSL: /usr/lib/x86_64-linux-gnu/libcrypto.so (found version "1.1.1f")  
-- Found FastRTPS: /opt/ros/galactic/include  
-- Using all available rosidl_typesupport_cpp: rosidl_typesupport_fastrtps_cpp;rosidl_typesupport_introspection_cpp
-- Found rmw_implementation_cmake: 3.3.1 (/opt/ros/galactic/share/rmw_implementation_cmake/cmake)
-- Found rmw_cyclonedds_cpp: 0.22.6 (/opt/ros/galactic/share/rmw_cyclonedds_cpp/cmake)
-- Using RMW implementation 'rmw_cyclonedds_cpp' as default
-- Looking for pthread.h
-- Looking for pthread.h - found
-- Performing Test CMAKE_HAVE_LIBC_PTHREAD
-- Performing Test CMAKE_HAVE_LIBC_PTHREAD - Failed
-- Looking for pthread_create in pthreads
-- Looking for pthread_create in pthreads - not found
-- Looking for pthread_create in pthread
-- Looking for pthread_create in pthread - found
-- Found Threads: TRUE  
-- Found ament_lint_auto: 0.10.7 (/opt/ros/galactic/share/ament_lint_auto/cmake)
-- Added test 'copyright' to check source files copyright and LICENSE
-- Added test 'cppcheck' to perform static code analysis on C / C++ code
-- Configured cppcheck include dirs: /ROEG/roeg_ws/src/raptor-dbw-ros2/raptor_pdu/include
-- Configured cppcheck exclude dirs and/or files: 
-- Added test 'cpplint' to check C / C++ code against the Google style
-- Configured cpplint exclude dirs and/or files: 
-- Added test 'flake8' to check Python code syntax and style conventions
-- Added test 'lint_cmake' to check CMake code style
-- Added test 'pep257' to check Python code against some of the style conventions in PEP 257
-- Added test 'uncrustify' to check C / C++ code style
-- Configured uncrustify additional arguments: 
-- Added test 'xmllint' to check XML markup files
-- Configuring done
-- Generating done
-- Build files have been written to: /ROEG/roeg_ws/build/raptor_pdu
[35m[1mScanning dependencies of target raptor_pdu_node[0m
[ 33%] [32mBuilding CXX object CMakeFiles/raptor_pdu_node.dir/src/raptor_pdu_node.cpp.o[0m
[ 66%] [32mBuilding CXX object CMakeFiles/raptor_pdu_node.dir/src/raptor_pdu.cpp.o[0m
[100%] [32m[1mLinking CXX executable raptor_pdu_node[0m
[100%] Built target raptor_pdu_node
-- Install configuration: ""
-- Installing: /ROEG/roeg_ws/install/raptor_pdu/include
-- Installing: /ROEG/roeg_ws/install/raptor_pdu/include/raptor_pdu
-- Installing: /ROEG/roeg_ws/install/raptor_pdu/include/raptor_pdu/raptor_pdu.hpp
-- Installing: /ROEG/roeg_ws/install/raptor_pdu/lib/raptor_pdu/raptor_pdu_node
-- Set runtime path of "/ROEG/roeg_ws/install/raptor_pdu/lib/raptor_pdu/raptor_pdu_node" to ""
-- Installing: /ROEG/roeg_ws/install/raptor_pdu/share/raptor_pdu/launch
-- Installing: /ROEG/roeg_ws/install/raptor_pdu/share/raptor_pdu/launch/raptor_pdu_launch.py
-- Installing: /ROEG/roeg_ws/install/raptor_pdu/share/raptor_pdu/launch/raptor_PDU_dbc.dbc
-- Installing: /ROEG/roeg_ws/install/raptor_pdu/share/ament_index/resource_index/package_run_dependencies/raptor_pdu
-- Installing: /ROEG/roeg_ws/install/raptor_pdu/share/ament_index/resource_index/parent_prefix_path/raptor_pdu
-- Installing: /ROEG/roeg_ws/install/raptor_pdu/share/raptor_pdu/environment/ament_prefix_path.sh
-- Installing: /ROEG/roeg_ws/install/raptor_pdu/share/raptor_pdu/environment/ament_prefix_path.dsv
-- Installing: /ROEG/roeg_ws/install/raptor_pdu/share/raptor_pdu/environment/path.sh
-- Installing: /ROEG/roeg_ws/install/raptor_pdu/share/raptor_pdu/environment/path.dsv
-- Installing: /ROEG/roeg_ws/install/raptor_pdu/share/raptor_pdu/local_setup.bash
-- Installing: /ROEG/roeg_ws/install/raptor_pdu/share/raptor_pdu/local_setup.sh
-- Installing: /ROEG/roeg_ws/install/raptor_pdu/share/raptor_pdu/local_setup.zsh
-- Installing: /ROEG/roeg_ws/install/raptor_pdu/share/raptor_pdu/local_setup.dsv
-- Installing: /ROEG/roeg_ws/install/raptor_pdu/share/raptor_pdu/package.dsv
-- Installing: /ROEG/roeg_ws/install/raptor_pdu/share/ament_index/resource_index/packages/raptor_pdu
-- Installing: /ROEG/roeg_ws/install/raptor_pdu/share/raptor_pdu/cmake/ament_cmake_export_dependencies-extras.cmake
-- Installing: /ROEG/roeg_ws/install/raptor_pdu/share/raptor_pdu/cmake/ament_cmake_export_include_directories-extras.cmake
-- Installing: /ROEG/roeg_ws/install/raptor_pdu/share/raptor_pdu/cmake/raptor_pduConfig.cmake
-- Installing: /ROEG/roeg_ws/install/raptor_pdu/share/raptor_pdu/cmake/raptor_pduConfig-version.cmake
-- Installing: /ROEG/roeg_ws/install/raptor_pdu/share/raptor_pdu/package.xml
