[0.039s] Invoking command in '/ROEG/roeg_ws/build/raptor_pdu': CMAKE_PREFIX_PATH=/ROEG/roeg_ws/install/raptor_pdu_msgs:/ROEG/roeg_ws/install/can_dbc_parser:/ROEG/roeg_ws/install/raptor_dbw_can:/ROEG/roeg_ws/install/raptor_pdu:/ROEG/roeg_ws/install/raptor_dbw_joystick:/ROEG/roeg_ws/install/raptor_dbw_msgs:/ROEG/roeg_ws/install/deep_orange_msgs:/ROEG/roeg_ws/install/roeg:/opt/ros/galactic LD_LIBRARY_PATH=/ROEG/roeg_ws/install/raptor_pdu_msgs/lib:/ROEG/roeg_ws/install/can_dbc_parser/lib:/ROEG/roeg_ws/install/raptor_dbw_msgs/lib:/ROEG/roeg_ws/install/deep_orange_msgs/lib:/opt/ros/galactic/opt/yaml_cpp_vendor/lib:/opt/ros/galactic/opt/rviz_ogre_vendor/lib:/opt/ros/galactic/lib/x86_64-linux-gnu:/opt/ros/galactic/lib PYTHONPATH=/ROEG/roeg_ws/install/raptor_pdu_msgs/lib/python3.8/site-packages:/ROEG/roeg_ws/install/roeg/lib/python3.8/site-packages:/ROEG/roeg_ws/install/raptor_dbw_msgs/lib/python3.8/site-packages:/ROEG/roeg_ws/install/deep_orange_msgs/lib/python3.8/site-packages:/opt/ros/galactic/lib/python3.8/site-packages /usr/bin/cmake /ROEG/roeg_ws/src/raptor-dbw-ros2/raptor_pdu -DCMAKE_INSTALL_PREFIX=/ROEG/roeg_ws/install/raptor_pdu
[0.144s] -- The C compiler identification is GNU 9.4.0
[0.297s] -- The CXX compiler identification is GNU 9.4.0
[0.309s] -- Check for working C compiler: /usr/bin/cc
[0.827s] -- Check for working C compiler: /usr/bin/cc -- works
[0.829s] -- Detecting C compiler ABI info
[1.160s] -- Detecting C compiler ABI info - done
[1.173s] -- Detecting C compile features
[1.173s] -- Detecting C compile features - done
[1.175s] -- Check for working CXX compiler: /usr/bin/c++
[1.316s] -- Check for working CXX compiler: /usr/bin/c++ -- works
[1.317s] -- Detecting CXX compiler ABI info
[1.445s] -- Detecting CXX compiler ABI info - done
[1.455s] -- Detecting CXX compile features
[1.455s] -- Detecting CXX compile features - done
[1.458s] -- Found ament_cmake_auto: 1.1.6 (/opt/ros/galactic/share/ament_cmake_auto/cmake)
[1.487s] -- Found PythonInterp: /usr/bin/python3 (found suitable version "3.8.10", minimum required is "3") 
[1.487s] -- Using PYTHON_EXECUTABLE: /usr/bin/python3
[1.735s] -- Using all available rosidl_typesupport_c: rosidl_typesupport_fastrtps_c;rosidl_typesupport_introspection_c
[1.744s] -- Found rosidl_adapter: 2.2.3 (/opt/ros/galactic/share/rosidl_adapter/cmake)
[2.160s] -- Found OpenSSL: /usr/lib/x86_64-linux-gnu/libcrypto.so (found version "1.1.1f")  
[2.280s] -- Found FastRTPS: /opt/ros/galactic/include  
[2.468s] -- Using all available rosidl_typesupport_cpp: rosidl_typesupport_fastrtps_cpp;rosidl_typesupport_introspection_cpp
[2.581s] -- Found rmw_implementation_cmake: 3.3.1 (/opt/ros/galactic/share/rmw_implementation_cmake/cmake)
[2.586s] -- Found rmw_cyclonedds_cpp: 0.22.6 (/opt/ros/galactic/share/rmw_cyclonedds_cpp/cmake)
[2.622s] -- Using RMW implementation 'rmw_cyclonedds_cpp' as default
[2.625s] -- Looking for pthread.h
[2.913s] -- Looking for pthread.h - found
[2.913s] -- Performing Test CMAKE_HAVE_LIBC_PTHREAD
[3.202s] -- Performing Test CMAKE_HAVE_LIBC_PTHREAD - Failed
[3.202s] -- Looking for pthread_create in pthreads
[3.405s] -- Looking for pthread_create in pthreads - not found
[3.405s] -- Looking for pthread_create in pthread
[3.613s] -- Looking for pthread_create in pthread - found
[3.615s] -- Found Threads: TRUE  
[4.057s] -- Found ament_lint_auto: 0.10.7 (/opt/ros/galactic/share/ament_lint_auto/cmake)
[4.106s] -- Added test 'copyright' to check source files copyright and LICENSE
[4.109s] -- Added test 'cppcheck' to perform static code analysis on C / C++ code
[4.110s] -- Configured cppcheck include dirs: /ROEG/roeg_ws/src/raptor-dbw-ros2/raptor_pdu/include
[4.110s] -- Configured cppcheck exclude dirs and/or files: 
[4.112s] -- Added test 'cpplint' to check C / C++ code against the Google style
[4.113s] -- Configured cpplint exclude dirs and/or files: 
[4.113s] -- Added test 'flake8' to check Python code syntax and style conventions
[4.115s] -- Added test 'lint_cmake' to check CMake code style
[4.115s] -- Added test 'pep257' to check Python code against some of the style conventions in PEP 257
[4.118s] -- Added test 'uncrustify' to check C / C++ code style
[4.118s] -- Configured uncrustify additional arguments: 
[4.120s] -- Added test 'xmllint' to check XML markup files
[4.131s] -- Configuring done
[4.157s] -- Generating done
[4.161s] -- Build files have been written to: /ROEG/roeg_ws/build/raptor_pdu
[4.187s] Invoked command in '/ROEG/roeg_ws/build/raptor_pdu' returned '0': CMAKE_PREFIX_PATH=/ROEG/roeg_ws/install/raptor_pdu_msgs:/ROEG/roeg_ws/install/can_dbc_parser:/ROEG/roeg_ws/install/raptor_dbw_can:/ROEG/roeg_ws/install/raptor_pdu:/ROEG/roeg_ws/install/raptor_dbw_joystick:/ROEG/roeg_ws/install/raptor_dbw_msgs:/ROEG/roeg_ws/install/deep_orange_msgs:/ROEG/roeg_ws/install/roeg:/opt/ros/galactic LD_LIBRARY_PATH=/ROEG/roeg_ws/install/raptor_pdu_msgs/lib:/ROEG/roeg_ws/install/can_dbc_parser/lib:/ROEG/roeg_ws/install/raptor_dbw_msgs/lib:/ROEG/roeg_ws/install/deep_orange_msgs/lib:/opt/ros/galactic/opt/yaml_cpp_vendor/lib:/opt/ros/galactic/opt/rviz_ogre_vendor/lib:/opt/ros/galactic/lib/x86_64-linux-gnu:/opt/ros/galactic/lib PYTHONPATH=/ROEG/roeg_ws/install/raptor_pdu_msgs/lib/python3.8/site-packages:/ROEG/roeg_ws/install/roeg/lib/python3.8/site-packages:/ROEG/roeg_ws/install/raptor_dbw_msgs/lib/python3.8/site-packages:/ROEG/roeg_ws/install/deep_orange_msgs/lib/python3.8/site-packages:/opt/ros/galactic/lib/python3.8/site-packages /usr/bin/cmake /ROEG/roeg_ws/src/raptor-dbw-ros2/raptor_pdu -DCMAKE_INSTALL_PREFIX=/ROEG/roeg_ws/install/raptor_pdu
[4.192s] Invoking command in '/ROEG/roeg_ws/build/raptor_pdu': CMAKE_PREFIX_PATH=/ROEG/roeg_ws/install/raptor_pdu_msgs:/ROEG/roeg_ws/install/can_dbc_parser:/ROEG/roeg_ws/install/raptor_dbw_can:/ROEG/roeg_ws/install/raptor_pdu:/ROEG/roeg_ws/install/raptor_dbw_joystick:/ROEG/roeg_ws/install/raptor_dbw_msgs:/ROEG/roeg_ws/install/deep_orange_msgs:/ROEG/roeg_ws/install/roeg:/opt/ros/galactic LD_LIBRARY_PATH=/ROEG/roeg_ws/install/raptor_pdu_msgs/lib:/ROEG/roeg_ws/install/can_dbc_parser/lib:/ROEG/roeg_ws/install/raptor_dbw_msgs/lib:/ROEG/roeg_ws/install/deep_orange_msgs/lib:/opt/ros/galactic/opt/yaml_cpp_vendor/lib:/opt/ros/galactic/opt/rviz_ogre_vendor/lib:/opt/ros/galactic/lib/x86_64-linux-gnu:/opt/ros/galactic/lib PYTHONPATH=/ROEG/roeg_ws/install/raptor_pdu_msgs/lib/python3.8/site-packages:/ROEG/roeg_ws/install/roeg/lib/python3.8/site-packages:/ROEG/roeg_ws/install/raptor_dbw_msgs/lib/python3.8/site-packages:/ROEG/roeg_ws/install/deep_orange_msgs/lib/python3.8/site-packages:/opt/ros/galactic/lib/python3.8/site-packages /usr/bin/cmake --build /ROEG/roeg_ws/build/raptor_pdu -- -j16 -l16
[4.306s] [35m[1mScanning dependencies of target raptor_pdu_node[0m
[4.465s] [ 33%] [32mBuilding CXX object CMakeFiles/raptor_pdu_node.dir/src/raptor_pdu_node.cpp.o[0m
[4.477s] [ 66%] [32mBuilding CXX object CMakeFiles/raptor_pdu_node.dir/src/raptor_pdu.cpp.o[0m
[17.585s] [100%] [32m[1mLinking CXX executable raptor_pdu_node[0m
[18.024s] [100%] Built target raptor_pdu_node
[18.036s] Invoked command in '/ROEG/roeg_ws/build/raptor_pdu' returned '0': CMAKE_PREFIX_PATH=/ROEG/roeg_ws/install/raptor_pdu_msgs:/ROEG/roeg_ws/install/can_dbc_parser:/ROEG/roeg_ws/install/raptor_dbw_can:/ROEG/roeg_ws/install/raptor_pdu:/ROEG/roeg_ws/install/raptor_dbw_joystick:/ROEG/roeg_ws/install/raptor_dbw_msgs:/ROEG/roeg_ws/install/deep_orange_msgs:/ROEG/roeg_ws/install/roeg:/opt/ros/galactic LD_LIBRARY_PATH=/ROEG/roeg_ws/install/raptor_pdu_msgs/lib:/ROEG/roeg_ws/install/can_dbc_parser/lib:/ROEG/roeg_ws/install/raptor_dbw_msgs/lib:/ROEG/roeg_ws/install/deep_orange_msgs/lib:/opt/ros/galactic/opt/yaml_cpp_vendor/lib:/opt/ros/galactic/opt/rviz_ogre_vendor/lib:/opt/ros/galactic/lib/x86_64-linux-gnu:/opt/ros/galactic/lib PYTHONPATH=/ROEG/roeg_ws/install/raptor_pdu_msgs/lib/python3.8/site-packages:/ROEG/roeg_ws/install/roeg/lib/python3.8/site-packages:/ROEG/roeg_ws/install/raptor_dbw_msgs/lib/python3.8/site-packages:/ROEG/roeg_ws/install/deep_orange_msgs/lib/python3.8/site-packages:/opt/ros/galactic/lib/python3.8/site-packages /usr/bin/cmake --build /ROEG/roeg_ws/build/raptor_pdu -- -j16 -l16
[18.068s] Invoking command in '/ROEG/roeg_ws/build/raptor_pdu': CMAKE_PREFIX_PATH=/ROEG/roeg_ws/install/raptor_pdu_msgs:/ROEG/roeg_ws/install/can_dbc_parser:/ROEG/roeg_ws/install/raptor_dbw_can:/ROEG/roeg_ws/install/raptor_pdu:/ROEG/roeg_ws/install/raptor_dbw_joystick:/ROEG/roeg_ws/install/raptor_dbw_msgs:/ROEG/roeg_ws/install/deep_orange_msgs:/ROEG/roeg_ws/install/roeg:/opt/ros/galactic LD_LIBRARY_PATH=/ROEG/roeg_ws/install/raptor_pdu_msgs/lib:/ROEG/roeg_ws/install/can_dbc_parser/lib:/ROEG/roeg_ws/install/raptor_dbw_msgs/lib:/ROEG/roeg_ws/install/deep_orange_msgs/lib:/opt/ros/galactic/opt/yaml_cpp_vendor/lib:/opt/ros/galactic/opt/rviz_ogre_vendor/lib:/opt/ros/galactic/lib/x86_64-linux-gnu:/opt/ros/galactic/lib PYTHONPATH=/ROEG/roeg_ws/install/raptor_pdu_msgs/lib/python3.8/site-packages:/ROEG/roeg_ws/install/roeg/lib/python3.8/site-packages:/ROEG/roeg_ws/install/raptor_dbw_msgs/lib/python3.8/site-packages:/ROEG/roeg_ws/install/deep_orange_msgs/lib/python3.8/site-packages:/opt/ros/galactic/lib/python3.8/site-packages /usr/bin/cmake --install /ROEG/roeg_ws/build/raptor_pdu
[18.077s] -- Install configuration: ""
[18.077s] -- Installing: /ROEG/roeg_ws/install/raptor_pdu/include
[18.077s] -- Installing: /ROEG/roeg_ws/install/raptor_pdu/include/raptor_pdu
[18.077s] -- Installing: /ROEG/roeg_ws/install/raptor_pdu/include/raptor_pdu/raptor_pdu.hpp
[18.077s] -- Installing: /ROEG/roeg_ws/install/raptor_pdu/lib/raptor_pdu/raptor_pdu_node
[18.085s] -- Set runtime path of "/ROEG/roeg_ws/install/raptor_pdu/lib/raptor_pdu/raptor_pdu_node" to ""
[18.085s] -- Installing: /ROEG/roeg_ws/install/raptor_pdu/share/raptor_pdu/launch
[18.085s] -- Installing: /ROEG/roeg_ws/install/raptor_pdu/share/raptor_pdu/launch/raptor_pdu_launch.py
[18.085s] -- Installing: /ROEG/roeg_ws/install/raptor_pdu/share/raptor_pdu/launch/raptor_PDU_dbc.dbc
[18.086s] -- Installing: /ROEG/roeg_ws/install/raptor_pdu/share/ament_index/resource_index/package_run_dependencies/raptor_pdu
[18.086s] -- Installing: /ROEG/roeg_ws/install/raptor_pdu/share/ament_index/resource_index/parent_prefix_path/raptor_pdu
[18.086s] -- Installing: /ROEG/roeg_ws/install/raptor_pdu/share/raptor_pdu/environment/ament_prefix_path.sh
[18.086s] -- Installing: /ROEG/roeg_ws/install/raptor_pdu/share/raptor_pdu/environment/ament_prefix_path.dsv
[18.086s] -- Installing: /ROEG/roeg_ws/install/raptor_pdu/share/raptor_pdu/environment/path.sh
[18.087s] -- Installing: /ROEG/roeg_ws/install/raptor_pdu/share/raptor_pdu/environment/path.dsv
[18.087s] -- Installing: /ROEG/roeg_ws/install/raptor_pdu/share/raptor_pdu/local_setup.bash
[18.087s] -- Installing: /ROEG/roeg_ws/install/raptor_pdu/share/raptor_pdu/local_setup.sh
[18.087s] -- Installing: /ROEG/roeg_ws/install/raptor_pdu/share/raptor_pdu/local_setup.zsh
[18.087s] -- Installing: /ROEG/roeg_ws/install/raptor_pdu/share/raptor_pdu/local_setup.dsv
[18.087s] -- Installing: /ROEG/roeg_ws/install/raptor_pdu/share/raptor_pdu/package.dsv
[18.088s] -- Installing: /ROEG/roeg_ws/install/raptor_pdu/share/ament_index/resource_index/packages/raptor_pdu
[18.088s] -- Installing: /ROEG/roeg_ws/install/raptor_pdu/share/raptor_pdu/cmake/ament_cmake_export_dependencies-extras.cmake
[18.088s] -- Installing: /ROEG/roeg_ws/install/raptor_pdu/share/raptor_pdu/cmake/ament_cmake_export_include_directories-extras.cmake
[18.088s] -- Installing: /ROEG/roeg_ws/install/raptor_pdu/share/raptor_pdu/cmake/raptor_pduConfig.cmake
[18.088s] -- Installing: /ROEG/roeg_ws/install/raptor_pdu/share/raptor_pdu/cmake/raptor_pduConfig-version.cmake
[18.089s] -- Installing: /ROEG/roeg_ws/install/raptor_pdu/share/raptor_pdu/package.xml
[18.095s] Invoked command in '/ROEG/roeg_ws/build/raptor_pdu' returned '0': CMAKE_PREFIX_PATH=/ROEG/roeg_ws/install/raptor_pdu_msgs:/ROEG/roeg_ws/install/can_dbc_parser:/ROEG/roeg_ws/install/raptor_dbw_can:/ROEG/roeg_ws/install/raptor_pdu:/ROEG/roeg_ws/install/raptor_dbw_joystick:/ROEG/roeg_ws/install/raptor_dbw_msgs:/ROEG/roeg_ws/install/deep_orange_msgs:/ROEG/roeg_ws/install/roeg:/opt/ros/galactic LD_LIBRARY_PATH=/ROEG/roeg_ws/install/raptor_pdu_msgs/lib:/ROEG/roeg_ws/install/can_dbc_parser/lib:/ROEG/roeg_ws/install/raptor_dbw_msgs/lib:/ROEG/roeg_ws/install/deep_orange_msgs/lib:/opt/ros/galactic/opt/yaml_cpp_vendor/lib:/opt/ros/galactic/opt/rviz_ogre_vendor/lib:/opt/ros/galactic/lib/x86_64-linux-gnu:/opt/ros/galactic/lib PYTHONPATH=/ROEG/roeg_ws/install/raptor_pdu_msgs/lib/python3.8/site-packages:/ROEG/roeg_ws/install/roeg/lib/python3.8/site-packages:/ROEG/roeg_ws/install/raptor_dbw_msgs/lib/python3.8/site-packages:/ROEG/roeg_ws/install/deep_orange_msgs/lib/python3.8/site-packages:/opt/ros/galactic/lib/python3.8/site-packages /usr/bin/cmake --install /ROEG/roeg_ws/build/raptor_pdu
