[0.655s] Invoking command in '/ROEG/roeg_ws/src/roeg': PYTHONPATH=/ROEG/roeg_ws/src/roeg/build/roeg/prefix_override:/ROEG/roeg_ws/src/roeg/install/roeg/lib/python3.8/site-packages:${PYTHONPATH} /usr/bin/python3 setup.py egg_info --egg-base build/roeg build --build-base /ROEG/roeg_ws/src/roeg/build/roeg/build install --record /ROEG/roeg_ws/src/roeg/build/roeg/install.log --single-version-externally-managed
[0.836s] running egg_info
[0.837s] creating build/roeg/roeg.egg-info
[0.838s] writing build/roeg/roeg.egg-info/PKG-INFO
[0.838s] writing dependency_links to build/roeg/roeg.egg-info/dependency_links.txt
[0.838s] writing entry points to build/roeg/roeg.egg-info/entry_points.txt
[0.838s] writing requirements to build/roeg/roeg.egg-info/requires.txt
[0.838s] writing top-level names to build/roeg/roeg.egg-info/top_level.txt
[0.841s] writing manifest file 'build/roeg/roeg.egg-info/SOURCES.txt'
[0.865s] reading manifest file 'build/roeg/roeg.egg-info/SOURCES.txt'
[0.865s] writing manifest file 'build/roeg/roeg.egg-info/SOURCES.txt'
[0.865s] running build
[0.865s] running build_py
[0.866s] creating /ROEG/roeg_ws/src/roeg/build/roeg/build
[0.866s] creating /ROEG/roeg_ws/src/roeg/build/roeg/build/lib
[0.866s] creating /ROEG/roeg_ws/src/roeg/build/roeg/build/lib/roeg
[0.866s] copying roeg/racingline_generator.py -> /ROEG/roeg_ws/src/roeg/build/roeg/build/lib/roeg
[0.866s] copying roeg/__init__.py -> /ROEG/roeg_ws/src/roeg/build/roeg/build/lib/roeg
[0.866s] copying roeg/friction_reading.py -> /ROEG/roeg_ws/src/roeg/build/roeg/build/lib/roeg
[0.866s] copying roeg/tire_model.py -> /ROEG/roeg_ws/src/roeg/build/roeg/build/lib/roeg
[0.866s] running install
[0.867s] running install_lib
[0.867s] creating /ROEG/roeg_ws/src/roeg/install/roeg/lib/python3.8/site-packages/roeg
[0.868s] copying /ROEG/roeg_ws/src/roeg/build/roeg/build/lib/roeg/racingline_generator.py -> /ROEG/roeg_ws/src/roeg/install/roeg/lib/python3.8/site-packages/roeg
[0.868s] copying /ROEG/roeg_ws/src/roeg/build/roeg/build/lib/roeg/__init__.py -> /ROEG/roeg_ws/src/roeg/install/roeg/lib/python3.8/site-packages/roeg
[0.868s] copying /ROEG/roeg_ws/src/roeg/build/roeg/build/lib/roeg/friction_reading.py -> /ROEG/roeg_ws/src/roeg/install/roeg/lib/python3.8/site-packages/roeg
[0.868s] copying /ROEG/roeg_ws/src/roeg/build/roeg/build/lib/roeg/tire_model.py -> /ROEG/roeg_ws/src/roeg/install/roeg/lib/python3.8/site-packages/roeg
[0.868s] byte-compiling /ROEG/roeg_ws/src/roeg/install/roeg/lib/python3.8/site-packages/roeg/racingline_generator.py to racingline_generator.cpython-38.pyc
[0.871s] byte-compiling /ROEG/roeg_ws/src/roeg/install/roeg/lib/python3.8/site-packages/roeg/__init__.py to __init__.cpython-38.pyc
[0.871s] byte-compiling /ROEG/roeg_ws/src/roeg/install/roeg/lib/python3.8/site-packages/roeg/friction_reading.py to friction_reading.cpython-38.pyc
[0.872s] byte-compiling /ROEG/roeg_ws/src/roeg/install/roeg/lib/python3.8/site-packages/roeg/tire_model.py to tire_model.cpython-38.pyc
[0.874s] running install_data
[0.874s] creating /ROEG/roeg_ws/src/roeg/install/roeg/share/ament_index
[0.875s] creating /ROEG/roeg_ws/src/roeg/install/roeg/share/ament_index/resource_index
[0.875s] creating /ROEG/roeg_ws/src/roeg/install/roeg/share/ament_index/resource_index/packages
[0.875s] copying resource/roeg -> /ROEG/roeg_ws/src/roeg/install/roeg/share/ament_index/resource_index/packages
[0.875s] copying package.xml -> /ROEG/roeg_ws/src/roeg/install/roeg/share/roeg
[0.875s] running install_egg_info
[0.876s] Copying build/roeg/roeg.egg-info to /ROEG/roeg_ws/src/roeg/install/roeg/lib/python3.8/site-packages/roeg-0.0.0-py3.8.egg-info
[0.877s] running install_scripts
[0.889s] writing list of installed files to '/ROEG/roeg_ws/src/roeg/build/roeg/install.log'
[0.914s] Invoked command in '/ROEG/roeg_ws/src/roeg' returned '0': PYTHONPATH=/ROEG/roeg_ws/src/roeg/build/roeg/prefix_override:/ROEG/roeg_ws/src/roeg/install/roeg/lib/python3.8/site-packages:${PYTHONPATH} /usr/bin/python3 setup.py egg_info --egg-base build/roeg build --build-base /ROEG/roeg_ws/src/roeg/build/roeg/build install --record /ROEG/roeg_ws/src/roeg/build/roeg/install.log --single-version-externally-managed
