running egg_info
writing build/roeg/roeg.egg-info/PKG-INFO
writing dependency_links to build/roeg/roeg.egg-info/dependency_links.txt
writing entry points to build/roeg/roeg.egg-info/entry_points.txt
writing requirements to build/roeg/roeg.egg-info/requires.txt
writing top-level names to build/roeg/roeg.egg-info/top_level.txt
reading manifest file 'build/roeg/roeg.egg-info/SOURCES.txt'
writing manifest file 'build/roeg/roeg.egg-info/SOURCES.txt'
running build
running build_py
running install
running install_lib
running install_data
copying package.xml -> /ROEG/roeg_ws/src/roeg/install/roeg/share/roeg
running install_egg_info
removing '/ROEG/roeg_ws/src/roeg/install/roeg/lib/python3.8/site-packages/roeg-0.0.0-py3.8.egg-info' (and everything under it)
Copying build/roeg/roeg.egg-info to /ROEG/roeg_ws/src/roeg/install/roeg/lib/python3.8/site-packages/roeg-0.0.0-py3.8.egg-info
running install_scripts
Installing get_friction_map script to /ROEG/roeg_ws/src/roeg/install/roeg/lib/roeg
writing list of installed files to '/ROEG/roeg_ws/src/roeg/build/roeg/install.log'
